2025-04-02 13:51:15 - INFO - logger - <module> - Приложение запущено
2025-04-02 13:51:15 - INFO - logger - <module> - Добавляем логирование в остальные файлы проекта...
2025-04-02 13:51:15 - INFO - logger - <module> - Логирование в database.py: все запросы к серверу регистрируются.
2025-04-02 13:51:15 - INFO - logger - <module> - Логирование в COM.py: события работы с COM-портами фиксируются.
2025-04-02 13:51:15 - INFO - logger - <module> - Логирование в detail_work.py: операции с деталями регистрируются.
2025-04-02 13:51:15 - INFO - logger - <module> - Логирование в Error.py и ErrorTest.py: ошибки записываются.
2025-04-02 13:51:15 - INFO - logger - <module> - Логирование в этапах Mark.py, Packing.py, Test.py, Work.py.
2025-04-02 13:51:18 - INFO - logger - log_event - Сервер доступен
2025-04-02 13:51:18 - INFO - logger - log_event - Сервер доступен
2025-04-02 13:51:18 - INFO - logger - log_event - Главное окно приложения создано
2025-04-02 13:51:18 - INFO - logger - log_event - Создан интерфейс админ-панели
2025-04-02 13:51:18 - INFO - logger - log_event - Enter to mark
2025-04-02 13:51:18 - INFO - logger - log_event - Enter to Test
2025-04-02 13:51:18 - INFO - logger - log_event - Enter to Packing
2025-04-02 13:51:18 - INFO - logger - log_event - Enter to Login page AA
2025-04-02 13:51:18 - INFO - logger - log_event - Enter to assembly
2025-04-02 13:51:18 - INFO - logger - log_event - Enter to mark
2025-04-02 13:51:18 - INFO - logger - log_event - Enter to Test
2025-04-02 13:51:18 - INFO - logger - log_event - Enter to Packing
2025-04-02 13:51:18 - INFO - logger - log_event - Enter to Login page AA
2025-04-02 13:51:18 - INFO - logger - log_event - Enter to assembly
2025-04-02 13:51:18 - INFO - logger - log_event - Enter to mark
2025-04-02 13:51:18 - INFO - logger - log_event - Enter to Test
2025-04-02 13:51:18 - INFO - logger - log_event - Enter to Packing
2025-04-02 13:51:18 - INFO - logger - log_event - Enter to Login page AA
2025-04-02 13:51:18 - INFO - logger - log_event - Enter to assembly
2025-04-02 13:51:18 - INFO - logger - log_event - Enter to mark
2025-04-02 13:51:18 - INFO - logger - log_event - Enter to Test
2025-04-02 13:51:18 - INFO - logger - log_event - Enter to Packing
2025-04-02 13:51:18 - INFO - logger - log_event - Enter to Login page AA
2025-04-02 13:51:18 - INFO - logger - log_event - Enter to assembly
2025-04-02 13:51:18 - INFO - logger - log_event - Enter to mark
2025-04-02 13:51:18 - INFO - logger - log_event - Enter to Test
2025-04-02 13:51:18 - INFO - logger - log_event - Enter to Packing
2025-04-02 13:51:18 - INFO - logger - log_event - Enter to Login page AA
2025-04-02 13:51:18 - INFO - logger - log_event - Enter to assembly
2025-04-02 13:51:20 - INFO - logger - log_event - Raw data (bytes): b'\xd0\x90\xd0\xb3\xd1\x83\xd0\xb0\xd0\xb3\xd1\x83\r\n'
2025-04-02 13:51:20 - INFO - logger - log_event - Decoded data (str): Агуагу
2025-04-02 13:51:20 - INFO - logger - log_event - Parsed Data: ['Агуагу']
2025-04-02 13:51:20 - INFO - logger - log_event - System Arduino init
2025-04-02 13:51:21 - INFO - logger - log_event - Raw data (bytes): b'171145940_user..\r\n'
2025-04-02 13:51:21 - INFO - logger - log_event - Decoded data (str): 171145940_user..
2025-04-02 13:51:21 - INFO - logger - log_event - Parsed Data: ['171145940', 'user']
2025-04-02 13:51:21 - INFO - logger - log_event - Send data to handle_serial_data: ['171145940', 'user']
2025-04-02 13:51:21 - INFO - logger - log_event - Данные перед очисткой: ['171145940', 'user']
2025-04-02 13:51:21 - INFO - logger - log_event - Очищенные данные: ['171145940', 'user']
2025-04-02 13:51:21 - INFO - logger - log_event - Raw data (bytes): b'\r\n'
2025-04-02 13:51:21 - INFO - logger - log_event - Пользователь с UID: 171145940
2025-04-02 13:51:21 - INFO - logger - log_event - Decoded data (str): 
2025-04-02 13:51:21 - INFO - logger - log_event - Попытка аутентификации пользователя с UID: 171145940
2025-04-02 13:51:21 - INFO - logger - log_event - Get NULL
2025-04-02 13:51:21 - INFO - logger - log_event - Запрос: {'type': 'user', 'uid': '171145940'}
2025-04-02 13:51:21 - INFO - logger - log_event - Ответ: {'status': 'ok', 'name': 'Тумба', 'surname': 'Прикроватная'}
2025-04-02 13:51:21 - INFO - logger - log_event - Ответ сервера: {'status': 'ok', 'name': 'Тумба', 'surname': 'Прикроватная'}
2025-04-02 13:51:21 - INFO - logger - log_event - Данные пользователя в корне ответа: {'status': 'ok', 'name': 'Тумба', 'surname': 'Прикроватная'}
2025-04-02 13:51:22 - INFO - logger - log_event - Запрос на создание сессии: {'type': 'startSession', 'name': 'Тумба', 'surname': 'Прикроватная', 'work_description': 'Без детали'}
2025-04-02 13:51:22 - INFO - logger - log_event - Запрос: {'type': 'startSession', 'name': 'Тумба', 'surname': 'Прикроватная', 'work_description': 'Без детали'}
2025-04-02 13:51:22 - INFO - logger - log_event - Ответ: {'status': 'ok'}
2025-04-02 13:51:22 - INFO - logger - log_event - Ответ на создание сессии: {'status': 'ok'}
2025-04-02 13:51:22 - INFO - logger - log_event - Сессия успешно начата: Прикроватная Тумба
2025-04-02 13:51:22 - INFO - logger - log_event - Устанавливаем переменную config.user: Прикроватная Тумба
2025-04-02 13:51:22 - INFO - logger - log_event - Устанавливаем переменную config.Name: Прикроватная Тумба
2025-04-02 13:51:22 - INFO - logger - log_event - Установлено значение config.Name: Прикроватная Тумба
2025-04-02 13:51:22 - INFO - logger - log_event - Успешная аутентификация пользователя: Прикроватная Тумба
2025-04-02 13:51:31 - INFO - logger - log_event - Login to the admin panel
2025-04-02 13:51:32 - INFO - logger - log_event - Создан поток DatabaseWorker с запросом: {'type': 'getSessions'}
2025-04-02 13:51:32 - INFO - logger - log_event - Запрос: {'type': 'getSessions'}
2025-04-02 13:51:32 - INFO - logger - log_event - Ответ: {'status': 'ok', 'data': [{'id': 45, 'user_id': 9, 'start_time': '2025-03-31 21:20', 'work_description': 'Без детали', 'status': 'active', 'notes': None, 'name': 'Тумба', 'surname': 'Прикроватная'}]}
2025-04-02 13:51:32 - INFO - logger - log_event - Выполнен запрос к БД: {'type': 'getSessions'}
2025-04-02 13:51:32 - INFO - logger - log_event - Отображаем страницу активных сессий
2025-04-02 13:51:32 - INFO - logger - log_event - Видимость таблицы: True, контейнера: True
2025-04-02 13:51:32 - INFO - logger - log_event - Создан поток DatabaseWorker с запросом: {'type': 'getSessions'}
2025-04-02 13:51:32 - INFO - logger - log_event - Запрос: {'type': 'getSessions'}
2025-04-02 13:51:32 - INFO - logger - log_event - Запрос: {'type': 'getSessions'}
2025-04-02 13:51:32 - INFO - logger - log_event - Ответ: {'status': 'ok', 'data': [{'id': 45, 'user_id': 9, 'start_time': '2025-03-31 21:20', 'work_description': 'Без детали', 'status': 'active', 'notes': None, 'name': 'Тумба', 'surname': 'Прикроватная'}]}
2025-04-02 13:51:32 - INFO - logger - log_event - Выполнен запрос к БД: {'type': 'getSessions'}
2025-04-02 13:51:32 - INFO - logger - log_event - Ответ: {'status': 'ok', 'data': [{'id': 45, 'user_id': 9, 'start_time': '2025-03-31 21:20', 'work_description': 'Без детали', 'status': 'active', 'notes': None, 'name': 'Тумба', 'surname': 'Прикроватная'}]}
2025-04-02 13:51:32 - INFO - logger - log_event - Выполнен запрос к БД: {'type': 'getSessions'}
2025-04-02 13:51:32 - INFO - logger - log_event - Отображаем страницу активных сессий
2025-04-02 13:51:32 - INFO - logger - log_event - Видимость таблицы: True, контейнера: True
2025-04-02 13:51:32 - INFO - logger - log_event - Запрос: {'type': 'getSessions'}
2025-04-02 13:51:32 - INFO - logger - log_event - Создан поток DatabaseWorker с запросом: {'type': 'getSessions'}
2025-04-02 13:51:32 - INFO - logger - log_event - Запрос: {'type': 'getSessions'}
2025-04-02 13:51:32 - INFO - logger - log_event - Ответ: {'status': 'ok', 'data': [{'id': 45, 'user_id': 9, 'start_time': '2025-03-31 21:20', 'work_description': 'Без детали', 'status': 'active', 'notes': None, 'name': 'Тумба', 'surname': 'Прикроватная'}]}
2025-04-02 13:51:32 - INFO - logger - log_event - Ответ: {'status': 'ok', 'data': [{'id': 45, 'user_id': 9, 'start_time': '2025-03-31 21:20', 'work_description': 'Без детали', 'status': 'active', 'notes': None, 'name': 'Тумба', 'surname': 'Прикроватная'}]}
2025-04-02 13:51:32 - INFO - logger - log_event - Выполнен запрос к БД: {'type': 'getSessions'}
2025-04-02 13:51:32 - INFO - logger - log_event - Выполнен запрос к БД: {'type': 'getSessions'}
2025-04-02 13:51:32 - INFO - logger - log_event - Отображаем страницу активных сессий
2025-04-02 13:51:32 - INFO - logger - log_event - Видимость таблицы: True, контейнера: True
2025-04-02 13:51:32 - INFO - logger - log_event - Запрос: {'type': 'getSessions'}
2025-04-02 13:51:32 - INFO - logger - log_event - Получен ответ для таблицы сессий: {'data': [{'id': 45, 'name': 'Тумба', 'notes': None, 'start_time': '2025-03-31 21:20', 'status': 'active', 'surname': 'Прикроватная', 'user_id': 9, 'work_description': 'Без детали'}], 'status': 'ok'}
2025-04-02 13:51:32 - INFO - logger - log_event - Число полученных сессий: 1
2025-04-02 13:51:32 - INFO - logger - log_event - Кнопка удаления всех сессий скрыта (только одна сессия)
2025-04-02 13:51:32 - INFO - logger - log_event - Ответ: {'status': 'ok', 'data': [{'id': 45, 'user_id': 9, 'start_time': '2025-03-31 21:20', 'work_description': 'Без детали', 'status': 'active', 'notes': None, 'name': 'Тумба', 'surname': 'Прикроватная'}]}
2025-04-02 13:51:32 - INFO - logger - log_event - Видимость таблицы: True, контейнера: True
2025-04-02 13:51:32 - INFO - logger - log_event - Выполнен запрос к БД: {'type': 'getSessions'}
2025-04-02 13:51:32 - INFO - logger - log_event - Получен ответ для таблицы сессий: {'data': [{'id': 45, 'name': 'Тумба', 'notes': None, 'start_time': '2025-03-31 21:20', 'status': 'active', 'surname': 'Прикроватная', 'user_id': 9, 'work_description': 'Без детали'}], 'status': 'ok'}
2025-04-02 13:51:32 - INFO - logger - log_event - Число полученных сессий: 1
2025-04-02 13:51:32 - INFO - logger - log_event - Кнопка удаления всех сессий скрыта (только одна сессия)
2025-04-02 13:51:32 - INFO - logger - log_event - Видимость таблицы: True, контейнера: True
2025-04-02 13:51:32 - INFO - logger - log_event - Получен ответ для таблицы сессий: {'data': [{'id': 45, 'name': 'Тумба', 'notes': None, 'start_time': '2025-03-31 21:20', 'status': 'active', 'surname': 'Прикроватная', 'user_id': 9, 'work_description': 'Без детали'}], 'status': 'ok'}
2025-04-02 13:51:32 - INFO - logger - log_event - Число полученных сессий: 1
2025-04-02 13:51:32 - INFO - logger - log_event - Кнопка удаления всех сессий скрыта (только одна сессия)
2025-04-02 13:51:32 - INFO - logger - log_event - Видимость таблицы: True, контейнера: True
2025-04-02 13:51:42 - INFO - logger - log_event - Закрытие приложения button.py
2025-04-02 13:51:42 - INFO - logger - log_event - Завершаем сессию пользователя: Тумба Прикроватная
2025-04-02 13:51:42 - INFO - logger - log_event - Запрос: {'type': 'endSession', 'name': 'Тумба', 'surname': 'Прикроватная'}
2025-04-02 13:51:44 - INFO - logger - log_event - Ответ: {'status': 'ok'}
2025-04-02 13:51:44 - INFO - logger - log_event - Сессия успешно завершена: Тумба Прикроватная
2025-04-02 13:51:44 - INFO - logger - log_application_exit - Приложение завершено
