2025-04-15 08:14:12 - INFO - logger - <module> - Приложение запущено
2025-04-15 08:14:12 - INFO - logger - <module> - Добавляем логирование в остальные файлы проекта...
2025-04-15 08:14:12 - INFO - logger - <module> - Логирование в database.py: все запросы к серверу регистрируются.
2025-04-15 08:14:12 - INFO - logger - <module> - Логирование в COM.py: события работы с COM-портами фиксируются.
2025-04-15 08:14:12 - INFO - logger - <module> - Логирование в detail_work.py: операции с деталями регистрируются.
2025-04-15 08:14:12 - INFO - logger - <module> - Логирование в Error.py и ErrorTest.py: ошибки записываются.
2025-04-15 08:14:12 - INFO - logger - <module> - Логирование в этапах Mark.py, Packing.py, Test.py, Work.py.
2025-04-15 08:14:14 - INFO - logger - log_event - Сервер доступен
2025-04-15 08:14:14 - INFO - logger - log_event - Сервер доступен
2025-04-15 08:14:14 - INFO - logger - log_event - Главное окно приложения создано
2025-04-15 08:14:14 - INFO - logger - log_event - Создан интерфейс админ-панели
2025-04-15 08:14:15 - INFO - logger - log_event - Enter to mark
2025-04-15 08:14:15 - INFO - logger - log_event - Enter to Test
2025-04-15 08:14:15 - INFO - logger - log_event - Enter to Packing
2025-04-15 08:14:15 - INFO - logger - log_event - Enter to Login page AA
2025-04-15 08:14:15 - INFO - logger - log_event - Enter to assembly
2025-04-15 08:14:15 - INFO - logger - log_event - Enter to mark
2025-04-15 08:14:15 - INFO - logger - log_event - Enter to Test
2025-04-15 08:14:15 - INFO - logger - log_event - Enter to Packing
2025-04-15 08:14:15 - INFO - logger - log_event - Enter to Login page AA
2025-04-15 08:14:15 - INFO - logger - log_event - Enter to assembly
2025-04-15 08:14:15 - INFO - logger - log_event - Enter to mark
2025-04-15 08:14:15 - INFO - logger - log_event - Enter to Test
2025-04-15 08:14:15 - INFO - logger - log_event - Enter to Packing
2025-04-15 08:14:15 - INFO - logger - log_event - Enter to Login page AA
2025-04-15 08:14:15 - INFO - logger - log_event - Enter to assembly
2025-04-15 08:14:15 - INFO - logger - log_event - Enter to mark
2025-04-15 08:14:15 - INFO - logger - log_event - Enter to Test
2025-04-15 08:14:15 - INFO - logger - log_event - Enter to Packing
2025-04-15 08:14:15 - INFO - logger - log_event - Enter to Login page AA
2025-04-15 08:14:15 - INFO - logger - log_event - Enter to assembly
2025-04-15 08:14:15 - INFO - logger - log_event - Enter to mark
2025-04-15 08:14:15 - INFO - logger - log_event - Enter to Test
2025-04-15 08:14:15 - INFO - logger - log_event - Enter to Packing
2025-04-15 08:14:15 - INFO - logger - log_event - Enter to Login page AA
2025-04-15 08:14:15 - INFO - logger - log_event - Enter to assembly
2025-04-15 08:14:16 - INFO - logger - log_event - Raw data (bytes): b'\xd0\x90\xd0\xb3\xd1\x83\xd0\xb0\xd0\xb3\xd1\x83\r\n'
2025-04-15 08:14:16 - INFO - logger - log_event - Decoded data (str): Агуагу
2025-04-15 08:14:16 - INFO - logger - log_event - Parsed Data: ['Агуагу']
2025-04-15 08:14:16 - INFO - logger - log_event - System Arduino init
2025-04-15 08:14:19 - INFO - logger - log_event - Raw data (bytes): b'977625563_user..\r\n'
2025-04-15 08:14:19 - INFO - logger - log_event - Decoded data (str): 977625563_user..
2025-04-15 08:14:19 - INFO - logger - log_event - Parsed Data: ['977625563', 'user']
2025-04-15 08:14:19 - INFO - logger - log_event - Send data to handle_serial_data: ['977625563', 'user']
2025-04-15 08:14:19 - INFO - logger - log_event - Данные перед очисткой: ['977625563', 'user']
2025-04-15 08:14:19 - INFO - logger - log_event - Raw data (bytes): b'\r\n'
2025-04-15 08:14:19 - INFO - logger - log_event - Очищенные данные: ['977625563', 'user']
2025-04-15 08:14:19 - INFO - logger - log_event - Decoded data (str): 
2025-04-15 08:14:19 - INFO - logger - log_event - Пользователь с UID: 977625563
2025-04-15 08:14:19 - INFO - logger - log_event - Get NULL
2025-04-15 08:14:19 - INFO - logger - log_event - Попытка аутентификации пользователя с UID: 977625563
2025-04-15 08:14:19 - INFO - logger - log_event - Запрос: {'type': 'user', 'uid': '977625563', 'id': None}
2025-04-15 08:14:19 - INFO - logger - log_event - Ответ: {'status': 'ok', 'name': 'Роман', 'surname': 'Королёв', 'id': 5}
2025-04-15 08:14:19 - INFO - logger - log_event - Ответ сервера: {'status': 'ok', 'name': 'Роман', 'surname': 'Королёв', 'id': 5}
2025-04-15 08:14:19 - INFO - logger - log_event - Данные пользователя в корне ответа: {'status': 'ok', 'name': 'Роман', 'surname': 'Королёв', 'id': 5}
2025-04-15 08:14:22 - INFO - logger - log_event - Запрос на создание сессии: {'type': 'startSession', 'name': 'Роман', 'surname': 'Королёв', 'work_description': 'Без детали'}
2025-04-15 08:14:22 - INFO - logger - log_event - Запрос: {'type': 'startSession', 'name': 'Роман', 'surname': 'Королёв', 'work_description': 'Без детали', 'id': None}
2025-04-15 08:14:23 - INFO - logger - log_event - Ответ: {'status': 'ok'}
2025-04-15 08:14:23 - INFO - logger - log_event - Ответ на создание сессии: {'status': 'ok'}
2025-04-15 08:14:23 - INFO - logger - log_event - Сессия успешно начата: Королёв Роман
2025-04-15 08:14:23 - INFO - logger - log_event - Устанавливаем переменную config.user: Королёв Роман
2025-04-15 08:14:23 - INFO - logger - log_event - Устанавливаем переменную config.Name: Королёв Роман
2025-04-15 08:14:23 - INFO - logger - log_event - Установлено значение config.Name: Королёв Роман
2025-04-15 08:14:23 - INFO - logger - log_event - Успешная аутентификация пользователя: Королёв Роман
2025-04-15 08:14:55 - INFO - logger - log_event - окно подтверждения открыто
2025-04-15 08:14:58 - INFO - logger - log_event - Данные маркировки подтверждены
2025-04-15 08:14:58 - INFO - logger - log_event - Send to write wSN008_detail..............
2025-04-15 08:14:58 - INFO - logger - log_event - Raw data (bytes): b'\xd0\x9f\xd0\xbe\xd0\xb4\xd0\xbd\xd0\xb5\xd1\x81\xd0\xb8\xd1\x82\xd0\xb5 \xd0\xba\xd0\xb0\xd1\x80\xd1\x82\xd1\x83 \xd0\xb4\xd0\xbb\xd1\x8f \xd0\xb7\xd0\xb0\xd0\xbf\xd0\xb8\xd1\x81\xd0\xb8 \xd0\xb4\xd0\xb0\xd0\xbd\xd0\xbd\xd1\x8b\xd1\x85...SN008_detail....\r\n'
2025-04-15 08:14:58 - INFO - logger - log_event - Decoded data (str): Поднесите карту для записи данных...SN008_detail....
2025-04-15 08:14:58 - INFO - logger - log_event - Ожидание поднесения карты
2025-04-15 08:14:58 - INFO - logger - log_event - Ожидание поднесения карты пользователем
2025-04-15 08:14:59 - INFO - logger - log_event - Raw data (bytes): b'WRITE_SUCCESS\r\n'
2025-04-15 08:14:59 - INFO - logger - log_event - Decoded data (str): WRITE_SUCCESS
2025-04-15 08:14:59 - INFO - logger - log_event - Write secces
2025-04-15 08:14:59 - INFO - logger - log_event - Метка успешно записана
2025-04-15 08:14:59 - INFO - logger - log_event - Маркировка вручную: {'type': 'mark', 'name': 'МЕТРАН 150', 'serial': 'SN008', 'time': '2025-04-15 10:14:59'}
2025-04-15 08:14:59 - INFO - logger - log_event - Запрос: {'type': 'mark', 'name': 'МЕТРАН 150', 'serial': 'SN008', 'time': '2025-04-15 10:14:59', 'id': 5}
2025-04-15 08:14:59 - INFO - logger - log_event - Ответ: {'status': 'ok'}
2025-04-15 08:14:59 - INFO - logger - log_event - Ответ от сервера: {'status': 'ok'}
2025-04-15 08:15:04 - INFO - logger - log_event - Raw data (bytes): b'READ_ERROR\r\n'
2025-04-15 08:15:04 - INFO - logger - log_event - Decoded data (str): READ_ERROR
2025-04-15 08:15:04 - ERROR - logger - log_error - Ошибка: Error with read
NoneType: None
2025-04-15 08:15:04 - ERROR - logger - log_error - Ошибка: Error with read
NoneType: None
2025-04-15 08:15:06 - INFO - logger - log_event - Raw data (bytes): b'SN008_detail....\r\n'
2025-04-15 08:15:06 - INFO - logger - log_event - Decoded data (str): SN008_detail....
2025-04-15 08:15:06 - INFO - logger - log_event - Parsed Data: ['SN008', 'detail']
2025-04-15 08:15:06 - INFO - logger - log_event - Send data to handle_serial_data: ['SN008', 'detail']
2025-04-15 08:15:06 - INFO - logger - log_event - Данные перед очисткой: ['SN008', 'detail']
2025-04-15 08:15:06 - INFO - logger - log_event - Очищенные данные: ['SN008', 'detail']
2025-04-15 08:15:06 - INFO - logger - log_event - Raw data (bytes): b'\r\n'
2025-04-15 08:15:06 - INFO - logger - log_event - Получены данные из порта: SN008
2025-04-15 08:15:06 - INFO - logger - log_event - Decoded data (str): 
2025-04-15 08:15:06 - INFO - logger - log_event - Запрос данных о детали с серийным номером: SN008
2025-04-15 08:15:06 - INFO - logger - log_event - Get NULL
2025-04-15 08:15:06 - INFO - logger - log_event - Текущее состояние: Name='Королёв Роман', auth=True, session_on=True
2025-04-15 08:15:06 - INFO - logger - log_event - Запрос: {'type': 'details', 'serial': 'SN008', 'id': 5}
2025-04-15 08:15:06 - INFO - logger - log_event - Ответ: {'status': 'ok', 'data': {'id': 8, 'name': 'МЕТРАН 150', 'serial_number': 'SN008', 'defective': False, 'stage': 'Маркировка', 'sector': None, 'time': '{"mark": {"time": "2025-04-15 10:14:59", "user": 5}}', 'identified_by': None, 'defect_stage_id': None}}
2025-04-15 08:15:06 - INFO - logger - log_event - Ответ от сервера: {'status': 'ok', 'data': {'id': 8, 'name': 'МЕТРАН 150', 'serial_number': 'SN008', 'defective': False, 'stage': 'Маркировка', 'sector': None, 'time': '{"mark": {"time": "2025-04-15 10:14:59", "user": 5}}', 'identified_by': None, 'defect_stage_id': None}}
2025-04-15 08:15:06 - INFO - logger - log_event - Начало работы над деталью. Текущее значение Name: 'Королёв Роман'
2025-04-15 08:15:06 - INFO - logger - log_event - Используем части имени из Name: фамилия='Королёв', имя='Роман'
2025-04-15 08:15:06 - INFO - logger - log_event - Будет использоваться: фамилия='Королёв', имя='Роман'
2025-04-15 08:15:06 - INFO - logger - log_event - Данные детали: {'id': 8, 'name': 'МЕТРАН 150', 'serial_number': 'SN008', 'defective': False, 'stage': 'Маркировка', 'sector': None, 'time': '{"mark": {"time": "2025-04-15 10:14:59", "user": 5}}', 'identified_by': None, 'defect_stage_id': None}
2025-04-15 08:15:06 - INFO - logger - log_event - Запрос обновления описания сессии: {'type': 'updateSessionDescription', 'name': 'Роман', 'surname': 'Королёв', 'new_description': 'Сборка SN008'}
2025-04-15 08:15:06 - INFO - logger - log_event - Состояние сессии: auth=True, session_on=True
2025-04-15 08:15:06 - INFO - logger - log_event - Запрос: {'type': 'updateSessionDescription', 'name': 'Роман', 'surname': 'Королёв', 'new_description': 'Сборка SN008', 'id': 5}
2025-04-15 08:15:06 - INFO - logger - log_event - Ответ: {'status': 'ok'}
2025-04-15 08:15:06 - INFO - logger - log_event - Ответ на обновление описания сессии: {'status': 'ok'}
2025-04-15 08:15:08 - INFO - logger - log_event - Raw data (bytes): b'SN008_detail....\r\n'
2025-04-15 08:15:08 - INFO - logger - log_event - Decoded data (str): SN008_detail....
2025-04-15 08:15:08 - INFO - logger - log_event - Parsed Data: ['SN008', 'detail']
2025-04-15 08:15:08 - INFO - logger - log_event - Send data to handle_serial_data: ['SN008', 'detail']
2025-04-15 08:15:08 - INFO - logger - log_event - Данные перед очисткой: ['SN008', 'detail']
2025-04-15 08:15:08 - INFO - logger - log_event - Очищенные данные: ['SN008', 'detail']
2025-04-15 08:15:08 - INFO - logger - log_event - Raw data (bytes): b'\r\n'
2025-04-15 08:15:08 - INFO - logger - log_event - Получены данные из порта: SN008
2025-04-15 08:15:08 - INFO - logger - log_event - Decoded data (str): 
2025-04-15 08:15:08 - INFO - logger - log_event - Запрос данных о детали с серийным номером: SN008
2025-04-15 08:15:08 - INFO - logger - log_event - Get NULL
2025-04-15 08:15:08 - INFO - logger - log_event - Текущее состояние: Name='Королёв Роман', auth=True, session_on=True
2025-04-15 08:15:08 - INFO - logger - log_event - Запрос: {'type': 'details', 'serial': 'SN008', 'id': 5}
2025-04-15 08:15:08 - INFO - logger - log_event - Ответ: {'status': 'ok', 'data': {'id': 8, 'name': 'МЕТРАН 150', 'serial_number': 'SN008', 'defective': False, 'stage': 'Маркировка', 'sector': None, 'time': '{"mark": {"time": "2025-04-15 10:14:59", "user": 5}}', 'identified_by': None, 'defect_stage_id': None}}
2025-04-15 08:15:08 - INFO - logger - log_event - Ответ от сервера: {'status': 'ok', 'data': {'id': 8, 'name': 'МЕТРАН 150', 'serial_number': 'SN008', 'defective': False, 'stage': 'Маркировка', 'sector': None, 'time': '{"mark": {"time": "2025-04-15 10:14:59", "user": 5}}', 'identified_by': None, 'defect_stage_id': None}}
2025-04-15 08:15:14 - INFO - logger - log_event - Работа над деталью закончена
2025-04-15 08:15:14 - INFO - logger - log_event - Запрос: {'type': 'updatestage', 'stage': 'Сборка', 'serial': 'SN008', 'start': '2025-04-15 10:15:06', 'end': '2025-04-15 10:15:14', 'id': 5}
2025-04-15 08:15:14 - INFO - logger - log_event - Ответ: {'status': 'ok'}
2025-04-15 08:15:14 - INFO - logger - log_event - Получены части имени для указания отдыха: фамилия='Королёв', имя='Роман'
2025-04-15 08:15:14 - INFO - logger - log_event - Запрос на обновление статуса на 'Отдых': {'type': 'updateSessionDescription', 'name': 'Роман', 'surname': 'Королёв', 'new_description': 'Отдых'}
2025-04-15 08:15:14 - INFO - logger - log_event - Запрос: {'type': 'updateSessionDescription', 'name': 'Роман', 'surname': 'Королёв', 'new_description': 'Отдых', 'id': 5}
2025-04-15 08:15:14 - INFO - logger - log_event - Ответ: {'status': 'ok'}
2025-04-15 08:15:14 - INFO - logger - log_event - Результат обновления статуса: {'status': 'ok'}
2025-04-15 08:15:16 - INFO - logger - log_event - Raw data (bytes): b'READ_ERROR\r\n'
2025-04-15 08:15:16 - INFO - logger - log_event - Decoded data (str): READ_ERROR
2025-04-15 08:15:16 - ERROR - logger - log_error - Ошибка: Error with read
NoneType: None
2025-04-15 08:15:16 - ERROR - logger - log_error - Ошибка: Error with read
NoneType: None
2025-04-15 08:15:17 - INFO - logger - log_event - Raw data (bytes): b'READ_ERROR\r\n'
2025-04-15 08:15:17 - INFO - logger - log_event - Decoded data (str): READ_ERROR
2025-04-15 08:15:17 - ERROR - logger - log_error - Ошибка: Error with read
NoneType: None
2025-04-15 08:15:17 - ERROR - logger - log_error - Ошибка: Error with read
NoneType: None
2025-04-15 08:15:18 - INFO - logger - log_event - Raw data (bytes): b'SN008_detail....\r\n'
2025-04-15 08:15:18 - INFO - logger - log_event - Decoded data (str): SN008_detail....
2025-04-15 08:15:18 - INFO - logger - log_event - Parsed Data: ['SN008', 'detail']
2025-04-15 08:15:18 - INFO - logger - log_event - Send data to handle_serial_data: ['SN008', 'detail']
2025-04-15 08:15:18 - INFO - logger - log_event - Данные перед очисткой: ['SN008', 'detail']
2025-04-15 08:15:18 - INFO - logger - log_event - Очищенные данные: ['SN008', 'detail']
2025-04-15 08:15:18 - INFO - logger - log_event - Raw data (bytes): b'\r\n'
2025-04-15 08:15:18 - INFO - logger - log_event - Получены данные из порта: SN008
2025-04-15 08:15:18 - INFO - logger - log_event - Decoded data (str): 
2025-04-15 08:15:18 - INFO - logger - log_event - Запрос данных о детали с серийным номером: SN008
2025-04-15 08:15:18 - INFO - logger - log_event - Get NULL
2025-04-15 08:15:18 - INFO - logger - log_event - Текущее состояние: Name='Королёв Роман', auth=True, session_on=True
2025-04-15 08:15:18 - INFO - logger - log_event - Запрос: {'type': 'details', 'serial': 'SN008', 'id': 5}
2025-04-15 08:15:26 - INFO - logger - log_event - Ответ: {'status': 'ok', 'data': {'id': 8, 'name': 'МЕТРАН 150', 'serial_number': 'SN008', 'defective': False, 'stage': 'Сборка', 'sector': None, 'time': '{"mark": {"time": "2025-04-15 10:14:59", "user": 5}, "сборка": {"end": "2025-04-15 10:15:14", "user": 5, "start": "2025-04-15 10:15:06"}}', 'identified_by': None, 'defect_stage_id': None}}
2025-04-15 08:15:26 - INFO - logger - log_event - Ответ от сервера: {'status': 'ok', 'data': {'id': 8, 'name': 'МЕТРАН 150', 'serial_number': 'SN008', 'defective': False, 'stage': 'Сборка', 'sector': None, 'time': '{"mark": {"time": "2025-04-15 10:14:59", "user": 5}, "сборка": {"end": "2025-04-15 10:15:14", "user": 5, "start": "2025-04-15 10:15:06"}}', 'identified_by': None, 'defect_stage_id': None}}
2025-04-15 08:15:26 - INFO - logger - log_event - Начало работы над деталью. Текущее значение Name: 'Королёв Роман'
2025-04-15 08:15:26 - INFO - logger - log_event - Используем части имени из Name: фамилия='Королёв', имя='Роман'
2025-04-15 08:15:26 - INFO - logger - log_event - Будет использоваться: фамилия='Королёв', имя='Роман'
2025-04-15 08:15:26 - INFO - logger - log_event - Данные детали: {'id': 8, 'name': 'МЕТРАН 150', 'serial_number': 'SN008', 'defective': False, 'stage': 'Сборка', 'sector': None, 'time': '{"mark": {"time": "2025-04-15 10:14:59", "user": 5}, "сборка": {"end": "2025-04-15 10:15:14", "user": 5, "start": "2025-04-15 10:15:06"}}', 'identified_by': None, 'defect_stage_id': None}
2025-04-15 08:15:26 - INFO - logger - log_event - Запрос обновления описания сессии: {'type': 'updateSessionDescription', 'name': 'Роман', 'surname': 'Королёв', 'new_description': 'Тестирование SN008'}
2025-04-15 08:15:26 - INFO - logger - log_event - Состояние сессии: auth=True, session_on=True
2025-04-15 08:15:26 - INFO - logger - log_event - Запрос: {'type': 'updateSessionDescription', 'name': 'Роман', 'surname': 'Королёв', 'new_description': 'Тестирование SN008', 'id': 5}
2025-04-15 08:15:27 - INFO - logger - log_event - Ответ: {'status': 'ok'}
2025-04-15 08:15:27 - INFO - logger - log_event - Ответ на обновление описания сессии: {'status': 'ok'}
2025-04-15 08:15:39 - INFO - logger - log_event - Запрос: {'type': 'updatestage', 'stage': 'Тестирование', 'serial': 'SN008', 'start': '2025-04-15 10:15:26', 'end': '2025-04-15 10:15:39', 'id': 5}
2025-04-15 08:15:39 - INFO - logger - log_event - Ответ: {'status': 'ok'}
2025-04-15 08:15:39 - INFO - logger - log_event - Получены части имени для указания отдыха: фамилия='Королёв', имя='Роман'
2025-04-15 08:15:39 - INFO - logger - log_event - Запрос на обновление статуса на 'Отдых': {'type': 'updateSessionDescription', 'name': 'Роман', 'surname': 'Королёв', 'new_description': 'Отдых'}
2025-04-15 08:15:39 - INFO - logger - log_event - Запрос: {'type': 'updateSessionDescription', 'name': 'Роман', 'surname': 'Королёв', 'new_description': 'Отдых', 'id': 5}
2025-04-15 08:15:39 - INFO - logger - log_event - Ответ: {'status': 'ok'}
2025-04-15 08:15:39 - INFO - logger - log_event - Результат обновления статуса: {'status': 'ok'}
2025-04-15 08:15:39 - INFO - logger - log_event - Работа над деталью закончена
2025-04-15 08:15:42 - INFO - logger - log_event - Raw data (bytes): b'SN008_detail....\r\n'
2025-04-15 08:15:42 - INFO - logger - log_event - Decoded data (str): SN008_detail....
2025-04-15 08:15:42 - INFO - logger - log_event - Parsed Data: ['SN008', 'detail']
2025-04-15 08:15:42 - INFO - logger - log_event - Send data to handle_serial_data: ['SN008', 'detail']
2025-04-15 08:15:42 - INFO - logger - log_event - Данные перед очисткой: ['SN008', 'detail']
2025-04-15 08:15:42 - INFO - logger - log_event - Очищенные данные: ['SN008', 'detail']
2025-04-15 08:15:42 - INFO - logger - log_event - Получены данные из порта: SN008
2025-04-15 08:15:42 - INFO - logger - log_event - Raw data (bytes): b'\r\n'
2025-04-15 08:15:42 - INFO - logger - log_event - Запрос данных о детали с серийным номером: SN008
2025-04-15 08:15:42 - INFO - logger - log_event - Decoded data (str): 
2025-04-15 08:15:42 - INFO - logger - log_event - Текущее состояние: Name='Королёв Роман', auth=True, session_on=True
2025-04-15 08:15:42 - INFO - logger - log_event - Get NULL
2025-04-15 08:15:42 - INFO - logger - log_event - Запрос: {'type': 'details', 'serial': 'SN008', 'id': 5}
2025-04-15 08:15:42 - INFO - logger - log_event - Ответ: {'status': 'ok', 'data': {'id': 8, 'name': 'МЕТРАН 150', 'serial_number': 'SN008', 'defective': False, 'stage': 'Тестирование', 'sector': None, 'time': '{"mark": {"time": "2025-04-15 10:14:59", "user": 5}, "сборка": {"end": "2025-04-15 10:15:14", "user": 5, "start": "2025-04-15 10:15:06"}, "тестирование": {"end": "2025-04-15 10:15:39", "user": 5, "start": "2025-04-15 10:15:26"}}', 'identified_by': None, 'defect_stage_id': None}}
2025-04-15 08:15:42 - INFO - logger - log_event - Ответ от сервера: {'status': 'ok', 'data': {'id': 8, 'name': 'МЕТРАН 150', 'serial_number': 'SN008', 'defective': False, 'stage': 'Тестирование', 'sector': None, 'time': '{"mark": {"time": "2025-04-15 10:14:59", "user": 5}, "сборка": {"end": "2025-04-15 10:15:14", "user": 5, "start": "2025-04-15 10:15:06"}, "тестирование": {"end": "2025-04-15 10:15:39", "user": 5, "start": "2025-04-15 10:15:26"}}', 'identified_by': None, 'defect_stage_id': None}}
2025-04-15 08:15:42 - INFO - logger - log_event - Начало работы над деталью. Текущее значение Name: 'Королёв Роман'
2025-04-15 08:15:42 - INFO - logger - log_event - Используем части имени из Name: фамилия='Королёв', имя='Роман'
2025-04-15 08:15:42 - INFO - logger - log_event - Будет использоваться: фамилия='Королёв', имя='Роман'
2025-04-15 08:15:42 - INFO - logger - log_event - Данные детали: {'id': 8, 'name': 'МЕТРАН 150', 'serial_number': 'SN008', 'defective': False, 'stage': 'Тестирование', 'sector': None, 'time': '{"mark": {"time": "2025-04-15 10:14:59", "user": 5}, "сборка": {"end": "2025-04-15 10:15:14", "user": 5, "start": "2025-04-15 10:15:06"}, "тестирование": {"end": "2025-04-15 10:15:39", "user": 5, "start": "2025-04-15 10:15:26"}}', 'identified_by': None, 'defect_stage_id': None}
2025-04-15 08:15:42 - INFO - logger - log_event - Запрос обновления описания сессии: {'type': 'updateSessionDescription', 'name': 'Роман', 'surname': 'Королёв', 'new_description': 'Упаковка SN008'}
2025-04-15 08:15:42 - INFO - logger - log_event - Состояние сессии: auth=True, session_on=True
2025-04-15 08:15:42 - INFO - logger - log_event - Запрос: {'type': 'updateSessionDescription', 'name': 'Роман', 'surname': 'Королёв', 'new_description': 'Упаковка SN008', 'id': 5}
2025-04-15 08:15:42 - INFO - logger - log_event - Ответ: {'status': 'ok'}
2025-04-15 08:15:42 - INFO - logger - log_event - Ответ на обновление описания сессии: {'status': 'ok'}
2025-04-15 08:15:59 - INFO - logger - log_event - Работа над деталью закончена
2025-04-15 08:15:59 - INFO - logger - log_event - Запрос: {'type': 'updatestage', 'stage': 'Упаковка', 'serial': 'SN008', 'start': '2025-04-15 10:15:42', 'end': '2025-04-15 10:15:59', 'id': 5}
2025-04-15 08:15:59 - INFO - logger - log_event - Ответ: {'status': 'ok', 'sector': '1Б'}
2025-04-15 08:15:59 - INFO - logger - log_event - Получены части имени для указания отдыха: фамилия='Королёв', имя='Роман'
2025-04-15 08:15:59 - INFO - logger - log_event - Запрос на обновление статуса на 'Отдых': {'type': 'updateSessionDescription', 'name': 'Роман', 'surname': 'Королёв', 'new_description': 'Отдых'}
2025-04-15 08:15:59 - INFO - logger - log_event - Запрос: {'type': 'updateSessionDescription', 'name': 'Роман', 'surname': 'Королёв', 'new_description': 'Отдых', 'id': 5}
2025-04-15 08:15:59 - INFO - logger - log_event - Ответ: {'status': 'ok'}
2025-04-15 08:15:59 - INFO - logger - log_event - Результат обновления статуса: {'status': 'ok'}
2025-04-15 08:16:34 - INFO - logger - log_event - Запрос: {'type': 'report', 'text': '212232232323232263,kkkkkkkkk', 'time': '2025-04-15 08:16', 'name': 'Королёв Роман', 'id': 5}
2025-04-15 08:16:34 - INFO - logger - log_event - Ответ: {'status': 'ok'}
2025-04-15 08:17:01 - INFO - logger - log_event - Информация о детали сброшена пользователем без изменения статуса на сервере
2025-04-15 08:17:04 - INFO - logger - log_event - Информация о детали сброшена пользователем без изменения статуса на сервере
2025-04-15 08:17:29 - INFO - logger - log_event - Login to the admin panel
2025-04-15 08:17:30 - INFO - logger - log_event - Создан поток DatabaseWorker с запросом: {'type': 'allDetails', 'detail': 'МЕТРАН 75'}
2025-04-15 08:17:30 - INFO - logger - log_event - Запрос: {'type': 'allDetails', 'detail': 'МЕТРАН 75', 'id': 5}
2025-04-15 08:17:30 - INFO - logger - log_event - Ответ: {'status': 'error', 'message': 'Details not found'}
2025-04-15 08:17:30 - INFO - logger - log_event - Выполнен запрос к БД: {'type': 'allDetails', 'detail': 'МЕТРАН 75', 'id': 5}
2025-04-15 08:17:30 - INFO - logger - log_event - Запрос: {'type': 'allDetails', 'detail': 'МЕТРАН 75', 'id': 5}
2025-04-15 08:17:30 - INFO - logger - log_event - Ответ: {'status': 'error', 'message': 'Details not found'}
2025-04-15 08:17:30 - INFO - logger - log_event - Выполнен запрос к БД: {'type': 'allDetails', 'detail': 'МЕТРАН 75', 'id': 5}
2025-04-15 08:17:30 - ERROR - logger - log_error - Ошибка: Ошибка при получении данных из базы данных
NoneType: None
2025-04-15 08:17:32 - INFO - logger - log_event - Выбран пункт меню Отчеты
2025-04-15 08:17:32 - INFO - logger - log_event - Создан поток DatabaseWorker с запросом: {'type': 'getreports'}
2025-04-15 08:17:32 - INFO - logger - log_event - Запрос: {'type': 'getreports', 'id': 5}
2025-04-15 08:17:32 - INFO - logger - log_event - Ответ: {'status': 'ok', 'data': [{'id': 1, 'name': 'Королёв Роман', 'text': '212232232323232263,kkkkkkkkk', 'time': '2025-04-15 08:16'}]}
2025-04-15 08:17:32 - INFO - logger - log_event - Выполнен запрос к БД: {'type': 'getreports', 'id': 5}
2025-04-15 08:17:32 - INFO - logger - log_event - Статус видимости таблицы отчетов после show(): True
2025-04-15 08:17:32 - INFO - logger - log_event - Выбран пункт меню Отчеты
2025-04-15 08:17:32 - INFO - logger - log_event - Запрос: {'type': 'getreports', 'id': 5}
2025-04-15 08:17:32 - INFO - logger - log_event - Создан поток DatabaseWorker с запросом: {'type': 'getreports'}
2025-04-15 08:17:32 - INFO - logger - log_event - Запрос: {'type': 'getreports', 'id': 5}
2025-04-15 08:17:32 - INFO - logger - log_event - Ответ: {'status': 'ok', 'data': [{'id': 1, 'name': 'Королёв Роман', 'text': '212232232323232263,kkkkkkkkk', 'time': '2025-04-15 08:16'}]}
2025-04-15 08:17:32 - INFO - logger - log_event - Выполнен запрос к БД: {'type': 'getreports', 'id': 5}
2025-04-15 08:17:32 - INFO - logger - log_event - Ответ: {'status': 'ok', 'data': [{'id': 1, 'name': 'Королёв Роман', 'text': '212232232323232263,kkkkkkkkk', 'time': '2025-04-15 08:16'}]}
2025-04-15 08:17:32 - INFO - logger - log_event - Выполнен запрос к БД: {'type': 'getreports', 'id': 5}
2025-04-15 08:17:32 - INFO - logger - log_event - Статус видимости таблицы отчетов после show(): True
2025-04-15 08:17:32 - INFO - logger - log_event - Выбран пункт меню Отчеты
2025-04-15 08:17:32 - INFO - logger - log_event - Запрос: {'type': 'getreports', 'id': 5}
2025-04-15 08:17:32 - INFO - logger - log_event - Создан поток DatabaseWorker с запросом: {'type': 'getreports'}
2025-04-15 08:17:32 - INFO - logger - log_event - Запрос: {'type': 'getreports', 'id': 5}
2025-04-15 08:17:32 - INFO - logger - log_event - Ответ: {'status': 'ok', 'data': [{'id': 1, 'name': 'Королёв Роман', 'text': '212232232323232263,kkkkkkkkk', 'time': '2025-04-15 08:16'}]}
2025-04-15 08:17:32 - INFO - logger - log_event - Выполнен запрос к БД: {'type': 'getreports', 'id': 5}
2025-04-15 08:17:32 - INFO - logger - log_event - Ответ: {'status': 'ok', 'data': [{'id': 1, 'name': 'Королёв Роман', 'text': '212232232323232263,kkkkkkkkk', 'time': '2025-04-15 08:16'}]}
2025-04-15 08:17:32 - INFO - logger - log_event - Выполнен запрос к БД: {'type': 'getreports', 'id': 5}
2025-04-15 08:17:32 - INFO - logger - log_event - Статус видимости таблицы отчетов после show(): True
2025-04-15 08:17:32 - INFO - logger - log_event - Запрос: {'type': 'getreports', 'id': 5}
2025-04-15 08:17:32 - INFO - logger - log_event - Получен ответ для таблицы отчетов: {'data': [{'id': 1, 'name': 'Королёв Роман', 'text': '212232232323232263,kkkkkkkkk', 'time': '2025-04-15 08:16'}], 'status': 'ok'}
2025-04-15 08:17:32 - INFO - logger - log_event - Число полученных отчетов: 1
2025-04-15 08:17:32 - INFO - logger - log_event - Установлено количество строк в таблице: 1
2025-04-15 08:17:32 - INFO - logger - log_event - Обработка отчета 1/1: {'id': 1, 'name': 'Королёв Роман', 'text': '212232232323232263,kkkkkkkkk', 'time': '2025-04-15 08:16'}
2025-04-15 08:17:32 - INFO - logger - log_event - Таблица отчетов заполнена 1 записями
2025-04-15 08:17:32 - INFO - logger - log_event - Статус видимости таблицы: True
2025-04-15 08:17:32 - INFO - logger - log_event - Ответ: {'status': 'ok', 'data': [{'id': 1, 'name': 'Королёв Роман', 'text': '212232232323232263,kkkkkkkkk', 'time': '2025-04-15 08:16'}]}
2025-04-15 08:17:32 - INFO - logger - log_event - Получен ответ для таблицы отчетов: {'data': [{'id': 1, 'name': 'Королёв Роман', 'text': '212232232323232263,kkkkkkkkk', 'time': '2025-04-15 08:16'}], 'status': 'ok'}
2025-04-15 08:17:32 - INFO - logger - log_event - Выполнен запрос к БД: {'type': 'getreports', 'id': 5}
2025-04-15 08:17:32 - INFO - logger - log_event - Число полученных отчетов: 1
2025-04-15 08:17:32 - INFO - logger - log_event - Установлено количество строк в таблице: 1
2025-04-15 08:17:32 - INFO - logger - log_event - Обработка отчета 1/1: {'id': 1, 'name': 'Королёв Роман', 'text': '212232232323232263,kkkkkkkkk', 'time': '2025-04-15 08:16'}
2025-04-15 08:17:32 - INFO - logger - log_event - Таблица отчетов заполнена 1 записями
2025-04-15 08:17:32 - INFO - logger - log_event - Статус видимости таблицы: True
2025-04-15 08:17:32 - INFO - logger - log_event - Получен ответ для таблицы отчетов: {'data': [{'id': 1, 'name': 'Королёв Роман', 'text': '212232232323232263,kkkkkkkkk', 'time': '2025-04-15 08:16'}], 'status': 'ok'}
2025-04-15 08:17:32 - INFO - logger - log_event - Число полученных отчетов: 1
2025-04-15 08:17:32 - INFO - logger - log_event - Установлено количество строк в таблице: 1
2025-04-15 08:17:32 - INFO - logger - log_event - Обработка отчета 1/1: {'id': 1, 'name': 'Королёв Роман', 'text': '212232232323232263,kkkkkkkkk', 'time': '2025-04-15 08:16'}
2025-04-15 08:17:32 - INFO - logger - log_event - Таблица отчетов заполнена 1 записями
2025-04-15 08:17:32 - INFO - logger - log_event - Статус видимости таблицы: True
2025-04-15 08:17:38 - INFO - logger - log_event - Запрос: {'type': 'deleteReport', 'id': '1'}
2025-04-15 08:17:40 - INFO - logger - log_event - Ответ: {'status': 'ok'}
2025-04-15 08:17:40 - INFO - logger - log_event - Удален отчет с ID: 1
2025-04-15 08:17:40 - INFO - logger - log_event - Создан поток DatabaseWorker с запросом: {'type': 'getreports'}
2025-04-15 08:17:40 - INFO - logger - log_event - Запрос: {'type': 'getreports', 'id': 5}
2025-04-15 08:17:40 - INFO - logger - log_event - Ответ: {'status': 'error', 'message': 'Отчеты не найдены'}
2025-04-15 08:17:40 - INFO - logger - log_event - Выполнен запрос к БД: {'type': 'getreports', 'id': 5}
2025-04-15 08:17:40 - INFO - logger - log_event - Запрос: {'type': 'getreports', 'id': 5}
2025-04-15 08:17:40 - INFO - logger - log_event - Ответ: {'status': 'error', 'message': 'Отчеты не найдены'}
2025-04-15 08:17:40 - INFO - logger - log_event - Выполнен запрос к БД: {'type': 'getreports', 'id': 5}
2025-04-15 08:17:40 - INFO - logger - log_event - Получен ответ для таблицы отчетов: {'message': 'Отчеты не найдены', 'status': 'error'}
2025-04-15 08:17:40 - ERROR - logger - log_error - Ошибка: Ошибка при получении отчетов из базы данных
NoneType: None
2025-04-15 08:17:41 - INFO - logger - log_event - Выбран пункт меню Отчеты
2025-04-15 08:17:41 - INFO - logger - log_event - Создан поток DatabaseWorker с запросом: {'type': 'getreports'}
2025-04-15 08:17:41 - INFO - logger - log_event - Запрос: {'type': 'getreports', 'id': 5}
2025-04-15 08:17:41 - INFO - logger - log_event - Ответ: {'status': 'error', 'message': 'Отчеты не найдены'}
2025-04-15 08:17:41 - INFO - logger - log_event - Выполнен запрос к БД: {'type': 'getreports', 'id': 5}
2025-04-15 08:17:41 - INFO - logger - log_event - Статус видимости таблицы отчетов после show(): True
2025-04-15 08:17:41 - INFO - logger - log_event - Выбран пункт меню Отчеты
2025-04-15 08:17:41 - INFO - logger - log_event - Запрос: {'type': 'getreports', 'id': 5}
2025-04-15 08:17:41 - INFO - logger - log_event - Создан поток DatabaseWorker с запросом: {'type': 'getreports'}
2025-04-15 08:17:41 - INFO - logger - log_event - Запрос: {'type': 'getreports', 'id': 5}
2025-04-15 08:17:41 - INFO - logger - log_event - Ответ: {'status': 'error', 'message': 'Отчеты не найдены'}
2025-04-15 08:17:41 - INFO - logger - log_event - Выполнен запрос к БД: {'type': 'getreports', 'id': 5}
2025-04-15 08:17:41 - INFO - logger - log_event - Ответ: {'status': 'error', 'message': 'Отчеты не найдены'}
2025-04-15 08:17:41 - INFO - logger - log_event - Выполнен запрос к БД: {'type': 'getreports', 'id': 5}
2025-04-15 08:17:41 - INFO - logger - log_event - Статус видимости таблицы отчетов после show(): True
2025-04-15 08:17:41 - INFO - logger - log_event - Выбран пункт меню Отчеты
2025-04-15 08:17:41 - INFO - logger - log_event - Запрос: {'type': 'getreports', 'id': 5}
2025-04-15 08:17:41 - INFO - logger - log_event - Создан поток DatabaseWorker с запросом: {'type': 'getreports'}
2025-04-15 08:17:41 - INFO - logger - log_event - Запрос: {'type': 'getreports', 'id': 5}
2025-04-15 08:17:41 - INFO - logger - log_event - Ответ: {'status': 'error', 'message': 'Отчеты не найдены'}
2025-04-15 08:17:41 - INFO - logger - log_event - Ответ: {'status': 'error', 'message': 'Отчеты не найдены'}
2025-04-15 08:17:41 - INFO - logger - log_event - Выполнен запрос к БД: {'type': 'getreports', 'id': 5}
2025-04-15 08:17:41 - INFO - logger - log_event - Выполнен запрос к БД: {'type': 'getreports', 'id': 5}
2025-04-15 08:17:41 - INFO - logger - log_event - Статус видимости таблицы отчетов после show(): True
2025-04-15 08:17:41 - INFO - logger - log_event - Запрос: {'type': 'getreports', 'id': 5}
2025-04-15 08:17:41 - INFO - logger - log_event - Получен ответ для таблицы отчетов: {'message': 'Отчеты не найдены', 'status': 'error'}
2025-04-15 08:17:41 - ERROR - logger - log_error - Ошибка: Ошибка при получении отчетов из базы данных
NoneType: None
2025-04-15 08:17:41 - INFO - logger - log_event - Получен ответ для таблицы отчетов: {'message': 'Отчеты не найдены', 'status': 'error'}
2025-04-15 08:17:41 - ERROR - logger - log_error - Ошибка: Ошибка при получении отчетов из базы данных
NoneType: None
2025-04-15 08:17:41 - INFO - logger - log_event - Ответ: {'status': 'error', 'message': 'Отчеты не найдены'}
2025-04-15 08:17:41 - INFO - logger - log_event - Выполнен запрос к БД: {'type': 'getreports', 'id': 5}
2025-04-15 08:17:41 - INFO - logger - log_event - Получен ответ для таблицы отчетов: {'message': 'Отчеты не найдены', 'status': 'error'}
2025-04-15 08:17:41 - ERROR - logger - log_error - Ошибка: Ошибка при получении отчетов из базы данных
NoneType: None
2025-04-15 08:18:03 - INFO - logger - log_event - Закрытие приложения button.py
2025-04-15 08:18:03 - INFO - logger - log_event - Завершаем сессию пользователя: Роман Королёв
2025-04-15 08:18:03 - INFO - logger - log_event - Запрос: {'type': 'endSession', 'name': 'Роман', 'surname': 'Королёв', 'id': 5}
2025-04-15 08:18:03 - INFO - logger - log_event - Ответ: {'status': 'ok'}
2025-04-15 08:18:03 - INFO - logger - log_event - Сессия успешно завершена: Роман Королёв
2025-04-15 08:18:04 - INFO - logger - log_application_exit - Приложение завершено
