2025-04-04 12:42:10 - INFO - logger - <module> - Приложение запущено
2025-04-04 12:42:10 - INFO - logger - <module> - Добавляем логирование в остальные файлы проекта...
2025-04-04 12:42:10 - INFO - logger - <module> - Логирование в database.py: все запросы к серверу регистрируются.
2025-04-04 12:42:10 - INFO - logger - <module> - Логирование в COM.py: события работы с COM-портами фиксируются.
2025-04-04 12:42:10 - INFO - logger - <module> - Логирование в detail_work.py: операции с деталями регистрируются.
2025-04-04 12:42:10 - INFO - logger - <module> - Логирование в Error.py и ErrorTest.py: ошибки записываются.
2025-04-04 12:42:10 - INFO - logger - <module> - Логирование в этапах Mark.py, Packing.py, Test.py, Work.py.
2025-04-04 12:42:14 - INFO - logger - log_event - Сервер доступен
2025-04-04 12:42:14 - INFO - logger - log_event - Сервер доступен
2025-04-04 12:42:14 - INFO - logger - log_event - Главное окно приложения создано
2025-04-04 12:42:14 - INFO - logger - log_event - Создан интерфейс админ-панели
2025-04-04 12:42:14 - INFO - logger - log_event - Enter to mark
2025-04-04 12:42:14 - INFO - logger - log_event - Enter to Test
2025-04-04 12:42:14 - INFO - logger - log_event - Enter to Packing
2025-04-04 12:42:14 - INFO - logger - log_event - Enter to Login page AA
2025-04-04 12:42:14 - INFO - logger - log_event - Enter to assembly
2025-04-04 12:42:14 - INFO - logger - log_event - Enter to mark
2025-04-04 12:42:14 - INFO - logger - log_event - Enter to Test
2025-04-04 12:42:14 - INFO - logger - log_event - Enter to Packing
2025-04-04 12:42:14 - INFO - logger - log_event - Enter to Login page AA
2025-04-04 12:42:14 - INFO - logger - log_event - Enter to assembly
2025-04-04 12:42:14 - INFO - logger - log_event - Enter to mark
2025-04-04 12:42:14 - INFO - logger - log_event - Enter to Test
2025-04-04 12:42:14 - INFO - logger - log_event - Enter to Packing
2025-04-04 12:42:14 - INFO - logger - log_event - Enter to Login page AA
2025-04-04 12:42:14 - INFO - logger - log_event - Enter to assembly
2025-04-04 12:42:14 - INFO - logger - log_event - Enter to mark
2025-04-04 12:42:14 - INFO - logger - log_event - Enter to Test
2025-04-04 12:42:14 - INFO - logger - log_event - Enter to Packing
2025-04-04 12:42:14 - INFO - logger - log_event - Enter to Login page AA
2025-04-04 12:42:14 - INFO - logger - log_event - Enter to assembly
2025-04-04 12:42:14 - INFO - logger - log_event - Enter to mark
2025-04-04 12:42:14 - INFO - logger - log_event - Enter to Test
2025-04-04 12:42:14 - INFO - logger - log_event - Enter to Packing
2025-04-04 12:42:14 - INFO - logger - log_event - Enter to Login page AA
2025-04-04 12:42:14 - INFO - logger - log_event - Enter to assembly
2025-04-04 12:42:16 - INFO - logger - log_event - Raw data (bytes): b'\xd0\x90\xd0\xb3\xd1\x83\xd0\xb0\xd0\xb3\xd1\x83\r\n'
2025-04-04 12:42:16 - INFO - logger - log_event - Decoded data (str): Агуагу
2025-04-04 12:42:16 - INFO - logger - log_event - Parsed Data: ['Агуагу']
2025-04-04 12:42:16 - INFO - logger - log_event - System Arduino init
2025-04-04 12:42:22 - INFO - logger - log_event - Raw data (bytes): b'995934779_user..\r\n'
2025-04-04 12:42:22 - INFO - logger - log_event - Decoded data (str): 995934779_user..
2025-04-04 12:42:22 - INFO - logger - log_event - Parsed Data: ['995934779', 'user']
2025-04-04 12:42:22 - INFO - logger - log_event - Send data to handle_serial_data: ['995934779', 'user']
2025-04-04 12:42:22 - INFO - logger - log_event - Данные перед очисткой: ['995934779', 'user']
2025-04-04 12:42:22 - INFO - logger - log_event - Raw data (bytes): b'\r\n'
2025-04-04 12:42:22 - INFO - logger - log_event - Очищенные данные: ['995934779', 'user']
2025-04-04 12:42:22 - INFO - logger - log_event - Decoded data (str): 
2025-04-04 12:42:22 - INFO - logger - log_event - Пользователь с UID: 995934779
2025-04-04 12:42:22 - INFO - logger - log_event - Get NULL
2025-04-04 12:42:22 - INFO - logger - log_event - Попытка аутентификации пользователя с UID: 995934779
2025-04-04 12:42:22 - INFO - logger - log_event - Запрос: {'type': 'user', 'uid': '995934779'}
2025-04-04 12:42:22 - INFO - logger - log_event - Ответ: {'status': 'ok', 'name': 'Стол', 'surname': 'Ардашев'}
2025-04-04 12:42:22 - INFO - logger - log_event - Ответ сервера: {'status': 'ok', 'name': 'Стол', 'surname': 'Ардашев'}
2025-04-04 12:42:22 - INFO - logger - log_event - Данные пользователя в корне ответа: {'status': 'ok', 'name': 'Стол', 'surname': 'Ардашев'}
2025-04-04 12:42:26 - INFO - logger - log_event - Запрос на создание сессии: {'type': 'startSession', 'name': 'Стол', 'surname': 'Ардашев', 'work_description': 'Без детали'}
2025-04-04 12:42:26 - INFO - logger - log_event - Запрос: {'type': 'startSession', 'name': 'Стол', 'surname': 'Ардашев', 'work_description': 'Без детали'}
2025-04-04 12:42:28 - INFO - logger - log_event - Ответ: {'status': 'ok'}
2025-04-04 12:42:28 - INFO - logger - log_event - Ответ на создание сессии: {'status': 'ok'}
2025-04-04 12:42:28 - INFO - logger - log_event - Сессия успешно начата: Ардашев Стол
2025-04-04 12:42:28 - INFO - logger - log_event - Устанавливаем переменную config.user: Ардашев Стол
2025-04-04 12:42:28 - INFO - logger - log_event - Устанавливаем переменную config.Name: Ардашев Стол
2025-04-04 12:42:28 - INFO - logger - log_event - Установлено значение config.Name: Ардашев Стол
2025-04-04 12:42:28 - INFO - logger - log_event - Успешная аутентификация пользователя: Ардашев Стол
2025-04-04 12:42:30 - INFO - logger - log_event - Raw data (bytes): b'SN034_detail....\r\n'
2025-04-04 12:42:30 - INFO - logger - log_event - Decoded data (str): SN034_detail....
2025-04-04 12:42:30 - INFO - logger - log_event - Parsed Data: ['SN034', 'detail']
2025-04-04 12:42:30 - INFO - logger - log_event - Send data to handle_serial_data: ['SN034', 'detail']
2025-04-04 12:42:30 - INFO - logger - log_event - Данные перед очисткой: ['SN034', 'detail']
2025-04-04 12:42:30 - INFO - logger - log_event - Raw data (bytes): b'\r\n'
2025-04-04 12:42:30 - INFO - logger - log_event - Очищенные данные: ['SN034', 'detail']
2025-04-04 12:42:30 - INFO - logger - log_event - Decoded data (str): 
2025-04-04 12:42:30 - INFO - logger - log_event - Получены данные из порта: SN034
2025-04-04 12:42:30 - INFO - logger - log_event - Get NULL
2025-04-04 12:42:30 - INFO - logger - log_event - Запрос данных о детали с серийным номером: SN034
2025-04-04 12:42:30 - INFO - logger - log_event - Текущее состояние: Name='Ардашев Стол', auth=True, session_on=True
2025-04-04 12:42:30 - INFO - logger - log_event - Запрос: {'type': 'details', 'serial': 'SN034'}
2025-04-04 12:42:30 - INFO - logger - log_event - Ответ: {'status': 'ok', 'data': {'id': 14, 'name': 'МЕТРАН 75', 'serial_number': 'SN034', 'defective': False, 'stage': 'Маркировка', 'sector': None, 'identified_by': None, 'defect_stage_id': None}}
2025-04-04 12:42:30 - INFO - logger - log_event - Ответ от сервера: {'status': 'ok', 'data': {'id': 14, 'name': 'МЕТРАН 75', 'serial_number': 'SN034', 'defective': False, 'stage': 'Маркировка', 'sector': None, 'identified_by': None, 'defect_stage_id': None}}
2025-04-04 12:42:30 - INFO - logger - log_event - Начало работы над деталью. Текущее значение Name: 'Ардашев Стол'
2025-04-04 12:42:30 - INFO - logger - log_event - Используем части имени из Name: фамилия='Ардашев', имя='Стол'
2025-04-04 12:42:30 - INFO - logger - log_event - Будет использоваться: фамилия='Ардашев', имя='Стол'
2025-04-04 12:42:30 - INFO - logger - log_event - Данные детали: {'id': 14, 'name': 'МЕТРАН 75', 'serial_number': 'SN034', 'defective': False, 'stage': 'Маркировка', 'sector': None, 'identified_by': None, 'defect_stage_id': None}
2025-04-04 12:42:30 - INFO - logger - log_event - Запрос обновления описания сессии: {'type': 'updateSessionDescription', 'name': 'Стол', 'surname': 'Ардашев', 'new_description': 'Сборка SN034'}
2025-04-04 12:42:30 - INFO - logger - log_event - Состояние сессии: auth=True, session_on=True
2025-04-04 12:42:30 - INFO - logger - log_event - Запрос: {'type': 'updateSessionDescription', 'name': 'Стол', 'surname': 'Ардашев', 'new_description': 'Сборка SN034'}
2025-04-04 12:42:30 - INFO - logger - log_event - Ответ: {'status': 'ok'}
2025-04-04 12:42:30 - INFO - logger - log_event - Ответ на обновление описания сессии: {'status': 'ok'}
2025-04-04 12:42:35 - INFO - logger - log_event - Информация о детали сброшена пользователем без изменения статуса на сервере
2025-04-04 12:42:37 - INFO - logger - log_event - Raw data (bytes): b'SN034_detail....\r\n'
2025-04-04 12:42:37 - INFO - logger - log_event - Decoded data (str): SN034_detail....
2025-04-04 12:42:37 - INFO - logger - log_event - Parsed Data: ['SN034', 'detail']
2025-04-04 12:42:37 - INFO - logger - log_event - Send data to handle_serial_data: ['SN034', 'detail']
2025-04-04 12:42:37 - INFO - logger - log_event - Данные перед очисткой: ['SN034', 'detail']
2025-04-04 12:42:37 - INFO - logger - log_event - Очищенные данные: ['SN034', 'detail']
2025-04-04 12:42:37 - INFO - logger - log_event - Raw data (bytes): b'\r\n'
2025-04-04 12:42:37 - INFO - logger - log_event - Получены данные из порта: SN034
2025-04-04 12:42:37 - INFO - logger - log_event - Decoded data (str): 
2025-04-04 12:42:37 - INFO - logger - log_event - Запрос данных о детали с серийным номером: SN034
2025-04-04 12:42:37 - INFO - logger - log_event - Get NULL
2025-04-04 12:42:37 - INFO - logger - log_event - Текущее состояние: Name='Ардашев Стол', auth=True, session_on=True
2025-04-04 12:42:37 - INFO - logger - log_event - Запрос: {'type': 'details', 'serial': 'SN034'}
2025-04-04 12:42:37 - INFO - logger - log_event - Ответ: {'status': 'ok', 'data': {'id': 14, 'name': 'МЕТРАН 75', 'serial_number': 'SN034', 'defective': False, 'stage': 'Маркировка', 'sector': None, 'identified_by': None, 'defect_stage_id': None}}
2025-04-04 12:42:37 - INFO - logger - log_event - Ответ от сервера: {'status': 'ok', 'data': {'id': 14, 'name': 'МЕТРАН 75', 'serial_number': 'SN034', 'defective': False, 'stage': 'Маркировка', 'sector': None, 'identified_by': None, 'defect_stage_id': None}}
2025-04-04 12:42:37 - INFO - logger - log_event - Начало работы над деталью. Текущее значение Name: 'Ардашев Стол'
2025-04-04 12:42:37 - INFO - logger - log_event - Используем части имени из Name: фамилия='Ардашев', имя='Стол'
2025-04-04 12:42:37 - INFO - logger - log_event - Будет использоваться: фамилия='Ардашев', имя='Стол'
2025-04-04 12:42:37 - INFO - logger - log_event - Данные детали: {'id': 14, 'name': 'МЕТРАН 75', 'serial_number': 'SN034', 'defective': False, 'stage': 'Маркировка', 'sector': None, 'identified_by': None, 'defect_stage_id': None}
2025-04-04 12:42:37 - INFO - logger - log_event - Запрос обновления описания сессии: {'type': 'updateSessionDescription', 'name': 'Стол', 'surname': 'Ардашев', 'new_description': 'Сборка SN034'}
2025-04-04 12:42:37 - INFO - logger - log_event - Состояние сессии: auth=True, session_on=True
2025-04-04 12:42:37 - INFO - logger - log_event - Запрос: {'type': 'updateSessionDescription', 'name': 'Стол', 'surname': 'Ардашев', 'new_description': 'Сборка SN034'}
2025-04-04 12:42:47 - INFO - logger - log_event - Ответ: {'status': 'ok'}
2025-04-04 12:42:47 - INFO - logger - log_event - Ответ на обновление описания сессии: {'status': 'ok'}
2025-04-04 12:42:56 - ERROR - logger - log_error - Ошибка: failed login attempt to Admin Panel
NoneType: None
2025-04-04 12:43:01 - INFO - logger - log_event - Login to the admin panel
2025-04-04 12:43:03 - INFO - logger - log_event - Создан поток DatabaseWorker с запросом: {'type': 'allDetails', 'detail': 'МЕТРАН 150'}
2025-04-04 12:43:03 - INFO - logger - log_event - Запрос: {'type': 'allDetails', 'detail': 'МЕТРАН 150'}
2025-04-04 12:43:05 - INFO - logger - log_event - Ответ: {'status': 'ok', 'data': [{'id': 1, 'name': 'МЕТРАН 150', 'serial_number': 'SN001', 'defective': False, 'stage': 'Упаковка', 'sector': None, 'identified_by': None, 'defect_stage_id': None}, {'id': 2, 'name': 'МЕТРАН 150', 'serial_number': 'SN002', 'defective': False, 'stage': 'Сборка', 'sector': None, 'identified_by': None, 'defect_stage_id': None}, {'id': 3, 'name': 'МЕТРАН 150', 'serial_number': 'SN003', 'defective': False, 'stage': 'Упаковка', 'sector': None, 'identified_by': None, 'defect_stage_id': None}, {'id': 4, 'name': 'МЕТРАН 150', 'serial_number': 'SN004', 'defective': False, 'stage': 'Тестирование', 'sector': None, 'identified_by': None, 'defect_stage_id': None}, {'id': 5, 'name': 'МЕТРАН 150', 'serial_number': 'SN005', 'defective': False, 'stage': 'Сборка', 'sector': None, 'identified_by': None, 'defect_stage_id': None}, {'id': 6, 'name': 'МЕТРАН 150', 'serial_number': 'SN052', 'defective': False, 'stage': 'Сборка', 'sector': None, 'identified_by': None, 'defect_stage_id': None}, {'id': 7, 'name': 'МЕТРАН 150', 'serial_number': 'SN010', 'defective': True, 'stage': 'Сборка', 'sector': None, 'identified_by': None, 'defect_stage_id': None}, {'id': 8, 'name': 'МЕТРАН 150', 'serial_number': 'SN042', 'defective': False, 'stage': 'Упаковка', 'sector': None, 'identified_by': None, 'defect_stage_id': None}, {'id': 9, 'name': 'МЕТРАН 150', 'serial_number': 'SN087', 'defective': False, 'stage': 'Упаковка', 'sector': None, 'identified_by': None, 'defect_stage_id': None}, {'id': 10, 'name': 'МЕТРАН 150', 'serial_number': 'SN088', 'defective': True, 'stage': 'Маркировка', 'sector': None, 'identified_by': None, 'defect_stage_id': None}, {'id': 11, 'name': 'МЕТРАН 150', 'serial_number': 'SN089', 'defective': True, 'stage': 'Сборка', 'sector': None, 'identified_by': None, 'defect_stage_id': None}, {'id': 12, 'name': 'МЕТРАН 150', 'serial_number': 'SN091', 'defective': False, 'stage': 'Упаковка', 'sector': None, 'identified_by': None, 'defect_stage_id': None}, {'id': 13, 'name': 'МЕТРАН 150', 'serial_number': 'SN053', 'defective': False, 'stage': 'Упаковка', 'sector': '1А', 'identified_by': None, 'defect_stage_id': None}]}
2025-04-04 12:43:05 - INFO - logger - log_event - Выполнен запрос к БД: {'type': 'allDetails', 'detail': 'МЕТРАН 150'}
2025-04-04 12:43:05 - INFO - logger - log_event - Создан поток DatabaseWorker с запросом: {'type': 'allDetails', 'detail': 'МЕТРАН 150'}
2025-04-04 12:43:05 - INFO - logger - log_event - Запрос: {'type': 'allDetails', 'detail': 'МЕТРАН 150'}
2025-04-04 12:43:05 - INFO - logger - log_event - Запрос: {'type': 'allDetails', 'detail': 'МЕТРАН 150'}
2025-04-04 12:43:05 - INFO - logger - log_event - Ответ: {'status': 'ok', 'data': [{'id': 1, 'name': 'МЕТРАН 150', 'serial_number': 'SN001', 'defective': False, 'stage': 'Упаковка', 'sector': None, 'identified_by': None, 'defect_stage_id': None}, {'id': 2, 'name': 'МЕТРАН 150', 'serial_number': 'SN002', 'defective': False, 'stage': 'Сборка', 'sector': None, 'identified_by': None, 'defect_stage_id': None}, {'id': 3, 'name': 'МЕТРАН 150', 'serial_number': 'SN003', 'defective': False, 'stage': 'Упаковка', 'sector': None, 'identified_by': None, 'defect_stage_id': None}, {'id': 4, 'name': 'МЕТРАН 150', 'serial_number': 'SN004', 'defective': False, 'stage': 'Тестирование', 'sector': None, 'identified_by': None, 'defect_stage_id': None}, {'id': 5, 'name': 'МЕТРАН 150', 'serial_number': 'SN005', 'defective': False, 'stage': 'Сборка', 'sector': None, 'identified_by': None, 'defect_stage_id': None}, {'id': 6, 'name': 'МЕТРАН 150', 'serial_number': 'SN052', 'defective': False, 'stage': 'Сборка', 'sector': None, 'identified_by': None, 'defect_stage_id': None}, {'id': 7, 'name': 'МЕТРАН 150', 'serial_number': 'SN010', 'defective': True, 'stage': 'Сборка', 'sector': None, 'identified_by': None, 'defect_stage_id': None}, {'id': 8, 'name': 'МЕТРАН 150', 'serial_number': 'SN042', 'defective': False, 'stage': 'Упаковка', 'sector': None, 'identified_by': None, 'defect_stage_id': None}, {'id': 9, 'name': 'МЕТРАН 150', 'serial_number': 'SN087', 'defective': False, 'stage': 'Упаковка', 'sector': None, 'identified_by': None, 'defect_stage_id': None}, {'id': 10, 'name': 'МЕТРАН 150', 'serial_number': 'SN088', 'defective': True, 'stage': 'Маркировка', 'sector': None, 'identified_by': None, 'defect_stage_id': None}, {'id': 11, 'name': 'МЕТРАН 150', 'serial_number': 'SN089', 'defective': True, 'stage': 'Сборка', 'sector': None, 'identified_by': None, 'defect_stage_id': None}, {'id': 12, 'name': 'МЕТРАН 150', 'serial_number': 'SN091', 'defective': False, 'stage': 'Упаковка', 'sector': None, 'identified_by': None, 'defect_stage_id': None}, {'id': 13, 'name': 'МЕТРАН 150', 'serial_number': 'SN053', 'defective': False, 'stage': 'Упаковка', 'sector': '1А', 'identified_by': None, 'defect_stage_id': None}]}
2025-04-04 12:43:05 - INFO - logger - log_event - Выполнен запрос к БД: {'type': 'allDetails', 'detail': 'МЕТРАН 150'}
2025-04-04 12:43:06 - INFO - logger - log_event - Ответ: {'status': 'ok', 'data': [{'id': 1, 'name': 'МЕТРАН 150', 'serial_number': 'SN001', 'defective': False, 'stage': 'Упаковка', 'sector': None, 'identified_by': None, 'defect_stage_id': None}, {'id': 2, 'name': 'МЕТРАН 150', 'serial_number': 'SN002', 'defective': False, 'stage': 'Сборка', 'sector': None, 'identified_by': None, 'defect_stage_id': None}, {'id': 3, 'name': 'МЕТРАН 150', 'serial_number': 'SN003', 'defective': False, 'stage': 'Упаковка', 'sector': None, 'identified_by': None, 'defect_stage_id': None}, {'id': 4, 'name': 'МЕТРАН 150', 'serial_number': 'SN004', 'defective': False, 'stage': 'Тестирование', 'sector': None, 'identified_by': None, 'defect_stage_id': None}, {'id': 5, 'name': 'МЕТРАН 150', 'serial_number': 'SN005', 'defective': False, 'stage': 'Сборка', 'sector': None, 'identified_by': None, 'defect_stage_id': None}, {'id': 6, 'name': 'МЕТРАН 150', 'serial_number': 'SN052', 'defective': False, 'stage': 'Сборка', 'sector': None, 'identified_by': None, 'defect_stage_id': None}, {'id': 7, 'name': 'МЕТРАН 150', 'serial_number': 'SN010', 'defective': True, 'stage': 'Сборка', 'sector': None, 'identified_by': None, 'defect_stage_id': None}, {'id': 8, 'name': 'МЕТРАН 150', 'serial_number': 'SN042', 'defective': False, 'stage': 'Упаковка', 'sector': None, 'identified_by': None, 'defect_stage_id': None}, {'id': 9, 'name': 'МЕТРАН 150', 'serial_number': 'SN087', 'defective': False, 'stage': 'Упаковка', 'sector': None, 'identified_by': None, 'defect_stage_id': None}, {'id': 10, 'name': 'МЕТРАН 150', 'serial_number': 'SN088', 'defective': True, 'stage': 'Маркировка', 'sector': None, 'identified_by': None, 'defect_stage_id': None}, {'id': 11, 'name': 'МЕТРАН 150', 'serial_number': 'SN089', 'defective': True, 'stage': 'Сборка', 'sector': None, 'identified_by': None, 'defect_stage_id': None}, {'id': 12, 'name': 'МЕТРАН 150', 'serial_number': 'SN091', 'defective': False, 'stage': 'Упаковка', 'sector': None, 'identified_by': None, 'defect_stage_id': None}, {'id': 13, 'name': 'МЕТРАН 150', 'serial_number': 'SN053', 'defective': False, 'stage': 'Упаковка', 'sector': '1А', 'identified_by': None, 'defect_stage_id': None}]}
2025-04-04 12:43:06 - INFO - logger - log_event - Выполнен запрос к БД: {'type': 'allDetails', 'detail': 'МЕТРАН 150'}
2025-04-04 12:43:06 - INFO - logger - log_event - Создан поток DatabaseWorker с запросом: {'type': 'allDetails', 'detail': 'МЕТРАН 150'}
2025-04-04 12:43:06 - INFO - logger - log_event - Запрос: {'type': 'allDetails', 'detail': 'МЕТРАН 150'}
2025-04-04 12:43:06 - INFO - logger - log_event - Запрос: {'type': 'allDetails', 'detail': 'МЕТРАН 150'}
2025-04-04 12:43:06 - INFO - logger - log_event - Ответ: {'status': 'ok', 'data': [{'id': 1, 'name': 'МЕТРАН 150', 'serial_number': 'SN001', 'defective': False, 'stage': 'Упаковка', 'sector': None, 'identified_by': None, 'defect_stage_id': None}, {'id': 2, 'name': 'МЕТРАН 150', 'serial_number': 'SN002', 'defective': False, 'stage': 'Сборка', 'sector': None, 'identified_by': None, 'defect_stage_id': None}, {'id': 3, 'name': 'МЕТРАН 150', 'serial_number': 'SN003', 'defective': False, 'stage': 'Упаковка', 'sector': None, 'identified_by': None, 'defect_stage_id': None}, {'id': 4, 'name': 'МЕТРАН 150', 'serial_number': 'SN004', 'defective': False, 'stage': 'Тестирование', 'sector': None, 'identified_by': None, 'defect_stage_id': None}, {'id': 5, 'name': 'МЕТРАН 150', 'serial_number': 'SN005', 'defective': False, 'stage': 'Сборка', 'sector': None, 'identified_by': None, 'defect_stage_id': None}, {'id': 6, 'name': 'МЕТРАН 150', 'serial_number': 'SN052', 'defective': False, 'stage': 'Сборка', 'sector': None, 'identified_by': None, 'defect_stage_id': None}, {'id': 7, 'name': 'МЕТРАН 150', 'serial_number': 'SN010', 'defective': True, 'stage': 'Сборка', 'sector': None, 'identified_by': None, 'defect_stage_id': None}, {'id': 8, 'name': 'МЕТРАН 150', 'serial_number': 'SN042', 'defective': False, 'stage': 'Упаковка', 'sector': None, 'identified_by': None, 'defect_stage_id': None}, {'id': 9, 'name': 'МЕТРАН 150', 'serial_number': 'SN087', 'defective': False, 'stage': 'Упаковка', 'sector': None, 'identified_by': None, 'defect_stage_id': None}, {'id': 10, 'name': 'МЕТРАН 150', 'serial_number': 'SN088', 'defective': True, 'stage': 'Маркировка', 'sector': None, 'identified_by': None, 'defect_stage_id': None}, {'id': 11, 'name': 'МЕТРАН 150', 'serial_number': 'SN089', 'defective': True, 'stage': 'Сборка', 'sector': None, 'identified_by': None, 'defect_stage_id': None}, {'id': 12, 'name': 'МЕТРАН 150', 'serial_number': 'SN091', 'defective': False, 'stage': 'Упаковка', 'sector': None, 'identified_by': None, 'defect_stage_id': None}, {'id': 13, 'name': 'МЕТРАН 150', 'serial_number': 'SN053', 'defective': False, 'stage': 'Упаковка', 'sector': '1А', 'identified_by': None, 'defect_stage_id': None}]}
2025-04-04 12:43:06 - INFO - logger - log_event - Ответ: {'status': 'ok', 'data': [{'id': 1, 'name': 'МЕТРАН 150', 'serial_number': 'SN001', 'defective': False, 'stage': 'Упаковка', 'sector': None, 'identified_by': None, 'defect_stage_id': None}, {'id': 2, 'name': 'МЕТРАН 150', 'serial_number': 'SN002', 'defective': False, 'stage': 'Сборка', 'sector': None, 'identified_by': None, 'defect_stage_id': None}, {'id': 3, 'name': 'МЕТРАН 150', 'serial_number': 'SN003', 'defective': False, 'stage': 'Упаковка', 'sector': None, 'identified_by': None, 'defect_stage_id': None}, {'id': 4, 'name': 'МЕТРАН 150', 'serial_number': 'SN004', 'defective': False, 'stage': 'Тестирование', 'sector': None, 'identified_by': None, 'defect_stage_id': None}, {'id': 5, 'name': 'МЕТРАН 150', 'serial_number': 'SN005', 'defective': False, 'stage': 'Сборка', 'sector': None, 'identified_by': None, 'defect_stage_id': None}, {'id': 6, 'name': 'МЕТРАН 150', 'serial_number': 'SN052', 'defective': False, 'stage': 'Сборка', 'sector': None, 'identified_by': None, 'defect_stage_id': None}, {'id': 7, 'name': 'МЕТРАН 150', 'serial_number': 'SN010', 'defective': True, 'stage': 'Сборка', 'sector': None, 'identified_by': None, 'defect_stage_id': None}, {'id': 8, 'name': 'МЕТРАН 150', 'serial_number': 'SN042', 'defective': False, 'stage': 'Упаковка', 'sector': None, 'identified_by': None, 'defect_stage_id': None}, {'id': 9, 'name': 'МЕТРАН 150', 'serial_number': 'SN087', 'defective': False, 'stage': 'Упаковка', 'sector': None, 'identified_by': None, 'defect_stage_id': None}, {'id': 10, 'name': 'МЕТРАН 150', 'serial_number': 'SN088', 'defective': True, 'stage': 'Маркировка', 'sector': None, 'identified_by': None, 'defect_stage_id': None}, {'id': 11, 'name': 'МЕТРАН 150', 'serial_number': 'SN089', 'defective': True, 'stage': 'Сборка', 'sector': None, 'identified_by': None, 'defect_stage_id': None}, {'id': 12, 'name': 'МЕТРАН 150', 'serial_number': 'SN091', 'defective': False, 'stage': 'Упаковка', 'sector': None, 'identified_by': None, 'defect_stage_id': None}, {'id': 13, 'name': 'МЕТРАН 150', 'serial_number': 'SN053', 'defective': False, 'stage': 'Упаковка', 'sector': '1А', 'identified_by': None, 'defect_stage_id': None}]}
2025-04-04 12:43:06 - INFO - logger - log_event - Выполнен запрос к БД: {'type': 'allDetails', 'detail': 'МЕТРАН 150'}
2025-04-04 12:43:06 - INFO - logger - log_event - Выполнен запрос к БД: {'type': 'allDetails', 'detail': 'МЕТРАН 150'}
2025-04-04 12:43:06 - INFO - logger - log_event - Запрос: {'type': 'allDetails', 'detail': 'МЕТРАН 150'}
2025-04-04 12:43:06 - INFO - logger - log_event - Ответ: {'status': 'ok', 'data': [{'id': 1, 'name': 'МЕТРАН 150', 'serial_number': 'SN001', 'defective': False, 'stage': 'Упаковка', 'sector': None, 'identified_by': None, 'defect_stage_id': None}, {'id': 2, 'name': 'МЕТРАН 150', 'serial_number': 'SN002', 'defective': False, 'stage': 'Сборка', 'sector': None, 'identified_by': None, 'defect_stage_id': None}, {'id': 3, 'name': 'МЕТРАН 150', 'serial_number': 'SN003', 'defective': False, 'stage': 'Упаковка', 'sector': None, 'identified_by': None, 'defect_stage_id': None}, {'id': 4, 'name': 'МЕТРАН 150', 'serial_number': 'SN004', 'defective': False, 'stage': 'Тестирование', 'sector': None, 'identified_by': None, 'defect_stage_id': None}, {'id': 5, 'name': 'МЕТРАН 150', 'serial_number': 'SN005', 'defective': False, 'stage': 'Сборка', 'sector': None, 'identified_by': None, 'defect_stage_id': None}, {'id': 6, 'name': 'МЕТРАН 150', 'serial_number': 'SN052', 'defective': False, 'stage': 'Сборка', 'sector': None, 'identified_by': None, 'defect_stage_id': None}, {'id': 7, 'name': 'МЕТРАН 150', 'serial_number': 'SN010', 'defective': True, 'stage': 'Сборка', 'sector': None, 'identified_by': None, 'defect_stage_id': None}, {'id': 8, 'name': 'МЕТРАН 150', 'serial_number': 'SN042', 'defective': False, 'stage': 'Упаковка', 'sector': None, 'identified_by': None, 'defect_stage_id': None}, {'id': 9, 'name': 'МЕТРАН 150', 'serial_number': 'SN087', 'defective': False, 'stage': 'Упаковка', 'sector': None, 'identified_by': None, 'defect_stage_id': None}, {'id': 10, 'name': 'МЕТРАН 150', 'serial_number': 'SN088', 'defective': True, 'stage': 'Маркировка', 'sector': None, 'identified_by': None, 'defect_stage_id': None}, {'id': 11, 'name': 'МЕТРАН 150', 'serial_number': 'SN089', 'defective': True, 'stage': 'Сборка', 'sector': None, 'identified_by': None, 'defect_stage_id': None}, {'id': 12, 'name': 'МЕТРАН 150', 'serial_number': 'SN091', 'defective': False, 'stage': 'Упаковка', 'sector': None, 'identified_by': None, 'defect_stage_id': None}, {'id': 13, 'name': 'МЕТРАН 150', 'serial_number': 'SN053', 'defective': False, 'stage': 'Упаковка', 'sector': '1А', 'identified_by': None, 'defect_stage_id': None}]}
2025-04-04 12:43:06 - INFO - logger - log_event - Выполнен запрос к БД: {'type': 'allDetails', 'detail': 'МЕТРАН 150'}
2025-04-04 12:43:14 - INFO - logger - log_event - Создан поток DatabaseWorker с запросом: {'type': 'allDetails', 'detail': 'МЕТРАН 75'}
2025-04-04 12:43:14 - INFO - logger - log_event - Запрос: {'type': 'allDetails', 'detail': 'МЕТРАН 75'}
2025-04-04 12:43:14 - INFO - logger - log_event - Ответ: {'status': 'ok', 'data': [{'id': 14, 'name': 'МЕТРАН 75', 'serial_number': 'SN034', 'defective': False, 'stage': 'Маркировка', 'sector': None, 'identified_by': None, 'defect_stage_id': None}]}
2025-04-04 12:43:14 - INFO - logger - log_event - Выполнен запрос к БД: {'type': 'allDetails', 'detail': 'МЕТРАН 75'}
2025-04-04 12:43:14 - INFO - logger - log_event - Создан поток DatabaseWorker с запросом: {'type': 'allDetails', 'detail': 'МЕТРАН 75'}
2025-04-04 12:43:14 - INFO - logger - log_event - Запрос: {'type': 'allDetails', 'detail': 'МЕТРАН 75'}
2025-04-04 12:43:14 - INFO - logger - log_event - Запрос: {'type': 'allDetails', 'detail': 'МЕТРАН 75'}
2025-04-04 12:43:14 - INFO - logger - log_event - Ответ: {'status': 'ok', 'data': [{'id': 14, 'name': 'МЕТРАН 75', 'serial_number': 'SN034', 'defective': False, 'stage': 'Маркировка', 'sector': None, 'identified_by': None, 'defect_stage_id': None}]}
2025-04-04 12:43:14 - INFO - logger - log_event - Выполнен запрос к БД: {'type': 'allDetails', 'detail': 'МЕТРАН 75'}
2025-04-04 12:43:14 - INFO - logger - log_event - Ответ: {'status': 'ok', 'data': [{'id': 14, 'name': 'МЕТРАН 75', 'serial_number': 'SN034', 'defective': False, 'stage': 'Маркировка', 'sector': None, 'identified_by': None, 'defect_stage_id': None}]}
2025-04-04 12:43:14 - INFO - logger - log_event - Выполнен запрос к БД: {'type': 'allDetails', 'detail': 'МЕТРАН 75'}
2025-04-04 12:43:14 - INFO - logger - log_event - Создан поток DatabaseWorker с запросом: {'type': 'allDetails', 'detail': 'МЕТРАН 75'}
2025-04-04 12:43:14 - INFO - logger - log_event - Запрос: {'type': 'allDetails', 'detail': 'МЕТРАН 75'}
2025-04-04 12:43:14 - INFO - logger - log_event - Запрос: {'type': 'allDetails', 'detail': 'МЕТРАН 75'}
2025-04-04 12:43:14 - INFO - logger - log_event - Ответ: {'status': 'ok', 'data': [{'id': 14, 'name': 'МЕТРАН 75', 'serial_number': 'SN034', 'defective': False, 'stage': 'Маркировка', 'sector': None, 'identified_by': None, 'defect_stage_id': None}]}
2025-04-04 12:43:14 - INFO - logger - log_event - Выполнен запрос к БД: {'type': 'allDetails', 'detail': 'МЕТРАН 75'}
2025-04-04 12:43:14 - INFO - logger - log_event - Ответ: {'status': 'ok', 'data': [{'id': 14, 'name': 'МЕТРАН 75', 'serial_number': 'SN034', 'defective': False, 'stage': 'Маркировка', 'sector': None, 'identified_by': None, 'defect_stage_id': None}]}
2025-04-04 12:43:14 - INFO - logger - log_event - Запрос: {'type': 'allDetails', 'detail': 'МЕТРАН 75'}
2025-04-04 12:43:14 - INFO - logger - log_event - Выполнен запрос к БД: {'type': 'allDetails', 'detail': 'МЕТРАН 75'}
2025-04-04 12:43:14 - INFO - logger - log_event - Ответ: {'status': 'ok', 'data': [{'id': 14, 'name': 'МЕТРАН 75', 'serial_number': 'SN034', 'defective': False, 'stage': 'Маркировка', 'sector': None, 'identified_by': None, 'defect_stage_id': None}]}
2025-04-04 12:43:14 - INFO - logger - log_event - Выполнен запрос к БД: {'type': 'allDetails', 'detail': 'МЕТРАН 75'}
2025-04-04 12:43:17 - INFO - logger - log_event - Создан поток DatabaseWorker с запросом: {'type': 'alldefective'}
2025-04-04 12:43:17 - INFO - logger - log_event - Запрос: {'type': 'alldefective'}
2025-04-04 12:43:17 - INFO - logger - log_event - Ответ: {'status': 'ok', 'data': [{'id': 7, 'name': 'МЕТРАН 150', 'serial_number': 'SN010', 'defective': True, 'stage': 'Сборка', 'sector': None, 'identified_by': None, 'defect_stage_id': None}, {'id': 10, 'name': 'МЕТРАН 150', 'serial_number': 'SN088', 'defective': True, 'stage': 'Маркировка', 'sector': None, 'identified_by': None, 'defect_stage_id': None}, {'id': 11, 'name': 'МЕТРАН 150', 'serial_number': 'SN089', 'defective': True, 'stage': 'Сборка', 'sector': None, 'identified_by': None, 'defect_stage_id': None}]}
2025-04-04 12:43:17 - INFO - logger - log_event - Выполнен запрос к БД: {'type': 'alldefective'}
2025-04-04 12:43:17 - INFO - logger - log_event - Отправлен запрос на получение бракованных деталей
2025-04-04 12:43:17 - INFO - logger - log_event - Создан поток DatabaseWorker с запросом: {'type': 'alldefective'}
2025-04-04 12:43:17 - INFO - logger - log_event - Запрос: {'type': 'alldefective'}
2025-04-04 12:43:17 - INFO - logger - log_event - Запрос: {'type': 'alldefective'}
2025-04-04 12:43:17 - INFO - logger - log_event - Ответ: {'status': 'ok', 'data': [{'id': 7, 'name': 'МЕТРАН 150', 'serial_number': 'SN010', 'defective': True, 'stage': 'Сборка', 'sector': None, 'identified_by': None, 'defect_stage_id': None}, {'id': 10, 'name': 'МЕТРАН 150', 'serial_number': 'SN088', 'defective': True, 'stage': 'Маркировка', 'sector': None, 'identified_by': None, 'defect_stage_id': None}, {'id': 11, 'name': 'МЕТРАН 150', 'serial_number': 'SN089', 'defective': True, 'stage': 'Сборка', 'sector': None, 'identified_by': None, 'defect_stage_id': None}]}
2025-04-04 12:43:17 - INFO - logger - log_event - Ответ: {'status': 'ok', 'data': [{'id': 7, 'name': 'МЕТРАН 150', 'serial_number': 'SN010', 'defective': True, 'stage': 'Сборка', 'sector': None, 'identified_by': None, 'defect_stage_id': None}, {'id': 10, 'name': 'МЕТРАН 150', 'serial_number': 'SN088', 'defective': True, 'stage': 'Маркировка', 'sector': None, 'identified_by': None, 'defect_stage_id': None}, {'id': 11, 'name': 'МЕТРАН 150', 'serial_number': 'SN089', 'defective': True, 'stage': 'Сборка', 'sector': None, 'identified_by': None, 'defect_stage_id': None}]}
2025-04-04 12:43:17 - INFO - logger - log_event - Выполнен запрос к БД: {'type': 'alldefective'}
2025-04-04 12:43:17 - INFO - logger - log_event - Выполнен запрос к БД: {'type': 'alldefective'}
2025-04-04 12:43:17 - INFO - logger - log_event - Отправлен запрос на получение бракованных деталей
2025-04-04 12:43:17 - INFO - logger - log_event - Создан поток DatabaseWorker с запросом: {'type': 'alldefective'}
2025-04-04 12:43:17 - INFO - logger - log_event - Запрос: {'type': 'alldefective'}
2025-04-04 12:43:17 - INFO - logger - log_event - Запрос: {'type': 'alldefective'}
2025-04-04 12:43:17 - INFO - logger - log_event - Ответ: {'status': 'ok', 'data': [{'id': 7, 'name': 'МЕТРАН 150', 'serial_number': 'SN010', 'defective': True, 'stage': 'Сборка', 'sector': None, 'identified_by': None, 'defect_stage_id': None}, {'id': 10, 'name': 'МЕТРАН 150', 'serial_number': 'SN088', 'defective': True, 'stage': 'Маркировка', 'sector': None, 'identified_by': None, 'defect_stage_id': None}, {'id': 11, 'name': 'МЕТРАН 150', 'serial_number': 'SN089', 'defective': True, 'stage': 'Сборка', 'sector': None, 'identified_by': None, 'defect_stage_id': None}]}
2025-04-04 12:43:17 - INFO - logger - log_event - Ответ: {'status': 'ok', 'data': [{'id': 7, 'name': 'МЕТРАН 150', 'serial_number': 'SN010', 'defective': True, 'stage': 'Сборка', 'sector': None, 'identified_by': None, 'defect_stage_id': None}, {'id': 10, 'name': 'МЕТРАН 150', 'serial_number': 'SN088', 'defective': True, 'stage': 'Маркировка', 'sector': None, 'identified_by': None, 'defect_stage_id': None}, {'id': 11, 'name': 'МЕТРАН 150', 'serial_number': 'SN089', 'defective': True, 'stage': 'Сборка', 'sector': None, 'identified_by': None, 'defect_stage_id': None}]}
2025-04-04 12:43:17 - INFO - logger - log_event - Выполнен запрос к БД: {'type': 'alldefective'}
2025-04-04 12:43:17 - INFO - logger - log_event - Выполнен запрос к БД: {'type': 'alldefective'}
2025-04-04 12:43:17 - INFO - logger - log_event - Отправлен запрос на получение бракованных деталей
2025-04-04 12:43:17 - INFO - logger - log_event - Запрос: {'type': 'alldefective'}
2025-04-04 12:43:17 - INFO - logger - log_event - Получен ответ для таблицы бракованных деталей: {'data': [{'defect_stage_id': None, 'defective': True, 'id': 7, 'identified_by': None, 'name': 'МЕТРАН 150', 'sector': None, 'serial_number': 'SN010', 'stage': 'Сборка'}, {'defect_stage_id': None, 'defective': True, 'id': 10, 'identified_by': None, 'name': 'МЕТРАН 150', 'sector': None, 'serial_number': 'SN088', 'stage': 'Маркировка'}, {'defect_stage_id': None, 'defective': True, 'id': 11, 'identified_by': None, 'name': 'МЕТРАН 150', 'sector': None, 'serial_number': 'SN089', 'stage': 'Сборка'}], 'status': 'ok'}
2025-04-04 12:43:17 - INFO - logger - log_event - Число полученных бракованных деталей: 3
2025-04-04 12:43:17 - INFO - logger - log_event - Таблица бракованных деталей обновлена
2025-04-04 12:43:17 - INFO - logger - log_event - Ответ: {'status': 'ok', 'data': [{'id': 7, 'name': 'МЕТРАН 150', 'serial_number': 'SN010', 'defective': True, 'stage': 'Сборка', 'sector': None, 'identified_by': None, 'defect_stage_id': None}, {'id': 10, 'name': 'МЕТРАН 150', 'serial_number': 'SN088', 'defective': True, 'stage': 'Маркировка', 'sector': None, 'identified_by': None, 'defect_stage_id': None}, {'id': 11, 'name': 'МЕТРАН 150', 'serial_number': 'SN089', 'defective': True, 'stage': 'Сборка', 'sector': None, 'identified_by': None, 'defect_stage_id': None}]}
2025-04-04 12:43:17 - INFO - logger - log_event - Получен ответ для таблицы бракованных деталей: {'data': [{'defect_stage_id': None, 'defective': True, 'id': 7, 'identified_by': None, 'name': 'МЕТРАН 150', 'sector': None, 'serial_number': 'SN010', 'stage': 'Сборка'}, {'defect_stage_id': None, 'defective': True, 'id': 10, 'identified_by': None, 'name': 'МЕТРАН 150', 'sector': None, 'serial_number': 'SN088', 'stage': 'Маркировка'}, {'defect_stage_id': None, 'defective': True, 'id': 11, 'identified_by': None, 'name': 'МЕТРАН 150', 'sector': None, 'serial_number': 'SN089', 'stage': 'Сборка'}], 'status': 'ok'}
2025-04-04 12:43:17 - INFO - logger - log_event - Выполнен запрос к БД: {'type': 'alldefective'}
2025-04-04 12:43:17 - INFO - logger - log_event - Число полученных бракованных деталей: 3
2025-04-04 12:43:17 - INFO - logger - log_event - Таблица бракованных деталей обновлена
2025-04-04 12:43:17 - INFO - logger - log_event - Получен ответ для таблицы бракованных деталей: {'data': [{'defect_stage_id': None, 'defective': True, 'id': 7, 'identified_by': None, 'name': 'МЕТРАН 150', 'sector': None, 'serial_number': 'SN010', 'stage': 'Сборка'}, {'defect_stage_id': None, 'defective': True, 'id': 10, 'identified_by': None, 'name': 'МЕТРАН 150', 'sector': None, 'serial_number': 'SN088', 'stage': 'Маркировка'}, {'defect_stage_id': None, 'defective': True, 'id': 11, 'identified_by': None, 'name': 'МЕТРАН 150', 'sector': None, 'serial_number': 'SN089', 'stage': 'Сборка'}], 'status': 'ok'}
2025-04-04 12:43:17 - INFO - logger - log_event - Число полученных бракованных деталей: 3
2025-04-04 12:43:17 - INFO - logger - log_event - Таблица бракованных деталей обновлена
2025-04-04 12:43:23 - INFO - logger - log_event - Выбран пункт меню Отчеты
2025-04-04 12:43:23 - INFO - logger - log_event - Создан поток DatabaseWorker с запросом: {'type': 'getreports'}
2025-04-04 12:43:23 - INFO - logger - log_event - Запрос: {'type': 'getreports'}
2025-04-04 12:43:23 - INFO - logger - log_event - Ответ: {'status': 'error', 'message': 'Отчеты не найдены'}
2025-04-04 12:43:23 - INFO - logger - log_event - Выполнен запрос к БД: {'type': 'getreports'}
2025-04-04 12:43:23 - INFO - logger - log_event - Статус видимости таблицы отчетов после show(): True
2025-04-04 12:43:23 - INFO - logger - log_event - Запрос: {'type': 'getreports'}
2025-04-04 12:43:23 - INFO - logger - log_event - Выбран пункт меню Отчеты
2025-04-04 12:43:23 - INFO - logger - log_event - Создан поток DatabaseWorker с запросом: {'type': 'getreports'}
2025-04-04 12:43:23 - INFO - logger - log_event - Запрос: {'type': 'getreports'}
2025-04-04 12:43:23 - INFO - logger - log_event - Ответ: {'status': 'error', 'message': 'Отчеты не найдены'}
2025-04-04 12:43:23 - INFO - logger - log_event - Ответ: {'status': 'error', 'message': 'Отчеты не найдены'}
2025-04-04 12:43:23 - INFO - logger - log_event - Выполнен запрос к БД: {'type': 'getreports'}
2025-04-04 12:43:23 - INFO - logger - log_event - Выполнен запрос к БД: {'type': 'getreports'}
2025-04-04 12:43:23 - INFO - logger - log_event - Статус видимости таблицы отчетов после show(): True
2025-04-04 12:43:23 - INFO - logger - log_event - Выбран пункт меню Отчеты
2025-04-04 12:43:23 - INFO - logger - log_event - Запрос: {'type': 'getreports'}
2025-04-04 12:43:23 - INFO - logger - log_event - Создан поток DatabaseWorker с запросом: {'type': 'getreports'}
2025-04-04 12:43:23 - INFO - logger - log_event - Запрос: {'type': 'getreports'}
2025-04-04 12:43:23 - INFO - logger - log_event - Ответ: {'status': 'error', 'message': 'Отчеты не найдены'}
2025-04-04 12:43:23 - INFO - logger - log_event - Ответ: {'status': 'error', 'message': 'Отчеты не найдены'}
2025-04-04 12:43:23 - INFO - logger - log_event - Выполнен запрос к БД: {'type': 'getreports'}
2025-04-04 12:43:23 - INFO - logger - log_event - Выполнен запрос к БД: {'type': 'getreports'}
2025-04-04 12:43:23 - INFO - logger - log_event - Статус видимости таблицы отчетов после show(): True
2025-04-04 12:43:23 - INFO - logger - log_event - Запрос: {'type': 'getreports'}
2025-04-04 12:43:23 - INFO - logger - log_event - Получен ответ для таблицы отчетов: {'message': 'Отчеты не найдены', 'status': 'error'}
2025-04-04 12:43:23 - ERROR - logger - log_error - Ошибка: Ошибка при получении отчетов из базы данных
NoneType: None
2025-04-04 12:43:23 - INFO - logger - log_event - Получен ответ для таблицы отчетов: {'message': 'Отчеты не найдены', 'status': 'error'}
2025-04-04 12:43:23 - ERROR - logger - log_error - Ошибка: Ошибка при получении отчетов из базы данных
NoneType: None
2025-04-04 12:43:23 - INFO - logger - log_event - Ответ: {'status': 'error', 'message': 'Отчеты не найдены'}
2025-04-04 12:43:23 - INFO - logger - log_event - Выполнен запрос к БД: {'type': 'getreports'}
2025-04-04 12:43:23 - INFO - logger - log_event - Получен ответ для таблицы отчетов: {'message': 'Отчеты не найдены', 'status': 'error'}
2025-04-04 12:43:23 - ERROR - logger - log_error - Ошибка: Ошибка при получении отчетов из базы данных
NoneType: None
2025-04-04 12:43:24 - INFO - logger - log_event - Создан поток DatabaseWorker с запросом: {'type': 'getSessions'}
2025-04-04 12:43:24 - INFO - logger - log_event - Запрос: {'type': 'getSessions'}
2025-04-04 12:43:24 - INFO - logger - log_event - Ответ: {'status': 'ok', 'data': [{'id': 101, 'user_id': 7, 'start_time': '2025-04-01 02:45', 'work_description': 'Сборка SN034', 'status': 'active', 'notes': None, 'name': 'Стол', 'surname': 'Ардашев'}]}
2025-04-04 12:43:24 - INFO - logger - log_event - Выполнен запрос к БД: {'type': 'getSessions'}
2025-04-04 12:43:24 - INFO - logger - log_event - Отображаем страницу активных сессий
2025-04-04 12:43:24 - INFO - logger - log_event - Видимость таблицы: True, контейнера: True
2025-04-04 12:43:24 - INFO - logger - log_event - Создан поток DatabaseWorker с запросом: {'type': 'getSessions'}
2025-04-04 12:43:24 - INFO - logger - log_event - Запрос: {'type': 'getSessions'}
2025-04-04 12:43:24 - INFO - logger - log_event - Запрос: {'type': 'getSessions'}
2025-04-04 12:43:24 - INFO - logger - log_event - Ответ: {'status': 'ok', 'data': [{'id': 101, 'user_id': 7, 'start_time': '2025-04-01 02:45', 'work_description': 'Сборка SN034', 'status': 'active', 'notes': None, 'name': 'Стол', 'surname': 'Ардашев'}]}
2025-04-04 12:43:24 - INFO - logger - log_event - Выполнен запрос к БД: {'type': 'getSessions'}
2025-04-04 12:43:24 - INFO - logger - log_event - Ответ: {'status': 'ok', 'data': [{'id': 101, 'user_id': 7, 'start_time': '2025-04-01 02:45', 'work_description': 'Сборка SN034', 'status': 'active', 'notes': None, 'name': 'Стол', 'surname': 'Ардашев'}]}
2025-04-04 12:43:24 - INFO - logger - log_event - Выполнен запрос к БД: {'type': 'getSessions'}
2025-04-04 12:43:24 - INFO - logger - log_event - Отображаем страницу активных сессий
2025-04-04 12:43:24 - INFO - logger - log_event - Видимость таблицы: True, контейнера: True
2025-04-04 12:43:24 - INFO - logger - log_event - Запрос: {'type': 'getSessions'}
2025-04-04 12:43:24 - INFO - logger - log_event - Создан поток DatabaseWorker с запросом: {'type': 'getSessions'}
2025-04-04 12:43:24 - INFO - logger - log_event - Запрос: {'type': 'getSessions'}
2025-04-04 12:43:24 - INFO - logger - log_event - Ответ: {'status': 'ok', 'data': [{'id': 101, 'user_id': 7, 'start_time': '2025-04-01 02:45', 'work_description': 'Сборка SN034', 'status': 'active', 'notes': None, 'name': 'Стол', 'surname': 'Ардашев'}]}
2025-04-04 12:43:24 - INFO - logger - log_event - Выполнен запрос к БД: {'type': 'getSessions'}
2025-04-04 12:43:24 - INFO - logger - log_event - Ответ: {'status': 'ok', 'data': [{'id': 101, 'user_id': 7, 'start_time': '2025-04-01 02:45', 'work_description': 'Сборка SN034', 'status': 'active', 'notes': None, 'name': 'Стол', 'surname': 'Ардашев'}]}
2025-04-04 12:43:24 - INFO - logger - log_event - Выполнен запрос к БД: {'type': 'getSessions'}
2025-04-04 12:43:24 - INFO - logger - log_event - Отображаем страницу активных сессий
2025-04-04 12:43:24 - INFO - logger - log_event - Запрос: {'type': 'getSessions'}
2025-04-04 12:43:24 - INFO - logger - log_event - Видимость таблицы: True, контейнера: True
2025-04-04 12:43:24 - INFO - logger - log_event - Получен ответ для таблицы сессий: {'data': [{'id': 101, 'name': 'Стол', 'notes': None, 'start_time': '2025-04-01 02:45', 'status': 'active', 'surname': 'Ардашев', 'user_id': 7, 'work_description': 'Сборка SN034'}], 'status': 'ok'}
2025-04-04 12:43:24 - INFO - logger - log_event - Число полученных сессий: 1
2025-04-04 12:43:24 - INFO - logger - log_event - Кнопка удаления всех сессий скрыта (только одна сессия)
2025-04-04 12:43:24 - INFO - logger - log_event - Видимость таблицы: True, контейнера: True
2025-04-04 12:43:24 - INFO - logger - log_event - Получен ответ для таблицы сессий: {'data': [{'id': 101, 'name': 'Стол', 'notes': None, 'start_time': '2025-04-01 02:45', 'status': 'active', 'surname': 'Ардашев', 'user_id': 7, 'work_description': 'Сборка SN034'}], 'status': 'ok'}
2025-04-04 12:43:24 - INFO - logger - log_event - Ответ: {'status': 'ok', 'data': [{'id': 101, 'user_id': 7, 'start_time': '2025-04-01 02:45', 'work_description': 'Сборка SN034', 'status': 'active', 'notes': None, 'name': 'Стол', 'surname': 'Ардашев'}]}
2025-04-04 12:43:24 - INFO - logger - log_event - Число полученных сессий: 1
2025-04-04 12:43:24 - INFO - logger - log_event - Выполнен запрос к БД: {'type': 'getSessions'}
2025-04-04 12:43:24 - INFO - logger - log_event - Кнопка удаления всех сессий скрыта (только одна сессия)
2025-04-04 12:43:24 - INFO - logger - log_event - Видимость таблицы: True, контейнера: True
2025-04-04 12:43:24 - INFO - logger - log_event - Получен ответ для таблицы сессий: {'data': [{'id': 101, 'name': 'Стол', 'notes': None, 'start_time': '2025-04-01 02:45', 'status': 'active', 'surname': 'Ардашев', 'user_id': 7, 'work_description': 'Сборка SN034'}], 'status': 'ok'}
2025-04-04 12:43:24 - INFO - logger - log_event - Число полученных сессий: 1
2025-04-04 12:43:24 - INFO - logger - log_event - Кнопка удаления всех сессий скрыта (только одна сессия)
2025-04-04 12:43:24 - INFO - logger - log_event - Видимость таблицы: True, контейнера: True
2025-04-04 12:43:26 - INFO - logger - log_event - Запрос: {'type': 'getstats', 'name': 'МЕТРАН 150'}
2025-04-04 12:43:27 - INFO - logger - log_event - Ответ: {'status': 'ok', 'total': 13, 'defective': 3, 'non_defective': 10}
2025-04-04 12:43:27 - INFO - logger - log_event - Запрос: {'type': 'getstats', 'name': 'МЕТРАН 75'}
2025-04-04 12:43:27 - INFO - logger - log_event - Ответ: {'status': 'ok', 'total': 1, 'defective': 0, 'non_defective': 1}
2025-04-04 12:43:27 - INFO - logger - log_event - Запрос: {'type': 'getstats', 'name': 'МЕТРАН 55'}
2025-04-04 12:43:27 - INFO - logger - log_event - Ответ: {'status': 'ok', 'total': 0, 'defective': 0, 'non_defective': 0}
2025-04-04 12:43:27 - INFO - logger - log_event - Запрос: {'type': 'getstats', 'name': 'МЕТРАН 150'}
2025-04-04 12:43:27 - INFO - logger - log_event - Ответ: {'status': 'ok', 'total': 13, 'defective': 3, 'non_defective': 10}
2025-04-04 12:43:27 - INFO - logger - log_event - Запрос: {'type': 'getstats', 'name': 'МЕТРАН 75'}
2025-04-04 12:43:27 - INFO - logger - log_event - Ответ: {'status': 'ok', 'total': 1, 'defective': 0, 'non_defective': 1}
2025-04-04 12:43:27 - INFO - logger - log_event - Запрос: {'type': 'getstats', 'name': 'МЕТРАН 55'}
2025-04-04 12:43:27 - INFO - logger - log_event - Ответ: {'status': 'ok', 'total': 0, 'defective': 0, 'non_defective': 0}
2025-04-04 12:43:27 - INFO - logger - log_event - Запрос: {'type': 'getstats', 'name': 'МЕТРАН 150'}
2025-04-04 12:43:27 - INFO - logger - log_event - Ответ: {'status': 'ok', 'total': 13, 'defective': 3, 'non_defective': 10}
2025-04-04 12:43:27 - INFO - logger - log_event - Запрос: {'type': 'getstats', 'name': 'МЕТРАН 75'}
2025-04-04 12:43:27 - INFO - logger - log_event - Ответ: {'status': 'ok', 'total': 1, 'defective': 0, 'non_defective': 1}
2025-04-04 12:43:27 - INFO - logger - log_event - Запрос: {'type': 'getstats', 'name': 'МЕТРАН 55'}
2025-04-04 12:43:27 - INFO - logger - log_event - Ответ: {'status': 'ok', 'total': 0, 'defective': 0, 'non_defective': 0}
2025-04-04 12:43:27 - INFO - logger - log_event - Запрос: {'type': 'getstats', 'name': 'МЕТРАН 150'}
2025-04-04 12:43:27 - INFO - logger - log_event - Ответ: {'status': 'ok', 'total': 13, 'defective': 3, 'non_defective': 10}
2025-04-04 12:43:27 - INFO - logger - log_event - Запрос: {'type': 'getstats', 'name': 'МЕТРАН 75'}
2025-04-04 12:43:27 - INFO - logger - log_event - Ответ: {'status': 'ok', 'total': 1, 'defective': 0, 'non_defective': 1}
2025-04-04 12:43:27 - INFO - logger - log_event - Запрос: {'type': 'getstats', 'name': 'МЕТРАН 55'}
2025-04-04 12:43:27 - INFO - logger - log_event - Ответ: {'status': 'ok', 'total': 0, 'defective': 0, 'non_defective': 0}
2025-04-04 12:43:27 - INFO - logger - log_event - Запрос: {'type': 'getstats', 'name': 'МЕТРАН 150'}
2025-04-04 12:43:27 - INFO - logger - log_event - Ответ: {'status': 'ok', 'total': 13, 'defective': 3, 'non_defective': 10}
2025-04-04 12:43:27 - INFO - logger - log_event - Запрос: {'type': 'getstats', 'name': 'МЕТРАН 75'}
2025-04-04 12:43:27 - INFO - logger - log_event - Ответ: {'status': 'ok', 'total': 1, 'defective': 0, 'non_defective': 1}
2025-04-04 12:43:27 - INFO - logger - log_event - Запрос: {'type': 'getstats', 'name': 'МЕТРАН 55'}
2025-04-04 12:43:27 - INFO - logger - log_event - Ответ: {'status': 'ok', 'total': 0, 'defective': 0, 'non_defective': 0}
2025-04-04 12:43:27 - INFO - logger - log_event - Запрос: {'type': 'getstats', 'name': 'МЕТРАН 150'}
2025-04-04 12:43:27 - INFO - logger - log_event - Ответ: {'status': 'ok', 'total': 13, 'defective': 3, 'non_defective': 10}
2025-04-04 12:43:27 - INFO - logger - log_event - Запрос: {'type': 'getstats', 'name': 'МЕТРАН 75'}
2025-04-04 12:43:27 - INFO - logger - log_event - Ответ: {'status': 'ok', 'total': 1, 'defective': 0, 'non_defective': 1}
2025-04-04 12:43:27 - INFO - logger - log_event - Запрос: {'type': 'getstats', 'name': 'МЕТРАН 55'}
2025-04-04 12:43:27 - INFO - logger - log_event - Ответ: {'status': 'ok', 'total': 0, 'defective': 0, 'non_defective': 0}
2025-04-04 12:43:34 - INFO - logger - log_event - Запрос: {'type': 'kocak', 'serial': 'SN034'}
2025-04-04 12:43:35 - INFO - logger - log_event - Ответ: {'status': 'ok'}
2025-04-04 12:43:35 - INFO - logger - log_event - Получены части имени для указания отдыха: фамилия='Ардашев', имя='Стол'
2025-04-04 12:43:35 - INFO - logger - log_event - Запрос на обновление статуса на 'Отдых': {'type': 'updateSessionDescription', 'name': 'Стол', 'surname': 'Ардашев', 'new_description': 'Отдых'}
2025-04-04 12:43:35 - INFO - logger - log_event - Запрос: {'type': 'updateSessionDescription', 'name': 'Стол', 'surname': 'Ардашев', 'new_description': 'Отдых'}
2025-04-04 12:43:36 - INFO - logger - log_event - Ответ: {'status': 'ok'}
2025-04-04 12:43:36 - INFO - logger - log_event - Результат обновления статуса: {'status': 'ok'}
2025-04-04 12:43:36 - INFO - logger - log_event - Деталь SN034 отправлена в брак
2025-04-04 12:43:39 - INFO - logger - log_event - Raw data (bytes): b'SN034_detail....\r\n'
2025-04-04 12:43:39 - INFO - logger - log_event - Decoded data (str): SN034_detail....
2025-04-04 12:43:39 - INFO - logger - log_event - Parsed Data: ['SN034', 'detail']
2025-04-04 12:43:39 - INFO - logger - log_event - Send data to handle_serial_data: ['SN034', 'detail']
2025-04-04 12:43:39 - INFO - logger - log_event - Данные перед очисткой: ['SN034', 'detail']
2025-04-04 12:43:39 - INFO - logger - log_event - Очищенные данные: ['SN034', 'detail']
2025-04-04 12:43:39 - INFO - logger - log_event - Raw data (bytes): b'\r\n'
2025-04-04 12:43:39 - INFO - logger - log_event - Получены данные из порта: SN034
2025-04-04 12:43:39 - INFO - logger - log_event - Decoded data (str): 
2025-04-04 12:43:39 - INFO - logger - log_event - Запрос данных о детали с серийным номером: SN034
2025-04-04 12:43:39 - INFO - logger - log_event - Get NULL
2025-04-04 12:43:39 - INFO - logger - log_event - Текущее состояние: Name='Ардашев Стол', auth=True, session_on=True
2025-04-04 12:43:39 - INFO - logger - log_event - Запрос: {'type': 'details', 'serial': 'SN034'}
2025-04-04 12:43:39 - INFO - logger - log_event - Ответ: {'status': 'ok', 'data': {'id': 14, 'name': 'МЕТРАН 75', 'serial_number': 'SN034', 'defective': True, 'stage': 'Маркировка', 'sector': None, 'identified_by': None, 'defect_stage_id': None}}
2025-04-04 12:43:39 - INFO - logger - log_event - Ответ от сервера: {'status': 'ok', 'data': {'id': 14, 'name': 'МЕТРАН 75', 'serial_number': 'SN034', 'defective': True, 'stage': 'Маркировка', 'sector': None, 'identified_by': None, 'defect_stage_id': None}}
2025-04-04 12:43:39 - INFO - logger - log_event - Начало работы над деталью. Текущее значение Name: 'Ардашев Стол'
2025-04-04 12:43:39 - INFO - logger - log_event - Используем части имени из Name: фамилия='Ардашев', имя='Стол'
2025-04-04 12:43:39 - INFO - logger - log_event - Будет использоваться: фамилия='Ардашев', имя='Стол'
2025-04-04 12:43:39 - INFO - logger - log_event - Данные детали: {'id': 14, 'name': 'МЕТРАН 75', 'serial_number': 'SN034', 'defective': True, 'stage': 'Маркировка', 'sector': None, 'identified_by': None, 'defect_stage_id': None}
2025-04-04 12:43:39 - INFO - logger - log_event - Запрос обновления описания сессии: {'type': 'updateSessionDescription', 'name': 'Стол', 'surname': 'Ардашев', 'new_description': 'Сборка SN034'}
2025-04-04 12:43:39 - INFO - logger - log_event - Состояние сессии: auth=True, session_on=True
2025-04-04 12:43:39 - INFO - logger - log_event - Запрос: {'type': 'updateSessionDescription', 'name': 'Стол', 'surname': 'Ардашев', 'new_description': 'Сборка SN034'}
2025-04-04 12:43:39 - INFO - logger - log_event - Ответ: {'status': 'ok'}
2025-04-04 12:43:39 - INFO - logger - log_event - Ответ на обновление описания сессии: {'status': 'ok'}
2025-04-04 12:43:43 - INFO - logger - log_event - Информация о детали сброшена пользователем без изменения статуса на сервере
2025-04-04 12:43:44 - INFO - logger - log_event - Закрытие приложения button.py
2025-04-04 12:43:44 - INFO - logger - log_event - Завершаем сессию пользователя: Стол Ардашев
2025-04-04 12:43:44 - INFO - logger - log_event - Запрос: {'type': 'endSession', 'name': 'Стол', 'surname': 'Ардашев'}
2025-04-04 12:43:44 - INFO - logger - log_event - Ответ: {'status': 'ok'}
2025-04-04 12:43:44 - INFO - logger - log_event - Сессия успешно завершена: Стол Ардашев
2025-04-04 12:43:44 - INFO - logger - log_application_exit - Приложение завершено
