2025-03-31 08:16:23 - INFO - logger - <module> - Приложение запущено
2025-03-31 08:16:23 - INFO - logger - <module> - Добавляем логирование в остальные файлы проекта...
2025-03-31 08:16:23 - INFO - logger - <module> - Логирование в database.py: все запросы к серверу регистрируются.
2025-03-31 08:16:23 - INFO - logger - <module> - Логирование в COM.py: события работы с COM-портами фиксируются.
2025-03-31 08:16:23 - INFO - logger - <module> - Логирование в detail_work.py: операции с деталями регистрируются.
2025-03-31 08:16:23 - INFO - logger - <module> - Логирование в Error.py и ErrorTest.py: ошибки записываются.
2025-03-31 08:16:23 - INFO - logger - <module> - Логирование в этапах Mark.py, Packing.py, Test.py, Work.py.
2025-03-31 08:16:27 - INFO - logger - log_event - Сервер доступен
2025-03-31 08:16:27 - INFO - logger - log_event - Сервер доступен
2025-03-31 08:16:27 - INFO - logger - log_event - Главное окно приложения создано
2025-03-31 08:16:27 - INFO - logger - log_event - Создан интерфейс админ-панели
2025-03-31 08:16:27 - INFO - logger - log_event - Enter to mark
2025-03-31 08:16:27 - INFO - logger - log_event - Enter to Test
2025-03-31 08:16:27 - INFO - logger - log_event - Enter to Packing
2025-03-31 08:16:27 - INFO - logger - log_event - Enter to Login page AA
2025-03-31 08:16:27 - INFO - logger - log_event - Enter to assembly
2025-03-31 08:16:27 - INFO - logger - log_event - Enter to mark
2025-03-31 08:16:27 - INFO - logger - log_event - Enter to Test
2025-03-31 08:16:27 - INFO - logger - log_event - Enter to Packing
2025-03-31 08:16:27 - INFO - logger - log_event - Enter to Login page AA
2025-03-31 08:16:27 - INFO - logger - log_event - Enter to assembly
2025-03-31 08:16:27 - INFO - logger - log_event - Enter to mark
2025-03-31 08:16:27 - INFO - logger - log_event - Enter to Test
2025-03-31 08:16:27 - INFO - logger - log_event - Enter to Packing
2025-03-31 08:16:27 - INFO - logger - log_event - Enter to Login page AA
2025-03-31 08:16:27 - INFO - logger - log_event - Enter to assembly
2025-03-31 08:16:27 - INFO - logger - log_event - Enter to mark
2025-03-31 08:16:27 - INFO - logger - log_event - Enter to Test
2025-03-31 08:16:27 - INFO - logger - log_event - Enter to Packing
2025-03-31 08:16:27 - INFO - logger - log_event - Enter to Login page AA
2025-03-31 08:16:27 - INFO - logger - log_event - Enter to assembly
2025-03-31 08:16:27 - INFO - logger - log_event - Enter to mark
2025-03-31 08:16:27 - INFO - logger - log_event - Enter to Test
2025-03-31 08:16:27 - INFO - logger - log_event - Enter to Packing
2025-03-31 08:16:27 - INFO - logger - log_event - Enter to Login page AA
2025-03-31 08:16:27 - INFO - logger - log_event - Enter to assembly
2025-03-31 08:16:28 - INFO - logger - log_event - Закрытие приложения button.py
2025-03-31 08:16:28 - INFO - logger - log_application_exit - Приложение завершено
