2025-03-30 19:19:16 - INFO - logger - <module> - Приложение запущено
2025-03-30 19:19:16 - INFO - logger - <module> - Добавляем логирование в остальные файлы проекта...
2025-03-30 19:19:16 - INFO - logger - <module> - Логирование в database.py: все запросы к серверу регистрируются.
2025-03-30 19:19:16 - INFO - logger - <module> - Логирование в COM.py: события работы с COM-портами фиксируются.
2025-03-30 19:19:16 - INFO - logger - <module> - Логирование в detail_work.py: операции с деталями регистрируются.
2025-03-30 19:19:16 - INFO - logger - <module> - Логирование в Error.py и ErrorTest.py: ошибки записываются.
2025-03-30 19:19:16 - INFO - logger - <module> - Логирование в этапах Mark.py, Packing.py, Test.py, Work.py.
2025-03-30 19:19:19 - INFO - logger - log_event - Главное окно приложения создано
2025-03-30 19:19:19 - ERROR - logger - log_error - Ошибка: Не найден подходящий COM-порт
NoneType: None
2025-03-30 19:19:19 - ERROR - logger - log_error - Ошибка: SerialManager не передан! COM-порт не будет работать.
NoneType: None
2025-03-30 19:19:19 - INFO - logger - log_event - Создан интерфейс админ-панели
2025-03-30 19:19:19 - INFO - logger - log_event - Enter to mark
2025-03-30 19:19:19 - INFO - logger - log_event - Enter to Test
2025-03-30 19:19:19 - INFO - logger - log_event - Enter to Packing
2025-03-30 19:19:19 - INFO - logger - log_event - Enter to Login page AA
2025-03-30 19:19:19 - INFO - logger - log_event - Enter to assembly
2025-03-30 19:19:19 - INFO - logger - log_event - Enter to mark
2025-03-30 19:19:19 - INFO - logger - log_event - Enter to Test
2025-03-30 19:19:19 - INFO - logger - log_event - Enter to Packing
2025-03-30 19:19:19 - INFO - logger - log_event - Enter to Login page AA
2025-03-30 19:19:19 - INFO - logger - log_event - Enter to assembly
2025-03-30 19:19:19 - INFO - logger - log_event - Enter to mark
2025-03-30 19:19:19 - INFO - logger - log_event - Enter to Test
2025-03-30 19:19:19 - INFO - logger - log_event - Enter to Packing
2025-03-30 19:19:19 - INFO - logger - log_event - Enter to Login page AA
2025-03-30 19:19:19 - INFO - logger - log_event - Enter to assembly
2025-03-30 19:19:19 - INFO - logger - log_event - Enter to mark
2025-03-30 19:19:19 - INFO - logger - log_event - Enter to Test
2025-03-30 19:19:19 - INFO - logger - log_event - Enter to Packing
2025-03-30 19:19:19 - INFO - logger - log_event - Enter to Login page AA
2025-03-30 19:19:19 - INFO - logger - log_event - Enter to assembly
2025-03-30 19:19:19 - INFO - logger - log_event - Enter to mark
2025-03-30 19:19:19 - INFO - logger - log_event - Enter to Test
2025-03-30 19:19:19 - INFO - logger - log_event - Enter to Packing
2025-03-30 19:19:19 - INFO - logger - log_event - Enter to Login page AA
2025-03-30 19:19:19 - INFO - logger - log_event - Enter to assembly
2025-03-30 19:19:23 - INFO - logger - log_event - Попытка аутентификации пользователя с UID: None
2025-03-30 19:19:23 - INFO - logger - log_event - Запрос: {'type': 'user', 'uid': None}
2025-03-30 19:19:24 - INFO - logger - log_event - Запрос: {'type': 'details', 'serial': ''}
2025-03-30 19:19:24 - INFO - logger - log_event - Деталь принята в работу
2025-03-30 19:19:24 - INFO - logger - log_event - Деталь принята в работу
2025-03-30 19:19:24 - INFO - logger - log_event - Успешная аутентификация пользователя: Степанов Сергей
2025-03-30 19:19:27 - INFO - logger - log_event - Запрос: {'type': 'report', 'text': 'fdgfdsgfsd', 'time': '2025-03-30 19:19', 'name': 'Степанов Сергей'}
2025-03-30 19:19:33 - INFO - logger - log_event - Запрос: {'type': 'kocak', 'serial': 'SN904'}
2025-03-30 19:19:33 - INFO - logger - log_event - Вызванно окно ошибки
2025-03-30 19:19:37 - INFO - logger - log_event - Деталь SN904 отправлена в брак
2025-03-30 19:19:39 - INFO - logger - log_event - Пользователь завершил работу
2025-03-30 19:19:39 - INFO - logger - log_event - Деталь не принята
2025-03-30 19:19:39 - INFO - logger - log_event - Сессия пользователя завершена
2025-03-30 19:19:40 - INFO - logger - log_event - Попытка аутентификации пользователя с UID: None
2025-03-30 19:19:40 - INFO - logger - log_event - Запрос: {'type': 'user', 'uid': None}
2025-03-30 19:19:41 - INFO - logger - log_event - Запрос: {'type': 'details', 'serial': ''}
2025-03-30 19:19:41 - INFO - logger - log_event - Деталь принята в работу
2025-03-30 19:19:41 - INFO - logger - log_event - Деталь принята в работу
2025-03-30 19:19:41 - INFO - logger - log_event - Успешная аутентификация пользователя: Степанов Сергей
2025-03-30 19:19:57 - INFO - logger - log_event - Запрос: {'type': 'kocak', 'serial': 'SN904'}
2025-03-30 19:19:57 - INFO - logger - log_event - Вызванно окно ошибки
2025-03-30 19:19:57 - INFO - logger - log_event - Деталь SN904 отправлена в брак
2025-03-30 19:19:58 - INFO - logger - log_event - Пользователь завершил работу
2025-03-30 19:19:58 - INFO - logger - log_event - Деталь не принята
2025-03-30 19:19:58 - INFO - logger - log_event - Сессия пользователя завершена
2025-03-30 19:19:59 - INFO - logger - log_event - Закрытие приложения button.py
2025-03-30 19:19:59 - INFO - logger - log_application_exit - Приложение завершено
