2025-03-31 06:55:02 - INFO - logger - <module> - Приложение запущено
2025-03-31 06:55:02 - INFO - logger - <module> - Добавляем логирование в остальные файлы проекта...
2025-03-31 06:55:02 - INFO - logger - <module> - Логирование в database.py: все запросы к серверу регистрируются.
2025-03-31 06:55:02 - INFO - logger - <module> - Логирование в COM.py: события работы с COM-портами фиксируются.
2025-03-31 06:55:02 - INFO - logger - <module> - Логирование в detail_work.py: операции с деталями регистрируются.
2025-03-31 06:55:02 - INFO - logger - <module> - Логирование в Error.py и ErrorTest.py: ошибки записываются.
2025-03-31 06:55:02 - INFO - logger - <module> - Логирование в этапах Mark.py, Packing.py, Test.py, Work.py.
2025-03-31 06:55:05 - INFO - logger - log_event - Сервер доступен
2025-03-31 06:55:05 - INFO - logger - log_event - Сервер доступен
2025-03-31 06:55:05 - INFO - logger - log_event - Главное окно приложения создано
2025-03-31 06:55:05 - INFO - logger - log_event - Создан интерфейс админ-панели
2025-03-31 06:55:05 - INFO - logger - log_event - Enter to mark
2025-03-31 06:55:05 - INFO - logger - log_event - Enter to Test
2025-03-31 06:55:05 - INFO - logger - log_event - Enter to Packing
2025-03-31 06:55:05 - INFO - logger - log_event - Enter to Login page AA
2025-03-31 06:55:05 - INFO - logger - log_event - Enter to assembly
2025-03-31 06:55:05 - INFO - logger - log_event - Enter to mark
2025-03-31 06:55:05 - INFO - logger - log_event - Enter to Test
2025-03-31 06:55:05 - INFO - logger - log_event - Enter to Packing
2025-03-31 06:55:05 - INFO - logger - log_event - Enter to Login page AA
2025-03-31 06:55:05 - INFO - logger - log_event - Enter to assembly
2025-03-31 06:55:05 - INFO - logger - log_event - Enter to mark
2025-03-31 06:55:05 - INFO - logger - log_event - Enter to Test
2025-03-31 06:55:05 - INFO - logger - log_event - Enter to Packing
2025-03-31 06:55:05 - INFO - logger - log_event - Enter to Login page AA
2025-03-31 06:55:05 - INFO - logger - log_event - Enter to assembly
2025-03-31 06:55:05 - INFO - logger - log_event - Enter to mark
2025-03-31 06:55:05 - INFO - logger - log_event - Enter to Test
2025-03-31 06:55:05 - INFO - logger - log_event - Enter to Packing
2025-03-31 06:55:05 - INFO - logger - log_event - Enter to Login page AA
2025-03-31 06:55:05 - INFO - logger - log_event - Enter to assembly
2025-03-31 06:55:05 - INFO - logger - log_event - Enter to mark
2025-03-31 06:55:05 - INFO - logger - log_event - Enter to Test
2025-03-31 06:55:05 - INFO - logger - log_event - Enter to Packing
2025-03-31 06:55:05 - INFO - logger - log_event - Enter to Login page AA
2025-03-31 06:55:05 - INFO - logger - log_event - Enter to assembly
2025-03-31 06:55:07 - INFO - logger - log_event - Raw data (bytes): b'\xd0\x90\xd0\xb3\xd1\x83\xd0\xb0\xd0\xb3\xd1\x83\r\n'
2025-03-31 06:55:07 - INFO - logger - log_event - Decoded data (str): Агуагу
2025-03-31 06:55:07 - INFO - logger - log_event - Parsed Data: ['Агуагу']
2025-03-31 06:55:07 - INFO - logger - log_event - System Arduino init
2025-03-31 06:55:07 - INFO - logger - log_event - Raw data (bytes): b'227622839_user..\r\n'
2025-03-31 06:55:07 - INFO - logger - log_event - Decoded data (str): 227622839_user..
2025-03-31 06:55:07 - INFO - logger - log_event - Parsed Data: ['227622839', 'user']
2025-03-31 06:55:07 - INFO - logger - log_event - Send data to handle_serial_data: ['227622839', 'user']
2025-03-31 06:55:07 - INFO - logger - log_event - Данные перед очисткой: ['227622839', 'user']
2025-03-31 06:55:07 - INFO - logger - log_event - Raw data (bytes): b'\r\n'
2025-03-31 06:55:07 - INFO - logger - log_event - Очищенные данные: ['227622839', 'user']
2025-03-31 06:55:07 - INFO - logger - log_event - Decoded data (str): 
2025-03-31 06:55:07 - INFO - logger - log_event - Пользователь с UID: 227622839
2025-03-31 06:55:07 - INFO - logger - log_event - Get NULL
2025-03-31 06:55:07 - INFO - logger - log_event - Попытка аутентификации пользователя с UID: 227622839
2025-03-31 06:55:07 - INFO - logger - log_event - Запрос: {'type': 'user', 'uid': '227622839'}
2025-03-31 06:55:07 - INFO - logger - log_event - Ответ: {'status': 'ok', 'name': 'Диван', 'surname': 'Степанов'}
2025-03-31 06:55:09 - INFO - logger - log_event - Запрос: {'type': 'details'}
2025-03-31 06:55:09 - INFO - logger - log_event - Ответ: {'status': 'error', 'message': 'Invalid request'}
2025-03-31 06:55:09 - INFO - logger - log_event - Успешная аутентификация пользователя: Степанов Диван
2025-03-31 06:55:40 - INFO - logger - log_event - окно подтверждения открыто
2025-03-31 06:55:41 - INFO - logger - log_event - Данные маркировки подтверждены
2025-03-31 06:55:41 - INFO - logger - log_event - Send to write wSN623_detail..............
2025-03-31 06:55:41 - INFO - logger - log_event - Raw data (bytes): b'\xd0\x9f\xd0\xbe\xd0\xb4\xd0\xbd\xd0\xb5\xd1\x81\xd0\xb8\xd1\x82\xd0\xb5 \xd0\xba\xd0\xb0\xd1\x80\xd1\x82\xd1\x83 \xd0\xb4\xd0\xbb\xd1\x8f \xd0\xb7\xd0\xb0\xd0\xbf\xd0\xb8\xd1\x81\xd0\xb8 \xd0\xb4\xd0\xb0\xd0\xbd\xd0\xbd\xd1\x8b\xd1\x85...SN623_detail....\r\n'
2025-03-31 06:55:41 - INFO - logger - log_event - Decoded data (str): Поднесите карту для записи данных...SN623_detail....
2025-03-31 06:55:41 - INFO - logger - log_event - Ожидание поднесения карты
2025-03-31 06:55:42 - INFO - logger - log_event - Ожидание поднесения карты пользователем
2025-03-31 06:55:44 - INFO - logger - log_event - Raw data (bytes): b'WRITE_SUCCESS\r\n'
2025-03-31 06:55:44 - INFO - logger - log_event - Decoded data (str): WRITE_SUCCESS
2025-03-31 06:55:44 - INFO - logger - log_event - Write secces
2025-03-31 06:55:44 - INFO - logger - log_event - Метка успешно записана
2025-03-31 06:55:44 - INFO - logger - log_event - Маркировка вручную: {'type': 'mark', 'name': 'МЕТРАН 150', 'serial': 'SN623'}
2025-03-31 06:55:44 - INFO - logger - log_event - Запрос: {'type': 'mark', 'name': 'МЕТРАН 150', 'serial': 'SN623'}
2025-03-31 06:55:45 - INFO - logger - log_event - Ответ: {'status': 'ok'}
2025-03-31 06:55:45 - INFO - logger - log_event - Ответ от сервера: {'status': 'ok'}
2025-03-31 06:55:49 - INFO - logger - log_event - Raw data (bytes): b'SN623_detail....\r\n'
2025-03-31 06:55:49 - INFO - logger - log_event - Decoded data (str): SN623_detail....
2025-03-31 06:55:49 - INFO - logger - log_event - Parsed Data: ['SN623', 'detail']
2025-03-31 06:55:49 - INFO - logger - log_event - Send data to handle_serial_data: ['SN623', 'detail']
2025-03-31 06:55:49 - INFO - logger - log_event - Данные перед очисткой: ['SN623', 'detail']
2025-03-31 06:55:49 - INFO - logger - log_event - Очищенные данные: ['SN623', 'detail']
2025-03-31 06:55:49 - INFO - logger - log_event - Raw data (bytes): b'\r\n'
2025-03-31 06:55:49 - INFO - logger - log_event - Получены данные из порта: SN623
2025-03-31 06:55:49 - INFO - logger - log_event - Decoded data (str): 
2025-03-31 06:55:49 - INFO - logger - log_event - Запрос: {'type': 'details', 'serial': 'SN623'}
2025-03-31 06:55:49 - INFO - logger - log_event - Get NULL
2025-03-31 06:55:53 - INFO - logger - log_event - Ответ: {'status': 'ok', 'data': {'id': 82, 'name': 'МЕТРАН 150', 'serial_number': 'SN623', 'defective': False, 'stage': 'Маркировка', 'sector': None, 'identified_by': None, 'defect_stage_id': None}}
2025-03-31 06:55:53 - INFO - logger - log_event - Деталь принята в работу
2025-03-31 06:55:53 - INFO - logger - log_event - Деталь принята в работу
2025-03-31 06:56:34 - INFO - logger - log_event - Работа над деталью закончена
2025-03-31 06:56:34 - INFO - logger - log_event - Запрос: {'type': 'updatestage', 'stage': 'Сборка', 'serial': 'SN623'}
2025-03-31 06:56:35 - INFO - logger - log_event - Ответ: {'status': 'ok'}
2025-03-31 06:56:35 - INFO - logger - log_event - Деталь не принята
2025-03-31 06:56:40 - INFO - logger - log_event - Raw data (bytes): b'SN623_detail....\r\n'
2025-03-31 06:56:40 - INFO - logger - log_event - Decoded data (str): SN623_detail....
2025-03-31 06:56:40 - INFO - logger - log_event - Parsed Data: ['SN623', 'detail']
2025-03-31 06:56:40 - INFO - logger - log_event - Send data to handle_serial_data: ['SN623', 'detail']
2025-03-31 06:56:40 - INFO - logger - log_event - Данные перед очисткой: ['SN623', 'detail']
2025-03-31 06:56:40 - INFO - logger - log_event - Raw data (bytes): b'\r\n'
2025-03-31 06:56:40 - INFO - logger - log_event - Очищенные данные: ['SN623', 'detail']
2025-03-31 06:56:40 - INFO - logger - log_event - Decoded data (str): 
2025-03-31 06:56:40 - INFO - logger - log_event - Получены данные из порта: SN623
2025-03-31 06:56:40 - INFO - logger - log_event - Get NULL
2025-03-31 06:56:40 - INFO - logger - log_event - Запрос: {'type': 'details', 'serial': 'SN623'}
2025-03-31 06:56:40 - INFO - logger - log_event - Ответ: {'status': 'ok', 'data': {'id': 82, 'name': 'МЕТРАН 150', 'serial_number': 'SN623', 'defective': False, 'stage': 'Сборка', 'sector': None, 'identified_by': None, 'defect_stage_id': None}}
2025-03-31 06:56:40 - INFO - logger - log_event - Деталь принята в работу
2025-03-31 06:56:40 - INFO - logger - log_event - Деталь принята в работу
2025-03-31 06:56:46 - INFO - logger - log_event - Запрос: {'type': 'kocak', 'serial': 'SN623'}
2025-03-31 06:56:46 - INFO - logger - log_event - Ответ: {'status': 'ok'}
2025-03-31 06:56:46 - INFO - logger - log_event - Деталь не принята
2025-03-31 06:56:46 - INFO - logger - log_event - Деталь SN623 не прошла тесты и отправлена в брак
2025-03-31 06:56:51 - INFO - logger - log_event - Raw data (bytes): b'SN623_detail....\r\n'
2025-03-31 06:56:51 - INFO - logger - log_event - Decoded data (str): SN623_detail....
2025-03-31 06:56:51 - INFO - logger - log_event - Parsed Data: ['SN623', 'detail']
2025-03-31 06:56:51 - INFO - logger - log_event - Send data to handle_serial_data: ['SN623', 'detail']
2025-03-31 06:56:51 - INFO - logger - log_event - Данные перед очисткой: ['SN623', 'detail']
2025-03-31 06:56:51 - INFO - logger - log_event - Очищенные данные: ['SN623', 'detail']
2025-03-31 06:56:51 - INFO - logger - log_event - Raw data (bytes): b'\r\n'
2025-03-31 06:56:51 - INFO - logger - log_event - Получены данные из порта: SN623
2025-03-31 06:56:51 - INFO - logger - log_event - Decoded data (str): 
2025-03-31 06:56:51 - INFO - logger - log_event - Запрос: {'type': 'details', 'serial': 'SN623'}
2025-03-31 06:56:51 - INFO - logger - log_event - Get NULL
2025-03-31 06:56:51 - INFO - logger - log_event - Ответ: {'status': 'ok', 'data': {'id': 82, 'name': 'МЕТРАН 150', 'serial_number': 'SN623', 'defective': True, 'stage': 'Сборка', 'sector': None, 'identified_by': None, 'defect_stage_id': None}}
2025-03-31 06:56:51 - INFO - logger - log_event - Деталь принята в работу
2025-03-31 06:56:51 - INFO - logger - log_event - Деталь принята в работу
2025-03-31 06:56:55 - INFO - logger - log_event - Запрос: {'type': 'kocak', 'serial': 'SN623'}
2025-03-31 06:56:55 - INFO - logger - log_event - Ответ: {'status': 'ok'}
2025-03-31 06:56:55 - INFO - logger - log_event - Деталь не принята
2025-03-31 06:56:55 - INFO - logger - log_event - Деталь SN623 отправлена в брак
2025-03-31 06:57:12 - INFO - logger - log_event - Закрытие приложения button.py
2025-03-31 06:57:12 - INFO - logger - log_application_exit - Приложение завершено
