2025-03-30 16:08:32 - INFO - logger - <module> - Приложение запущено
2025-03-30 16:08:32 - INFO - logger - <module> - Добавляем логирование в остальные файлы проекта...
2025-03-30 16:08:32 - INFO - logger - <module> - Логирование в database.py: все запросы к серверу регистрируются.
2025-03-30 16:08:32 - INFO - logger - <module> - Логирование в COM.py: события работы с COM-портами фиксируются.
2025-03-30 16:08:32 - INFO - logger - <module> - Логирование в detail_work.py: операции с деталями регистрируются.
2025-03-30 16:08:32 - INFO - logger - <module> - Логирование в Error.py и ErrorTest.py: ошибки записываются.
2025-03-30 16:08:32 - INFO - logger - <module> - Логирование в этапах Mark.py, Packing.py, Test.py, Work.py.
2025-03-30 16:08:32 - INFO - logger - log_event - Главное окно приложения создано
2025-03-30 16:08:32 - ERROR - logger - log_error - Ошибка: Не найден подходящий COM-порт
NoneType: None
2025-03-30 16:08:32 - ERROR - logger - log_error - Ошибка: SerialManager не передан! COM-порт не будет работать.
NoneType: None
2025-03-30 16:08:32 - INFO - logger - log_event - Создан интерфейс админ-панели
2025-03-30 16:08:32 - INFO - logger - log_event - Enter to mark
2025-03-30 16:08:32 - INFO - logger - log_event - Enter to Test
2025-03-30 16:08:32 - INFO - logger - log_event - Enter to Packing
2025-03-30 16:08:32 - INFO - logger - log_event - Enter to Login page AA
2025-03-30 16:08:32 - INFO - logger - log_event - Enter to assembly
2025-03-30 16:08:32 - INFO - logger - log_event - Enter to mark
2025-03-30 16:08:32 - INFO - logger - log_event - Enter to Test
2025-03-30 16:08:32 - INFO - logger - log_event - Enter to Packing
2025-03-30 16:08:32 - INFO - logger - log_event - Enter to Login page AA
2025-03-30 16:08:32 - INFO - logger - log_event - Enter to assembly
2025-03-30 16:08:32 - INFO - logger - log_event - Enter to mark
2025-03-30 16:08:32 - INFO - logger - log_event - Enter to Test
2025-03-30 16:08:32 - INFO - logger - log_event - Enter to Packing
2025-03-30 16:08:32 - INFO - logger - log_event - Enter to Login page AA
2025-03-30 16:08:32 - INFO - logger - log_event - Enter to assembly
2025-03-30 16:08:32 - INFO - logger - log_event - Enter to mark
2025-03-30 16:08:32 - INFO - logger - log_event - Enter to Test
2025-03-30 16:08:32 - INFO - logger - log_event - Enter to Packing
2025-03-30 16:08:32 - INFO - logger - log_event - Enter to Login page AA
2025-03-30 16:08:32 - INFO - logger - log_event - Enter to assembly
2025-03-30 16:08:32 - INFO - logger - log_event - Enter to mark
2025-03-30 16:08:32 - INFO - logger - log_event - Enter to Test
2025-03-30 16:08:32 - INFO - logger - log_event - Enter to Packing
2025-03-30 16:08:32 - INFO - logger - log_event - Enter to Login page AA
2025-03-30 16:08:32 - INFO - logger - log_event - Enter to assembly
2025-03-30 16:08:33 - INFO - logger - log_event - Попытка аутентификации пользователя с UID: None
2025-03-30 16:08:33 - INFO - logger - log_event - Запрос: {'type': 'user', 'uid': None}
2025-03-30 16:08:34 - INFO - logger - log_event - Успешная аутентификация пользователя: Степанов Сергей
2025-03-30 16:08:35 - INFO - logger - log_event - Сессия пользователя завершена
2025-03-30 16:08:38 - INFO - logger - log_event - Попытка аутентификации пользователя с UID: {EQ
2025-03-30 16:08:38 - INFO - logger - log_event - Запрос: {'type': 'user', 'uid': '{EQ'}
2025-03-30 16:08:40 - INFO - logger - log_event - Успешная аутентификация пользователя: Степанов Сергей
2025-03-30 16:09:56 - INFO - logger - log_event - Закрытие приложения button.py
2025-03-30 16:09:56 - INFO - logger - log_application_exit - Приложение завершено
