2025-03-31 08:18:14 - INFO - logger - <module> - Приложение запущено
2025-03-31 08:18:14 - INFO - logger - <module> - Добавляем логирование в остальные файлы проекта...
2025-03-31 08:18:14 - INFO - logger - <module> - Логирование в database.py: все запросы к серверу регистрируются.
2025-03-31 08:18:14 - INFO - logger - <module> - Логирование в COM.py: события работы с COM-портами фиксируются.
2025-03-31 08:18:14 - INFO - logger - <module> - Логирование в detail_work.py: операции с деталями регистрируются.
2025-03-31 08:18:14 - INFO - logger - <module> - Логирование в Error.py и ErrorTest.py: ошибки записываются.
2025-03-31 08:18:14 - INFO - logger - <module> - Логирование в этапах Mark.py, Packing.py, Test.py, Work.py.
2025-03-31 08:18:17 - INFO - logger - log_event - Сервер доступен
2025-03-31 08:18:17 - INFO - logger - log_event - Сервер доступен
2025-03-31 08:18:17 - INFO - logger - log_event - Главное окно приложения создано
2025-03-31 08:18:17 - INFO - logger - log_event - Создан интерфейс админ-панели
2025-03-31 08:18:17 - INFO - logger - log_event - Enter to mark
2025-03-31 08:18:17 - INFO - logger - log_event - Enter to Test
2025-03-31 08:18:17 - INFO - logger - log_event - Enter to Packing
2025-03-31 08:18:17 - INFO - logger - log_event - Enter to Login page AA
2025-03-31 08:18:17 - INFO - logger - log_event - Enter to assembly
2025-03-31 08:18:17 - INFO - logger - log_event - Enter to mark
2025-03-31 08:18:17 - INFO - logger - log_event - Enter to Test
2025-03-31 08:18:17 - INFO - logger - log_event - Enter to Packing
2025-03-31 08:18:17 - INFO - logger - log_event - Enter to Login page AA
2025-03-31 08:18:17 - INFO - logger - log_event - Enter to assembly
2025-03-31 08:18:17 - INFO - logger - log_event - Enter to mark
2025-03-31 08:18:17 - INFO - logger - log_event - Enter to Test
2025-03-31 08:18:17 - INFO - logger - log_event - Enter to Packing
2025-03-31 08:18:17 - INFO - logger - log_event - Enter to Login page AA
2025-03-31 08:18:17 - INFO - logger - log_event - Enter to assembly
2025-03-31 08:18:17 - INFO - logger - log_event - Enter to mark
2025-03-31 08:18:17 - INFO - logger - log_event - Enter to Test
2025-03-31 08:18:17 - INFO - logger - log_event - Enter to Packing
2025-03-31 08:18:17 - INFO - logger - log_event - Enter to Login page AA
2025-03-31 08:18:17 - INFO - logger - log_event - Enter to assembly
2025-03-31 08:18:17 - INFO - logger - log_event - Enter to mark
2025-03-31 08:18:17 - INFO - logger - log_event - Enter to Test
2025-03-31 08:18:17 - INFO - logger - log_event - Enter to Packing
2025-03-31 08:18:17 - INFO - logger - log_event - Enter to Login page AA
2025-03-31 08:18:17 - INFO - logger - log_event - Enter to assembly
2025-03-31 08:18:19 - INFO - logger - log_event - Raw data (bytes): b'\xd0\x90\xd0\xb3\xd1\x83\xd0\xb0\xd0\xb3\xd1\x83\r\n'
2025-03-31 08:18:19 - INFO - logger - log_event - Decoded data (str): Агуагу
2025-03-31 08:18:19 - INFO - logger - log_event - Parsed Data: ['Агуагу']
2025-03-31 08:18:19 - INFO - logger - log_event - System Arduino init
2025-03-31 08:18:21 - INFO - logger - log_event - Raw data (bytes): b'171145940_user..\r\n'
2025-03-31 08:18:21 - INFO - logger - log_event - Decoded data (str): 171145940_user..
2025-03-31 08:18:21 - INFO - logger - log_event - Parsed Data: ['171145940', 'user']
2025-03-31 08:18:21 - INFO - logger - log_event - Send data to handle_serial_data: ['171145940', 'user']
2025-03-31 08:18:21 - INFO - logger - log_event - Данные перед очисткой: ['171145940', 'user']
2025-03-31 08:18:21 - INFO - logger - log_event - Raw data (bytes): b'\r\n'
2025-03-31 08:18:21 - INFO - logger - log_event - Очищенные данные: ['171145940', 'user']
2025-03-31 08:18:21 - INFO - logger - log_event - Decoded data (str): 
2025-03-31 08:18:21 - INFO - logger - log_event - Пользователь с UID: 171145940
2025-03-31 08:18:21 - INFO - logger - log_event - Get NULL
2025-03-31 08:18:21 - INFO - logger - log_event - Попытка аутентификации пользователя с UID: 171145940
2025-03-31 08:18:21 - INFO - logger - log_event - Запрос: {'type': 'user', 'uid': '171145940'}
2025-03-31 08:18:21 - INFO - logger - log_event - Ответ: {'status': 'ok', 'name': 'Тумба', 'surname': 'Прикроватная'}
2025-03-31 08:18:22 - INFO - logger - log_event - Успешная аутентификация пользователя: Прикроватная Тумба
2025-03-31 08:18:31 - INFO - logger - log_event - Login to the admin panel
2025-03-31 08:18:32 - INFO - logger - log_event - Создан поток DatabaseWorker с запросом: {'type': 'allDetails', 'detail': 'МЕТРАН 75'}
2025-03-31 08:18:32 - INFO - logger - log_event - Запрос: {'type': 'allDetails', 'detail': 'МЕТРАН 75'}
2025-03-31 08:18:32 - INFO - logger - log_event - Ответ: {'status': 'error', 'message': 'Details not found'}
2025-03-31 08:18:32 - INFO - logger - log_event - Выполнен запрос к БД: {'type': 'allDetails', 'detail': 'МЕТРАН 75'}
2025-03-31 08:18:32 - INFO - logger - log_event - Запрос: {'type': 'allDetails', 'detail': 'МЕТРАН 75'}
2025-03-31 08:18:32 - INFO - logger - log_event - Ответ: {'status': 'error', 'message': 'Details not found'}
2025-03-31 08:18:32 - INFO - logger - log_event - Выполнен запрос к БД: {'type': 'allDetails', 'detail': 'МЕТРАН 75'}
2025-03-31 08:18:32 - ERROR - logger - log_error - Ошибка: Ошибка при получении данных из базы данных
NoneType: None
2025-03-31 08:18:37 - INFO - logger - log_event - Создан поток DatabaseWorker с запросом: {'type': 'allDetails', 'detail': 'МЕТРАН 150'}
2025-03-31 08:18:37 - INFO - logger - log_event - Запрос: {'type': 'allDetails', 'detail': 'МЕТРАН 150'}
2025-03-31 08:18:37 - INFO - logger - log_event - Ответ: {'status': 'error', 'message': 'Details not found'}
2025-03-31 08:18:37 - INFO - logger - log_event - Выполнен запрос к БД: {'type': 'allDetails', 'detail': 'МЕТРАН 150'}
2025-03-31 08:18:37 - INFO - logger - log_event - Создан поток DatabaseWorker с запросом: {'type': 'allDetails', 'detail': 'МЕТРАН 150'}
2025-03-31 08:18:37 - INFO - logger - log_event - Запрос: {'type': 'allDetails', 'detail': 'МЕТРАН 150'}
2025-03-31 08:18:37 - INFO - logger - log_event - Запрос: {'type': 'allDetails', 'detail': 'МЕТРАН 150'}
2025-03-31 08:18:37 - INFO - logger - log_event - Ответ: {'status': 'error', 'message': 'Details not found'}
2025-03-31 08:18:37 - INFO - logger - log_event - Выполнен запрос к БД: {'type': 'allDetails', 'detail': 'МЕТРАН 150'}
2025-03-31 08:18:37 - INFO - logger - log_event - Создан поток DatabaseWorker с запросом: {'type': 'allDetails', 'detail': 'МЕТРАН 150'}
2025-03-31 08:18:37 - INFO - logger - log_event - Запрос: {'type': 'allDetails', 'detail': 'МЕТРАН 150'}
2025-03-31 08:18:37 - INFO - logger - log_event - Запрос: {'type': 'allDetails', 'detail': 'МЕТРАН 150'}
2025-03-31 08:18:37 - INFO - logger - log_event - Ответ: {'status': 'error', 'message': 'Details not found'}
2025-03-31 08:18:37 - INFO - logger - log_event - Выполнен запрос к БД: {'type': 'allDetails', 'detail': 'МЕТРАН 150'}
2025-03-31 08:18:37 - INFO - logger - log_event - Ответ: {'status': 'error', 'message': 'Details not found'}
2025-03-31 08:18:37 - INFO - logger - log_event - Выполнен запрос к БД: {'type': 'allDetails', 'detail': 'МЕТРАН 150'}
2025-03-31 08:18:37 - INFO - logger - log_event - Ответ: {'status': 'error', 'message': 'Details not found'}
2025-03-31 08:18:37 - INFO - logger - log_event - Выполнен запрос к БД: {'type': 'allDetails', 'detail': 'МЕТРАН 150'}
2025-03-31 08:18:37 - INFO - logger - log_event - Запрос: {'type': 'allDetails', 'detail': 'МЕТРАН 150'}
2025-03-31 08:18:37 - ERROR - logger - log_error - Ошибка: Ошибка при получении данных из базы данных
NoneType: None
2025-03-31 08:18:37 - ERROR - logger - log_error - Ошибка: Ошибка при получении данных из базы данных
NoneType: None
2025-03-31 08:18:37 - INFO - logger - log_event - Создан поток DatabaseWorker с запросом: {'type': 'allDetails', 'detail': 'МЕТРАН 75'}
2025-03-31 08:18:37 - INFO - logger - log_event - Запрос: {'type': 'allDetails', 'detail': 'МЕТРАН 75'}
2025-03-31 08:18:38 - INFO - logger - log_event - Ответ: {'status': 'error', 'message': 'Details not found'}
2025-03-31 08:18:38 - INFO - logger - log_event - Ответ: {'status': 'error', 'message': 'Details not found'}
2025-03-31 08:18:38 - INFO - logger - log_event - Выполнен запрос к БД: {'type': 'allDetails', 'detail': 'МЕТРАН 75'}
2025-03-31 08:18:38 - INFO - logger - log_event - Выполнен запрос к БД: {'type': 'allDetails', 'detail': 'МЕТРАН 150'}
2025-03-31 08:18:38 - INFO - logger - log_event - Создан поток DatabaseWorker с запросом: {'type': 'allDetails', 'detail': 'МЕТРАН 75'}
2025-03-31 08:18:38 - INFO - logger - log_event - Запрос: {'type': 'allDetails', 'detail': 'МЕТРАН 75'}
2025-03-31 08:18:38 - INFO - logger - log_event - Запрос: {'type': 'allDetails', 'detail': 'МЕТРАН 75'}
2025-03-31 08:18:38 - INFO - logger - log_event - Ответ: {'status': 'error', 'message': 'Details not found'}
2025-03-31 08:18:38 - INFO - logger - log_event - Ответ: {'status': 'error', 'message': 'Details not found'}
2025-03-31 08:18:38 - INFO - logger - log_event - Выполнен запрос к БД: {'type': 'allDetails', 'detail': 'МЕТРАН 75'}
2025-03-31 08:18:38 - INFO - logger - log_event - Выполнен запрос к БД: {'type': 'allDetails', 'detail': 'МЕТРАН 75'}
2025-03-31 08:18:38 - INFO - logger - log_event - Создан поток DatabaseWorker с запросом: {'type': 'allDetails', 'detail': 'МЕТРАН 75'}
2025-03-31 08:18:38 - INFO - logger - log_event - Запрос: {'type': 'allDetails', 'detail': 'МЕТРАН 75'}
2025-03-31 08:18:38 - INFO - logger - log_event - Запрос: {'type': 'allDetails', 'detail': 'МЕТРАН 75'}
2025-03-31 08:18:38 - INFO - logger - log_event - Ответ: {'status': 'error', 'message': 'Details not found'}
2025-03-31 08:18:38 - INFO - logger - log_event - Ответ: {'status': 'error', 'message': 'Details not found'}
2025-03-31 08:18:38 - INFO - logger - log_event - Выполнен запрос к БД: {'type': 'allDetails', 'detail': 'МЕТРАН 75'}
2025-03-31 08:18:38 - INFO - logger - log_event - Выполнен запрос к БД: {'type': 'allDetails', 'detail': 'МЕТРАН 75'}
2025-03-31 08:18:38 - ERROR - logger - log_error - Ошибка: Ошибка при получении данных из базы данных
NoneType: None
2025-03-31 08:18:38 - ERROR - logger - log_error - Ошибка: Ошибка при получении данных из базы данных
NoneType: None
2025-03-31 08:18:38 - ERROR - logger - log_error - Ошибка: Ошибка при получении данных из базы данных
NoneType: None
2025-03-31 08:18:38 - INFO - logger - log_event - Запрос: {'type': 'allDetails', 'detail': 'МЕТРАН 75'}
2025-03-31 08:18:38 - INFO - logger - log_event - Ответ: {'status': 'error', 'message': 'Details not found'}
2025-03-31 08:18:38 - INFO - logger - log_event - Выполнен запрос к БД: {'type': 'allDetails', 'detail': 'МЕТРАН 75'}
2025-03-31 08:18:38 - ERROR - logger - log_error - Ошибка: Ошибка при получении данных из базы данных
NoneType: None
2025-03-31 08:18:43 - INFO - logger - log_event - Создан поток DatabaseWorker с запросом: {'type': 'allDetails', 'detail': 'МЕТРАН 55'}
2025-03-31 08:18:43 - INFO - logger - log_event - Запрос: {'type': 'allDetails', 'detail': 'МЕТРАН 55'}
2025-03-31 08:18:43 - INFO - logger - log_event - Ответ: {'status': 'error', 'message': 'Details not found'}
2025-03-31 08:18:43 - INFO - logger - log_event - Выполнен запрос к БД: {'type': 'allDetails', 'detail': 'МЕТРАН 55'}
2025-03-31 08:18:43 - INFO - logger - log_event - Создан поток DatabaseWorker с запросом: {'type': 'allDetails', 'detail': 'МЕТРАН 55'}
2025-03-31 08:18:43 - INFO - logger - log_event - Запрос: {'type': 'allDetails', 'detail': 'МЕТРАН 55'}
2025-03-31 08:18:43 - INFO - logger - log_event - Запрос: {'type': 'allDetails', 'detail': 'МЕТРАН 55'}
2025-03-31 08:18:43 - INFO - logger - log_event - Ответ: {'status': 'error', 'message': 'Details not found'}
2025-03-31 08:18:43 - INFO - logger - log_event - Выполнен запрос к БД: {'type': 'allDetails', 'detail': 'МЕТРАН 55'}
2025-03-31 08:18:43 - INFO - logger - log_event - Ответ: {'status': 'error', 'message': 'Details not found'}
2025-03-31 08:18:43 - INFO - logger - log_event - Выполнен запрос к БД: {'type': 'allDetails', 'detail': 'МЕТРАН 55'}
2025-03-31 08:18:43 - INFO - logger - log_event - Создан поток DatabaseWorker с запросом: {'type': 'allDetails', 'detail': 'МЕТРАН 55'}
2025-03-31 08:18:43 - INFO - logger - log_event - Запрос: {'type': 'allDetails', 'detail': 'МЕТРАН 55'}
2025-03-31 08:18:43 - INFO - logger - log_event - Запрос: {'type': 'allDetails', 'detail': 'МЕТРАН 55'}
2025-03-31 08:18:43 - INFO - logger - log_event - Ответ: {'status': 'error', 'message': 'Details not found'}
2025-03-31 08:18:43 - INFO - logger - log_event - Выполнен запрос к БД: {'type': 'allDetails', 'detail': 'МЕТРАН 55'}
2025-03-31 08:18:43 - INFO - logger - log_event - Запрос: {'type': 'allDetails', 'detail': 'МЕТРАН 55'}
2025-03-31 08:18:43 - ERROR - logger - log_error - Ошибка: Ошибка при получении данных из базы данных
NoneType: None
2025-03-31 08:18:43 - INFO - logger - log_event - Ответ: {'status': 'error', 'message': 'Details not found'}
2025-03-31 08:18:44 - INFO - logger - log_event - Выполнен запрос к БД: {'type': 'allDetails', 'detail': 'МЕТРАН 55'}
2025-03-31 08:18:44 - ERROR - logger - log_error - Ошибка: Ошибка при получении данных из базы данных
NoneType: None
2025-03-31 08:18:44 - INFO - logger - log_event - Ответ: {'status': 'error', 'message': 'Details not found'}
2025-03-31 08:18:44 - INFO - logger - log_event - Выполнен запрос к БД: {'type': 'allDetails', 'detail': 'МЕТРАН 55'}
2025-03-31 08:18:44 - ERROR - logger - log_error - Ошибка: Ошибка при получении данных из базы данных
NoneType: None
2025-03-31 08:18:55 - INFO - logger - log_event - Запрос: {'type': 'getstats', 'name': 'МЕТРАН 150'}
2025-03-31 08:18:55 - INFO - logger - log_event - Ответ: {'status': 'ok', 'total': 0, 'defective': 0, 'non_defective': 0}
2025-03-31 08:18:55 - INFO - logger - log_event - Запрос: {'type': 'getstats', 'name': 'МЕТРАН 75'}
2025-03-31 08:18:55 - INFO - logger - log_event - Ответ: {'status': 'ok', 'total': 0, 'defective': 0, 'non_defective': 0}
2025-03-31 08:18:55 - INFO - logger - log_event - Запрос: {'type': 'getstats', 'name': 'МЕТРАН 55'}
2025-03-31 08:18:55 - INFO - logger - log_event - Ответ: {'status': 'ok', 'total': 0, 'defective': 0, 'non_defective': 0}
2025-03-31 08:18:55 - INFO - logger - log_event - Запрос: {'type': 'getstats', 'name': 'МЕТРАН 150'}
2025-03-31 08:18:55 - INFO - logger - log_event - Ответ: {'status': 'ok', 'total': 0, 'defective': 0, 'non_defective': 0}
2025-03-31 08:18:55 - INFO - logger - log_event - Запрос: {'type': 'getstats', 'name': 'МЕТРАН 75'}
2025-03-31 08:18:55 - INFO - logger - log_event - Ответ: {'status': 'ok', 'total': 0, 'defective': 0, 'non_defective': 0}
2025-03-31 08:18:55 - INFO - logger - log_event - Запрос: {'type': 'getstats', 'name': 'МЕТРАН 55'}
2025-03-31 08:18:55 - INFO - logger - log_event - Ответ: {'status': 'ok', 'total': 0, 'defective': 0, 'non_defective': 0}
2025-03-31 08:18:55 - INFO - logger - log_event - Запрос: {'type': 'getstats', 'name': 'МЕТРАН 150'}
2025-03-31 08:18:55 - INFO - logger - log_event - Ответ: {'status': 'ok', 'total': 0, 'defective': 0, 'non_defective': 0}
2025-03-31 08:18:55 - INFO - logger - log_event - Запрос: {'type': 'getstats', 'name': 'МЕТРАН 75'}
2025-03-31 08:18:55 - INFO - logger - log_event - Ответ: {'status': 'ok', 'total': 0, 'defective': 0, 'non_defective': 0}
2025-03-31 08:18:55 - INFO - logger - log_event - Запрос: {'type': 'getstats', 'name': 'МЕТРАН 55'}
2025-03-31 08:18:55 - INFO - logger - log_event - Ответ: {'status': 'ok', 'total': 0, 'defective': 0, 'non_defective': 0}
2025-03-31 08:18:55 - INFO - logger - log_event - Запрос: {'type': 'getstats', 'name': 'МЕТРАН 150'}
2025-03-31 08:18:55 - INFO - logger - log_event - Ответ: {'status': 'ok', 'total': 0, 'defective': 0, 'non_defective': 0}
2025-03-31 08:18:55 - INFO - logger - log_event - Запрос: {'type': 'getstats', 'name': 'МЕТРАН 75'}
2025-03-31 08:18:55 - INFO - logger - log_event - Ответ: {'status': 'ok', 'total': 0, 'defective': 0, 'non_defective': 0}
2025-03-31 08:18:55 - INFO - logger - log_event - Запрос: {'type': 'getstats', 'name': 'МЕТРАН 55'}
2025-03-31 08:18:55 - INFO - logger - log_event - Ответ: {'status': 'ok', 'total': 0, 'defective': 0, 'non_defective': 0}
2025-03-31 08:18:55 - INFO - logger - log_event - Запрос: {'type': 'getstats', 'name': 'МЕТРАН 150'}
2025-03-31 08:18:55 - INFO - logger - log_event - Ответ: {'status': 'ok', 'total': 0, 'defective': 0, 'non_defective': 0}
2025-03-31 08:18:55 - INFO - logger - log_event - Запрос: {'type': 'getstats', 'name': 'МЕТРАН 75'}
2025-03-31 08:18:55 - INFO - logger - log_event - Ответ: {'status': 'ok', 'total': 0, 'defective': 0, 'non_defective': 0}
2025-03-31 08:18:55 - INFO - logger - log_event - Запрос: {'type': 'getstats', 'name': 'МЕТРАН 55'}
2025-03-31 08:18:55 - INFO - logger - log_event - Ответ: {'status': 'ok', 'total': 0, 'defective': 0, 'non_defective': 0}
2025-03-31 08:18:55 - INFO - logger - log_event - Запрос: {'type': 'getstats', 'name': 'МЕТРАН 150'}
2025-03-31 08:18:56 - INFO - logger - log_event - Ответ: {'status': 'ok', 'total': 0, 'defective': 0, 'non_defective': 0}
2025-03-31 08:18:56 - INFO - logger - log_event - Запрос: {'type': 'getstats', 'name': 'МЕТРАН 75'}
2025-03-31 08:18:56 - INFO - logger - log_event - Ответ: {'status': 'ok', 'total': 0, 'defective': 0, 'non_defective': 0}
2025-03-31 08:18:56 - INFO - logger - log_event - Запрос: {'type': 'getstats', 'name': 'МЕТРАН 55'}
2025-03-31 08:18:56 - INFO - logger - log_event - Ответ: {'status': 'ok', 'total': 0, 'defective': 0, 'non_defective': 0}
2025-03-31 08:18:58 - INFO - logger - log_event - Создан поток DatabaseWorker с запросом: {'type': 'getreports'}
2025-03-31 08:18:58 - INFO - logger - log_event - Запрос: {'type': 'getreports'}
2025-03-31 08:19:00 - INFO - logger - log_event - Ответ: {'status': 'ok', 'data': [{'id': 2, 'name': 'Прикроватная Тумба', 'text': 'охае', 'time': '2025-03-31 08:13'}, {'id': 1, 'name': 'Прикроватная Тумба', 'text': 'Бесплоа', 'time': '2025-03-31 08:09'}]}
2025-03-31 08:19:00 - INFO - logger - log_event - Выполнен запрос к БД: {'type': 'getreports'}
2025-03-31 08:19:00 - INFO - logger - log_event - Создан поток DatabaseWorker с запросом: {'type': 'getreports'}
2025-03-31 08:19:00 - INFO - logger - log_event - Запрос: {'type': 'getreports'}
2025-03-31 08:19:00 - INFO - logger - log_event - Запрос: {'type': 'getreports'}
2025-03-31 08:19:02 - INFO - logger - log_event - Ответ: {'status': 'ok', 'data': [{'id': 2, 'name': 'Прикроватная Тумба', 'text': 'охае', 'time': '2025-03-31 08:13'}, {'id': 1, 'name': 'Прикроватная Тумба', 'text': 'Бесплоа', 'time': '2025-03-31 08:09'}]}
2025-03-31 08:19:02 - INFO - logger - log_event - Ответ: {'status': 'ok', 'data': [{'id': 2, 'name': 'Прикроватная Тумба', 'text': 'охае', 'time': '2025-03-31 08:13'}, {'id': 1, 'name': 'Прикроватная Тумба', 'text': 'Бесплоа', 'time': '2025-03-31 08:09'}]}
2025-03-31 08:19:02 - INFO - logger - log_event - Выполнен запрос к БД: {'type': 'getreports'}
2025-03-31 08:19:02 - INFO - logger - log_event - Выполнен запрос к БД: {'type': 'getreports'}
2025-03-31 08:19:02 - INFO - logger - log_event - Создан поток DatabaseWorker с запросом: {'type': 'getreports'}
2025-03-31 08:19:02 - INFO - logger - log_event - Запрос: {'type': 'getreports'}
2025-03-31 08:19:02 - INFO - logger - log_event - Запрос: {'type': 'getreports'}
2025-03-31 08:19:02 - INFO - logger - log_event - Ответ: {'status': 'ok', 'data': [{'id': 2, 'name': 'Прикроватная Тумба', 'text': 'охае', 'time': '2025-03-31 08:13'}, {'id': 1, 'name': 'Прикроватная Тумба', 'text': 'Бесплоа', 'time': '2025-03-31 08:09'}]}
2025-03-31 08:19:02 - INFO - logger - log_event - Ответ: {'status': 'ok', 'data': [{'id': 2, 'name': 'Прикроватная Тумба', 'text': 'охае', 'time': '2025-03-31 08:13'}, {'id': 1, 'name': 'Прикроватная Тумба', 'text': 'Бесплоа', 'time': '2025-03-31 08:09'}]}
2025-03-31 08:19:02 - INFO - logger - log_event - Выполнен запрос к БД: {'type': 'getreports'}
2025-03-31 08:19:02 - INFO - logger - log_event - Выполнен запрос к БД: {'type': 'getreports'}
2025-03-31 08:19:02 - INFO - logger - log_event - Запрос: {'type': 'getreports'}
2025-03-31 08:19:02 - INFO - logger - log_event - Ответ: {'status': 'ok', 'data': [{'id': 2, 'name': 'Прикроватная Тумба', 'text': 'охае', 'time': '2025-03-31 08:13'}, {'id': 1, 'name': 'Прикроватная Тумба', 'text': 'Бесплоа', 'time': '2025-03-31 08:09'}]}
2025-03-31 08:19:02 - INFO - logger - log_event - Выполнен запрос к БД: {'type': 'getreports'}
2025-03-31 08:19:07 - INFO - logger - log_event - Создан поток DatabaseWorker с запросом: {'type': 'getreports'}
2025-03-31 08:19:07 - INFO - logger - log_event - Запрос: {'type': 'getreports'}
2025-03-31 08:19:09 - INFO - logger - log_event - Ответ: {'status': 'ok', 'data': [{'id': 2, 'name': 'Прикроватная Тумба', 'text': 'охае', 'time': '2025-03-31 08:13'}, {'id': 1, 'name': 'Прикроватная Тумба', 'text': 'Бесплоа', 'time': '2025-03-31 08:09'}]}
2025-03-31 08:19:09 - INFO - logger - log_event - Выполнен запрос к БД: {'type': 'getreports'}
2025-03-31 08:19:09 - INFO - logger - log_event - Создан поток DatabaseWorker с запросом: {'type': 'getreports'}
2025-03-31 08:19:09 - INFO - logger - log_event - Запрос: {'type': 'getreports'}
2025-03-31 08:19:09 - INFO - logger - log_event - Запрос: {'type': 'getreports'}
2025-03-31 08:19:09 - INFO - logger - log_event - Ответ: {'status': 'ok', 'data': [{'id': 2, 'name': 'Прикроватная Тумба', 'text': 'охае', 'time': '2025-03-31 08:13'}, {'id': 1, 'name': 'Прикроватная Тумба', 'text': 'Бесплоа', 'time': '2025-03-31 08:09'}]}
2025-03-31 08:19:09 - INFO - logger - log_event - Ответ: {'status': 'ok', 'data': [{'id': 2, 'name': 'Прикроватная Тумба', 'text': 'охае', 'time': '2025-03-31 08:13'}, {'id': 1, 'name': 'Прикроватная Тумба', 'text': 'Бесплоа', 'time': '2025-03-31 08:09'}]}
2025-03-31 08:19:09 - INFO - logger - log_event - Выполнен запрос к БД: {'type': 'getreports'}
2025-03-31 08:19:09 - INFO - logger - log_event - Выполнен запрос к БД: {'type': 'getreports'}
2025-03-31 08:19:09 - INFO - logger - log_event - Создан поток DatabaseWorker с запросом: {'type': 'getreports'}
2025-03-31 08:19:09 - INFO - logger - log_event - Запрос: {'type': 'getreports'}
2025-03-31 08:19:09 - INFO - logger - log_event - Запрос: {'type': 'getreports'}
2025-03-31 08:19:09 - INFO - logger - log_event - Ответ: {'status': 'ok', 'data': [{'id': 2, 'name': 'Прикроватная Тумба', 'text': 'охае', 'time': '2025-03-31 08:13'}, {'id': 1, 'name': 'Прикроватная Тумба', 'text': 'Бесплоа', 'time': '2025-03-31 08:09'}]}
2025-03-31 08:19:09 - INFO - logger - log_event - Выполнен запрос к БД: {'type': 'getreports'}
2025-03-31 08:19:09 - INFO - logger - log_event - Ответ: {'status': 'ok', 'data': [{'id': 2, 'name': 'Прикроватная Тумба', 'text': 'охае', 'time': '2025-03-31 08:13'}, {'id': 1, 'name': 'Прикроватная Тумба', 'text': 'Бесплоа', 'time': '2025-03-31 08:09'}]}
2025-03-31 08:19:09 - INFO - logger - log_event - Запрос: {'type': 'getreports'}
2025-03-31 08:19:09 - INFO - logger - log_event - Выполнен запрос к БД: {'type': 'getreports'}
2025-03-31 08:19:09 - INFO - logger - log_event - Ответ: {'status': 'ok', 'data': [{'id': 2, 'name': 'Прикроватная Тумба', 'text': 'охае', 'time': '2025-03-31 08:13'}, {'id': 1, 'name': 'Прикроватная Тумба', 'text': 'Бесплоа', 'time': '2025-03-31 08:09'}]}
2025-03-31 08:19:09 - INFO - logger - log_event - Выполнен запрос к БД: {'type': 'getreports'}
2025-03-31 08:19:15 - INFO - logger - log_event - Закрытие приложения button.py
2025-03-31 08:19:16 - INFO - logger - log_application_exit - Приложение завершено
