2025-04-13 13:02:23 - INFO - logger - <module> - Приложение запущено
2025-04-13 13:02:23 - INFO - logger - <module> - Добавляем логирование в остальные файлы проекта...
2025-04-13 13:02:23 - INFO - logger - <module> - Логирование в database.py: все запросы к серверу регистрируются.
2025-04-13 13:02:23 - INFO - logger - <module> - Логирование в COM.py: события работы с COM-портами фиксируются.
2025-04-13 13:02:23 - INFO - logger - <module> - Логирование в detail_work.py: операции с деталями регистрируются.
2025-04-13 13:02:23 - INFO - logger - <module> - Логирование в Error.py и ErrorTest.py: ошибки записываются.
2025-04-13 13:02:23 - INFO - logger - <module> - Логирование в этапах Mark.py, Packing.py, Test.py, Work.py.
2025-04-13 13:02:25 - INFO - logger - log_event - Сервер доступен
2025-04-13 13:02:25 - INFO - logger - log_event - Сервер доступен
2025-04-13 13:02:25 - INFO - logger - log_event - Главное окно приложения создано
2025-04-13 13:02:25 - ERROR - logger - log_error - Ошибка: Не найден подходящий COM-порт
NoneType: None
2025-04-13 13:02:26 - ERROR - logger - log_error - Ошибка: SerialManager не передан! COM-порт не будет работать.
NoneType: None
2025-04-13 13:02:26 - INFO - logger - log_event - Создан интерфейс админ-панели
2025-04-13 13:02:26 - INFO - logger - log_event - Enter to mark
2025-04-13 13:02:26 - INFO - logger - log_event - Enter to Test
2025-04-13 13:02:26 - INFO - logger - log_event - Enter to Packing
2025-04-13 13:02:26 - INFO - logger - log_event - Enter to Login page AA
2025-04-13 13:02:26 - INFO - logger - log_event - Enter to assembly
2025-04-13 13:02:26 - INFO - logger - log_event - Enter to mark
2025-04-13 13:02:26 - INFO - logger - log_event - Enter to Test
2025-04-13 13:02:26 - INFO - logger - log_event - Enter to Packing
2025-04-13 13:02:26 - INFO - logger - log_event - Enter to Login page AA
2025-04-13 13:02:26 - INFO - logger - log_event - Enter to assembly
2025-04-13 13:02:26 - INFO - logger - log_event - Enter to mark
2025-04-13 13:02:26 - INFO - logger - log_event - Enter to Test
2025-04-13 13:02:26 - INFO - logger - log_event - Enter to Packing
2025-04-13 13:02:26 - INFO - logger - log_event - Enter to Login page AA
2025-04-13 13:02:26 - INFO - logger - log_event - Enter to assembly
2025-04-13 13:02:26 - INFO - logger - log_event - Enter to mark
2025-04-13 13:02:26 - INFO - logger - log_event - Enter to Test
2025-04-13 13:02:26 - INFO - logger - log_event - Enter to Packing
2025-04-13 13:02:26 - INFO - logger - log_event - Enter to Login page AA
2025-04-13 13:02:26 - INFO - logger - log_event - Enter to assembly
2025-04-13 13:02:26 - INFO - logger - log_event - Enter to mark
2025-04-13 13:02:26 - INFO - logger - log_event - Enter to Test
2025-04-13 13:02:26 - INFO - logger - log_event - Enter to Packing
2025-04-13 13:02:26 - INFO - logger - log_event - Enter to Login page AA
2025-04-13 13:02:26 - INFO - logger - log_event - Enter to assembly
2025-04-13 13:02:27 - INFO - logger - log_event - Попытка аутентификации пользователя с UID: 771143825
2025-04-13 13:02:27 - INFO - logger - log_event - Запрос: {'type': 'user', 'uid': '771143825'}
2025-04-13 13:02:27 - INFO - logger - log_event - Ответ: {'status': 'ok', 'name': 'Диван', 'surname': 'Замолдинов', 'id': 1}
2025-04-13 13:02:27 - INFO - logger - log_event - Ответ сервера: {'status': 'ok', 'name': 'Диван', 'surname': 'Замолдинов', 'id': 1}
2025-04-13 13:02:27 - INFO - logger - log_event - Данные пользователя в корне ответа: {'status': 'ok', 'name': 'Диван', 'surname': 'Замолдинов', 'id': 1}
2025-04-13 13:02:28 - INFO - logger - log_event - Запрос на создание сессии: {'type': 'startSession', 'name': 'Диван', 'surname': 'Замолдинов', 'work_description': 'Без детали'}
2025-04-13 13:02:28 - INFO - logger - log_event - Запрос: {'type': 'startSession', 'name': 'Диван', 'surname': 'Замолдинов', 'work_description': 'Без детали'}
2025-04-13 13:02:28 - INFO - logger - log_event - Ответ: {'status': 'ok'}
2025-04-13 13:02:28 - INFO - logger - log_event - Ответ на создание сессии: {'status': 'ok'}
2025-04-13 13:02:28 - INFO - logger - log_event - Сессия успешно начата: Замолдинов Диван
2025-04-13 13:02:28 - INFO - logger - log_event - Устанавливаем переменную config.user: Замолдинов Диван
2025-04-13 13:02:28 - INFO - logger - log_event - Устанавливаем переменную config.Name: Замолдинов Диван
2025-04-13 13:02:28 - INFO - logger - log_event - Установлено значение config.Name: Замолдинов Диван
2025-04-13 13:02:28 - INFO - logger - log_event - Маркировка вручную: {'type': 'mark', 'name': 'МЕТРАН 150', 'serial': 'SN904', 'time': '2025-04-13 13:02:28'}
2025-04-13 13:02:28 - INFO - logger - log_event - Запрос: {'type': 'mark', 'name': 'МЕТРАН 150', 'serial': 'SN904', 'time': '2025-04-13 13:02:28'}
2025-04-13 13:02:28 - INFO - logger - log_event - Ответ: {'status': 'ok'}
2025-04-13 13:02:28 - INFO - logger - log_event - Ответ от сервера: {'status': 'ok'}
2025-04-13 13:02:28 - INFO - logger - log_event - Успешная аутентификация пользователя: Замолдинов Диван
2025-04-13 13:02:39 - INFO - logger - log_event - Login to the admin panel
2025-04-13 13:02:40 - INFO - logger - log_event - Запрос: {'type': 'getstats', 'name': 'МЕТРАН 150'}
2025-04-13 13:02:40 - INFO - logger - log_event - Ответ: {'status': 'ok', 'total': 1, 'defective': 0, 'non_defective': 1}
2025-04-13 13:02:40 - INFO - logger - log_event - Запрос: {'type': 'getstats', 'name': 'МЕТРАН 75'}
2025-04-13 13:02:40 - INFO - logger - log_event - Ответ: {'status': 'ok', 'total': 0, 'defective': 0, 'non_defective': 0}
2025-04-13 13:02:40 - INFO - logger - log_event - Запрос: {'type': 'getstats', 'name': 'МЕТРАН 55'}
2025-04-13 13:02:40 - INFO - logger - log_event - Ответ: {'status': 'ok', 'total': 0, 'defective': 0, 'non_defective': 0}
2025-04-13 13:02:40 - INFO - logger - log_event - Запрос: {'type': 'getstats', 'name': 'МЕТРАН 150'}
2025-04-13 13:02:40 - INFO - logger - log_event - Ответ: {'status': 'ok', 'total': 1, 'defective': 0, 'non_defective': 1}
2025-04-13 13:02:40 - INFO - logger - log_event - Запрос: {'type': 'getstats', 'name': 'МЕТРАН 75'}
2025-04-13 13:02:41 - INFO - logger - log_event - Ответ: {'status': 'ok', 'total': 0, 'defective': 0, 'non_defective': 0}
2025-04-13 13:02:41 - INFO - logger - log_event - Запрос: {'type': 'getstats', 'name': 'МЕТРАН 55'}
2025-04-13 13:02:41 - INFO - logger - log_event - Ответ: {'status': 'ok', 'total': 0, 'defective': 0, 'non_defective': 0}
2025-04-13 13:02:41 - INFO - logger - log_event - Запрос: {'type': 'getstats', 'name': 'МЕТРАН 150'}
2025-04-13 13:02:41 - INFO - logger - log_event - Ответ: {'status': 'ok', 'total': 1, 'defective': 0, 'non_defective': 1}
2025-04-13 13:02:41 - INFO - logger - log_event - Запрос: {'type': 'getstats', 'name': 'МЕТРАН 75'}
2025-04-13 13:02:41 - INFO - logger - log_event - Ответ: {'status': 'ok', 'total': 0, 'defective': 0, 'non_defective': 0}
2025-04-13 13:02:41 - INFO - logger - log_event - Запрос: {'type': 'getstats', 'name': 'МЕТРАН 55'}
2025-04-13 13:02:41 - INFO - logger - log_event - Ответ: {'status': 'ok', 'total': 0, 'defective': 0, 'non_defective': 0}
2025-04-13 13:02:41 - INFO - logger - log_event - Запрос: {'type': 'getstats', 'name': 'МЕТРАН 150'}
2025-04-13 13:02:41 - INFO - logger - log_event - Ответ: {'status': 'ok', 'total': 1, 'defective': 0, 'non_defective': 1}
2025-04-13 13:02:41 - INFO - logger - log_event - Запрос: {'type': 'getstats', 'name': 'МЕТРАН 75'}
2025-04-13 13:02:41 - INFO - logger - log_event - Ответ: {'status': 'ok', 'total': 0, 'defective': 0, 'non_defective': 0}
2025-04-13 13:02:41 - INFO - logger - log_event - Запрос: {'type': 'getstats', 'name': 'МЕТРАН 55'}
2025-04-13 13:02:42 - INFO - logger - log_event - Ответ: {'status': 'ok', 'total': 0, 'defective': 0, 'non_defective': 0}
2025-04-13 13:02:42 - INFO - logger - log_event - Запрос: {'type': 'getstats', 'name': 'МЕТРАН 150'}
2025-04-13 13:02:42 - INFO - logger - log_event - Ответ: {'status': 'ok', 'total': 1, 'defective': 0, 'non_defective': 1}
2025-04-13 13:02:42 - INFO - logger - log_event - Запрос: {'type': 'getstats', 'name': 'МЕТРАН 75'}
2025-04-13 13:02:42 - INFO - logger - log_event - Ответ: {'status': 'ok', 'total': 0, 'defective': 0, 'non_defective': 0}
2025-04-13 13:02:42 - INFO - logger - log_event - Запрос: {'type': 'getstats', 'name': 'МЕТРАН 55'}
2025-04-13 13:02:42 - INFO - logger - log_event - Ответ: {'status': 'ok', 'total': 0, 'defective': 0, 'non_defective': 0}
2025-04-13 13:02:42 - INFO - logger - log_event - Запрос: {'type': 'getstats', 'name': 'МЕТРАН 150'}
2025-04-13 13:02:42 - INFO - logger - log_event - Ответ: {'status': 'ok', 'total': 1, 'defective': 0, 'non_defective': 1}
2025-04-13 13:02:42 - INFO - logger - log_event - Запрос: {'type': 'getstats', 'name': 'МЕТРАН 75'}
2025-04-13 13:02:42 - INFO - logger - log_event - Ответ: {'status': 'ok', 'total': 0, 'defective': 0, 'non_defective': 0}
2025-04-13 13:02:42 - INFO - logger - log_event - Запрос: {'type': 'getstats', 'name': 'МЕТРАН 55'}
2025-04-13 13:02:43 - INFO - logger - log_event - Ответ: {'status': 'ok', 'total': 0, 'defective': 0, 'non_defective': 0}
2025-04-13 13:02:45 - INFO - logger - log_event - Создан поток DatabaseWorker с запросом: {'type': 'allDetails', 'detail': 'МЕТРАН 150'}
2025-04-13 13:02:45 - INFO - logger - log_event - Запрос: {'type': 'allDetails', 'detail': 'МЕТРАН 150'}
2025-04-13 13:02:45 - INFO - logger - log_event - Ответ: {'status': 'ok', 'data': [{'id': 1, 'name': 'МЕТРАН 150', 'serial_number': 'SN904', 'defective': False, 'stage': 'Маркировка', 'sector': None, 'time': '{"mark": {"time": "2025-04-13 13:02:28", "user": 1}}', 'identified_by': None, 'defect_stage_id': None}]}
2025-04-13 13:02:45 - INFO - logger - log_event - Выполнен запрос к БД: {'type': 'allDetails', 'detail': 'МЕТРАН 150', 'id': 1}
2025-04-13 13:02:45 - INFO - logger - log_event - Создан поток DatabaseWorker с запросом: {'type': 'allDetails', 'detail': 'МЕТРАН 150'}
2025-04-13 13:02:45 - INFO - logger - log_event - Запрос: {'type': 'allDetails', 'detail': 'МЕТРАН 150'}
2025-04-13 13:02:45 - INFO - logger - log_event - Запрос: {'type': 'allDetails', 'detail': 'МЕТРАН 150', 'id': 1}
2025-04-13 13:02:45 - INFO - logger - log_event - Ответ: {'status': 'ok', 'data': [{'id': 1, 'name': 'МЕТРАН 150', 'serial_number': 'SN904', 'defective': False, 'stage': 'Маркировка', 'sector': None, 'time': '{"mark": {"time": "2025-04-13 13:02:28", "user": 1}}', 'identified_by': None, 'defect_stage_id': None}]}
2025-04-13 13:02:45 - INFO - logger - log_event - Ответ: {'status': 'ok', 'data': [{'id': 1, 'name': 'МЕТРАН 150', 'serial_number': 'SN904', 'defective': False, 'stage': 'Маркировка', 'sector': None, 'time': '{"mark": {"time": "2025-04-13 13:02:28", "user": 1}}', 'identified_by': None, 'defect_stage_id': None}]}
2025-04-13 13:02:45 - INFO - logger - log_event - Выполнен запрос к БД: {'type': 'allDetails', 'detail': 'МЕТРАН 150', 'id': 1}
2025-04-13 13:02:45 - INFO - logger - log_event - Выполнен запрос к БД: {'type': 'allDetails', 'detail': 'МЕТРАН 150', 'id': 1}
2025-04-13 13:02:45 - INFO - logger - log_event - Создан поток DatabaseWorker с запросом: {'type': 'allDetails', 'detail': 'МЕТРАН 150'}
2025-04-13 13:02:45 - INFO - logger - log_event - Запрос: {'type': 'allDetails', 'detail': 'МЕТРАН 150', 'id': 1}
2025-04-13 13:02:45 - INFO - logger - log_event - Запрос: {'type': 'allDetails', 'detail': 'МЕТРАН 150'}
2025-04-13 13:02:46 - INFO - logger - log_event - Ответ: {'status': 'ok', 'data': [{'id': 1, 'name': 'МЕТРАН 150', 'serial_number': 'SN904', 'defective': False, 'stage': 'Маркировка', 'sector': None, 'time': '{"mark": {"time": "2025-04-13 13:02:28", "user": 1}}', 'identified_by': None, 'defect_stage_id': None}]}
2025-04-13 13:02:46 - INFO - logger - log_event - Выполнен запрос к БД: {'type': 'allDetails', 'detail': 'МЕТРАН 150', 'id': 1}
2025-04-13 13:02:46 - INFO - logger - log_event - Запрос: {'type': 'allDetails', 'detail': 'МЕТРАН 150', 'id': 1}
2025-04-13 13:02:46 - INFO - logger - log_event - Ответ: {'status': 'ok', 'data': [{'id': 1, 'name': 'МЕТРАН 150', 'serial_number': 'SN904', 'defective': False, 'stage': 'Маркировка', 'sector': None, 'time': '{"mark": {"time": "2025-04-13 13:02:28", "user": 1}}', 'identified_by': None, 'defect_stage_id': None}]}
2025-04-13 13:02:46 - INFO - logger - log_event - Выполнен запрос к БД: {'type': 'allDetails', 'detail': 'МЕТРАН 150', 'id': 1}
2025-04-13 13:02:46 - INFO - logger - log_event - Ответ: {'status': 'ok', 'data': [{'id': 1, 'name': 'МЕТРАН 150', 'serial_number': 'SN904', 'defective': False, 'stage': 'Маркировка', 'sector': None, 'time': '{"mark": {"time": "2025-04-13 13:02:28", "user": 1}}', 'identified_by': None, 'defect_stage_id': None}]}
2025-04-13 13:02:46 - INFO - logger - log_event - Выполнен запрос к БД: {'type': 'allDetails', 'detail': 'МЕТРАН 150', 'id': 1}
2025-04-13 13:03:01 - INFO - logger - log_event - Создан поток DatabaseWorker с запросом: {'type': 'allDetails', 'detail': 'МЕТРАН 150'}
2025-04-13 13:03:01 - INFO - logger - log_event - Запрос: {'type': 'allDetails', 'detail': 'МЕТРАН 150'}
2025-04-13 13:03:01 - INFO - logger - log_event - Ответ: {'status': 'ok', 'data': [{'id': 1, 'name': 'МЕТРАН 150', 'serial_number': 'SN904', 'defective': False, 'stage': 'Маркировка', 'sector': None, 'time': '{"mark": {"time": "2025-04-13 13:02:28", "user": 1}}', 'identified_by': None, 'defect_stage_id': None}]}
2025-04-13 13:03:01 - INFO - logger - log_event - Выполнен запрос к БД: {'type': 'allDetails', 'detail': 'МЕТРАН 150', 'id': 1}
2025-04-13 13:03:01 - INFO - logger - log_event - Запрос: {'type': 'allDetails', 'detail': 'МЕТРАН 150', 'id': 1}
2025-04-13 13:03:01 - INFO - logger - log_event - Ответ: {'status': 'ok', 'data': [{'id': 1, 'name': 'МЕТРАН 150', 'serial_number': 'SN904', 'defective': False, 'stage': 'Маркировка', 'sector': None, 'time': '{"mark": {"time": "2025-04-13 13:02:28", "user": 1}}', 'identified_by': None, 'defect_stage_id': None}]}
2025-04-13 13:03:01 - INFO - logger - log_event - Выполнен запрос к БД: {'type': 'allDetails', 'detail': 'МЕТРАН 150', 'id': 1}
2025-04-13 13:03:16 - INFO - logger - log_event - Создан поток DatabaseWorker с запросом: {'type': 'allDetails', 'detail': 'МЕТРАН 150'}
2025-04-13 13:03:16 - INFO - logger - log_event - Запрос: {'type': 'allDetails', 'detail': 'МЕТРАН 150'}
2025-04-13 13:03:16 - INFO - logger - log_event - Ответ: {'status': 'ok', 'data': [{'id': 1, 'name': 'МЕТРАН 150', 'serial_number': 'SN904', 'defective': False, 'stage': 'Маркировка', 'sector': None, 'time': '{"mark": {"time": "2025-04-13 13:02:28", "user": 1}}', 'identified_by': None, 'defect_stage_id': None}]}
2025-04-13 13:03:16 - INFO - logger - log_event - Выполнен запрос к БД: {'type': 'allDetails', 'detail': 'МЕТРАН 150', 'id': 1}
2025-04-13 13:03:16 - INFO - logger - log_event - Запрос: {'type': 'allDetails', 'detail': 'МЕТРАН 150', 'id': 1}
2025-04-13 13:03:16 - INFO - logger - log_event - Ответ: {'status': 'ok', 'data': [{'id': 1, 'name': 'МЕТРАН 150', 'serial_number': 'SN904', 'defective': False, 'stage': 'Маркировка', 'sector': None, 'time': '{"mark": {"time": "2025-04-13 13:02:28", "user": 1}}', 'identified_by': None, 'defect_stage_id': None}]}
2025-04-13 13:03:16 - INFO - logger - log_event - Выполнен запрос к БД: {'type': 'allDetails', 'detail': 'МЕТРАН 150', 'id': 1}
2025-04-13 13:03:31 - INFO - logger - log_event - Создан поток DatabaseWorker с запросом: {'type': 'allDetails', 'detail': 'МЕТРАН 150'}
2025-04-13 13:03:31 - INFO - logger - log_event - Запрос: {'type': 'allDetails', 'detail': 'МЕТРАН 150'}
2025-04-13 13:03:31 - INFO - logger - log_event - Ответ: {'status': 'ok', 'data': [{'id': 1, 'name': 'МЕТРАН 150', 'serial_number': 'SN904', 'defective': False, 'stage': 'Маркировка', 'sector': None, 'time': '{"mark": {"time": "2025-04-13 13:02:28", "user": 1}}', 'identified_by': None, 'defect_stage_id': None}]}
2025-04-13 13:03:31 - INFO - logger - log_event - Выполнен запрос к БД: {'type': 'allDetails', 'detail': 'МЕТРАН 150', 'id': 1}
2025-04-13 13:03:31 - INFO - logger - log_event - Запрос: {'type': 'allDetails', 'detail': 'МЕТРАН 150', 'id': 1}
2025-04-13 13:03:31 - INFO - logger - log_event - Ответ: {'status': 'ok', 'data': [{'id': 1, 'name': 'МЕТРАН 150', 'serial_number': 'SN904', 'defective': False, 'stage': 'Маркировка', 'sector': None, 'time': '{"mark": {"time": "2025-04-13 13:02:28", "user": 1}}', 'identified_by': None, 'defect_stage_id': None}]}
2025-04-13 13:03:31 - INFO - logger - log_event - Выполнен запрос к БД: {'type': 'allDetails', 'detail': 'МЕТРАН 150', 'id': 1}
2025-04-13 13:03:46 - INFO - logger - log_event - Создан поток DatabaseWorker с запросом: {'type': 'allDetails', 'detail': 'МЕТРАН 150'}
2025-04-13 13:03:46 - INFO - logger - log_event - Запрос: {'type': 'allDetails', 'detail': 'МЕТРАН 150'}
2025-04-13 13:03:46 - INFO - logger - log_event - Ответ: {'status': 'ok', 'data': [{'id': 1, 'name': 'МЕТРАН 150', 'serial_number': 'SN904', 'defective': False, 'stage': 'Маркировка', 'sector': None, 'time': '{"mark": {"time": "2025-04-13 13:02:28", "user": 1}}', 'identified_by': None, 'defect_stage_id': None}]}
2025-04-13 13:03:46 - INFO - logger - log_event - Выполнен запрос к БД: {'type': 'allDetails', 'detail': 'МЕТРАН 150', 'id': 1}
2025-04-13 13:03:46 - INFO - logger - log_event - Запрос: {'type': 'allDetails', 'detail': 'МЕТРАН 150', 'id': 1}
2025-04-13 13:03:46 - INFO - logger - log_event - Ответ: {'status': 'ok', 'data': [{'id': 1, 'name': 'МЕТРАН 150', 'serial_number': 'SN904', 'defective': False, 'stage': 'Маркировка', 'sector': None, 'time': '{"mark": {"time": "2025-04-13 13:02:28", "user": 1}}', 'identified_by': None, 'defect_stage_id': None}]}
2025-04-13 13:03:46 - INFO - logger - log_event - Выполнен запрос к БД: {'type': 'allDetails', 'detail': 'МЕТРАН 150', 'id': 1}
2025-04-13 13:04:01 - INFO - logger - log_event - Создан поток DatabaseWorker с запросом: {'type': 'allDetails', 'detail': 'МЕТРАН 150'}
2025-04-13 13:04:01 - INFO - logger - log_event - Запрос: {'type': 'allDetails', 'detail': 'МЕТРАН 150'}
2025-04-13 13:04:01 - INFO - logger - log_event - Ответ: {'status': 'ok', 'data': [{'id': 1, 'name': 'МЕТРАН 150', 'serial_number': 'SN904', 'defective': False, 'stage': 'Маркировка', 'sector': None, 'time': '{"mark": {"time": "2025-04-13 13:02:28", "user": 1}}', 'identified_by': None, 'defect_stage_id': None}]}
2025-04-13 13:04:01 - INFO - logger - log_event - Выполнен запрос к БД: {'type': 'allDetails', 'detail': 'МЕТРАН 150', 'id': 1}
2025-04-13 13:04:01 - INFO - logger - log_event - Запрос: {'type': 'allDetails', 'detail': 'МЕТРАН 150', 'id': 1}
2025-04-13 13:04:01 - INFO - logger - log_event - Ответ: {'status': 'ok', 'data': [{'id': 1, 'name': 'МЕТРАН 150', 'serial_number': 'SN904', 'defective': False, 'stage': 'Маркировка', 'sector': None, 'time': '{"mark": {"time": "2025-04-13 13:02:28", "user": 1}}', 'identified_by': None, 'defect_stage_id': None}]}
2025-04-13 13:04:01 - INFO - logger - log_event - Выполнен запрос к БД: {'type': 'allDetails', 'detail': 'МЕТРАН 150', 'id': 1}
2025-04-13 13:04:25 - INFO - logger - log_event - Закрытие приложения button.py
2025-04-13 13:04:25 - INFO - logger - log_event - Завершаем сессию пользователя: Диван Замолдинов
2025-04-13 13:04:25 - INFO - logger - log_event - Запрос: {'type': 'endSession', 'name': 'Диван', 'surname': 'Замолдинов'}
2025-04-13 13:04:25 - INFO - logger - log_event - Ответ: {'status': 'ok'}
2025-04-13 13:04:25 - INFO - logger - log_event - Сессия успешно завершена: Диван Замолдинов
2025-04-13 13:04:25 - INFO - logger - log_application_exit - Приложение завершено
