2025-04-16 09:31:35 - INFO - logger - <module> - Приложение запущено
2025-04-16 09:31:35 - INFO - logger - <module> - Добавляем логирование в остальные файлы проекта...
2025-04-16 09:31:35 - INFO - logger - <module> - Логирование в database.py: все запросы к серверу регистрируются.
2025-04-16 09:31:35 - INFO - logger - <module> - Логирование в COM.py: события работы с COM-портами фиксируются.
2025-04-16 09:31:35 - INFO - logger - <module> - Логирование в detail_work.py: операции с деталями регистрируются.
2025-04-16 09:31:35 - INFO - logger - <module> - Логирование в Error.py и ErrorTest.py: ошибки записываются.
2025-04-16 09:31:35 - INFO - logger - <module> - Логирование в этапах Mark.py, Packing.py, Test.py, Work.py.
2025-04-16 09:31:38 - INFO - logger - log_event - Сервер доступен
2025-04-16 09:31:38 - INFO - logger - log_event - Сервер доступен
2025-04-16 09:31:38 - INFO - logger - log_event - Главное окно приложения создано
2025-04-16 09:31:38 - INFO - logger - log_event - SerialManager: Успешно открыт порт COM8
2025-04-16 09:31:38 - INFO - logger - log_event - Создан интерфейс админ-панели
2025-04-16 09:31:38 - INFO - logger - log_event - Enter to mark
2025-04-16 09:31:38 - INFO - logger - log_event - Enter to Test
2025-04-16 09:31:38 - INFO - logger - log_event - Enter to Packing
2025-04-16 09:31:38 - INFO - logger - log_event - Enter to Login page AA
2025-04-16 09:31:38 - INFO - logger - log_event - Enter to assembly
2025-04-16 09:31:38 - INFO - logger - log_event - Enter to mark
2025-04-16 09:31:38 - INFO - logger - log_event - Enter to Test
2025-04-16 09:31:38 - INFO - logger - log_event - Enter to Packing
2025-04-16 09:31:38 - INFO - logger - log_event - Enter to Login page AA
2025-04-16 09:31:38 - INFO - logger - log_event - Enter to assembly
2025-04-16 09:31:38 - INFO - logger - log_event - Enter to mark
2025-04-16 09:31:38 - INFO - logger - log_event - Enter to Test
2025-04-16 09:31:38 - INFO - logger - log_event - Enter to Packing
2025-04-16 09:31:38 - INFO - logger - log_event - Enter to Login page AA
2025-04-16 09:31:38 - INFO - logger - log_event - Enter to assembly
2025-04-16 09:31:38 - INFO - logger - log_event - Enter to mark
2025-04-16 09:31:38 - INFO - logger - log_event - Enter to Test
2025-04-16 09:31:38 - INFO - logger - log_event - Enter to Packing
2025-04-16 09:31:38 - INFO - logger - log_event - Enter to Login page AA
2025-04-16 09:31:38 - INFO - logger - log_event - Enter to assembly
2025-04-16 09:31:38 - INFO - logger - log_event - Enter to mark
2025-04-16 09:31:38 - INFO - logger - log_event - Enter to Test
2025-04-16 09:31:38 - INFO - logger - log_event - Enter to Packing
2025-04-16 09:31:38 - INFO - logger - log_event - Enter to Login page AA
2025-04-16 09:31:38 - INFO - logger - log_event - Enter to assembly
2025-04-16 09:31:38 - INFO - logger - log_event - Запущен мониторинг подключения к МЭТР
2025-04-16 09:31:40 - INFO - logger - log_event - Raw data (bytes): b'\xd0\x90\xd0\xb3\xd1\x83\xd0\xb0\xd0\xb3\xd1\x83\r\n'
2025-04-16 09:31:40 - INFO - logger - log_event - Decoded data (str): Агуагу
2025-04-16 09:31:40 - INFO - logger - log_event - Parsed Data: ['Агуагу']
2025-04-16 09:31:40 - INFO - logger - log_event - System МЭТР init
2025-04-16 09:31:49 - ERROR - logger - log_error - Ошибка: SerialListener: Ошибка COM-порта: ClearCommError failed (PermissionError(13, 'Отказано в доступе.', None, 5))
Traceback (most recent call last):
  File "C:\Users\user\Desktop\RFID-marks\GUI\COM.py", line 89, in run
    if self.ser.in_waiting > 0:
       ^^^^^^^^^^^^^^^^^^^
  File "C:\Users\user\AppData\Local\Packages\PythonSoftwareFoundation.Python.3.13_qbz5n2kfra8p0\LocalCache\local-packages\Python313\site-packages\serial\serialwin32.py", line 259, in in_waiting
    raise SerialException("ClearCommError failed ({!r})".format(ctypes.WinError()))
serial.serialutil.SerialException: ClearCommError failed (PermissionError(13, 'Отказано в доступе.', None, 5))
2025-04-16 09:31:51 - ERROR - logger - log_error - Ошибка: SerialListener: Ошибка COM-порта: ClearCommError failed (PermissionError(13, 'Отказано в доступе.', None, 5))
Traceback (most recent call last):
  File "C:\Users\user\Desktop\RFID-marks\GUI\COM.py", line 89, in run
    if self.ser.in_waiting > 0:
       ^^^^^^^^^^^^^^^^^^^
  File "C:\Users\user\AppData\Local\Packages\PythonSoftwareFoundation.Python.3.13_qbz5n2kfra8p0\LocalCache\local-packages\Python313\site-packages\serial\serialwin32.py", line 259, in in_waiting
    raise SerialException("ClearCommError failed ({!r})".format(ctypes.WinError()))
serial.serialutil.SerialException: ClearCommError failed (PermissionError(13, 'Отказано в доступе.', None, 5))
2025-04-16 09:31:53 - ERROR - logger - log_error - Ошибка: SerialListener: Ошибка COM-порта: ClearCommError failed (PermissionError(13, 'Отказано в доступе.', None, 5))
Traceback (most recent call last):
  File "C:\Users\user\Desktop\RFID-marks\GUI\COM.py", line 89, in run
    if self.ser.in_waiting > 0:
       ^^^^^^^^^^^^^^^^^^^
  File "C:\Users\user\AppData\Local\Packages\PythonSoftwareFoundation.Python.3.13_qbz5n2kfra8p0\LocalCache\local-packages\Python313\site-packages\serial\serialwin32.py", line 259, in in_waiting
    raise SerialException("ClearCommError failed ({!r})".format(ctypes.WinError()))
serial.serialutil.SerialException: ClearCommError failed (PermissionError(13, 'Отказано в доступе.', None, 5))
2025-04-16 09:31:55 - ERROR - logger - log_error - Ошибка: SerialListener: Ошибка COM-порта: ClearCommError failed (PermissionError(13, 'Отказано в доступе.', None, 5))
Traceback (most recent call last):
  File "C:\Users\user\Desktop\RFID-marks\GUI\COM.py", line 89, in run
    if self.ser.in_waiting > 0:
       ^^^^^^^^^^^^^^^^^^^
  File "C:\Users\user\AppData\Local\Packages\PythonSoftwareFoundation.Python.3.13_qbz5n2kfra8p0\LocalCache\local-packages\Python313\site-packages\serial\serialwin32.py", line 259, in in_waiting
    raise SerialException("ClearCommError failed ({!r})".format(ctypes.WinError()))
serial.serialutil.SerialException: ClearCommError failed (PermissionError(13, 'Отказано в доступе.', None, 5))
2025-04-16 09:31:56 - INFO - logger - log_event - SerialManager: Успешно открыт порт COM8
2025-04-16 09:31:57 - INFO - logger - log_event - МЭТР успешно подключен через порт COM8
2025-04-16 09:31:57 - ERROR - logger - log_error - Ошибка: SerialListener: Ошибка COM-порта: ClearCommError failed (PermissionError(13, 'Отказано в доступе.', None, 5))
Traceback (most recent call last):
  File "C:\Users\user\Desktop\RFID-marks\GUI\COM.py", line 89, in run
    if self.ser.in_waiting > 0:
       ^^^^^^^^^^^^^^^^^^^
  File "C:\Users\user\AppData\Local\Packages\PythonSoftwareFoundation.Python.3.13_qbz5n2kfra8p0\LocalCache\local-packages\Python313\site-packages\serial\serialwin32.py", line 259, in in_waiting
    raise SerialException("ClearCommError failed ({!r})".format(ctypes.WinError()))
serial.serialutil.SerialException: ClearCommError failed (PermissionError(13, 'Отказано в доступе.', None, 5))
2025-04-16 09:31:57 - ERROR - logger - log_error - Ошибка: SerialListener: Превышено максимальное количество попыток переподключения
Traceback (most recent call last):
  File "C:\Users\user\Desktop\RFID-marks\GUI\COM.py", line 89, in run
    if self.ser.in_waiting > 0:
       ^^^^^^^^^^^^^^^^^^^
  File "C:\Users\user\AppData\Local\Packages\PythonSoftwareFoundation.Python.3.13_qbz5n2kfra8p0\LocalCache\local-packages\Python313\site-packages\serial\serialwin32.py", line 259, in in_waiting
    raise SerialException("ClearCommError failed ({!r})".format(ctypes.WinError()))
serial.serialutil.SerialException: ClearCommError failed (PermissionError(13, 'Отказано в доступе.', None, 5))
2025-04-16 09:31:57 - ERROR - logger - log_error - Ошибка: Получен сигнал о потере соединения с МЭТР
NoneType: None
2025-04-16 09:31:59 - INFO - logger - log_event - Остановлен текущий слушатель COM-порта
2025-04-16 09:31:59 - INFO - logger - log_event - SerialManager: Порт COM8 закрыт
2025-04-16 09:31:59 - INFO - logger - log_event - Закрыто текущее соединение с COM-портом
2025-04-16 09:31:59 - INFO - logger - log_event - SerialManager: Успешно открыт порт COM8
2025-04-16 09:31:59 - INFO - logger - log_event - Создан новый SerialManager с портом COM8
2025-04-16 09:31:59 - INFO - logger - log_event - Запущен новый слушатель COM-порта
2025-04-16 09:31:59 - INFO - logger - log_event - Обновлена ссылка на SerialManager в Ui_MainWindow
2025-04-16 09:31:59 - INFO - logger - log_event - Обновлена ссылка на SerialManager в Ui_MainWindow
2025-04-16 09:31:59 - INFO - logger - log_event - Глобальное переподключение к МЭТР выполнено успешно
2025-04-16 09:32:01 - INFO - logger - log_event - Raw data (bytes): b'\xd0\x90\xd0\xb3\xd1\x83\xd0\xb0\xd0\xb3\xd1\x83\r\n'
2025-04-16 09:32:01 - INFO - logger - log_event - Decoded data (str): Агуагу
2025-04-16 09:32:01 - INFO - logger - log_event - Parsed Data: ['Агуагу']
2025-04-16 09:32:01 - INFO - logger - log_event - System МЭТР init
2025-04-16 09:32:02 - INFO - logger - log_event - Raw data (bytes): b'356949877_user..\r\n'
2025-04-16 09:32:02 - INFO - logger - log_event - Decoded data (str): 356949877_user..
2025-04-16 09:32:02 - INFO - logger - log_event - Parsed Data: ['356949877', 'user']
2025-04-16 09:32:02 - INFO - logger - log_event - Send data to handle_serial_data: ['356949877', 'user']
2025-04-16 09:32:02 - INFO - logger - log_event - Данные перед очисткой: ['356949877', 'user']
2025-04-16 09:32:02 - INFO - logger - log_event - Очищенные данные: ['356949877', 'user']
2025-04-16 09:32:02 - INFO - logger - log_event - Пользователь с UID: 356949877
2025-04-16 09:32:02 - INFO - logger - log_event - Попытка аутентификации пользователя с UID: 356949877
2025-04-16 09:32:02 - INFO - logger - log_event - Запрос: {'type': 'user', 'uid': '356949877', 'id': None}
2025-04-16 09:32:02 - INFO - logger - log_event - Raw data (bytes): b'\r\n'
2025-04-16 09:32:02 - INFO - logger - log_event - Decoded data (str): 
2025-04-16 09:32:02 - INFO - logger - log_event - Get NULL
2025-04-16 09:32:02 - INFO - logger - log_event - Ответ: {'status': 'ok', 'name': 'Дмитрий', 'surname': 'Волков', 'id': 2}
2025-04-16 09:32:02 - INFO - logger - log_event - Ответ сервера: {'status': 'ok', 'name': 'Дмитрий', 'surname': 'Волков', 'id': 2}
2025-04-16 09:32:02 - INFO - logger - log_event - Данные пользователя в корне ответа: {'status': 'ok', 'name': 'Дмитрий', 'surname': 'Волков', 'id': 2}
2025-04-16 09:32:04 - INFO - logger - log_event - Запрос на создание сессии: {'type': 'startSession', 'name': 'Дмитрий', 'surname': 'Волков', 'work_description': 'Без детали'}
2025-04-16 09:32:04 - INFO - logger - log_event - Запрос: {'type': 'startSession', 'name': 'Дмитрий', 'surname': 'Волков', 'work_description': 'Без детали', 'id': None}
2025-04-16 09:32:05 - INFO - logger - log_event - Ответ: {'status': 'ok'}
2025-04-16 09:32:05 - INFO - logger - log_event - Ответ на создание сессии: {'status': 'ok'}
2025-04-16 09:32:05 - INFO - logger - log_event - Сессия успешно начата: Волков Дмитрий
2025-04-16 09:32:05 - INFO - logger - log_event - Устанавливаем переменную config.user: Волков Дмитрий
2025-04-16 09:32:05 - INFO - logger - log_event - Устанавливаем переменную config.Name: Волков Дмитрий
2025-04-16 09:32:05 - INFO - logger - log_event - Установлено значение config.Name: Волков Дмитрий
2025-04-16 09:32:05 - INFO - logger - log_event - Успешная аутентификация пользователя: Волков Дмитрий
2025-04-16 09:33:41 - INFO - logger - log_event - окно подтверждения открыто
2025-04-16 09:33:42 - INFO - logger - log_event - Данные маркировки подтверждены
2025-04-16 09:33:42 - INFO - logger - log_event - Send to write wSN010_detail..............
2025-04-16 09:33:42 - INFO - logger - log_event - Raw data (bytes): b'\xd0\x9f\xd0\xbe\xd0\xb4\xd0\xbd\xd0\xb5\xd1\x81\xd0\xb8\xd1\x82\xd0\xb5 \xd0\xba\xd0\xb0\xd1\x80\xd1\x82\xd1\x83 \xd0\xb4\xd0\xbb\xd1\x8f \xd0\xb7\xd0\xb0\xd0\xbf\xd0\xb8\xd1\x81\xd0\xb8 \xd0\xb4\xd0\xb0\xd0\xbd\xd0\xbd\xd1\x8b\xd1\x85...SN010_detail....\r\n'
2025-04-16 09:33:42 - INFO - logger - log_event - Decoded data (str): Поднесите карту для записи данных...SN010_detail....
2025-04-16 09:33:42 - INFO - logger - log_event - Ожидание поднесения карты
2025-04-16 09:33:42 - INFO - logger - log_event - Ожидание поднесения карты пользователем
2025-04-16 09:33:44 - INFO - logger - log_event - Успешная запись на метку
2025-04-16 09:33:44 - INFO - logger - log_event - Маркировка вручную: {'type': 'mark', 'name': 'МЕТРАН 150', 'serial': 'SN010', 'time': '2025-04-16 11:33:44'}
2025-04-16 09:33:44 - INFO - logger - log_event - Запрос: {'type': 'mark', 'name': 'МЕТРАН 150', 'serial': 'SN010', 'time': '2025-04-16 11:33:44', 'id': 2}
2025-04-16 09:33:45 - INFO - logger - log_event - Ответ: {'status': 'ok'}
2025-04-16 09:33:45 - INFO - logger - log_event - Ответ от сервера: {'status': 'ok'}
2025-04-16 09:33:53 - INFO - logger - log_event - Login to the admin panel
2025-04-16 09:33:53 - INFO - logger - log_event - Создан поток DatabaseWorker с запросом: {'type': 'allDetails', 'detail': 'МЕТРАН 75'}
2025-04-16 09:33:53 - INFO - logger - log_event - Запрос: {'type': 'allDetails', 'detail': 'МЕТРАН 75', 'id': 2}
2025-04-16 09:33:55 - INFO - logger - log_event - Ответ: {'status': 'error', 'message': 'Details not found'}
2025-04-16 09:33:55 - INFO - logger - log_event - Выполнен запрос к БД: {'type': 'allDetails', 'detail': 'МЕТРАН 75', 'id': 2}
2025-04-16 09:33:55 - INFO - logger - log_event - Запрос: {'type': 'allDetails', 'detail': 'МЕТРАН 75', 'id': 2}
2025-04-16 09:33:55 - INFO - logger - log_event - Ответ: {'status': 'error', 'message': 'Details not found'}
2025-04-16 09:33:55 - INFO - logger - log_event - Выполнен запрос к БД: {'type': 'allDetails', 'detail': 'МЕТРАН 75', 'id': 2}
2025-04-16 09:33:55 - ERROR - logger - log_error - Ошибка: Ошибка при получении данных из базы данных
NoneType: None
2025-04-16 09:33:57 - INFO - logger - log_event - Создан поток DatabaseWorker с запросом: {'type': 'allDetails', 'detail': 'МЕТРАН 150'}
2025-04-16 09:33:57 - INFO - logger - log_event - Запрос: {'type': 'allDetails', 'detail': 'МЕТРАН 150', 'id': 2}
2025-04-16 09:33:57 - INFO - logger - log_event - Ответ: {'status': 'ok', 'data': [{'id': 1, 'name': 'МЕТРАН 150', 'serial_number': 'SN001', 'defective': False, 'stage': 'Хранение', 'sector': 'Сектор 1А', 'time': '{"mark": {"time": "2025-04-15 09:01:20", "user": 4}, "сборка": {"end": "2025-04-15 09:01:28", "user": 4, "start": "2025-04-15 09:01:23"}, "упаковка": {"end": "2025-04-15 09:01:48", "user": 4, "start": "2025-04-15 09:01:46"}, "тестирование": {"end": "2025-04-15 09:01:41", "user": 4, "start": "2025-04-15 09:01:37"}}', 'identified_by': None, 'defect_stage_id': None}, {'id': 2, 'name': 'МЕТРАН 150', 'serial_number': 'SN002', 'defective': True, 'stage': 'Сборка', 'sector': None, 'time': '{"mark": {"time": "2025-04-15 09:04:13", "user": 4}, "сборка": {"end": "2025-04-15 09:04:27", "user": 4, "start": "2025-04-15 09:04:23"}}', 'identified_by': None, 'defect_stage_id': None}, {'id': 7, 'name': 'МЕТРАН 150', 'serial_number': 'SN007', 'defective': False, 'stage': 'Хранение', 'sector': 'Сектор 1Б', 'time': '{"mark": {"time": "2025-04-15 09:13:10", "user": 4}, "сборка": {"end": "2025-04-15 09:13:19", "user": 4, "start": "2025-04-15 09:13:15"}, "упаковка": {"end": "2025-04-15 09:21:11", "user": 4, "start": "2025-04-15 09:21:05"}, "тестирование": {"end": "2025-04-15 09:21:02", "user": 4, "start": "2025-04-15 09:20:55"}}', 'identified_by': None, 'defect_stage_id': None}, {'id': 3, 'name': 'МЕТРАН 150', 'serial_number': 'SN003', 'defective': False, 'stage': 'Хранение', 'sector': 'Сектор 1А', 'time': '{"mark": {"time": "2025-04-15 09:04:47", "user": 4}, "сборка": {"end": "2025-04-15 09:04:59", "user": 4, "start": "2025-04-15 09:04:56"}, "упаковка": {"end": "2025-04-15 09:06:05", "user": 4, "start": "2025-04-15 09:05:47"}, "тестирование": {"end": "2025-04-15 09:05:41", "user": 4, "start": "2025-04-15 09:05:36"}}', 'identified_by': None, 'defect_stage_id': None}, {'id': 4, 'name': 'МЕТРАН 150', 'serial_number': 'SN004', 'defective': False, 'stage': 'Хранение', 'sector': 'Сектор 1А', 'time': '{"mark": {"time": "2025-04-15 09:10:48", "user": 4}, "сборка": {"end": "2025-04-15 09:11:05", "user": 4, "start": "2025-04-15 09:11:00"}, "упаковка": {"end": "2025-04-15 09:11:17", "user": 4, "start": "2025-04-15 09:11:15"}, "тестирование": {"end": "2025-04-15 09:11:12", "user": 4, "start": "2025-04-15 09:11:08"}}', 'identified_by': None, 'defect_stage_id': None}, {'id': 8, 'name': 'МЕТРАН 150', 'serial_number': 'SN008', 'defective': False, 'stage': 'Хранение', 'sector': 'Сектор 1Б', 'time': '{"mark": {"time": "2025-04-15 10:14:59", "user": 5}, "сборка": {"end": "2025-04-15 10:15:14", "user": 5, "start": "2025-04-15 10:15:06"}, "упаковка": {"end": "2025-04-15 10:15:59", "user": 5, "start": "2025-04-15 10:15:42"}, "тестирование": {"end": "2025-04-15 10:15:39", "user": 5, "start": "2025-04-15 10:15:26"}}', 'identified_by': None, 'defect_stage_id': None}, {'id': 9, 'name': 'МЕТРАН 150', 'serial_number': 'SN010', 'defective': False, 'stage': 'Маркировка', 'sector': None, 'time': '{"mark": {"time": "2025-04-16 11:33:44", "user": 2}}', 'identified_by': None, 'defect_stage_id': None}, {'id': 5, 'name': 'МЕТРАН 150', 'serial_number': 'SN005', 'defective': False, 'stage': 'Хранение', 'sector': 'Сектор 1А', 'time': '{"mark": {"time": "2025-04-15 09:11:26", "user": 4}, "сборка": {"end": "2025-04-15 09:11:35", "user": 4, "start": "2025-04-15 09:11:30"}, "упаковка": {"end": "2025-04-15 09:12:04", "user": 4, "start": "2025-04-15 09:11:58"}, "тестирование": {"end": "2025-04-15 09:11:57", "user": 4, "start": "2025-04-15 09:11:44"}}', 'identified_by': None, 'defect_stage_id': None}, {'id': 6, 'name': 'МЕТРАН 150', 'serial_number': 'SN006', 'defective': False, 'stage': 'Хранение', 'sector': 'Сектор 1А', 'time': '{"mark": {"time": "2025-04-15 09:12:12", "user": 4}, "сборка": {"end": "2025-04-15 09:12:17", "user": 4, "start": "2025-04-15 09:12:16"}, "упаковка": {"end": "2025-04-15 09:12:53", "user": 4, "start": "2025-04-15 09:12:48"}, "тестирование": {"end": "2025-04-15 09:12:30", "user": 4, "start": "2025-04-15 09:12:19"}}', 'identified_by': None, 'defect_stage_id': None}]}
2025-04-16 09:33:57 - INFO - logger - log_event - Выполнен запрос к БД: {'type': 'allDetails', 'detail': 'МЕТРАН 150', 'id': 2}
2025-04-16 09:33:57 - INFO - logger - log_event - Создан поток DatabaseWorker с запросом: {'type': 'allDetails', 'detail': 'МЕТРАН 150'}
2025-04-16 09:33:57 - INFO - logger - log_event - Запрос: {'type': 'allDetails', 'detail': 'МЕТРАН 150', 'id': 2}
2025-04-16 09:33:57 - INFO - logger - log_event - Запрос: {'type': 'allDetails', 'detail': 'МЕТРАН 150', 'id': 2}
2025-04-16 09:33:57 - INFO - logger - log_event - Ответ: {'status': 'ok', 'data': [{'id': 1, 'name': 'МЕТРАН 150', 'serial_number': 'SN001', 'defective': False, 'stage': 'Хранение', 'sector': 'Сектор 1А', 'time': '{"mark": {"time": "2025-04-15 09:01:20", "user": 4}, "сборка": {"end": "2025-04-15 09:01:28", "user": 4, "start": "2025-04-15 09:01:23"}, "упаковка": {"end": "2025-04-15 09:01:48", "user": 4, "start": "2025-04-15 09:01:46"}, "тестирование": {"end": "2025-04-15 09:01:41", "user": 4, "start": "2025-04-15 09:01:37"}}', 'identified_by': None, 'defect_stage_id': None}, {'id': 2, 'name': 'МЕТРАН 150', 'serial_number': 'SN002', 'defective': True, 'stage': 'Сборка', 'sector': None, 'time': '{"mark": {"time": "2025-04-15 09:04:13", "user": 4}, "сборка": {"end": "2025-04-15 09:04:27", "user": 4, "start": "2025-04-15 09:04:23"}}', 'identified_by': None, 'defect_stage_id': None}, {'id': 7, 'name': 'МЕТРАН 150', 'serial_number': 'SN007', 'defective': False, 'stage': 'Хранение', 'sector': 'Сектор 1Б', 'time': '{"mark": {"time": "2025-04-15 09:13:10", "user": 4}, "сборка": {"end": "2025-04-15 09:13:19", "user": 4, "start": "2025-04-15 09:13:15"}, "упаковка": {"end": "2025-04-15 09:21:11", "user": 4, "start": "2025-04-15 09:21:05"}, "тестирование": {"end": "2025-04-15 09:21:02", "user": 4, "start": "2025-04-15 09:20:55"}}', 'identified_by': None, 'defect_stage_id': None}, {'id': 3, 'name': 'МЕТРАН 150', 'serial_number': 'SN003', 'defective': False, 'stage': 'Хранение', 'sector': 'Сектор 1А', 'time': '{"mark": {"time": "2025-04-15 09:04:47", "user": 4}, "сборка": {"end": "2025-04-15 09:04:59", "user": 4, "start": "2025-04-15 09:04:56"}, "упаковка": {"end": "2025-04-15 09:06:05", "user": 4, "start": "2025-04-15 09:05:47"}, "тестирование": {"end": "2025-04-15 09:05:41", "user": 4, "start": "2025-04-15 09:05:36"}}', 'identified_by': None, 'defect_stage_id': None}, {'id': 4, 'name': 'МЕТРАН 150', 'serial_number': 'SN004', 'defective': False, 'stage': 'Хранение', 'sector': 'Сектор 1А', 'time': '{"mark": {"time": "2025-04-15 09:10:48", "user": 4}, "сборка": {"end": "2025-04-15 09:11:05", "user": 4, "start": "2025-04-15 09:11:00"}, "упаковка": {"end": "2025-04-15 09:11:17", "user": 4, "start": "2025-04-15 09:11:15"}, "тестирование": {"end": "2025-04-15 09:11:12", "user": 4, "start": "2025-04-15 09:11:08"}}', 'identified_by': None, 'defect_stage_id': None}, {'id': 8, 'name': 'МЕТРАН 150', 'serial_number': 'SN008', 'defective': False, 'stage': 'Хранение', 'sector': 'Сектор 1Б', 'time': '{"mark": {"time": "2025-04-15 10:14:59", "user": 5}, "сборка": {"end": "2025-04-15 10:15:14", "user": 5, "start": "2025-04-15 10:15:06"}, "упаковка": {"end": "2025-04-15 10:15:59", "user": 5, "start": "2025-04-15 10:15:42"}, "тестирование": {"end": "2025-04-15 10:15:39", "user": 5, "start": "2025-04-15 10:15:26"}}', 'identified_by': None, 'defect_stage_id': None}, {'id': 9, 'name': 'МЕТРАН 150', 'serial_number': 'SN010', 'defective': False, 'stage': 'Маркировка', 'sector': None, 'time': '{"mark": {"time": "2025-04-16 11:33:44", "user": 2}}', 'identified_by': None, 'defect_stage_id': None}, {'id': 5, 'name': 'МЕТРАН 150', 'serial_number': 'SN005', 'defective': False, 'stage': 'Хранение', 'sector': 'Сектор 1А', 'time': '{"mark": {"time": "2025-04-15 09:11:26", "user": 4}, "сборка": {"end": "2025-04-15 09:11:35", "user": 4, "start": "2025-04-15 09:11:30"}, "упаковка": {"end": "2025-04-15 09:12:04", "user": 4, "start": "2025-04-15 09:11:58"}, "тестирование": {"end": "2025-04-15 09:11:57", "user": 4, "start": "2025-04-15 09:11:44"}}', 'identified_by': None, 'defect_stage_id': None}, {'id': 6, 'name': 'МЕТРАН 150', 'serial_number': 'SN006', 'defective': False, 'stage': 'Хранение', 'sector': 'Сектор 1А', 'time': '{"mark": {"time": "2025-04-15 09:12:12", "user": 4}, "сборка": {"end": "2025-04-15 09:12:17", "user": 4, "start": "2025-04-15 09:12:16"}, "упаковка": {"end": "2025-04-15 09:12:53", "user": 4, "start": "2025-04-15 09:12:48"}, "тестирование": {"end": "2025-04-15 09:12:30", "user": 4, "start": "2025-04-15 09:12:19"}}', 'identified_by': None, 'defect_stage_id': None}]}
2025-04-16 09:33:57 - INFO - logger - log_event - Выполнен запрос к БД: {'type': 'allDetails', 'detail': 'МЕТРАН 150', 'id': 2}
2025-04-16 09:33:57 - INFO - logger - log_event - Ответ: {'status': 'ok', 'data': [{'id': 1, 'name': 'МЕТРАН 150', 'serial_number': 'SN001', 'defective': False, 'stage': 'Хранение', 'sector': 'Сектор 1А', 'time': '{"mark": {"time": "2025-04-15 09:01:20", "user": 4}, "сборка": {"end": "2025-04-15 09:01:28", "user": 4, "start": "2025-04-15 09:01:23"}, "упаковка": {"end": "2025-04-15 09:01:48", "user": 4, "start": "2025-04-15 09:01:46"}, "тестирование": {"end": "2025-04-15 09:01:41", "user": 4, "start": "2025-04-15 09:01:37"}}', 'identified_by': None, 'defect_stage_id': None}, {'id': 2, 'name': 'МЕТРАН 150', 'serial_number': 'SN002', 'defective': True, 'stage': 'Сборка', 'sector': None, 'time': '{"mark": {"time": "2025-04-15 09:04:13", "user": 4}, "сборка": {"end": "2025-04-15 09:04:27", "user": 4, "start": "2025-04-15 09:04:23"}}', 'identified_by': None, 'defect_stage_id': None}, {'id': 7, 'name': 'МЕТРАН 150', 'serial_number': 'SN007', 'defective': False, 'stage': 'Хранение', 'sector': 'Сектор 1Б', 'time': '{"mark": {"time": "2025-04-15 09:13:10", "user": 4}, "сборка": {"end": "2025-04-15 09:13:19", "user": 4, "start": "2025-04-15 09:13:15"}, "упаковка": {"end": "2025-04-15 09:21:11", "user": 4, "start": "2025-04-15 09:21:05"}, "тестирование": {"end": "2025-04-15 09:21:02", "user": 4, "start": "2025-04-15 09:20:55"}}', 'identified_by': None, 'defect_stage_id': None}, {'id': 3, 'name': 'МЕТРАН 150', 'serial_number': 'SN003', 'defective': False, 'stage': 'Хранение', 'sector': 'Сектор 1А', 'time': '{"mark": {"time": "2025-04-15 09:04:47", "user": 4}, "сборка": {"end": "2025-04-15 09:04:59", "user": 4, "start": "2025-04-15 09:04:56"}, "упаковка": {"end": "2025-04-15 09:06:05", "user": 4, "start": "2025-04-15 09:05:47"}, "тестирование": {"end": "2025-04-15 09:05:41", "user": 4, "start": "2025-04-15 09:05:36"}}', 'identified_by': None, 'defect_stage_id': None}, {'id': 4, 'name': 'МЕТРАН 150', 'serial_number': 'SN004', 'defective': False, 'stage': 'Хранение', 'sector': 'Сектор 1А', 'time': '{"mark": {"time": "2025-04-15 09:10:48", "user": 4}, "сборка": {"end": "2025-04-15 09:11:05", "user": 4, "start": "2025-04-15 09:11:00"}, "упаковка": {"end": "2025-04-15 09:11:17", "user": 4, "start": "2025-04-15 09:11:15"}, "тестирование": {"end": "2025-04-15 09:11:12", "user": 4, "start": "2025-04-15 09:11:08"}}', 'identified_by': None, 'defect_stage_id': None}, {'id': 8, 'name': 'МЕТРАН 150', 'serial_number': 'SN008', 'defective': False, 'stage': 'Хранение', 'sector': 'Сектор 1Б', 'time': '{"mark": {"time": "2025-04-15 10:14:59", "user": 5}, "сборка": {"end": "2025-04-15 10:15:14", "user": 5, "start": "2025-04-15 10:15:06"}, "упаковка": {"end": "2025-04-15 10:15:59", "user": 5, "start": "2025-04-15 10:15:42"}, "тестирование": {"end": "2025-04-15 10:15:39", "user": 5, "start": "2025-04-15 10:15:26"}}', 'identified_by': None, 'defect_stage_id': None}, {'id': 9, 'name': 'МЕТРАН 150', 'serial_number': 'SN010', 'defective': False, 'stage': 'Маркировка', 'sector': None, 'time': '{"mark": {"time": "2025-04-16 11:33:44", "user": 2}}', 'identified_by': None, 'defect_stage_id': None}, {'id': 5, 'name': 'МЕТРАН 150', 'serial_number': 'SN005', 'defective': False, 'stage': 'Хранение', 'sector': 'Сектор 1А', 'time': '{"mark": {"time": "2025-04-15 09:11:26", "user": 4}, "сборка": {"end": "2025-04-15 09:11:35", "user": 4, "start": "2025-04-15 09:11:30"}, "упаковка": {"end": "2025-04-15 09:12:04", "user": 4, "start": "2025-04-15 09:11:58"}, "тестирование": {"end": "2025-04-15 09:11:57", "user": 4, "start": "2025-04-15 09:11:44"}}', 'identified_by': None, 'defect_stage_id': None}, {'id': 6, 'name': 'МЕТРАН 150', 'serial_number': 'SN006', 'defective': False, 'stage': 'Хранение', 'sector': 'Сектор 1А', 'time': '{"mark": {"time": "2025-04-15 09:12:12", "user": 4}, "сборка": {"end": "2025-04-15 09:12:17", "user": 4, "start": "2025-04-15 09:12:16"}, "упаковка": {"end": "2025-04-15 09:12:53", "user": 4, "start": "2025-04-15 09:12:48"}, "тестирование": {"end": "2025-04-15 09:12:30", "user": 4, "start": "2025-04-15 09:12:19"}}', 'identified_by': None, 'defect_stage_id': None}]}
2025-04-16 09:33:57 - INFO - logger - log_event - Выполнен запрос к БД: {'type': 'allDetails', 'detail': 'МЕТРАН 150', 'id': 2}
2025-04-16 09:33:57 - INFO - logger - log_event - Создан поток DatabaseWorker с запросом: {'type': 'allDetails', 'detail': 'МЕТРАН 150'}
2025-04-16 09:33:57 - INFO - logger - log_event - Запрос: {'type': 'allDetails', 'detail': 'МЕТРАН 150', 'id': 2}
2025-04-16 09:33:57 - INFO - logger - log_event - Запрос: {'type': 'allDetails', 'detail': 'МЕТРАН 150', 'id': 2}
2025-04-16 09:33:57 - INFO - logger - log_event - Ответ: {'status': 'ok', 'data': [{'id': 1, 'name': 'МЕТРАН 150', 'serial_number': 'SN001', 'defective': False, 'stage': 'Хранение', 'sector': 'Сектор 1А', 'time': '{"mark": {"time": "2025-04-15 09:01:20", "user": 4}, "сборка": {"end": "2025-04-15 09:01:28", "user": 4, "start": "2025-04-15 09:01:23"}, "упаковка": {"end": "2025-04-15 09:01:48", "user": 4, "start": "2025-04-15 09:01:46"}, "тестирование": {"end": "2025-04-15 09:01:41", "user": 4, "start": "2025-04-15 09:01:37"}}', 'identified_by': None, 'defect_stage_id': None}, {'id': 2, 'name': 'МЕТРАН 150', 'serial_number': 'SN002', 'defective': True, 'stage': 'Сборка', 'sector': None, 'time': '{"mark": {"time": "2025-04-15 09:04:13", "user": 4}, "сборка": {"end": "2025-04-15 09:04:27", "user": 4, "start": "2025-04-15 09:04:23"}}', 'identified_by': None, 'defect_stage_id': None}, {'id': 7, 'name': 'МЕТРАН 150', 'serial_number': 'SN007', 'defective': False, 'stage': 'Хранение', 'sector': 'Сектор 1Б', 'time': '{"mark": {"time": "2025-04-15 09:13:10", "user": 4}, "сборка": {"end": "2025-04-15 09:13:19", "user": 4, "start": "2025-04-15 09:13:15"}, "упаковка": {"end": "2025-04-15 09:21:11", "user": 4, "start": "2025-04-15 09:21:05"}, "тестирование": {"end": "2025-04-15 09:21:02", "user": 4, "start": "2025-04-15 09:20:55"}}', 'identified_by': None, 'defect_stage_id': None}, {'id': 3, 'name': 'МЕТРАН 150', 'serial_number': 'SN003', 'defective': False, 'stage': 'Хранение', 'sector': 'Сектор 1А', 'time': '{"mark": {"time": "2025-04-15 09:04:47", "user": 4}, "сборка": {"end": "2025-04-15 09:04:59", "user": 4, "start": "2025-04-15 09:04:56"}, "упаковка": {"end": "2025-04-15 09:06:05", "user": 4, "start": "2025-04-15 09:05:47"}, "тестирование": {"end": "2025-04-15 09:05:41", "user": 4, "start": "2025-04-15 09:05:36"}}', 'identified_by': None, 'defect_stage_id': None}, {'id': 4, 'name': 'МЕТРАН 150', 'serial_number': 'SN004', 'defective': False, 'stage': 'Хранение', 'sector': 'Сектор 1А', 'time': '{"mark": {"time": "2025-04-15 09:10:48", "user": 4}, "сборка": {"end": "2025-04-15 09:11:05", "user": 4, "start": "2025-04-15 09:11:00"}, "упаковка": {"end": "2025-04-15 09:11:17", "user": 4, "start": "2025-04-15 09:11:15"}, "тестирование": {"end": "2025-04-15 09:11:12", "user": 4, "start": "2025-04-15 09:11:08"}}', 'identified_by': None, 'defect_stage_id': None}, {'id': 8, 'name': 'МЕТРАН 150', 'serial_number': 'SN008', 'defective': False, 'stage': 'Хранение', 'sector': 'Сектор 1Б', 'time': '{"mark": {"time": "2025-04-15 10:14:59", "user": 5}, "сборка": {"end": "2025-04-15 10:15:14", "user": 5, "start": "2025-04-15 10:15:06"}, "упаковка": {"end": "2025-04-15 10:15:59", "user": 5, "start": "2025-04-15 10:15:42"}, "тестирование": {"end": "2025-04-15 10:15:39", "user": 5, "start": "2025-04-15 10:15:26"}}', 'identified_by': None, 'defect_stage_id': None}, {'id': 9, 'name': 'МЕТРАН 150', 'serial_number': 'SN010', 'defective': False, 'stage': 'Маркировка', 'sector': None, 'time': '{"mark": {"time": "2025-04-16 11:33:44", "user": 2}}', 'identified_by': None, 'defect_stage_id': None}, {'id': 5, 'name': 'МЕТРАН 150', 'serial_number': 'SN005', 'defective': False, 'stage': 'Хранение', 'sector': 'Сектор 1А', 'time': '{"mark": {"time": "2025-04-15 09:11:26", "user": 4}, "сборка": {"end": "2025-04-15 09:11:35", "user": 4, "start": "2025-04-15 09:11:30"}, "упаковка": {"end": "2025-04-15 09:12:04", "user": 4, "start": "2025-04-15 09:11:58"}, "тестирование": {"end": "2025-04-15 09:11:57", "user": 4, "start": "2025-04-15 09:11:44"}}', 'identified_by': None, 'defect_stage_id': None}, {'id': 6, 'name': 'МЕТРАН 150', 'serial_number': 'SN006', 'defective': False, 'stage': 'Хранение', 'sector': 'Сектор 1А', 'time': '{"mark": {"time": "2025-04-15 09:12:12", "user": 4}, "сборка": {"end": "2025-04-15 09:12:17", "user": 4, "start": "2025-04-15 09:12:16"}, "упаковка": {"end": "2025-04-15 09:12:53", "user": 4, "start": "2025-04-15 09:12:48"}, "тестирование": {"end": "2025-04-15 09:12:30", "user": 4, "start": "2025-04-15 09:12:19"}}', 'identified_by': None, 'defect_stage_id': None}]}
2025-04-16 09:33:57 - INFO - logger - log_event - Ответ: {'status': 'ok', 'data': [{'id': 1, 'name': 'МЕТРАН 150', 'serial_number': 'SN001', 'defective': False, 'stage': 'Хранение', 'sector': 'Сектор 1А', 'time': '{"mark": {"time": "2025-04-15 09:01:20", "user": 4}, "сборка": {"end": "2025-04-15 09:01:28", "user": 4, "start": "2025-04-15 09:01:23"}, "упаковка": {"end": "2025-04-15 09:01:48", "user": 4, "start": "2025-04-15 09:01:46"}, "тестирование": {"end": "2025-04-15 09:01:41", "user": 4, "start": "2025-04-15 09:01:37"}}', 'identified_by': None, 'defect_stage_id': None}, {'id': 2, 'name': 'МЕТРАН 150', 'serial_number': 'SN002', 'defective': True, 'stage': 'Сборка', 'sector': None, 'time': '{"mark": {"time": "2025-04-15 09:04:13", "user": 4}, "сборка": {"end": "2025-04-15 09:04:27", "user": 4, "start": "2025-04-15 09:04:23"}}', 'identified_by': None, 'defect_stage_id': None}, {'id': 7, 'name': 'МЕТРАН 150', 'serial_number': 'SN007', 'defective': False, 'stage': 'Хранение', 'sector': 'Сектор 1Б', 'time': '{"mark": {"time": "2025-04-15 09:13:10", "user": 4}, "сборка": {"end": "2025-04-15 09:13:19", "user": 4, "start": "2025-04-15 09:13:15"}, "упаковка": {"end": "2025-04-15 09:21:11", "user": 4, "start": "2025-04-15 09:21:05"}, "тестирование": {"end": "2025-04-15 09:21:02", "user": 4, "start": "2025-04-15 09:20:55"}}', 'identified_by': None, 'defect_stage_id': None}, {'id': 3, 'name': 'МЕТРАН 150', 'serial_number': 'SN003', 'defective': False, 'stage': 'Хранение', 'sector': 'Сектор 1А', 'time': '{"mark": {"time": "2025-04-15 09:04:47", "user": 4}, "сборка": {"end": "2025-04-15 09:04:59", "user": 4, "start": "2025-04-15 09:04:56"}, "упаковка": {"end": "2025-04-15 09:06:05", "user": 4, "start": "2025-04-15 09:05:47"}, "тестирование": {"end": "2025-04-15 09:05:41", "user": 4, "start": "2025-04-15 09:05:36"}}', 'identified_by': None, 'defect_stage_id': None}, {'id': 4, 'name': 'МЕТРАН 150', 'serial_number': 'SN004', 'defective': False, 'stage': 'Хранение', 'sector': 'Сектор 1А', 'time': '{"mark": {"time": "2025-04-15 09:10:48", "user": 4}, "сборка": {"end": "2025-04-15 09:11:05", "user": 4, "start": "2025-04-15 09:11:00"}, "упаковка": {"end": "2025-04-15 09:11:17", "user": 4, "start": "2025-04-15 09:11:15"}, "тестирование": {"end": "2025-04-15 09:11:12", "user": 4, "start": "2025-04-15 09:11:08"}}', 'identified_by': None, 'defect_stage_id': None}, {'id': 8, 'name': 'МЕТРАН 150', 'serial_number': 'SN008', 'defective': False, 'stage': 'Хранение', 'sector': 'Сектор 1Б', 'time': '{"mark": {"time": "2025-04-15 10:14:59", "user": 5}, "сборка": {"end": "2025-04-15 10:15:14", "user": 5, "start": "2025-04-15 10:15:06"}, "упаковка": {"end": "2025-04-15 10:15:59", "user": 5, "start": "2025-04-15 10:15:42"}, "тестирование": {"end": "2025-04-15 10:15:39", "user": 5, "start": "2025-04-15 10:15:26"}}', 'identified_by': None, 'defect_stage_id': None}, {'id': 9, 'name': 'МЕТРАН 150', 'serial_number': 'SN010', 'defective': False, 'stage': 'Маркировка', 'sector': None, 'time': '{"mark": {"time": "2025-04-16 11:33:44", "user": 2}}', 'identified_by': None, 'defect_stage_id': None}, {'id': 5, 'name': 'МЕТРАН 150', 'serial_number': 'SN005', 'defective': False, 'stage': 'Хранение', 'sector': 'Сектор 1А', 'time': '{"mark": {"time": "2025-04-15 09:11:26", "user": 4}, "сборка": {"end": "2025-04-15 09:11:35", "user": 4, "start": "2025-04-15 09:11:30"}, "упаковка": {"end": "2025-04-15 09:12:04", "user": 4, "start": "2025-04-15 09:11:58"}, "тестирование": {"end": "2025-04-15 09:11:57", "user": 4, "start": "2025-04-15 09:11:44"}}', 'identified_by': None, 'defect_stage_id': None}, {'id': 6, 'name': 'МЕТРАН 150', 'serial_number': 'SN006', 'defective': False, 'stage': 'Хранение', 'sector': 'Сектор 1А', 'time': '{"mark": {"time": "2025-04-15 09:12:12", "user": 4}, "сборка": {"end": "2025-04-15 09:12:17", "user": 4, "start": "2025-04-15 09:12:16"}, "упаковка": {"end": "2025-04-15 09:12:53", "user": 4, "start": "2025-04-15 09:12:48"}, "тестирование": {"end": "2025-04-15 09:12:30", "user": 4, "start": "2025-04-15 09:12:19"}}', 'identified_by': None, 'defect_stage_id': None}]}
2025-04-16 09:33:57 - INFO - logger - log_event - Выполнен запрос к БД: {'type': 'allDetails', 'detail': 'МЕТРАН 150', 'id': 2}
2025-04-16 09:33:57 - INFO - logger - log_event - Выполнен запрос к БД: {'type': 'allDetails', 'detail': 'МЕТРАН 150', 'id': 2}
2025-04-16 09:33:57 - INFO - logger - log_event - Запрос: {'type': 'allDetails', 'detail': 'МЕТРАН 150', 'id': 2}
2025-04-16 09:33:57 - INFO - logger - log_event - Ответ: {'status': 'ok', 'data': [{'id': 1, 'name': 'МЕТРАН 150', 'serial_number': 'SN001', 'defective': False, 'stage': 'Хранение', 'sector': 'Сектор 1А', 'time': '{"mark": {"time": "2025-04-15 09:01:20", "user": 4}, "сборка": {"end": "2025-04-15 09:01:28", "user": 4, "start": "2025-04-15 09:01:23"}, "упаковка": {"end": "2025-04-15 09:01:48", "user": 4, "start": "2025-04-15 09:01:46"}, "тестирование": {"end": "2025-04-15 09:01:41", "user": 4, "start": "2025-04-15 09:01:37"}}', 'identified_by': None, 'defect_stage_id': None}, {'id': 2, 'name': 'МЕТРАН 150', 'serial_number': 'SN002', 'defective': True, 'stage': 'Сборка', 'sector': None, 'time': '{"mark": {"time": "2025-04-15 09:04:13", "user": 4}, "сборка": {"end": "2025-04-15 09:04:27", "user": 4, "start": "2025-04-15 09:04:23"}}', 'identified_by': None, 'defect_stage_id': None}, {'id': 7, 'name': 'МЕТРАН 150', 'serial_number': 'SN007', 'defective': False, 'stage': 'Хранение', 'sector': 'Сектор 1Б', 'time': '{"mark": {"time": "2025-04-15 09:13:10", "user": 4}, "сборка": {"end": "2025-04-15 09:13:19", "user": 4, "start": "2025-04-15 09:13:15"}, "упаковка": {"end": "2025-04-15 09:21:11", "user": 4, "start": "2025-04-15 09:21:05"}, "тестирование": {"end": "2025-04-15 09:21:02", "user": 4, "start": "2025-04-15 09:20:55"}}', 'identified_by': None, 'defect_stage_id': None}, {'id': 3, 'name': 'МЕТРАН 150', 'serial_number': 'SN003', 'defective': False, 'stage': 'Хранение', 'sector': 'Сектор 1А', 'time': '{"mark": {"time": "2025-04-15 09:04:47", "user": 4}, "сборка": {"end": "2025-04-15 09:04:59", "user": 4, "start": "2025-04-15 09:04:56"}, "упаковка": {"end": "2025-04-15 09:06:05", "user": 4, "start": "2025-04-15 09:05:47"}, "тестирование": {"end": "2025-04-15 09:05:41", "user": 4, "start": "2025-04-15 09:05:36"}}', 'identified_by': None, 'defect_stage_id': None}, {'id': 4, 'name': 'МЕТРАН 150', 'serial_number': 'SN004', 'defective': False, 'stage': 'Хранение', 'sector': 'Сектор 1А', 'time': '{"mark": {"time": "2025-04-15 09:10:48", "user": 4}, "сборка": {"end": "2025-04-15 09:11:05", "user": 4, "start": "2025-04-15 09:11:00"}, "упаковка": {"end": "2025-04-15 09:11:17", "user": 4, "start": "2025-04-15 09:11:15"}, "тестирование": {"end": "2025-04-15 09:11:12", "user": 4, "start": "2025-04-15 09:11:08"}}', 'identified_by': None, 'defect_stage_id': None}, {'id': 8, 'name': 'МЕТРАН 150', 'serial_number': 'SN008', 'defective': False, 'stage': 'Хранение', 'sector': 'Сектор 1Б', 'time': '{"mark": {"time": "2025-04-15 10:14:59", "user": 5}, "сборка": {"end": "2025-04-15 10:15:14", "user": 5, "start": "2025-04-15 10:15:06"}, "упаковка": {"end": "2025-04-15 10:15:59", "user": 5, "start": "2025-04-15 10:15:42"}, "тестирование": {"end": "2025-04-15 10:15:39", "user": 5, "start": "2025-04-15 10:15:26"}}', 'identified_by': None, 'defect_stage_id': None}, {'id': 9, 'name': 'МЕТРАН 150', 'serial_number': 'SN010', 'defective': False, 'stage': 'Маркировка', 'sector': None, 'time': '{"mark": {"time": "2025-04-16 11:33:44", "user": 2}}', 'identified_by': None, 'defect_stage_id': None}, {'id': 5, 'name': 'МЕТРАН 150', 'serial_number': 'SN005', 'defective': False, 'stage': 'Хранение', 'sector': 'Сектор 1А', 'time': '{"mark": {"time": "2025-04-15 09:11:26", "user": 4}, "сборка": {"end": "2025-04-15 09:11:35", "user": 4, "start": "2025-04-15 09:11:30"}, "упаковка": {"end": "2025-04-15 09:12:04", "user": 4, "start": "2025-04-15 09:11:58"}, "тестирование": {"end": "2025-04-15 09:11:57", "user": 4, "start": "2025-04-15 09:11:44"}}', 'identified_by': None, 'defect_stage_id': None}, {'id': 6, 'name': 'МЕТРАН 150', 'serial_number': 'SN006', 'defective': False, 'stage': 'Хранение', 'sector': 'Сектор 1А', 'time': '{"mark": {"time": "2025-04-15 09:12:12", "user": 4}, "сборка": {"end": "2025-04-15 09:12:17", "user": 4, "start": "2025-04-15 09:12:16"}, "упаковка": {"end": "2025-04-15 09:12:53", "user": 4, "start": "2025-04-15 09:12:48"}, "тестирование": {"end": "2025-04-15 09:12:30", "user": 4, "start": "2025-04-15 09:12:19"}}', 'identified_by': None, 'defect_stage_id': None}]}
2025-04-16 09:33:57 - INFO - logger - log_event - Выполнен запрос к БД: {'type': 'allDetails', 'detail': 'МЕТРАН 150', 'id': 2}
2025-04-16 09:34:12 - INFO - logger - log_event - Создан поток DatabaseWorker с запросом: {'type': 'allDetails', 'detail': 'МЕТРАН 150'}
2025-04-16 09:34:12 - INFO - logger - log_event - Запрос: {'type': 'allDetails', 'detail': 'МЕТРАН 150', 'id': 2}
2025-04-16 09:34:12 - INFO - logger - log_event - Ответ: {'status': 'ok', 'data': [{'id': 1, 'name': 'МЕТРАН 150', 'serial_number': 'SN001', 'defective': False, 'stage': 'Хранение', 'sector': 'Сектор 1А', 'time': '{"mark": {"time": "2025-04-15 09:01:20", "user": 4}, "сборка": {"end": "2025-04-15 09:01:28", "user": 4, "start": "2025-04-15 09:01:23"}, "упаковка": {"end": "2025-04-15 09:01:48", "user": 4, "start": "2025-04-15 09:01:46"}, "тестирование": {"end": "2025-04-15 09:01:41", "user": 4, "start": "2025-04-15 09:01:37"}}', 'identified_by': None, 'defect_stage_id': None}, {'id': 2, 'name': 'МЕТРАН 150', 'serial_number': 'SN002', 'defective': True, 'stage': 'Сборка', 'sector': None, 'time': '{"mark": {"time": "2025-04-15 09:04:13", "user": 4}, "сборка": {"end": "2025-04-15 09:04:27", "user": 4, "start": "2025-04-15 09:04:23"}}', 'identified_by': None, 'defect_stage_id': None}, {'id': 7, 'name': 'МЕТРАН 150', 'serial_number': 'SN007', 'defective': False, 'stage': 'Хранение', 'sector': 'Сектор 1Б', 'time': '{"mark": {"time": "2025-04-15 09:13:10", "user": 4}, "сборка": {"end": "2025-04-15 09:13:19", "user": 4, "start": "2025-04-15 09:13:15"}, "упаковка": {"end": "2025-04-15 09:21:11", "user": 4, "start": "2025-04-15 09:21:05"}, "тестирование": {"end": "2025-04-15 09:21:02", "user": 4, "start": "2025-04-15 09:20:55"}}', 'identified_by': None, 'defect_stage_id': None}, {'id': 3, 'name': 'МЕТРАН 150', 'serial_number': 'SN003', 'defective': False, 'stage': 'Хранение', 'sector': 'Сектор 1А', 'time': '{"mark": {"time": "2025-04-15 09:04:47", "user": 4}, "сборка": {"end": "2025-04-15 09:04:59", "user": 4, "start": "2025-04-15 09:04:56"}, "упаковка": {"end": "2025-04-15 09:06:05", "user": 4, "start": "2025-04-15 09:05:47"}, "тестирование": {"end": "2025-04-15 09:05:41", "user": 4, "start": "2025-04-15 09:05:36"}}', 'identified_by': None, 'defect_stage_id': None}, {'id': 4, 'name': 'МЕТРАН 150', 'serial_number': 'SN004', 'defective': False, 'stage': 'Хранение', 'sector': 'Сектор 1А', 'time': '{"mark": {"time": "2025-04-15 09:10:48", "user": 4}, "сборка": {"end": "2025-04-15 09:11:05", "user": 4, "start": "2025-04-15 09:11:00"}, "упаковка": {"end": "2025-04-15 09:11:17", "user": 4, "start": "2025-04-15 09:11:15"}, "тестирование": {"end": "2025-04-15 09:11:12", "user": 4, "start": "2025-04-15 09:11:08"}}', 'identified_by': None, 'defect_stage_id': None}, {'id': 8, 'name': 'МЕТРАН 150', 'serial_number': 'SN008', 'defective': False, 'stage': 'Хранение', 'sector': 'Сектор 1Б', 'time': '{"mark": {"time": "2025-04-15 10:14:59", "user": 5}, "сборка": {"end": "2025-04-15 10:15:14", "user": 5, "start": "2025-04-15 10:15:06"}, "упаковка": {"end": "2025-04-15 10:15:59", "user": 5, "start": "2025-04-15 10:15:42"}, "тестирование": {"end": "2025-04-15 10:15:39", "user": 5, "start": "2025-04-15 10:15:26"}}', 'identified_by': None, 'defect_stage_id': None}, {'id': 9, 'name': 'МЕТРАН 150', 'serial_number': 'SN010', 'defective': False, 'stage': 'Маркировка', 'sector': None, 'time': '{"mark": {"time": "2025-04-16 11:33:44", "user": 2}}', 'identified_by': None, 'defect_stage_id': None}, {'id': 5, 'name': 'МЕТРАН 150', 'serial_number': 'SN005', 'defective': False, 'stage': 'Хранение', 'sector': 'Сектор 1А', 'time': '{"mark": {"time": "2025-04-15 09:11:26", "user": 4}, "сборка": {"end": "2025-04-15 09:11:35", "user": 4, "start": "2025-04-15 09:11:30"}, "упаковка": {"end": "2025-04-15 09:12:04", "user": 4, "start": "2025-04-15 09:11:58"}, "тестирование": {"end": "2025-04-15 09:11:57", "user": 4, "start": "2025-04-15 09:11:44"}}', 'identified_by': None, 'defect_stage_id': None}, {'id': 6, 'name': 'МЕТРАН 150', 'serial_number': 'SN006', 'defective': False, 'stage': 'Хранение', 'sector': 'Сектор 1А', 'time': '{"mark": {"time": "2025-04-15 09:12:12", "user": 4}, "сборка": {"end": "2025-04-15 09:12:17", "user": 4, "start": "2025-04-15 09:12:16"}, "упаковка": {"end": "2025-04-15 09:12:53", "user": 4, "start": "2025-04-15 09:12:48"}, "тестирование": {"end": "2025-04-15 09:12:30", "user": 4, "start": "2025-04-15 09:12:19"}}', 'identified_by': None, 'defect_stage_id': None}]}
2025-04-16 09:34:12 - INFO - logger - log_event - Выполнен запрос к БД: {'type': 'allDetails', 'detail': 'МЕТРАН 150', 'id': 2}
2025-04-16 09:34:12 - INFO - logger - log_event - Запрос: {'type': 'allDetails', 'detail': 'МЕТРАН 150', 'id': 2}
2025-04-16 09:34:12 - INFO - logger - log_event - Ответ: {'status': 'ok', 'data': [{'id': 1, 'name': 'МЕТРАН 150', 'serial_number': 'SN001', 'defective': False, 'stage': 'Хранение', 'sector': 'Сектор 1А', 'time': '{"mark": {"time": "2025-04-15 09:01:20", "user": 4}, "сборка": {"end": "2025-04-15 09:01:28", "user": 4, "start": "2025-04-15 09:01:23"}, "упаковка": {"end": "2025-04-15 09:01:48", "user": 4, "start": "2025-04-15 09:01:46"}, "тестирование": {"end": "2025-04-15 09:01:41", "user": 4, "start": "2025-04-15 09:01:37"}}', 'identified_by': None, 'defect_stage_id': None}, {'id': 2, 'name': 'МЕТРАН 150', 'serial_number': 'SN002', 'defective': True, 'stage': 'Сборка', 'sector': None, 'time': '{"mark": {"time": "2025-04-15 09:04:13", "user": 4}, "сборка": {"end": "2025-04-15 09:04:27", "user": 4, "start": "2025-04-15 09:04:23"}}', 'identified_by': None, 'defect_stage_id': None}, {'id': 7, 'name': 'МЕТРАН 150', 'serial_number': 'SN007', 'defective': False, 'stage': 'Хранение', 'sector': 'Сектор 1Б', 'time': '{"mark": {"time": "2025-04-15 09:13:10", "user": 4}, "сборка": {"end": "2025-04-15 09:13:19", "user": 4, "start": "2025-04-15 09:13:15"}, "упаковка": {"end": "2025-04-15 09:21:11", "user": 4, "start": "2025-04-15 09:21:05"}, "тестирование": {"end": "2025-04-15 09:21:02", "user": 4, "start": "2025-04-15 09:20:55"}}', 'identified_by': None, 'defect_stage_id': None}, {'id': 3, 'name': 'МЕТРАН 150', 'serial_number': 'SN003', 'defective': False, 'stage': 'Хранение', 'sector': 'Сектор 1А', 'time': '{"mark": {"time": "2025-04-15 09:04:47", "user": 4}, "сборка": {"end": "2025-04-15 09:04:59", "user": 4, "start": "2025-04-15 09:04:56"}, "упаковка": {"end": "2025-04-15 09:06:05", "user": 4, "start": "2025-04-15 09:05:47"}, "тестирование": {"end": "2025-04-15 09:05:41", "user": 4, "start": "2025-04-15 09:05:36"}}', 'identified_by': None, 'defect_stage_id': None}, {'id': 4, 'name': 'МЕТРАН 150', 'serial_number': 'SN004', 'defective': False, 'stage': 'Хранение', 'sector': 'Сектор 1А', 'time': '{"mark": {"time": "2025-04-15 09:10:48", "user": 4}, "сборка": {"end": "2025-04-15 09:11:05", "user": 4, "start": "2025-04-15 09:11:00"}, "упаковка": {"end": "2025-04-15 09:11:17", "user": 4, "start": "2025-04-15 09:11:15"}, "тестирование": {"end": "2025-04-15 09:11:12", "user": 4, "start": "2025-04-15 09:11:08"}}', 'identified_by': None, 'defect_stage_id': None}, {'id': 8, 'name': 'МЕТРАН 150', 'serial_number': 'SN008', 'defective': False, 'stage': 'Хранение', 'sector': 'Сектор 1Б', 'time': '{"mark": {"time": "2025-04-15 10:14:59", "user": 5}, "сборка": {"end": "2025-04-15 10:15:14", "user": 5, "start": "2025-04-15 10:15:06"}, "упаковка": {"end": "2025-04-15 10:15:59", "user": 5, "start": "2025-04-15 10:15:42"}, "тестирование": {"end": "2025-04-15 10:15:39", "user": 5, "start": "2025-04-15 10:15:26"}}', 'identified_by': None, 'defect_stage_id': None}, {'id': 9, 'name': 'МЕТРАН 150', 'serial_number': 'SN010', 'defective': False, 'stage': 'Маркировка', 'sector': None, 'time': '{"mark": {"time": "2025-04-16 11:33:44", "user": 2}}', 'identified_by': None, 'defect_stage_id': None}, {'id': 5, 'name': 'МЕТРАН 150', 'serial_number': 'SN005', 'defective': False, 'stage': 'Хранение', 'sector': 'Сектор 1А', 'time': '{"mark": {"time": "2025-04-15 09:11:26", "user": 4}, "сборка": {"end": "2025-04-15 09:11:35", "user": 4, "start": "2025-04-15 09:11:30"}, "упаковка": {"end": "2025-04-15 09:12:04", "user": 4, "start": "2025-04-15 09:11:58"}, "тестирование": {"end": "2025-04-15 09:11:57", "user": 4, "start": "2025-04-15 09:11:44"}}', 'identified_by': None, 'defect_stage_id': None}, {'id': 6, 'name': 'МЕТРАН 150', 'serial_number': 'SN006', 'defective': False, 'stage': 'Хранение', 'sector': 'Сектор 1А', 'time': '{"mark": {"time": "2025-04-15 09:12:12", "user": 4}, "сборка": {"end": "2025-04-15 09:12:17", "user": 4, "start": "2025-04-15 09:12:16"}, "упаковка": {"end": "2025-04-15 09:12:53", "user": 4, "start": "2025-04-15 09:12:48"}, "тестирование": {"end": "2025-04-15 09:12:30", "user": 4, "start": "2025-04-15 09:12:19"}}', 'identified_by': None, 'defect_stage_id': None}]}
2025-04-16 09:34:12 - INFO - logger - log_event - Выполнен запрос к БД: {'type': 'allDetails', 'detail': 'МЕТРАН 150', 'id': 2}
2025-04-16 09:34:26 - INFO - logger - log_event - Запрос детальной информации о детали SN006
2025-04-16 09:34:26 - INFO - logger - log_event - Запрос: {'type': 'details', 'serial': 'SN006', 'id': 2}
2025-04-16 09:34:26 - INFO - logger - log_event - Ответ: {'status': 'ok', 'data': {'id': 6, 'name': 'МЕТРАН 150', 'serial_number': 'SN006', 'defective': False, 'stage': 'Хранение', 'sector': 'Сектор 1А', 'time': '{"mark": {"time": "2025-04-15 09:12:12", "user": 4}, "сборка": {"end": "2025-04-15 09:12:17", "user": 4, "start": "2025-04-15 09:12:16"}, "упаковка": {"end": "2025-04-15 09:12:53", "user": 4, "start": "2025-04-15 09:12:48"}, "тестирование": {"end": "2025-04-15 09:12:30", "user": 4, "start": "2025-04-15 09:12:19"}}', 'identified_by': None, 'defect_stage_id': None}}
2025-04-16 09:34:26 - INFO - logger - log_event - Получен ответ от сервера: {'status': 'ok', 'data': {'id': 6, 'name': 'МЕТРАН 150', 'serial_number': 'SN006', 'defective': False, 'stage': 'Хранение', 'sector': 'Сектор 1А', 'time': '{"mark": {"time": "2025-04-15 09:12:12", "user": 4}, "сборка": {"end": "2025-04-15 09:12:17", "user": 4, "start": "2025-04-15 09:12:16"}, "упаковка": {"end": "2025-04-15 09:12:53", "user": 4, "start": "2025-04-15 09:12:48"}, "тестирование": {"end": "2025-04-15 09:12:30", "user": 4, "start": "2025-04-15 09:12:19"}}', 'identified_by': None, 'defect_stage_id': None}}
2025-04-16 09:34:26 - INFO - logger - log_event - Данные для отображения: {'id': 6, 'name': 'МЕТРАН 150', 'serial_number': 'SN006', 'defective': False, 'stage': 'Хранение', 'sector': 'Сектор 1А', 'time': '{"mark": {"time": "2025-04-15 09:12:12", "user": 4}, "сборка": {"end": "2025-04-15 09:12:17", "user": 4, "start": "2025-04-15 09:12:16"}, "упаковка": {"end": "2025-04-15 09:12:53", "user": 4, "start": "2025-04-15 09:12:48"}, "тестирование": {"end": "2025-04-15 09:12:30", "user": 4, "start": "2025-04-15 09:12:19"}}', 'identified_by': None, 'defect_stage_id': None}
2025-04-16 09:34:26 - INFO - logger - log_event - Преобразованная информация о времени: {'mark': {'time': '2025-04-15 09:12:12', 'user': 4}, 'сборка': {'end': '2025-04-15 09:12:17', 'user': 4, 'start': '2025-04-15 09:12:16'}, 'упаковка': {'end': '2025-04-15 09:12:53', 'user': 4, 'start': '2025-04-15 09:12:48'}, 'тестирование': {'end': '2025-04-15 09:12:30', 'user': 4, 'start': '2025-04-15 09:12:19'}}
2025-04-16 09:34:26 - INFO - logger - log_event - Начинаем заполнение данных в диалоге. part_info: {'id': 6, 'name': 'МЕТРАН 150', 'serial_number': 'SN006', 'defective': False, 'stage': 'Хранение', 'sector': 'Сектор 1А', 'time': '{"mark": {"time": "2025-04-15 09:12:12", "user": 4}, "сборка": {"end": "2025-04-15 09:12:17", "user": 4, "start": "2025-04-15 09:12:16"}, "упаковка": {"end": "2025-04-15 09:12:53", "user": 4, "start": "2025-04-15 09:12:48"}, "тестирование": {"end": "2025-04-15 09:12:30", "user": 4, "start": "2025-04-15 09:12:19"}}', 'identified_by': None, 'defect_stage_id': None}
2025-04-16 09:34:26 - INFO - logger - log_event - ID детали: 6
2025-04-16 09:34:26 - INFO - logger - log_event - Название детали: МЕТРАН 150
2025-04-16 09:34:26 - INFO - logger - log_event - Статус (defective): False
2025-04-16 09:34:26 - INFO - logger - log_event - Текст статуса: Годен
2025-04-16 09:34:26 - INFO - logger - log_event - Текущий этап: Хранение
2025-04-16 09:34:26 - INFO - logger - log_event - Сектор хранения: Сектор 1А
2025-04-16 09:34:26 - INFO - logger - log_event - Примечание: 
2025-04-16 09:34:26 - INFO - logger - log_event - Обрабатываем данные времени: {'mark': {'time': '2025-04-15 09:12:12', 'user': 4}, 'сборка': {'end': '2025-04-15 09:12:17', 'user': 4, 'start': '2025-04-15 09:12:16'}, 'упаковка': {'end': '2025-04-15 09:12:53', 'user': 4, 'start': '2025-04-15 09:12:48'}, 'тестирование': {'end': '2025-04-15 09:12:30', 'user': 4, 'start': '2025-04-15 09:12:19'}}
2025-04-16 09:34:26 - INFO - logger - log_event - Обработка информации о времени: {'mark': {'time': '2025-04-15 09:12:12', 'user': 4}, 'сборка': {'end': '2025-04-15 09:12:17', 'user': 4, 'start': '2025-04-15 09:12:16'}, 'упаковка': {'end': '2025-04-15 09:12:53', 'user': 4, 'start': '2025-04-15 09:12:48'}, 'тестирование': {'end': '2025-04-15 09:12:30', 'user': 4, 'start': '2025-04-15 09:12:19'}}
2025-04-16 09:34:26 - INFO - logger - log_event - Запрашиваем информацию о пользователе с ID: 4 для этапа mark
2025-04-16 09:34:26 - INFO - logger - log_event - Создан поток DatabaseWorker с запросом: {'type': 'userById', 'id': 4}
2025-04-16 09:34:26 - INFO - logger - log_event - Запрос: {'type': 'userById', 'id': 4}
2025-04-16 09:34:27 - INFO - logger - log_event - Ответ: {'status': 'ok', 'data': {'id': 4, 'name': 'Кирилл', 'surname': 'Лебедев', 'profession': 'Бухгалтер'}}
2025-04-16 09:34:27 - INFO - logger - log_event - Выполнен запрос к БД: {'type': 'userById', 'id': 4}
2025-04-16 09:34:27 - INFO - logger - log_event - Запрос: {'type': 'userById', 'id': 4}
2025-04-16 09:34:27 - INFO - logger - log_event - Запрашиваем информацию о пользователе с ID: 4 для этапа сборка
2025-04-16 09:34:27 - INFO - logger - log_event - Создан поток DatabaseWorker с запросом: {'type': 'userById', 'id': 4}
2025-04-16 09:34:27 - INFO - logger - log_event - Запрос: {'type': 'userById', 'id': 4}
2025-04-16 09:34:27 - INFO - logger - log_event - Ответ: {'status': 'ok', 'data': {'id': 4, 'name': 'Кирилл', 'surname': 'Лебедев', 'profession': 'Бухгалтер'}}
2025-04-16 09:34:27 - INFO - logger - log_event - Выполнен запрос к БД: {'type': 'userById', 'id': 4}
2025-04-16 09:34:27 - INFO - logger - log_event - Ответ: {'status': 'ok', 'data': {'id': 4, 'name': 'Кирилл', 'surname': 'Лебедев', 'profession': 'Бухгалтер'}}
2025-04-16 09:34:27 - INFO - logger - log_event - Выполнен запрос к БД: {'type': 'userById', 'id': 4}
2025-04-16 09:34:27 - INFO - logger - log_event - Запрос: {'type': 'userById', 'id': 4}
2025-04-16 09:34:27 - INFO - logger - log_event - Запрашиваем информацию о пользователе с ID: 4 для этапа тестирование
2025-04-16 09:34:27 - INFO - logger - log_event - Создан поток DatabaseWorker с запросом: {'type': 'userById', 'id': 4}
2025-04-16 09:34:27 - INFO - logger - log_event - Запрос: {'type': 'userById', 'id': 4}
2025-04-16 09:34:27 - INFO - logger - log_event - Ответ: {'status': 'ok', 'data': {'id': 4, 'name': 'Кирилл', 'surname': 'Лебедев', 'profession': 'Бухгалтер'}}
2025-04-16 09:34:27 - INFO - logger - log_event - Выполнен запрос к БД: {'type': 'userById', 'id': 4}
2025-04-16 09:34:27 - INFO - logger - log_event - Ответ: {'status': 'ok', 'data': {'id': 4, 'name': 'Кирилл', 'surname': 'Лебедев', 'profession': 'Бухгалтер'}}
2025-04-16 09:34:27 - INFO - logger - log_event - Выполнен запрос к БД: {'type': 'userById', 'id': 4}
2025-04-16 09:34:27 - INFO - logger - log_event - Запрос: {'type': 'userById', 'id': 4}
2025-04-16 09:34:27 - INFO - logger - log_event - Запрашиваем информацию о пользователе с ID: 4 для этапа упаковка
2025-04-16 09:34:27 - INFO - logger - log_event - Создан поток DatabaseWorker с запросом: {'type': 'userById', 'id': 4}
2025-04-16 09:34:27 - INFO - logger - log_event - Запрос: {'type': 'userById', 'id': 4}
2025-04-16 09:34:27 - INFO - logger - log_event - Ответ: {'status': 'ok', 'data': {'id': 4, 'name': 'Кирилл', 'surname': 'Лебедев', 'profession': 'Бухгалтер'}}
2025-04-16 09:34:27 - INFO - logger - log_event - Выполнен запрос к БД: {'type': 'userById', 'id': 4}
2025-04-16 09:34:27 - INFO - logger - log_event - Ответ: {'status': 'ok', 'data': {'id': 4, 'name': 'Кирилл', 'surname': 'Лебедев', 'profession': 'Бухгалтер'}}
2025-04-16 09:34:27 - INFO - logger - log_event - Выполнен запрос к БД: {'type': 'userById', 'id': 4}
2025-04-16 09:34:27 - INFO - logger - log_event - Запрос: {'type': 'userById', 'id': 4}
2025-04-16 09:34:30 - INFO - logger - log_event - Ответ: {'status': 'ok', 'data': {'id': 4, 'name': 'Кирилл', 'surname': 'Лебедев', 'profession': 'Бухгалтер'}}
2025-04-16 09:34:30 - INFO - logger - log_event - Выполнен запрос к БД: {'type': 'userById', 'id': 4}
2025-04-16 09:34:30 - INFO - logger - log_event - Завершено заполнение данных в диалоге
2025-04-16 09:34:30 - INFO - logger - log_event - Обработка результата для этапа mark, запрошенный ID: 4, результат: {'data': {'id': 4, 'name': 'Кирилл', 'profession': 'Бухгалтер', 'surname': 'Лебедев'}, 'status': 'ok'}
2025-04-16 09:34:30 - INFO - logger - log_event - Метка пользователя обновлена для этапа mark: Лебедев Кирилл, ID: 4
2025-04-16 09:34:30 - INFO - logger - log_event - Обработка результата для этапа сборка, запрошенный ID: 4, результат: {'data': {'id': 4, 'name': 'Кирилл', 'profession': 'Бухгалтер', 'surname': 'Лебедев'}, 'status': 'ok'}
2025-04-16 09:34:30 - INFO - logger - log_event - Метка пользователя обновлена для этапа сборка: Лебедев Кирилл, ID: 4
2025-04-16 09:34:30 - INFO - logger - log_event - Обработка результата для этапа тестирование, запрошенный ID: 4, результат: {'data': {'id': 4, 'name': 'Кирилл', 'profession': 'Бухгалтер', 'surname': 'Лебедев'}, 'status': 'ok'}
2025-04-16 09:34:30 - INFO - logger - log_event - Метка пользователя обновлена для этапа тестирование: Лебедев Кирилл, ID: 4
2025-04-16 09:34:30 - INFO - logger - log_event - Обработка результата для этапа упаковка, запрошенный ID: 4, результат: {'data': {'id': 4, 'name': 'Кирилл', 'profession': 'Бухгалтер', 'surname': 'Лебедев'}, 'status': 'ok'}
2025-04-16 09:34:30 - INFO - logger - log_event - Метка пользователя обновлена для этапа упаковка: Лебедев Кирилл, ID: 4
2025-04-16 09:34:45 - INFO - logger - log_event - Запрос детальной информации о детали SN007
2025-04-16 09:34:45 - INFO - logger - log_event - Запрос: {'type': 'details', 'serial': 'SN007', 'id': 2}
2025-04-16 09:34:45 - INFO - logger - log_event - Ответ: {'status': 'ok', 'data': {'id': 7, 'name': 'МЕТРАН 150', 'serial_number': 'SN007', 'defective': False, 'stage': 'Хранение', 'sector': 'Сектор 1Б', 'time': '{"mark": {"time": "2025-04-15 09:13:10", "user": 4}, "сборка": {"end": "2025-04-15 09:13:19", "user": 4, "start": "2025-04-15 09:13:15"}, "упаковка": {"end": "2025-04-15 09:21:11", "user": 4, "start": "2025-04-15 09:21:05"}, "тестирование": {"end": "2025-04-15 09:21:02", "user": 4, "start": "2025-04-15 09:20:55"}}', 'identified_by': None, 'defect_stage_id': None}}
2025-04-16 09:34:45 - INFO - logger - log_event - Получен ответ от сервера: {'status': 'ok', 'data': {'id': 7, 'name': 'МЕТРАН 150', 'serial_number': 'SN007', 'defective': False, 'stage': 'Хранение', 'sector': 'Сектор 1Б', 'time': '{"mark": {"time": "2025-04-15 09:13:10", "user": 4}, "сборка": {"end": "2025-04-15 09:13:19", "user": 4, "start": "2025-04-15 09:13:15"}, "упаковка": {"end": "2025-04-15 09:21:11", "user": 4, "start": "2025-04-15 09:21:05"}, "тестирование": {"end": "2025-04-15 09:21:02", "user": 4, "start": "2025-04-15 09:20:55"}}', 'identified_by': None, 'defect_stage_id': None}}
2025-04-16 09:34:45 - INFO - logger - log_event - Данные для отображения: {'id': 7, 'name': 'МЕТРАН 150', 'serial_number': 'SN007', 'defective': False, 'stage': 'Хранение', 'sector': 'Сектор 1Б', 'time': '{"mark": {"time": "2025-04-15 09:13:10", "user": 4}, "сборка": {"end": "2025-04-15 09:13:19", "user": 4, "start": "2025-04-15 09:13:15"}, "упаковка": {"end": "2025-04-15 09:21:11", "user": 4, "start": "2025-04-15 09:21:05"}, "тестирование": {"end": "2025-04-15 09:21:02", "user": 4, "start": "2025-04-15 09:20:55"}}', 'identified_by': None, 'defect_stage_id': None}
2025-04-16 09:34:45 - INFO - logger - log_event - Преобразованная информация о времени: {'mark': {'time': '2025-04-15 09:13:10', 'user': 4}, 'сборка': {'end': '2025-04-15 09:13:19', 'user': 4, 'start': '2025-04-15 09:13:15'}, 'упаковка': {'end': '2025-04-15 09:21:11', 'user': 4, 'start': '2025-04-15 09:21:05'}, 'тестирование': {'end': '2025-04-15 09:21:02', 'user': 4, 'start': '2025-04-15 09:20:55'}}
2025-04-16 09:34:45 - INFO - logger - log_event - Начинаем заполнение данных в диалоге. part_info: {'id': 7, 'name': 'МЕТРАН 150', 'serial_number': 'SN007', 'defective': False, 'stage': 'Хранение', 'sector': 'Сектор 1Б', 'time': '{"mark": {"time": "2025-04-15 09:13:10", "user": 4}, "сборка": {"end": "2025-04-15 09:13:19", "user": 4, "start": "2025-04-15 09:13:15"}, "упаковка": {"end": "2025-04-15 09:21:11", "user": 4, "start": "2025-04-15 09:21:05"}, "тестирование": {"end": "2025-04-15 09:21:02", "user": 4, "start": "2025-04-15 09:20:55"}}', 'identified_by': None, 'defect_stage_id': None}
2025-04-16 09:34:45 - INFO - logger - log_event - ID детали: 7
2025-04-16 09:34:45 - INFO - logger - log_event - Название детали: МЕТРАН 150
2025-04-16 09:34:45 - INFO - logger - log_event - Статус (defective): False
2025-04-16 09:34:45 - INFO - logger - log_event - Текст статуса: Годен
2025-04-16 09:34:45 - INFO - logger - log_event - Текущий этап: Хранение
2025-04-16 09:34:45 - INFO - logger - log_event - Сектор хранения: Сектор 1Б
2025-04-16 09:34:45 - INFO - logger - log_event - Примечание: 
2025-04-16 09:34:45 - INFO - logger - log_event - Обрабатываем данные времени: {'mark': {'time': '2025-04-15 09:13:10', 'user': 4}, 'сборка': {'end': '2025-04-15 09:13:19', 'user': 4, 'start': '2025-04-15 09:13:15'}, 'упаковка': {'end': '2025-04-15 09:21:11', 'user': 4, 'start': '2025-04-15 09:21:05'}, 'тестирование': {'end': '2025-04-15 09:21:02', 'user': 4, 'start': '2025-04-15 09:20:55'}}
2025-04-16 09:34:45 - INFO - logger - log_event - Обработка информации о времени: {'mark': {'time': '2025-04-15 09:13:10', 'user': 4}, 'сборка': {'end': '2025-04-15 09:13:19', 'user': 4, 'start': '2025-04-15 09:13:15'}, 'упаковка': {'end': '2025-04-15 09:21:11', 'user': 4, 'start': '2025-04-15 09:21:05'}, 'тестирование': {'end': '2025-04-15 09:21:02', 'user': 4, 'start': '2025-04-15 09:20:55'}}
2025-04-16 09:34:45 - INFO - logger - log_event - Запрашиваем информацию о пользователе с ID: 4 для этапа mark
2025-04-16 09:34:45 - INFO - logger - log_event - Создан поток DatabaseWorker с запросом: {'type': 'userById', 'id': 4}
2025-04-16 09:34:45 - INFO - logger - log_event - Запрос: {'type': 'userById', 'id': 4}
2025-04-16 09:34:45 - INFO - logger - log_event - Ответ: {'status': 'ok', 'data': {'id': 4, 'name': 'Кирилл', 'surname': 'Лебедев', 'profession': 'Бухгалтер'}}
2025-04-16 09:34:45 - INFO - logger - log_event - Выполнен запрос к БД: {'type': 'userById', 'id': 4}
2025-04-16 09:34:45 - INFO - logger - log_event - Запрос: {'type': 'userById', 'id': 4}
2025-04-16 09:34:45 - INFO - logger - log_event - Запрашиваем информацию о пользователе с ID: 4 для этапа сборка
2025-04-16 09:34:45 - INFO - logger - log_event - Создан поток DatabaseWorker с запросом: {'type': 'userById', 'id': 4}
2025-04-16 09:34:45 - INFO - logger - log_event - Запрос: {'type': 'userById', 'id': 4}
2025-04-16 09:34:45 - INFO - logger - log_event - Ответ: {'status': 'ok', 'data': {'id': 4, 'name': 'Кирилл', 'surname': 'Лебедев', 'profession': 'Бухгалтер'}}
2025-04-16 09:34:45 - INFO - logger - log_event - Выполнен запрос к БД: {'type': 'userById', 'id': 4}
2025-04-16 09:34:45 - INFO - logger - log_event - Ответ: {'status': 'ok', 'data': {'id': 4, 'name': 'Кирилл', 'surname': 'Лебедев', 'profession': 'Бухгалтер'}}
2025-04-16 09:34:45 - INFO - logger - log_event - Выполнен запрос к БД: {'type': 'userById', 'id': 4}
2025-04-16 09:34:45 - INFO - logger - log_event - Запрос: {'type': 'userById', 'id': 4}
2025-04-16 09:34:45 - INFO - logger - log_event - Запрашиваем информацию о пользователе с ID: 4 для этапа тестирование
2025-04-16 09:34:45 - INFO - logger - log_event - Создан поток DatabaseWorker с запросом: {'type': 'userById', 'id': 4}
2025-04-16 09:34:45 - INFO - logger - log_event - Запрос: {'type': 'userById', 'id': 4}
2025-04-16 09:34:45 - INFO - logger - log_event - Ответ: {'status': 'ok', 'data': {'id': 4, 'name': 'Кирилл', 'surname': 'Лебедев', 'profession': 'Бухгалтер'}}
2025-04-16 09:34:45 - INFO - logger - log_event - Выполнен запрос к БД: {'type': 'userById', 'id': 4}
2025-04-16 09:34:45 - INFO - logger - log_event - Ответ: {'status': 'ok', 'data': {'id': 4, 'name': 'Кирилл', 'surname': 'Лебедев', 'profession': 'Бухгалтер'}}
2025-04-16 09:34:45 - INFO - logger - log_event - Выполнен запрос к БД: {'type': 'userById', 'id': 4}
2025-04-16 09:34:45 - INFO - logger - log_event - Запрос: {'type': 'userById', 'id': 4}
2025-04-16 09:34:45 - INFO - logger - log_event - Запрашиваем информацию о пользователе с ID: 4 для этапа упаковка
2025-04-16 09:34:45 - INFO - logger - log_event - Создан поток DatabaseWorker с запросом: {'type': 'userById', 'id': 4}
2025-04-16 09:34:45 - INFO - logger - log_event - Запрос: {'type': 'userById', 'id': 4}
2025-04-16 09:34:45 - INFO - logger - log_event - Ответ: {'status': 'ok', 'data': {'id': 4, 'name': 'Кирилл', 'surname': 'Лебедев', 'profession': 'Бухгалтер'}}
2025-04-16 09:34:45 - INFO - logger - log_event - Выполнен запрос к БД: {'type': 'userById', 'id': 4}
2025-04-16 09:34:45 - INFO - logger - log_event - Ответ: {'status': 'ok', 'data': {'id': 4, 'name': 'Кирилл', 'surname': 'Лебедев', 'profession': 'Бухгалтер'}}
2025-04-16 09:34:45 - INFO - logger - log_event - Выполнен запрос к БД: {'type': 'userById', 'id': 4}
2025-04-16 09:34:45 - INFO - logger - log_event - Запрос: {'type': 'userById', 'id': 4}
2025-04-16 09:34:45 - INFO - logger - log_event - Ответ: {'status': 'ok', 'data': {'id': 4, 'name': 'Кирилл', 'surname': 'Лебедев', 'profession': 'Бухгалтер'}}
2025-04-16 09:34:45 - INFO - logger - log_event - Выполнен запрос к БД: {'type': 'userById', 'id': 4}
2025-04-16 09:34:45 - INFO - logger - log_event - Завершено заполнение данных в диалоге
2025-04-16 09:34:45 - INFO - logger - log_event - Обработка результата для этапа mark, запрошенный ID: 4, результат: {'data': {'id': 4, 'name': 'Кирилл', 'profession': 'Бухгалтер', 'surname': 'Лебедев'}, 'status': 'ok'}
2025-04-16 09:34:45 - INFO - logger - log_event - Метка пользователя обновлена для этапа mark: Лебедев Кирилл, ID: 4
2025-04-16 09:34:45 - INFO - logger - log_event - Обработка результата для этапа сборка, запрошенный ID: 4, результат: {'data': {'id': 4, 'name': 'Кирилл', 'profession': 'Бухгалтер', 'surname': 'Лебедев'}, 'status': 'ok'}
2025-04-16 09:34:45 - INFO - logger - log_event - Метка пользователя обновлена для этапа сборка: Лебедев Кирилл, ID: 4
2025-04-16 09:34:45 - INFO - logger - log_event - Обработка результата для этапа тестирование, запрошенный ID: 4, результат: {'data': {'id': 4, 'name': 'Кирилл', 'profession': 'Бухгалтер', 'surname': 'Лебедев'}, 'status': 'ok'}
2025-04-16 09:34:45 - INFO - logger - log_event - Метка пользователя обновлена для этапа тестирование: Лебедев Кирилл, ID: 4
2025-04-16 09:34:45 - INFO - logger - log_event - Обработка результата для этапа упаковка, запрошенный ID: 4, результат: {'data': {'id': 4, 'name': 'Кирилл', 'profession': 'Бухгалтер', 'surname': 'Лебедев'}, 'status': 'ok'}
2025-04-16 09:34:45 - INFO - logger - log_event - Метка пользователя обновлена для этапа упаковка: Лебедев Кирилл, ID: 4
2025-04-16 09:34:49 - INFO - logger - log_event - Запрос детальной информации о детали SN010
2025-04-16 09:34:49 - INFO - logger - log_event - Запрос: {'type': 'details', 'serial': 'SN010', 'id': 2}
2025-04-16 09:34:49 - INFO - logger - log_event - Ответ: {'status': 'ok', 'data': {'id': 9, 'name': 'МЕТРАН 150', 'serial_number': 'SN010', 'defective': False, 'stage': 'Маркировка', 'sector': None, 'time': '{"mark": {"time": "2025-04-16 11:33:44", "user": 2}}', 'identified_by': None, 'defect_stage_id': None}}
2025-04-16 09:34:49 - INFO - logger - log_event - Получен ответ от сервера: {'status': 'ok', 'data': {'id': 9, 'name': 'МЕТРАН 150', 'serial_number': 'SN010', 'defective': False, 'stage': 'Маркировка', 'sector': None, 'time': '{"mark": {"time": "2025-04-16 11:33:44", "user": 2}}', 'identified_by': None, 'defect_stage_id': None}}
2025-04-16 09:34:49 - INFO - logger - log_event - Данные для отображения: {'id': 9, 'name': 'МЕТРАН 150', 'serial_number': 'SN010', 'defective': False, 'stage': 'Маркировка', 'sector': None, 'time': '{"mark": {"time": "2025-04-16 11:33:44", "user": 2}}', 'identified_by': None, 'defect_stage_id': None}
2025-04-16 09:34:49 - INFO - logger - log_event - Преобразованная информация о времени: {'mark': {'time': '2025-04-16 11:33:44', 'user': 2}}
2025-04-16 09:34:49 - INFO - logger - log_event - Начинаем заполнение данных в диалоге. part_info: {'id': 9, 'name': 'МЕТРАН 150', 'serial_number': 'SN010', 'defective': False, 'stage': 'Маркировка', 'sector': None, 'time': '{"mark": {"time": "2025-04-16 11:33:44", "user": 2}}', 'identified_by': None, 'defect_stage_id': None}
2025-04-16 09:34:49 - INFO - logger - log_event - ID детали: 9
2025-04-16 09:34:49 - INFO - logger - log_event - Название детали: МЕТРАН 150
2025-04-16 09:34:49 - INFO - logger - log_event - Статус (defective): False
2025-04-16 09:34:49 - INFO - logger - log_event - Текст статуса: Годен
2025-04-16 09:34:49 - INFO - logger - log_event - Текущий этап: Маркировка
2025-04-16 09:34:49 - INFO - logger - log_event - Сектор хранения: None
2025-04-16 09:34:49 - INFO - logger - log_event - Примечание: 
2025-04-16 09:34:49 - INFO - logger - log_event - Обрабатываем данные времени: {'mark': {'time': '2025-04-16 11:33:44', 'user': 2}}
2025-04-16 09:34:49 - INFO - logger - log_event - Обработка информации о времени: {'mark': {'time': '2025-04-16 11:33:44', 'user': 2}}
2025-04-16 09:34:49 - INFO - logger - log_event - Запрашиваем информацию о пользователе с ID: 2 для этапа mark
2025-04-16 09:34:49 - INFO - logger - log_event - Создан поток DatabaseWorker с запросом: {'type': 'userById', 'id': 2}
2025-04-16 09:34:49 - INFO - logger - log_event - Запрос: {'type': 'userById', 'id': 2}
2025-04-16 09:34:49 - INFO - logger - log_event - Ответ: {'status': 'ok', 'data': {'id': 2, 'name': 'Дмитрий', 'surname': 'Волков', 'profession': 'Программист'}}
2025-04-16 09:34:49 - INFO - logger - log_event - Выполнен запрос к БД: {'type': 'userById', 'id': 2}
2025-04-16 09:34:49 - INFO - logger - log_event - Запрос: {'type': 'userById', 'id': 2}
2025-04-16 09:34:49 - INFO - logger - log_event - Завершено заполнение данных в диалоге
2025-04-16 09:34:49 - INFO - logger - log_event - Ответ: {'status': 'ok', 'data': {'id': 2, 'name': 'Дмитрий', 'surname': 'Волков', 'profession': 'Программист'}}
2025-04-16 09:34:49 - INFO - logger - log_event - Выполнен запрос к БД: {'type': 'userById', 'id': 2}
2025-04-16 09:34:49 - INFO - logger - log_event - Обработка результата для этапа mark, запрошенный ID: 2, результат: {'data': {'id': 2, 'name': 'Дмитрий', 'profession': 'Программист', 'surname': 'Волков'}, 'status': 'ok'}
2025-04-16 09:34:49 - INFO - logger - log_event - Метка пользователя обновлена для этапа mark: Волков Дмитрий, ID: 2
2025-04-16 09:35:17 - INFO - logger - log_event - Login to the admin panel
2025-04-16 09:35:18 - INFO - logger - log_event - Выбран пункт меню Отчеты
2025-04-16 09:35:18 - INFO - logger - log_event - Создан поток DatabaseWorker с запросом: {'type': 'getreports'}
2025-04-16 09:35:18 - INFO - logger - log_event - Запрос: {'type': 'getreports', 'id': 2}
2025-04-16 09:35:18 - INFO - logger - log_event - Ответ: {'status': 'error', 'message': 'Отчеты не найдены'}
2025-04-16 09:35:18 - INFO - logger - log_event - Выполнен запрос к БД: {'type': 'getreports', 'id': 2}
2025-04-16 09:35:18 - INFO - logger - log_event - Статус видимости таблицы отчетов после show(): True
2025-04-16 09:35:18 - INFO - logger - log_event - Выбран пункт меню Отчеты
2025-04-16 09:35:18 - INFO - logger - log_event - Запрос: {'type': 'getreports', 'id': 2}
2025-04-16 09:35:18 - INFO - logger - log_event - Создан поток DatabaseWorker с запросом: {'type': 'getreports'}
2025-04-16 09:35:18 - INFO - logger - log_event - Запрос: {'type': 'getreports', 'id': 2}
2025-04-16 09:35:18 - INFO - logger - log_event - Ответ: {'status': 'error', 'message': 'Отчеты не найдены'}
2025-04-16 09:35:18 - INFO - logger - log_event - Выполнен запрос к БД: {'type': 'getreports', 'id': 2}
2025-04-16 09:35:18 - INFO - logger - log_event - Ответ: {'status': 'error', 'message': 'Отчеты не найдены'}
2025-04-16 09:35:18 - INFO - logger - log_event - Выполнен запрос к БД: {'type': 'getreports', 'id': 2}
2025-04-16 09:35:18 - INFO - logger - log_event - Статус видимости таблицы отчетов после show(): True
2025-04-16 09:35:18 - INFO - logger - log_event - Выбран пункт меню Отчеты
2025-04-16 09:35:18 - INFO - logger - log_event - Запрос: {'type': 'getreports', 'id': 2}
2025-04-16 09:35:18 - INFO - logger - log_event - Создан поток DatabaseWorker с запросом: {'type': 'getreports'}
2025-04-16 09:35:18 - INFO - logger - log_event - Запрос: {'type': 'getreports', 'id': 2}
2025-04-16 09:35:18 - INFO - logger - log_event - Ответ: {'status': 'error', 'message': 'Отчеты не найдены'}
2025-04-16 09:35:18 - INFO - logger - log_event - Выполнен запрос к БД: {'type': 'getreports', 'id': 2}
2025-04-16 09:35:18 - INFO - logger - log_event - Ответ: {'status': 'error', 'message': 'Отчеты не найдены'}
2025-04-16 09:35:18 - INFO - logger - log_event - Выполнен запрос к БД: {'type': 'getreports', 'id': 2}
2025-04-16 09:35:18 - INFO - logger - log_event - Статус видимости таблицы отчетов после show(): True
2025-04-16 09:35:18 - INFO - logger - log_event - Запрос: {'type': 'getreports', 'id': 2}
2025-04-16 09:35:18 - INFO - logger - log_event - Получен ответ для таблицы отчетов: {'message': 'Отчеты не найдены', 'status': 'error'}
2025-04-16 09:35:18 - ERROR - logger - log_error - Ошибка: Ошибка при получении отчетов из базы данных
NoneType: None
2025-04-16 09:35:18 - INFO - logger - log_event - Получен ответ для таблицы отчетов: {'message': 'Отчеты не найдены', 'status': 'error'}
2025-04-16 09:35:18 - ERROR - logger - log_error - Ошибка: Ошибка при получении отчетов из базы данных
NoneType: None
2025-04-16 09:35:18 - INFO - logger - log_event - Ответ: {'status': 'error', 'message': 'Отчеты не найдены'}
2025-04-16 09:35:18 - INFO - logger - log_event - Выполнен запрос к БД: {'type': 'getreports', 'id': 2}
2025-04-16 09:35:18 - INFO - logger - log_event - Получен ответ для таблицы отчетов: {'message': 'Отчеты не найдены', 'status': 'error'}
2025-04-16 09:35:18 - ERROR - logger - log_error - Ошибка: Ошибка при получении отчетов из базы данных
NoneType: None
2025-04-16 09:35:19 - INFO - logger - log_event - Создан поток DatabaseWorker с запросом: {'type': 'getSessions'}
2025-04-16 09:35:19 - INFO - logger - log_event - Запрос: {'type': 'getSessions', 'id': 2}
2025-04-16 09:35:19 - INFO - logger - log_event - Ответ: {'status': 'ok', 'data': [{'id': 135, 'user_id': 2, 'start_time': '2025-04-01 19:18', 'work_description': 'Без детали', 'status': 'active', 'notes': None, 'name': 'Дмитрий', 'surname': 'Волков'}]}
2025-04-16 09:35:19 - INFO - logger - log_event - Выполнен запрос к БД: {'type': 'getSessions', 'id': 2}
2025-04-16 09:35:19 - INFO - logger - log_event - Отображаем страницу активных сессий
2025-04-16 09:35:19 - INFO - logger - log_event - Видимость таблицы: True, контейнера: True
2025-04-16 09:35:19 - INFO - logger - log_event - Запрос: {'type': 'getSessions', 'id': 2}
2025-04-16 09:35:19 - INFO - logger - log_event - Создан поток DatabaseWorker с запросом: {'type': 'getSessions'}
2025-04-16 09:35:19 - INFO - logger - log_event - Запрос: {'type': 'getSessions', 'id': 2}
2025-04-16 09:35:19 - INFO - logger - log_event - Ответ: {'status': 'ok', 'data': [{'id': 135, 'user_id': 2, 'start_time': '2025-04-01 19:18', 'work_description': 'Без детали', 'status': 'active', 'notes': None, 'name': 'Дмитрий', 'surname': 'Волков'}]}
2025-04-16 09:35:19 - INFO - logger - log_event - Выполнен запрос к БД: {'type': 'getSessions', 'id': 2}
2025-04-16 09:35:19 - INFO - logger - log_event - Ответ: {'status': 'ok', 'data': [{'id': 135, 'user_id': 2, 'start_time': '2025-04-01 19:18', 'work_description': 'Без детали', 'status': 'active', 'notes': None, 'name': 'Дмитрий', 'surname': 'Волков'}]}
2025-04-16 09:35:19 - INFO - logger - log_event - Выполнен запрос к БД: {'type': 'getSessions', 'id': 2}
2025-04-16 09:35:19 - INFO - logger - log_event - Отображаем страницу активных сессий
2025-04-16 09:35:19 - INFO - logger - log_event - Видимость таблицы: True, контейнера: True
2025-04-16 09:35:19 - INFO - logger - log_event - Запрос: {'type': 'getSessions', 'id': 2}
2025-04-16 09:35:19 - INFO - logger - log_event - Создан поток DatabaseWorker с запросом: {'type': 'getSessions'}
2025-04-16 09:35:19 - INFO - logger - log_event - Запрос: {'type': 'getSessions', 'id': 2}
2025-04-16 09:35:19 - INFO - logger - log_event - Ответ: {'status': 'ok', 'data': [{'id': 135, 'user_id': 2, 'start_time': '2025-04-01 19:18', 'work_description': 'Без детали', 'status': 'active', 'notes': None, 'name': 'Дмитрий', 'surname': 'Волков'}]}
2025-04-16 09:35:19 - INFO - logger - log_event - Выполнен запрос к БД: {'type': 'getSessions', 'id': 2}
2025-04-16 09:35:19 - INFO - logger - log_event - Ответ: {'status': 'ok', 'data': [{'id': 135, 'user_id': 2, 'start_time': '2025-04-01 19:18', 'work_description': 'Без детали', 'status': 'active', 'notes': None, 'name': 'Дмитрий', 'surname': 'Волков'}]}
2025-04-16 09:35:19 - INFO - logger - log_event - Выполнен запрос к БД: {'type': 'getSessions', 'id': 2}
2025-04-16 09:35:19 - INFO - logger - log_event - Отображаем страницу активных сессий
2025-04-16 09:35:19 - INFO - logger - log_event - Видимость таблицы: True, контейнера: True
2025-04-16 09:35:19 - INFO - logger - log_event - Запрос: {'type': 'getSessions', 'id': 2}
2025-04-16 09:35:19 - INFO - logger - log_event - Получен ответ для таблицы сессий: {'data': [{'id': 135, 'name': 'Дмитрий', 'notes': None, 'start_time': '2025-04-01 19:18', 'status': 'active', 'surname': 'Волков', 'user_id': 2, 'work_description': 'Без детали'}], 'status': 'ok'}
2025-04-16 09:35:19 - INFO - logger - log_event - Число полученных сессий: 1
2025-04-16 09:35:19 - INFO - logger - log_event - Кнопка удаления всех сессий скрыта (только одна сессия)
2025-04-16 09:35:19 - INFO - logger - log_event - Видимость таблицы: True, контейнера: True
2025-04-16 09:35:19 - INFO - logger - log_event - Получен ответ для таблицы сессий: {'data': [{'id': 135, 'name': 'Дмитрий', 'notes': None, 'start_time': '2025-04-01 19:18', 'status': 'active', 'surname': 'Волков', 'user_id': 2, 'work_description': 'Без детали'}], 'status': 'ok'}
2025-04-16 09:35:19 - INFO - logger - log_event - Ответ: {'status': 'ok', 'data': [{'id': 135, 'user_id': 2, 'start_time': '2025-04-01 19:18', 'work_description': 'Без детали', 'status': 'active', 'notes': None, 'name': 'Дмитрий', 'surname': 'Волков'}]}
2025-04-16 09:35:19 - INFO - logger - log_event - Число полученных сессий: 1
2025-04-16 09:35:19 - INFO - logger - log_event - Выполнен запрос к БД: {'type': 'getSessions', 'id': 2}
2025-04-16 09:35:19 - INFO - logger - log_event - Кнопка удаления всех сессий скрыта (только одна сессия)
2025-04-16 09:35:19 - INFO - logger - log_event - Видимость таблицы: True, контейнера: True
2025-04-16 09:35:19 - INFO - logger - log_event - Получен ответ для таблицы сессий: {'data': [{'id': 135, 'name': 'Дмитрий', 'notes': None, 'start_time': '2025-04-01 19:18', 'status': 'active', 'surname': 'Волков', 'user_id': 2, 'work_description': 'Без детали'}], 'status': 'ok'}
2025-04-16 09:35:19 - INFO - logger - log_event - Число полученных сессий: 1
2025-04-16 09:35:19 - INFO - logger - log_event - Кнопка удаления всех сессий скрыта (только одна сессия)
2025-04-16 09:35:19 - INFO - logger - log_event - Видимость таблицы: True, контейнера: True
2025-04-16 09:35:21 - INFO - logger - log_event - Закрытие приложения button.py
2025-04-16 09:35:21 - INFO - logger - log_event - Завершаем сессию пользователя: Дмитрий Волков
2025-04-16 09:35:21 - INFO - logger - log_event - Запрос: {'type': 'endSession', 'name': 'Дмитрий', 'surname': 'Волков', 'id': 2}
2025-04-16 09:35:21 - INFO - logger - log_event - Ответ: {'status': 'ok'}
2025-04-16 09:35:21 - INFO - logger - log_event - Сессия успешно завершена: Дмитрий Волков
2025-04-16 09:35:21 - INFO - logger - log_event - SerialManager: Порт COM8 закрыт
2025-04-16 09:35:21 - INFO - logger - log_application_exit - Приложение завершено
