2025-03-30 19:20:13 - INFO - logger - <module> - Приложение запущено
2025-03-30 19:20:13 - INFO - logger - <module> - Добавляем логирование в остальные файлы проекта...
2025-03-30 19:20:13 - INFO - logger - <module> - Логирование в database.py: все запросы к серверу регистрируются.
2025-03-30 19:20:13 - INFO - logger - <module> - Логирование в COM.py: события работы с COM-портами фиксируются.
2025-03-30 19:20:13 - INFO - logger - <module> - Логирование в detail_work.py: операции с деталями регистрируются.
2025-03-30 19:20:13 - INFO - logger - <module> - Логирование в Error.py и ErrorTest.py: ошибки записываются.
2025-03-30 19:20:13 - INFO - logger - <module> - Логирование в этапах Mark.py, Packing.py, Test.py, Work.py.
2025-03-30 19:20:15 - INFO - logger - log_event - Главное окно приложения создано
2025-03-30 19:20:15 - ERROR - logger - log_error - Ошибка: Не найден подходящий COM-порт
NoneType: None
2025-03-30 19:20:15 - ERROR - logger - log_error - Ошибка: SerialManager не передан! COM-порт не будет работать.
NoneType: None
2025-03-30 19:20:15 - INFO - logger - log_event - Создан интерфейс админ-панели
2025-03-30 19:20:15 - INFO - logger - log_event - Enter to mark
2025-03-30 19:20:15 - INFO - logger - log_event - Enter to Test
2025-03-30 19:20:15 - INFO - logger - log_event - Enter to Packing
2025-03-30 19:20:15 - INFO - logger - log_event - Enter to Login page AA
2025-03-30 19:20:15 - INFO - logger - log_event - Enter to assembly
2025-03-30 19:20:15 - INFO - logger - log_event - Enter to mark
2025-03-30 19:20:15 - INFO - logger - log_event - Enter to Test
2025-03-30 19:20:15 - INFO - logger - log_event - Enter to Packing
2025-03-30 19:20:15 - INFO - logger - log_event - Enter to Login page AA
2025-03-30 19:20:15 - INFO - logger - log_event - Enter to assembly
2025-03-30 19:20:15 - INFO - logger - log_event - Enter to mark
2025-03-30 19:20:15 - INFO - logger - log_event - Enter to Test
2025-03-30 19:20:15 - INFO - logger - log_event - Enter to Packing
2025-03-30 19:20:15 - INFO - logger - log_event - Enter to Login page AA
2025-03-30 19:20:15 - INFO - logger - log_event - Enter to assembly
2025-03-30 19:20:15 - INFO - logger - log_event - Enter to mark
2025-03-30 19:20:15 - INFO - logger - log_event - Enter to Test
2025-03-30 19:20:15 - INFO - logger - log_event - Enter to Packing
2025-03-30 19:20:15 - INFO - logger - log_event - Enter to Login page AA
2025-03-30 19:20:15 - INFO - logger - log_event - Enter to assembly
2025-03-30 19:20:15 - INFO - logger - log_event - Enter to mark
2025-03-30 19:20:15 - INFO - logger - log_event - Enter to Test
2025-03-30 19:20:15 - INFO - logger - log_event - Enter to Packing
2025-03-30 19:20:15 - INFO - logger - log_event - Enter to Login page AA
2025-03-30 19:20:15 - INFO - logger - log_event - Enter to assembly
2025-03-30 19:20:18 - INFO - logger - log_event - Попытка аутентификации пользователя с UID: None
2025-03-30 19:20:18 - INFO - logger - log_event - Запрос: {'type': 'user', 'uid': None}
2025-03-30 19:20:19 - INFO - logger - log_event - Запрос: {'type': 'details', 'serial': ''}
2025-03-30 19:20:19 - INFO - logger - log_event - Деталь принята в работу
2025-03-30 19:20:19 - INFO - logger - log_event - Деталь принята в работу
2025-03-30 19:20:19 - INFO - logger - log_event - Успешная аутентификация пользователя: Степанов Сергей
2025-03-30 19:20:23 - INFO - logger - log_event - Запрос: {'type': 'report', 'text': 'sdfgdsfgfsdg', 'time': '2025-03-30 19:20', 'name': 'Степанов Сергей'}
2025-03-30 19:20:30 - INFO - logger - log_event - Запрос: {'type': 'kocak', 'serial': 'SN904'}
2025-03-30 19:20:30 - INFO - logger - log_event - Вызванно окно ошибки
2025-03-30 19:20:32 - INFO - logger - log_event - Деталь SN904 отправлена в брак
2025-03-30 19:20:33 - INFO - logger - log_event - Пользователь завершил работу
2025-03-30 19:20:33 - INFO - logger - log_event - Деталь не принята
2025-03-30 19:20:33 - INFO - logger - log_event - Сессия пользователя завершена
2025-03-30 19:20:34 - INFO - logger - log_event - Попытка аутентификации пользователя с UID: None
2025-03-30 19:20:34 - INFO - logger - log_event - Запрос: {'type': 'user', 'uid': None}
2025-03-30 19:20:35 - INFO - logger - log_event - Запрос: {'type': 'details', 'serial': ''}
2025-03-30 19:20:35 - INFO - logger - log_event - Деталь принята в работу
2025-03-30 19:20:35 - INFO - logger - log_event - Деталь принята в работу
2025-03-30 19:20:35 - INFO - logger - log_event - Успешная аутентификация пользователя: Степанов Сергей
2025-03-30 19:20:45 - INFO - logger - log_event - Запрос: {'type': 'kocak', 'serial': 'SN904'}
2025-03-30 19:20:45 - INFO - logger - log_event - Вызванно окно ошибки
2025-03-30 19:20:46 - INFO - logger - log_event - Деталь SN904 не прошла тесты и отправлена в брак
2025-03-30 19:21:01 - INFO - logger - log_event - Закрытие приложения button.py
2025-03-30 19:21:01 - INFO - logger - log_application_exit - Приложение завершено
