2025-04-16 10:16:29 - INFO - logger - <module> - Приложение запущено
2025-04-16 10:16:29 - INFO - logger - <module> - Добавляем логирование в остальные файлы проекта...
2025-04-16 10:16:29 - INFO - logger - <module> - Логирование в database.py: все запросы к серверу регистрируются.
2025-04-16 10:16:29 - INFO - logger - <module> - Логирование в COM.py: события работы с COM-портами фиксируются.
2025-04-16 10:16:29 - INFO - logger - <module> - Логирование в detail_work.py: операции с деталями регистрируются.
2025-04-16 10:16:29 - INFO - logger - <module> - Логирование в Error.py и ErrorTest.py: ошибки записываются.
2025-04-16 10:16:29 - INFO - logger - <module> - Логирование в этапах Mark.py, Packing.py, Test.py, Work.py.
2025-04-16 10:16:32 - INFO - logger - log_event - Сервер доступен
2025-04-16 10:16:32 - INFO - logger - log_event - Сервер доступен
2025-04-16 10:16:32 - INFO - logger - log_event - Главное окно приложения создано
2025-04-16 10:16:32 - ERROR - logger - log_error - Ошибка: Не найден подходящий COM-порт
NoneType: None
2025-04-16 10:16:32 - ERROR - logger - log_error - Ошибка: SerialManager не передан! COM-порт не будет работать.
NoneType: None
2025-04-16 10:16:32 - INFO - logger - log_event - Создан интерфейс админ-панели
2025-04-16 10:16:32 - INFO - logger - log_event - Enter to mark
2025-04-16 10:16:32 - INFO - logger - log_event - Enter to Test
2025-04-16 10:16:32 - INFO - logger - log_event - Enter to Packing
2025-04-16 10:16:32 - INFO - logger - log_event - Enter to Login page AA
2025-04-16 10:16:32 - INFO - logger - log_event - Enter to assembly
2025-04-16 10:16:32 - INFO - logger - log_event - Enter to mark
2025-04-16 10:16:32 - INFO - logger - log_event - Enter to Test
2025-04-16 10:16:32 - INFO - logger - log_event - Enter to Packing
2025-04-16 10:16:32 - INFO - logger - log_event - Enter to Login page AA
2025-04-16 10:16:32 - INFO - logger - log_event - Enter to assembly
2025-04-16 10:16:32 - INFO - logger - log_event - Enter to mark
2025-04-16 10:16:32 - INFO - logger - log_event - Enter to Test
2025-04-16 10:16:32 - INFO - logger - log_event - Enter to Packing
2025-04-16 10:16:32 - INFO - logger - log_event - Enter to Login page AA
2025-04-16 10:16:32 - INFO - logger - log_event - Enter to assembly
2025-04-16 10:16:32 - INFO - logger - log_event - Enter to mark
2025-04-16 10:16:32 - INFO - logger - log_event - Enter to Test
2025-04-16 10:16:32 - INFO - logger - log_event - Enter to Packing
2025-04-16 10:16:32 - INFO - logger - log_event - Enter to Login page AA
2025-04-16 10:16:32 - INFO - logger - log_event - Enter to assembly
2025-04-16 10:16:32 - INFO - logger - log_event - Enter to mark
2025-04-16 10:16:32 - INFO - logger - log_event - Enter to Test
2025-04-16 10:16:32 - INFO - logger - log_event - Enter to Packing
2025-04-16 10:16:32 - INFO - logger - log_event - Enter to Login page AA
2025-04-16 10:16:32 - INFO - logger - log_event - Enter to assembly
2025-04-16 10:16:32 - INFO - logger - log_event - Запущен мониторинг подключения к МЭТР
2025-04-16 10:18:04 - INFO - logger - log_event - SerialManager: Успешно открыт порт COM8
2025-04-16 10:18:05 - INFO - logger - log_event - МЭТР успешно подключен через порт COM8
2025-04-16 10:18:13 - INFO - logger - log_event - Закрытие приложения button.py
2025-04-16 10:18:13 - INFO - logger - log_application_exit - Приложение завершено
