2025-04-15 08:18:26 - INFO - logger - <module> - Приложение запущено
2025-04-15 08:18:26 - INFO - logger - <module> - Добавляем логирование в остальные файлы проекта...
2025-04-15 08:18:26 - INFO - logger - <module> - Логирование в database.py: все запросы к серверу регистрируются.
2025-04-15 08:18:26 - INFO - logger - <module> - Логирование в COM.py: события работы с COM-портами фиксируются.
2025-04-15 08:18:26 - INFO - logger - <module> - Логирование в detail_work.py: операции с деталями регистрируются.
2025-04-15 08:18:26 - INFO - logger - <module> - Логирование в Error.py и ErrorTest.py: ошибки записываются.
2025-04-15 08:18:26 - INFO - logger - <module> - Логирование в этапах Mark.py, Packing.py, Test.py, Work.py.
2025-04-15 08:18:29 - INFO - logger - log_event - Сервер доступен
2025-04-15 08:18:29 - INFO - logger - log_event - Сервер доступен
2025-04-15 08:18:29 - INFO - logger - log_event - Главное окно приложения создано
2025-04-15 08:18:29 - INFO - logger - log_event - Создан интерфейс админ-панели
2025-04-15 08:18:29 - INFO - logger - log_event - Enter to mark
2025-04-15 08:18:29 - INFO - logger - log_event - Enter to Test
2025-04-15 08:18:29 - INFO - logger - log_event - Enter to Packing
2025-04-15 08:18:29 - INFO - logger - log_event - Enter to Login page AA
2025-04-15 08:18:29 - INFO - logger - log_event - Enter to assembly
2025-04-15 08:18:29 - INFO - logger - log_event - Enter to mark
2025-04-15 08:18:29 - INFO - logger - log_event - Enter to Test
2025-04-15 08:18:29 - INFO - logger - log_event - Enter to Packing
2025-04-15 08:18:29 - INFO - logger - log_event - Enter to Login page AA
2025-04-15 08:18:29 - INFO - logger - log_event - Enter to assembly
2025-04-15 08:18:29 - INFO - logger - log_event - Enter to mark
2025-04-15 08:18:29 - INFO - logger - log_event - Enter to Test
2025-04-15 08:18:29 - INFO - logger - log_event - Enter to Packing
2025-04-15 08:18:29 - INFO - logger - log_event - Enter to Login page AA
2025-04-15 08:18:29 - INFO - logger - log_event - Enter to assembly
2025-04-15 08:18:29 - INFO - logger - log_event - Enter to mark
2025-04-15 08:18:29 - INFO - logger - log_event - Enter to Test
2025-04-15 08:18:29 - INFO - logger - log_event - Enter to Packing
2025-04-15 08:18:29 - INFO - logger - log_event - Enter to Login page AA
2025-04-15 08:18:29 - INFO - logger - log_event - Enter to assembly
2025-04-15 08:18:29 - INFO - logger - log_event - Enter to mark
2025-04-15 08:18:29 - INFO - logger - log_event - Enter to Test
2025-04-15 08:18:29 - INFO - logger - log_event - Enter to Packing
2025-04-15 08:18:29 - INFO - logger - log_event - Enter to Login page AA
2025-04-15 08:18:29 - INFO - logger - log_event - Enter to assembly
2025-04-15 08:18:31 - INFO - logger - log_event - Raw data (bytes): b'\xd0\x90\xd0\xb3\xd1\x83\xd0\xb0\xd0\xb3\xd1\x83\r\n'
2025-04-15 08:18:31 - INFO - logger - log_event - Decoded data (str): Агуагу
2025-04-15 08:18:31 - INFO - logger - log_event - Parsed Data: ['Агуагу']
2025-04-15 08:18:31 - INFO - logger - log_event - System Arduino init
2025-04-15 08:18:31 - INFO - logger - log_event - Raw data (bytes): b'977625563_user..\r\n'
2025-04-15 08:18:31 - INFO - logger - log_event - Decoded data (str): 977625563_user..
2025-04-15 08:18:31 - INFO - logger - log_event - Parsed Data: ['977625563', 'user']
2025-04-15 08:18:31 - INFO - logger - log_event - Send data to handle_serial_data: ['977625563', 'user']
2025-04-15 08:18:31 - INFO - logger - log_event - Данные перед очисткой: ['977625563', 'user']
2025-04-15 08:18:31 - INFO - logger - log_event - Очищенные данные: ['977625563', 'user']
2025-04-15 08:18:31 - INFO - logger - log_event - Raw data (bytes): b'\r\n'
2025-04-15 08:18:31 - INFO - logger - log_event - Пользователь с UID: 977625563
2025-04-15 08:18:31 - INFO - logger - log_event - Decoded data (str): 
2025-04-15 08:18:31 - INFO - logger - log_event - Попытка аутентификации пользователя с UID: 977625563
2025-04-15 08:18:31 - INFO - logger - log_event - Get NULL
2025-04-15 08:18:31 - INFO - logger - log_event - Запрос: {'type': 'user', 'uid': '977625563', 'id': None}
2025-04-15 08:18:31 - INFO - logger - log_event - Ответ: {'status': 'ok', 'name': 'Роман', 'surname': 'Королёв', 'id': 5}
2025-04-15 08:18:31 - INFO - logger - log_event - Ответ сервера: {'status': 'ok', 'name': 'Роман', 'surname': 'Королёв', 'id': 5}
2025-04-15 08:18:31 - INFO - logger - log_event - Данные пользователя в корне ответа: {'status': 'ok', 'name': 'Роман', 'surname': 'Королёв', 'id': 5}
2025-04-15 08:18:32 - INFO - logger - log_event - Запрос на создание сессии: {'type': 'startSession', 'name': 'Роман', 'surname': 'Королёв', 'work_description': 'Без детали'}
2025-04-15 08:18:32 - INFO - logger - log_event - Запрос: {'type': 'startSession', 'name': 'Роман', 'surname': 'Королёв', 'work_description': 'Без детали', 'id': None}
2025-04-15 08:18:32 - INFO - logger - log_event - Ответ: {'status': 'ok'}
2025-04-15 08:18:32 - INFO - logger - log_event - Ответ на создание сессии: {'status': 'ok'}
2025-04-15 08:18:32 - INFO - logger - log_event - Сессия успешно начата: Королёв Роман
2025-04-15 08:18:32 - INFO - logger - log_event - Устанавливаем переменную config.user: Королёв Роман
2025-04-15 08:18:32 - INFO - logger - log_event - Устанавливаем переменную config.Name: Королёв Роман
2025-04-15 08:18:32 - INFO - logger - log_event - Установлено значение config.Name: Королёв Роман
2025-04-15 08:18:32 - INFO - logger - log_event - Успешная аутентификация пользователя: Королёв Роман
2025-04-15 08:20:36 - INFO - logger - log_event - Запрос: {'type': 'report', 'text': "'1\n", 'time': '2025-04-15 08:20', 'name': 'Королёв Роман', 'id': 5}
2025-04-15 08:20:37 - INFO - logger - log_event - Ответ: {'status': 'ok'}
2025-04-15 08:20:55 - ERROR - logger - log_error - Ошибка: failed login attempt to Admin Panel
NoneType: None
2025-04-15 08:21:00 - ERROR - logger - log_error - Ошибка: failed login attempt to Admin Panel
NoneType: None
2025-04-15 08:21:00 - ERROR - logger - log_error - Ошибка: failed login attempt to Admin Panel
NoneType: None
2025-04-15 08:21:04 - INFO - logger - log_event - Login to the admin panel
2025-04-15 08:21:05 - INFO - logger - log_event - Выбран пункт меню Отчеты
2025-04-15 08:21:05 - INFO - logger - log_event - Создан поток DatabaseWorker с запросом: {'type': 'getreports'}
2025-04-15 08:21:05 - INFO - logger - log_event - Запрос: {'type': 'getreports', 'id': 5}
2025-04-15 08:21:05 - INFO - logger - log_event - Ответ: {'status': 'ok', 'data': [{'id': 2, 'name': 'Королёв Роман', 'text': "'1\n", 'time': '2025-04-15 08:20'}]}
2025-04-15 08:21:05 - INFO - logger - log_event - Выполнен запрос к БД: {'type': 'getreports', 'id': 5}
2025-04-15 08:21:05 - INFO - logger - log_event - Статус видимости таблицы отчетов после show(): True
2025-04-15 08:21:05 - INFO - logger - log_event - Запрос: {'type': 'getreports', 'id': 5}
2025-04-15 08:21:05 - INFO - logger - log_event - Выбран пункт меню Отчеты
2025-04-15 08:21:05 - INFO - logger - log_event - Создан поток DatabaseWorker с запросом: {'type': 'getreports'}
2025-04-15 08:21:05 - INFO - logger - log_event - Запрос: {'type': 'getreports', 'id': 5}
2025-04-15 08:21:05 - INFO - logger - log_event - Ответ: {'status': 'ok', 'data': [{'id': 2, 'name': 'Королёв Роман', 'text': "'1\n", 'time': '2025-04-15 08:20'}]}
2025-04-15 08:21:05 - INFO - logger - log_event - Выполнен запрос к БД: {'type': 'getreports', 'id': 5}
2025-04-15 08:21:05 - INFO - logger - log_event - Ответ: {'status': 'ok', 'data': [{'id': 2, 'name': 'Королёв Роман', 'text': "'1\n", 'time': '2025-04-15 08:20'}]}
2025-04-15 08:21:05 - INFO - logger - log_event - Выполнен запрос к БД: {'type': 'getreports', 'id': 5}
2025-04-15 08:21:05 - INFO - logger - log_event - Статус видимости таблицы отчетов после show(): True
2025-04-15 08:21:05 - INFO - logger - log_event - Выбран пункт меню Отчеты
2025-04-15 08:21:05 - INFO - logger - log_event - Запрос: {'type': 'getreports', 'id': 5}
2025-04-15 08:21:05 - INFO - logger - log_event - Создан поток DatabaseWorker с запросом: {'type': 'getreports'}
2025-04-15 08:21:05 - INFO - logger - log_event - Запрос: {'type': 'getreports', 'id': 5}
2025-04-15 08:21:05 - INFO - logger - log_event - Ответ: {'status': 'ok', 'data': [{'id': 2, 'name': 'Королёв Роман', 'text': "'1\n", 'time': '2025-04-15 08:20'}]}
2025-04-15 08:21:05 - INFO - logger - log_event - Выполнен запрос к БД: {'type': 'getreports', 'id': 5}
2025-04-15 08:21:05 - INFO - logger - log_event - Ответ: {'status': 'ok', 'data': [{'id': 2, 'name': 'Королёв Роман', 'text': "'1\n", 'time': '2025-04-15 08:20'}]}
2025-04-15 08:21:05 - INFO - logger - log_event - Выполнен запрос к БД: {'type': 'getreports', 'id': 5}
2025-04-15 08:21:05 - INFO - logger - log_event - Статус видимости таблицы отчетов после show(): True
2025-04-15 08:21:05 - INFO - logger - log_event - Получен ответ для таблицы отчетов: {'data': [{'id': 2, 'name': 'Королёв Роман', 'text': "'1\n", 'time': '2025-04-15 08:20'}], 'status': 'ok'}
2025-04-15 08:21:05 - INFO - logger - log_event - Число полученных отчетов: 1
2025-04-15 08:21:05 - INFO - logger - log_event - Запрос: {'type': 'getreports', 'id': 5}
2025-04-15 08:21:05 - INFO - logger - log_event - Установлено количество строк в таблице: 1
2025-04-15 08:21:05 - INFO - logger - log_event - Обработка отчета 1/1: {'id': 2, 'name': 'Королёв Роман', 'text': "'1\n", 'time': '2025-04-15 08:20'}
2025-04-15 08:21:05 - INFO - logger - log_event - Таблица отчетов заполнена 1 записями
2025-04-15 08:21:05 - INFO - logger - log_event - Статус видимости таблицы: True
2025-04-15 08:21:05 - INFO - logger - log_event - Ответ: {'status': 'ok', 'data': [{'id': 2, 'name': 'Королёв Роман', 'text': "'1\n", 'time': '2025-04-15 08:20'}]}
2025-04-15 08:21:05 - INFO - logger - log_event - Получен ответ для таблицы отчетов: {'data': [{'id': 2, 'name': 'Королёв Роман', 'text': "'1\n", 'time': '2025-04-15 08:20'}], 'status': 'ok'}
2025-04-15 08:21:05 - INFO - logger - log_event - Выполнен запрос к БД: {'type': 'getreports', 'id': 5}
2025-04-15 08:21:05 - INFO - logger - log_event - Число полученных отчетов: 1
2025-04-15 08:21:05 - INFO - logger - log_event - Установлено количество строк в таблице: 1
2025-04-15 08:21:05 - INFO - logger - log_event - Обработка отчета 1/1: {'id': 2, 'name': 'Королёв Роман', 'text': "'1\n", 'time': '2025-04-15 08:20'}
2025-04-15 08:21:05 - INFO - logger - log_event - Таблица отчетов заполнена 1 записями
2025-04-15 08:21:05 - INFO - logger - log_event - Статус видимости таблицы: True
2025-04-15 08:21:05 - INFO - logger - log_event - Получен ответ для таблицы отчетов: {'data': [{'id': 2, 'name': 'Королёв Роман', 'text': "'1\n", 'time': '2025-04-15 08:20'}], 'status': 'ok'}
2025-04-15 08:21:05 - INFO - logger - log_event - Число полученных отчетов: 1
2025-04-15 08:21:05 - INFO - logger - log_event - Установлено количество строк в таблице: 1
2025-04-15 08:21:05 - INFO - logger - log_event - Обработка отчета 1/1: {'id': 2, 'name': 'Королёв Роман', 'text': "'1\n", 'time': '2025-04-15 08:20'}
2025-04-15 08:21:05 - INFO - logger - log_event - Таблица отчетов заполнена 1 записями
2025-04-15 08:21:05 - INFO - logger - log_event - Статус видимости таблицы: True
2025-04-15 08:22:11 - INFO - logger - log_event - Raw data (bytes): b'SN008_detail....\r\n'
2025-04-15 08:22:11 - INFO - logger - log_event - Decoded data (str): SN008_detail....
2025-04-15 08:22:11 - INFO - logger - log_event - Parsed Data: ['SN008', 'detail']
2025-04-15 08:22:11 - INFO - logger - log_event - Send data to handle_serial_data: ['SN008', 'detail']
2025-04-15 08:22:11 - INFO - logger - log_event - Данные перед очисткой: ['SN008', 'detail']
2025-04-15 08:22:11 - INFO - logger - log_event - Raw data (bytes): b'\r\n'
2025-04-15 08:22:11 - INFO - logger - log_event - Очищенные данные: ['SN008', 'detail']
2025-04-15 08:22:11 - INFO - logger - log_event - Decoded data (str): 
2025-04-15 08:22:11 - INFO - logger - log_event - Получены данные из порта: SN008
2025-04-15 08:22:11 - INFO - logger - log_event - Get NULL
2025-04-15 08:22:11 - INFO - logger - log_event - Запрос данных о детали с серийным номером: SN008
2025-04-15 08:22:11 - INFO - logger - log_event - Текущее состояние: Name='Королёв Роман', auth=True, session_on=True
2025-04-15 08:22:11 - INFO - logger - log_event - Запрос: {'type': 'details', 'serial': 'SN008', 'id': 5}
2025-04-15 08:22:11 - INFO - logger - log_event - Ответ: {'status': 'ok', 'data': {'id': 8, 'name': 'МЕТРАН 150', 'serial_number': 'SN008', 'defective': False, 'stage': 'Хранение', 'sector': 'Сектор 1Б', 'time': '{"mark": {"time": "2025-04-15 10:14:59", "user": 5}, "сборка": {"end": "2025-04-15 10:15:14", "user": 5, "start": "2025-04-15 10:15:06"}, "упаковка": {"end": "2025-04-15 10:15:59", "user": 5, "start": "2025-04-15 10:15:42"}, "тестирование": {"end": "2025-04-15 10:15:39", "user": 5, "start": "2025-04-15 10:15:26"}}', 'identified_by': None, 'defect_stage_id': None}}
2025-04-15 08:22:11 - INFO - logger - log_event - Ответ от сервера: {'status': 'ok', 'data': {'id': 8, 'name': 'МЕТРАН 150', 'serial_number': 'SN008', 'defective': False, 'stage': 'Хранение', 'sector': 'Сектор 1Б', 'time': '{"mark": {"time": "2025-04-15 10:14:59", "user": 5}, "сборка": {"end": "2025-04-15 10:15:14", "user": 5, "start": "2025-04-15 10:15:06"}, "упаковка": {"end": "2025-04-15 10:15:59", "user": 5, "start": "2025-04-15 10:15:42"}, "тестирование": {"end": "2025-04-15 10:15:39", "user": 5, "start": "2025-04-15 10:15:26"}}', 'identified_by': None, 'defect_stage_id': None}}
2025-04-15 08:22:11 - INFO - logger - log_event - Начало работы над деталью. Текущее значение Name: 'Королёв Роман'
2025-04-15 08:22:11 - INFO - logger - log_event - Используем части имени из Name: фамилия='Королёв', имя='Роман'
2025-04-15 08:22:11 - INFO - logger - log_event - Будет использоваться: фамилия='Королёв', имя='Роман'
2025-04-15 08:22:11 - INFO - logger - log_event - Данные детали: {'id': 8, 'name': 'МЕТРАН 150', 'serial_number': 'SN008', 'defective': False, 'stage': 'Хранение', 'sector': 'Сектор 1Б', 'time': '{"mark": {"time": "2025-04-15 10:14:59", "user": 5}, "сборка": {"end": "2025-04-15 10:15:14", "user": 5, "start": "2025-04-15 10:15:06"}, "упаковка": {"end": "2025-04-15 10:15:59", "user": 5, "start": "2025-04-15 10:15:42"}, "тестирование": {"end": "2025-04-15 10:15:39", "user": 5, "start": "2025-04-15 10:15:26"}}', 'identified_by': None, 'defect_stage_id': None}
2025-04-15 08:22:11 - INFO - logger - log_event - Запрос: {'type': 'updateSessionDescription', 'name': 'Роман', 'surname': 'Королёв', 'new_description': 'смотрит информацию о SN008', 'id': 5}
2025-04-15 08:22:12 - INFO - logger - log_event - Ответ: {'status': 'ok'}
2025-04-15 08:22:12 - INFO - logger - log_event - Ответ на обновление описания сессии: {'status': 'ok'}
2025-04-15 08:22:13 - INFO - logger - log_event - Raw data (bytes): b'SN008_detail....\r\n'
2025-04-15 08:22:13 - INFO - logger - log_event - Decoded data (str): SN008_detail....
2025-04-15 08:22:13 - INFO - logger - log_event - Parsed Data: ['SN008', 'detail']
2025-04-15 08:22:13 - INFO - logger - log_event - Send data to handle_serial_data: ['SN008', 'detail']
2025-04-15 08:22:13 - INFO - logger - log_event - Данные перед очисткой: ['SN008', 'detail']
2025-04-15 08:22:13 - INFO - logger - log_event - Очищенные данные: ['SN008', 'detail']
2025-04-15 08:22:13 - INFO - logger - log_event - Raw data (bytes): b'\r\n'
2025-04-15 08:22:13 - INFO - logger - log_event - Получены данные из порта: SN008
2025-04-15 08:22:13 - INFO - logger - log_event - Decoded data (str): 
2025-04-15 08:22:13 - INFO - logger - log_event - Запрос данных о детали с серийным номером: SN008
2025-04-15 08:22:13 - INFO - logger - log_event - Get NULL
2025-04-15 08:22:13 - INFO - logger - log_event - Текущее состояние: Name='Королёв Роман', auth=True, session_on=True
2025-04-15 08:22:13 - INFO - logger - log_event - Запрос: {'type': 'details', 'serial': 'SN008', 'id': 5}
2025-04-15 08:22:13 - INFO - logger - log_event - Ответ: {'status': 'ok', 'data': {'id': 8, 'name': 'МЕТРАН 150', 'serial_number': 'SN008', 'defective': False, 'stage': 'Хранение', 'sector': 'Сектор 1Б', 'time': '{"mark": {"time": "2025-04-15 10:14:59", "user": 5}, "сборка": {"end": "2025-04-15 10:15:14", "user": 5, "start": "2025-04-15 10:15:06"}, "упаковка": {"end": "2025-04-15 10:15:59", "user": 5, "start": "2025-04-15 10:15:42"}, "тестирование": {"end": "2025-04-15 10:15:39", "user": 5, "start": "2025-04-15 10:15:26"}}', 'identified_by': None, 'defect_stage_id': None}}
2025-04-15 08:22:13 - INFO - logger - log_event - Ответ от сервера: {'status': 'ok', 'data': {'id': 8, 'name': 'МЕТРАН 150', 'serial_number': 'SN008', 'defective': False, 'stage': 'Хранение', 'sector': 'Сектор 1Б', 'time': '{"mark": {"time": "2025-04-15 10:14:59", "user": 5}, "сборка": {"end": "2025-04-15 10:15:14", "user": 5, "start": "2025-04-15 10:15:06"}, "упаковка": {"end": "2025-04-15 10:15:59", "user": 5, "start": "2025-04-15 10:15:42"}, "тестирование": {"end": "2025-04-15 10:15:39", "user": 5, "start": "2025-04-15 10:15:26"}}', 'identified_by': None, 'defect_stage_id': None}}
2025-04-15 08:22:28 - INFO - logger - log_event - Получены части имени для завершения сессии: фамилия='Королёв', имя='Роман'
2025-04-15 08:22:28 - INFO - logger - log_event - Завершение сессии пользователя: Королёв Роман
2025-04-15 08:22:28 - INFO - logger - log_event - Запрос: {'type': 'endSession', 'name': 'Роман', 'surname': 'Королёв', 'id': 5}
2025-04-15 08:22:31 - INFO - logger - log_event - Ответ: {'status': 'ok'}
2025-04-15 08:22:31 - INFO - logger - log_event - Сессия пользователя Королёв Роман успешно закрыта на сервере
2025-04-15 08:22:31 - INFO - logger - log_event - Пользователь завершил работу
2025-04-15 08:22:31 - INFO - logger - log_event - Сессия пользователя завершена
2025-04-15 08:22:37 - INFO - logger - log_event - Raw data (bytes): b'977625563_user..\r\n'
2025-04-15 08:22:37 - INFO - logger - log_event - Decoded data (str): 977625563_user..
2025-04-15 08:22:37 - INFO - logger - log_event - Parsed Data: ['977625563', 'user']
2025-04-15 08:22:37 - INFO - logger - log_event - Send data to handle_serial_data: ['977625563', 'user']
2025-04-15 08:22:37 - INFO - logger - log_event - Данные перед очисткой: ['977625563', 'user']
2025-04-15 08:22:37 - INFO - logger - log_event - Очищенные данные: ['977625563', 'user']
2025-04-15 08:22:37 - INFO - logger - log_event - Raw data (bytes): b'\r\n'
2025-04-15 08:22:37 - INFO - logger - log_event - Пользователь с UID: 977625563
2025-04-15 08:22:37 - INFO - logger - log_event - Decoded data (str): 
2025-04-15 08:22:37 - INFO - logger - log_event - Попытка аутентификации пользователя с UID: 977625563
2025-04-15 08:22:37 - INFO - logger - log_event - Get NULL
2025-04-15 08:22:37 - INFO - logger - log_event - Запрос: {'type': 'user', 'uid': '977625563', 'id': 5}
2025-04-15 08:22:37 - INFO - logger - log_event - Ответ: {'status': 'ok', 'name': 'Роман', 'surname': 'Королёв', 'id': 5}
2025-04-15 08:22:37 - INFO - logger - log_event - Ответ сервера: {'status': 'ok', 'name': 'Роман', 'surname': 'Королёв', 'id': 5}
2025-04-15 08:22:37 - INFO - logger - log_event - Данные пользователя в корне ответа: {'status': 'ok', 'name': 'Роман', 'surname': 'Королёв', 'id': 5}
2025-04-15 08:22:39 - INFO - logger - log_event - Запрос на создание сессии: {'type': 'startSession', 'name': 'Роман', 'surname': 'Королёв', 'work_description': 'Без детали'}
2025-04-15 08:22:39 - INFO - logger - log_event - Запрос: {'type': 'startSession', 'name': 'Роман', 'surname': 'Королёв', 'work_description': 'Без детали', 'id': 5}
2025-04-15 08:22:49 - INFO - logger - log_event - Ответ: {'status': 'ok'}
2025-04-15 08:22:49 - INFO - logger - log_event - Ответ на создание сессии: {'status': 'ok'}
2025-04-15 08:22:49 - INFO - logger - log_event - Сессия успешно начата: Королёв Роман
2025-04-15 08:22:49 - INFO - logger - log_event - Устанавливаем переменную config.user: Королёв Роман
2025-04-15 08:22:49 - INFO - logger - log_event - Устанавливаем переменную config.Name: Королёв Роман
2025-04-15 08:22:49 - INFO - logger - log_event - Установлено значение config.Name: Королёв Роман
2025-04-15 08:22:49 - INFO - logger - log_event - Успешная аутентификация пользователя: Королёв Роман
2025-04-15 08:23:58 - INFO - logger - log_event - Login to the admin panel
2025-04-15 08:24:05 - INFO - logger - log_event - Создан поток DatabaseWorker с запросом: {'type': 'getreports'}
2025-04-15 08:24:05 - INFO - logger - log_event - Запрос: {'type': 'getreports', 'id': 5}
2025-04-15 08:24:05 - INFO - logger - log_event - Ответ: {'status': 'ok', 'data': [{'id': 2, 'name': 'Королёв Роман', 'text': "'1\n", 'time': '2025-04-15 08:20'}]}
2025-04-15 08:24:05 - INFO - logger - log_event - Выполнен запрос к БД: {'type': 'getreports', 'id': 5}
2025-04-15 08:24:05 - INFO - logger - log_event - Запрос: {'type': 'getreports', 'id': 5}
2025-04-15 08:24:06 - INFO - logger - log_event - Ответ: {'status': 'ok', 'data': [{'id': 2, 'name': 'Королёв Роман', 'text': "'1\n", 'time': '2025-04-15 08:20'}]}
2025-04-15 08:24:06 - INFO - logger - log_event - Выполнен запрос к БД: {'type': 'getreports', 'id': 5}
2025-04-15 08:24:06 - INFO - logger - log_event - Получен ответ для таблицы отчетов: {'data': [{'id': 2, 'name': 'Королёв Роман', 'text': "'1\n", 'time': '2025-04-15 08:20'}], 'status': 'ok'}
2025-04-15 08:24:06 - INFO - logger - log_event - Число полученных отчетов: 1
2025-04-15 08:24:06 - INFO - logger - log_event - Установлено количество строк в таблице: 1
2025-04-15 08:24:06 - INFO - logger - log_event - Обработка отчета 1/1: {'id': 2, 'name': 'Королёв Роман', 'text': "'1\n", 'time': '2025-04-15 08:20'}
2025-04-15 08:24:06 - INFO - logger - log_event - Таблица отчетов заполнена 1 записями
2025-04-15 08:24:06 - INFO - logger - log_event - Статус видимости таблицы: True
2025-04-15 08:24:20 - INFO - logger - log_event - Создан поток DatabaseWorker с запросом: {'type': 'getreports'}
2025-04-15 08:24:20 - INFO - logger - log_event - Запрос: {'type': 'getreports', 'id': 5}
2025-04-15 08:24:21 - INFO - logger - log_event - Ответ: {'status': 'ok', 'data': [{'id': 2, 'name': 'Королёв Роман', 'text': "'1\n", 'time': '2025-04-15 08:20'}]}
2025-04-15 08:24:21 - INFO - logger - log_event - Выполнен запрос к БД: {'type': 'getreports', 'id': 5}
2025-04-15 08:24:21 - INFO - logger - log_event - Запрос: {'type': 'getreports', 'id': 5}
2025-04-15 08:24:21 - INFO - logger - log_event - Ответ: {'status': 'ok', 'data': [{'id': 2, 'name': 'Королёв Роман', 'text': "'1\n", 'time': '2025-04-15 08:20'}]}
2025-04-15 08:24:21 - INFO - logger - log_event - Выполнен запрос к БД: {'type': 'getreports', 'id': 5}
2025-04-15 08:24:21 - INFO - logger - log_event - Получен ответ для таблицы отчетов: {'data': [{'id': 2, 'name': 'Королёв Роман', 'text': "'1\n", 'time': '2025-04-15 08:20'}], 'status': 'ok'}
2025-04-15 08:24:21 - INFO - logger - log_event - Число полученных отчетов: 1
2025-04-15 08:24:21 - INFO - logger - log_event - Установлено количество строк в таблице: 1
2025-04-15 08:24:21 - INFO - logger - log_event - Обработка отчета 1/1: {'id': 2, 'name': 'Королёв Роман', 'text': "'1\n", 'time': '2025-04-15 08:20'}
2025-04-15 08:24:21 - INFO - logger - log_event - Таблица отчетов заполнена 1 записями
2025-04-15 08:24:21 - INFO - logger - log_event - Статус видимости таблицы: True
2025-04-15 08:24:35 - INFO - logger - log_event - Создан поток DatabaseWorker с запросом: {'type': 'getreports'}
2025-04-15 08:24:35 - INFO - logger - log_event - Запрос: {'type': 'getreports', 'id': 5}
2025-04-15 08:24:35 - INFO - logger - log_event - Ответ: {'status': 'ok', 'data': [{'id': 2, 'name': 'Королёв Роман', 'text': "'1\n", 'time': '2025-04-15 08:20'}]}
2025-04-15 08:24:35 - INFO - logger - log_event - Выполнен запрос к БД: {'type': 'getreports', 'id': 5}
2025-04-15 08:24:35 - INFO - logger - log_event - Запрос: {'type': 'getreports', 'id': 5}
2025-04-15 08:24:35 - INFO - logger - log_event - Ответ: {'status': 'ok', 'data': [{'id': 2, 'name': 'Королёв Роман', 'text': "'1\n", 'time': '2025-04-15 08:20'}]}
2025-04-15 08:24:35 - INFO - logger - log_event - Выполнен запрос к БД: {'type': 'getreports', 'id': 5}
2025-04-15 08:24:35 - INFO - logger - log_event - Получен ответ для таблицы отчетов: {'data': [{'id': 2, 'name': 'Королёв Роман', 'text': "'1\n", 'time': '2025-04-15 08:20'}], 'status': 'ok'}
2025-04-15 08:24:35 - INFO - logger - log_event - Число полученных отчетов: 1
2025-04-15 08:24:35 - INFO - logger - log_event - Установлено количество строк в таблице: 1
2025-04-15 08:24:35 - INFO - logger - log_event - Обработка отчета 1/1: {'id': 2, 'name': 'Королёв Роман', 'text': "'1\n", 'time': '2025-04-15 08:20'}
2025-04-15 08:24:35 - INFO - logger - log_event - Таблица отчетов заполнена 1 записями
2025-04-15 08:24:35 - INFO - logger - log_event - Статус видимости таблицы: True
2025-04-15 08:27:28 - INFO - logger - log_event - Login to the admin panel
2025-04-15 08:27:32 - INFO - logger - log_event - Создан поток DatabaseWorker с запросом: {'type': 'getSessions'}
2025-04-15 08:27:32 - INFO - logger - log_event - Запрос: {'type': 'getSessions', 'id': 5}
2025-04-15 08:27:32 - INFO - logger - log_event - Ответ: {'status': 'ok', 'data': [{'id': 128, 'user_id': 5, 'start_time': '2025-04-01 12:17', 'work_description': 'Без детали', 'status': 'active', 'notes': None, 'name': 'Роман', 'surname': 'Королёв'}]}
2025-04-15 08:27:32 - INFO - logger - log_event - Выполнен запрос к БД: {'type': 'getSessions', 'id': 5}
2025-04-15 08:27:32 - INFO - logger - log_event - Отображаем страницу активных сессий
2025-04-15 08:27:32 - INFO - logger - log_event - Запрос: {'type': 'getSessions', 'id': 5}
2025-04-15 08:27:32 - INFO - logger - log_event - Видимость таблицы: True, контейнера: True
2025-04-15 08:27:32 - INFO - logger - log_event - Создан поток DatabaseWorker с запросом: {'type': 'getSessions'}
2025-04-15 08:27:32 - INFO - logger - log_event - Запрос: {'type': 'getSessions', 'id': 5}
2025-04-15 08:27:32 - INFO - logger - log_event - Ответ: {'status': 'ok', 'data': [{'id': 128, 'user_id': 5, 'start_time': '2025-04-01 12:17', 'work_description': 'Без детали', 'status': 'active', 'notes': None, 'name': 'Роман', 'surname': 'Королёв'}]}
2025-04-15 08:27:32 - INFO - logger - log_event - Ответ: {'status': 'ok', 'data': [{'id': 128, 'user_id': 5, 'start_time': '2025-04-01 12:17', 'work_description': 'Без детали', 'status': 'active', 'notes': None, 'name': 'Роман', 'surname': 'Королёв'}]}
2025-04-15 08:27:32 - INFO - logger - log_event - Выполнен запрос к БД: {'type': 'getSessions', 'id': 5}
2025-04-15 08:27:32 - INFO - logger - log_event - Выполнен запрос к БД: {'type': 'getSessions', 'id': 5}
2025-04-15 08:27:32 - INFO - logger - log_event - Отображаем страницу активных сессий
2025-04-15 08:27:32 - INFO - logger - log_event - Видимость таблицы: True, контейнера: True
2025-04-15 08:27:32 - INFO - logger - log_event - Создан поток DatabaseWorker с запросом: {'type': 'getSessions'}
2025-04-15 08:27:32 - INFO - logger - log_event - Запрос: {'type': 'getSessions', 'id': 5}
2025-04-15 08:27:32 - INFO - logger - log_event - Запрос: {'type': 'getSessions', 'id': 5}
2025-04-15 08:27:32 - INFO - logger - log_event - Ответ: {'status': 'ok', 'data': [{'id': 128, 'user_id': 5, 'start_time': '2025-04-01 12:17', 'work_description': 'Без детали', 'status': 'active', 'notes': None, 'name': 'Роман', 'surname': 'Королёв'}]}
2025-04-15 08:27:32 - INFO - logger - log_event - Выполнен запрос к БД: {'type': 'getSessions', 'id': 5}
2025-04-15 08:27:33 - INFO - logger - log_event - Ответ: {'status': 'ok', 'data': [{'id': 128, 'user_id': 5, 'start_time': '2025-04-01 12:17', 'work_description': 'Без детали', 'status': 'active', 'notes': None, 'name': 'Роман', 'surname': 'Королёв'}]}
2025-04-15 08:27:33 - INFO - logger - log_event - Выполнен запрос к БД: {'type': 'getSessions', 'id': 5}
2025-04-15 08:27:33 - INFO - logger - log_event - Отображаем страницу активных сессий
2025-04-15 08:27:33 - INFO - logger - log_event - Видимость таблицы: True, контейнера: True
2025-04-15 08:27:33 - INFO - logger - log_event - Запрос: {'type': 'getSessions', 'id': 5}
2025-04-15 08:27:33 - INFO - logger - log_event - Получен ответ для таблицы сессий: {'data': [{'id': 128, 'name': 'Роман', 'notes': None, 'start_time': '2025-04-01 12:17', 'status': 'active', 'surname': 'Королёв', 'user_id': 5, 'work_description': 'Без детали'}], 'status': 'ok'}
2025-04-15 08:27:33 - INFO - logger - log_event - Число полученных сессий: 1
2025-04-15 08:27:33 - INFO - logger - log_event - Кнопка удаления всех сессий скрыта (только одна сессия)
2025-04-15 08:27:33 - INFO - logger - log_event - Видимость таблицы: True, контейнера: True
2025-04-15 08:27:33 - INFO - logger - log_event - Ответ: {'status': 'ok', 'data': [{'id': 128, 'user_id': 5, 'start_time': '2025-04-01 12:17', 'work_description': 'Без детали', 'status': 'active', 'notes': None, 'name': 'Роман', 'surname': 'Королёв'}]}
2025-04-15 08:27:33 - INFO - logger - log_event - Получен ответ для таблицы сессий: {'data': [{'id': 128, 'name': 'Роман', 'notes': None, 'start_time': '2025-04-01 12:17', 'status': 'active', 'surname': 'Королёв', 'user_id': 5, 'work_description': 'Без детали'}], 'status': 'ok'}
2025-04-15 08:27:33 - INFO - logger - log_event - Выполнен запрос к БД: {'type': 'getSessions', 'id': 5}
2025-04-15 08:27:33 - INFO - logger - log_event - Число полученных сессий: 1
2025-04-15 08:27:33 - INFO - logger - log_event - Кнопка удаления всех сессий скрыта (только одна сессия)
2025-04-15 08:27:33 - INFO - logger - log_event - Видимость таблицы: True, контейнера: True
2025-04-15 08:27:33 - INFO - logger - log_event - Получен ответ для таблицы сессий: {'data': [{'id': 128, 'name': 'Роман', 'notes': None, 'start_time': '2025-04-01 12:17', 'status': 'active', 'surname': 'Королёв', 'user_id': 5, 'work_description': 'Без детали'}], 'status': 'ok'}
2025-04-15 08:27:33 - INFO - logger - log_event - Число полученных сессий: 1
2025-04-15 08:27:33 - INFO - logger - log_event - Кнопка удаления всех сессий скрыта (только одна сессия)
2025-04-15 08:27:33 - INFO - logger - log_event - Видимость таблицы: True, контейнера: True
2025-04-15 08:27:37 - INFO - logger - log_event - Выбран пункт меню Отчеты
2025-04-15 08:27:37 - INFO - logger - log_event - Создан поток DatabaseWorker с запросом: {'type': 'getreports'}
2025-04-15 08:27:37 - INFO - logger - log_event - Запрос: {'type': 'getreports', 'id': 5}
2025-04-15 08:27:37 - INFO - logger - log_event - Ответ: {'status': 'ok', 'data': [{'id': 2, 'name': 'Королёв Роман', 'text': "'1\n", 'time': '2025-04-15 08:20'}]}
2025-04-15 08:27:37 - INFO - logger - log_event - Выполнен запрос к БД: {'type': 'getreports', 'id': 5}
2025-04-15 08:27:37 - INFO - logger - log_event - Статус видимости таблицы отчетов после show(): True
2025-04-15 08:27:37 - INFO - logger - log_event - Выбран пункт меню Отчеты
2025-04-15 08:27:37 - INFO - logger - log_event - Запрос: {'type': 'getreports', 'id': 5}
2025-04-15 08:27:37 - INFO - logger - log_event - Создан поток DatabaseWorker с запросом: {'type': 'getreports'}
2025-04-15 08:27:37 - INFO - logger - log_event - Запрос: {'type': 'getreports', 'id': 5}
2025-04-15 08:27:37 - INFO - logger - log_event - Ответ: {'status': 'ok', 'data': [{'id': 2, 'name': 'Королёв Роман', 'text': "'1\n", 'time': '2025-04-15 08:20'}]}
2025-04-15 08:27:37 - INFO - logger - log_event - Выполнен запрос к БД: {'type': 'getreports', 'id': 5}
2025-04-15 08:27:37 - INFO - logger - log_event - Ответ: {'status': 'ok', 'data': [{'id': 2, 'name': 'Королёв Роман', 'text': "'1\n", 'time': '2025-04-15 08:20'}]}
2025-04-15 08:27:37 - INFO - logger - log_event - Выполнен запрос к БД: {'type': 'getreports', 'id': 5}
2025-04-15 08:27:37 - INFO - logger - log_event - Статус видимости таблицы отчетов после show(): True
2025-04-15 08:27:37 - INFO - logger - log_event - Запрос: {'type': 'getreports', 'id': 5}
2025-04-15 08:27:37 - INFO - logger - log_event - Выбран пункт меню Отчеты
2025-04-15 08:27:37 - INFO - logger - log_event - Создан поток DatabaseWorker с запросом: {'type': 'getreports'}
2025-04-15 08:27:37 - INFO - logger - log_event - Запрос: {'type': 'getreports', 'id': 5}
2025-04-15 08:27:37 - INFO - logger - log_event - Ответ: {'status': 'ok', 'data': [{'id': 2, 'name': 'Королёв Роман', 'text': "'1\n", 'time': '2025-04-15 08:20'}]}
2025-04-15 08:27:37 - INFO - logger - log_event - Ответ: {'status': 'ok', 'data': [{'id': 2, 'name': 'Королёв Роман', 'text': "'1\n", 'time': '2025-04-15 08:20'}]}
2025-04-15 08:27:37 - INFO - logger - log_event - Выполнен запрос к БД: {'type': 'getreports', 'id': 5}
2025-04-15 08:27:37 - INFO - logger - log_event - Выполнен запрос к БД: {'type': 'getreports', 'id': 5}
2025-04-15 08:27:37 - INFO - logger - log_event - Статус видимости таблицы отчетов после show(): True
2025-04-15 08:27:37 - INFO - logger - log_event - Запрос: {'type': 'getreports', 'id': 5}
2025-04-15 08:27:37 - INFO - logger - log_event - Получен ответ для таблицы отчетов: {'data': [{'id': 2, 'name': 'Королёв Роман', 'text': "'1\n", 'time': '2025-04-15 08:20'}], 'status': 'ok'}
2025-04-15 08:27:37 - INFO - logger - log_event - Число полученных отчетов: 1
2025-04-15 08:27:37 - INFO - logger - log_event - Установлено количество строк в таблице: 1
2025-04-15 08:27:37 - INFO - logger - log_event - Обработка отчета 1/1: {'id': 2, 'name': 'Королёв Роман', 'text': "'1\n", 'time': '2025-04-15 08:20'}
2025-04-15 08:27:37 - INFO - logger - log_event - Таблица отчетов заполнена 1 записями
2025-04-15 08:27:37 - INFO - logger - log_event - Статус видимости таблицы: True
2025-04-15 08:27:37 - INFO - logger - log_event - Получен ответ для таблицы отчетов: {'data': [{'id': 2, 'name': 'Королёв Роман', 'text': "'1\n", 'time': '2025-04-15 08:20'}], 'status': 'ok'}
2025-04-15 08:27:37 - INFO - logger - log_event - Число полученных отчетов: 1
2025-04-15 08:27:37 - INFO - logger - log_event - Установлено количество строк в таблице: 1
2025-04-15 08:27:37 - INFO - logger - log_event - Обработка отчета 1/1: {'id': 2, 'name': 'Королёв Роман', 'text': "'1\n", 'time': '2025-04-15 08:20'}
2025-04-15 08:27:37 - INFO - logger - log_event - Ответ: {'status': 'ok', 'data': [{'id': 2, 'name': 'Королёв Роман', 'text': "'1\n", 'time': '2025-04-15 08:20'}]}
2025-04-15 08:27:37 - INFO - logger - log_event - Таблица отчетов заполнена 1 записями
2025-04-15 08:27:37 - INFO - logger - log_event - Выполнен запрос к БД: {'type': 'getreports', 'id': 5}
2025-04-15 08:27:37 - INFO - logger - log_event - Статус видимости таблицы: True
2025-04-15 08:27:37 - INFO - logger - log_event - Получен ответ для таблицы отчетов: {'data': [{'id': 2, 'name': 'Королёв Роман', 'text': "'1\n", 'time': '2025-04-15 08:20'}], 'status': 'ok'}
2025-04-15 08:27:37 - INFO - logger - log_event - Число полученных отчетов: 1
2025-04-15 08:27:37 - INFO - logger - log_event - Установлено количество строк в таблице: 1
2025-04-15 08:27:37 - INFO - logger - log_event - Обработка отчета 1/1: {'id': 2, 'name': 'Королёв Роман', 'text': "'1\n", 'time': '2025-04-15 08:20'}
2025-04-15 08:27:37 - INFO - logger - log_event - Таблица отчетов заполнена 1 записями
2025-04-15 08:27:37 - INFO - logger - log_event - Статус видимости таблицы: True
2025-04-15 08:27:52 - INFO - logger - log_event - Создан поток DatabaseWorker с запросом: {'type': 'getreports'}
2025-04-15 08:27:52 - INFO - logger - log_event - Запрос: {'type': 'getreports', 'id': 5}
2025-04-15 08:27:54 - INFO - logger - log_event - Ответ: {'status': 'ok', 'data': [{'id': 2, 'name': 'Королёв Роман', 'text': "'1\n", 'time': '2025-04-15 08:20'}]}
2025-04-15 08:27:54 - INFO - logger - log_event - Выполнен запрос к БД: {'type': 'getreports', 'id': 5}
2025-04-15 08:27:54 - INFO - logger - log_event - Запрос: {'type': 'getreports', 'id': 5}
2025-04-15 08:27:54 - INFO - logger - log_event - Ответ: {'status': 'ok', 'data': [{'id': 2, 'name': 'Королёв Роман', 'text': "'1\n", 'time': '2025-04-15 08:20'}]}
2025-04-15 08:27:54 - INFO - logger - log_event - Выполнен запрос к БД: {'type': 'getreports', 'id': 5}
2025-04-15 08:27:54 - INFO - logger - log_event - Получен ответ для таблицы отчетов: {'data': [{'id': 2, 'name': 'Королёв Роман', 'text': "'1\n", 'time': '2025-04-15 08:20'}], 'status': 'ok'}
2025-04-15 08:27:54 - INFO - logger - log_event - Число полученных отчетов: 1
2025-04-15 08:27:54 - INFO - logger - log_event - Установлено количество строк в таблице: 1
2025-04-15 08:27:54 - INFO - logger - log_event - Обработка отчета 1/1: {'id': 2, 'name': 'Королёв Роман', 'text': "'1\n", 'time': '2025-04-15 08:20'}
2025-04-15 08:27:54 - INFO - logger - log_event - Таблица отчетов заполнена 1 записями
2025-04-15 08:27:54 - INFO - logger - log_event - Статус видимости таблицы: True
2025-04-15 08:28:07 - INFO - logger - log_event - Создан поток DatabaseWorker с запросом: {'type': 'getreports'}
2025-04-15 08:28:07 - INFO - logger - log_event - Запрос: {'type': 'getreports', 'id': 5}
2025-04-15 08:28:07 - INFO - logger - log_event - Ответ: {'status': 'ok', 'data': [{'id': 2, 'name': 'Королёв Роман', 'text': "'1\n", 'time': '2025-04-15 08:20'}]}
2025-04-15 08:28:07 - INFO - logger - log_event - Выполнен запрос к БД: {'type': 'getreports', 'id': 5}
2025-04-15 08:28:07 - INFO - logger - log_event - Запрос: {'type': 'getreports', 'id': 5}
2025-04-15 08:28:07 - INFO - logger - log_event - Ответ: {'status': 'ok', 'data': [{'id': 2, 'name': 'Королёв Роман', 'text': "'1\n", 'time': '2025-04-15 08:20'}]}
2025-04-15 08:28:07 - INFO - logger - log_event - Выполнен запрос к БД: {'type': 'getreports', 'id': 5}
2025-04-15 08:28:07 - INFO - logger - log_event - Получен ответ для таблицы отчетов: {'data': [{'id': 2, 'name': 'Королёв Роман', 'text': "'1\n", 'time': '2025-04-15 08:20'}], 'status': 'ok'}
2025-04-15 08:28:07 - INFO - logger - log_event - Число полученных отчетов: 1
2025-04-15 08:28:07 - INFO - logger - log_event - Установлено количество строк в таблице: 1
2025-04-15 08:28:07 - INFO - logger - log_event - Обработка отчета 1/1: {'id': 2, 'name': 'Королёв Роман', 'text': "'1\n", 'time': '2025-04-15 08:20'}
2025-04-15 08:28:07 - INFO - logger - log_event - Таблица отчетов заполнена 1 записями
2025-04-15 08:28:07 - INFO - logger - log_event - Статус видимости таблицы: True
2025-04-15 08:28:22 - INFO - logger - log_event - Создан поток DatabaseWorker с запросом: {'type': 'getreports'}
2025-04-15 08:28:22 - INFO - logger - log_event - Запрос: {'type': 'getreports', 'id': 5}
2025-04-15 08:28:22 - INFO - logger - log_event - Ответ: {'status': 'ok', 'data': [{'id': 2, 'name': 'Королёв Роман', 'text': "'1\n", 'time': '2025-04-15 08:20'}]}
2025-04-15 08:28:22 - INFO - logger - log_event - Выполнен запрос к БД: {'type': 'getreports', 'id': 5}
2025-04-15 08:28:22 - INFO - logger - log_event - Запрос: {'type': 'getreports', 'id': 5}
2025-04-15 08:28:22 - INFO - logger - log_event - Ответ: {'status': 'ok', 'data': [{'id': 2, 'name': 'Королёв Роман', 'text': "'1\n", 'time': '2025-04-15 08:20'}]}
2025-04-15 08:28:22 - INFO - logger - log_event - Выполнен запрос к БД: {'type': 'getreports', 'id': 5}
2025-04-15 08:28:22 - INFO - logger - log_event - Получен ответ для таблицы отчетов: {'data': [{'id': 2, 'name': 'Королёв Роман', 'text': "'1\n", 'time': '2025-04-15 08:20'}], 'status': 'ok'}
2025-04-15 08:28:22 - INFO - logger - log_event - Число полученных отчетов: 1
2025-04-15 08:28:22 - INFO - logger - log_event - Установлено количество строк в таблице: 1
2025-04-15 08:28:22 - INFO - logger - log_event - Обработка отчета 1/1: {'id': 2, 'name': 'Королёв Роман', 'text': "'1\n", 'time': '2025-04-15 08:20'}
2025-04-15 08:28:22 - INFO - logger - log_event - Таблица отчетов заполнена 1 записями
2025-04-15 08:28:22 - INFO - logger - log_event - Статус видимости таблицы: True
2025-04-15 08:28:37 - INFO - logger - log_event - Создан поток DatabaseWorker с запросом: {'type': 'getreports'}
2025-04-15 08:28:37 - INFO - logger - log_event - Запрос: {'type': 'getreports', 'id': 5}
2025-04-15 08:28:41 - INFO - logger - log_event - Ответ: {'status': 'ok', 'data': [{'id': 2, 'name': 'Королёв Роман', 'text': "'1\n", 'time': '2025-04-15 08:20'}]}
2025-04-15 08:28:41 - INFO - logger - log_event - Выполнен запрос к БД: {'type': 'getreports', 'id': 5}
2025-04-15 08:28:41 - INFO - logger - log_event - Запрос: {'type': 'getreports', 'id': 5}
2025-04-15 08:28:41 - INFO - logger - log_event - Ответ: {'status': 'ok', 'data': [{'id': 2, 'name': 'Королёв Роман', 'text': "'1\n", 'time': '2025-04-15 08:20'}]}
2025-04-15 08:28:41 - INFO - logger - log_event - Выполнен запрос к БД: {'type': 'getreports', 'id': 5}
2025-04-15 08:28:41 - INFO - logger - log_event - Получен ответ для таблицы отчетов: {'data': [{'id': 2, 'name': 'Королёв Роман', 'text': "'1\n", 'time': '2025-04-15 08:20'}], 'status': 'ok'}
2025-04-15 08:28:41 - INFO - logger - log_event - Число полученных отчетов: 1
2025-04-15 08:28:41 - INFO - logger - log_event - Установлено количество строк в таблице: 1
2025-04-15 08:28:41 - INFO - logger - log_event - Обработка отчета 1/1: {'id': 2, 'name': 'Королёв Роман', 'text': "'1\n", 'time': '2025-04-15 08:20'}
2025-04-15 08:28:41 - INFO - logger - log_event - Таблица отчетов заполнена 1 записями
2025-04-15 08:28:41 - INFO - logger - log_event - Статус видимости таблицы: True
2025-04-15 08:28:52 - INFO - logger - log_event - Создан поток DatabaseWorker с запросом: {'type': 'getreports'}
2025-04-15 08:28:52 - INFO - logger - log_event - Запрос: {'type': 'getreports', 'id': 5}
2025-04-15 08:28:52 - INFO - logger - log_event - Ответ: {'status': 'ok', 'data': [{'id': 2, 'name': 'Королёв Роман', 'text': "'1\n", 'time': '2025-04-15 08:20'}]}
2025-04-15 08:28:52 - INFO - logger - log_event - Выполнен запрос к БД: {'type': 'getreports', 'id': 5}
2025-04-15 08:28:52 - INFO - logger - log_event - Запрос: {'type': 'getreports', 'id': 5}
2025-04-15 08:28:52 - INFO - logger - log_event - Ответ: {'status': 'ok', 'data': [{'id': 2, 'name': 'Королёв Роман', 'text': "'1\n", 'time': '2025-04-15 08:20'}]}
2025-04-15 08:28:52 - INFO - logger - log_event - Выполнен запрос к БД: {'type': 'getreports', 'id': 5}
2025-04-15 08:28:52 - INFO - logger - log_event - Получен ответ для таблицы отчетов: {'data': [{'id': 2, 'name': 'Королёв Роман', 'text': "'1\n", 'time': '2025-04-15 08:20'}], 'status': 'ok'}
2025-04-15 08:28:52 - INFO - logger - log_event - Число полученных отчетов: 1
2025-04-15 08:28:52 - INFO - logger - log_event - Установлено количество строк в таблице: 1
2025-04-15 08:28:52 - INFO - logger - log_event - Обработка отчета 1/1: {'id': 2, 'name': 'Королёв Роман', 'text': "'1\n", 'time': '2025-04-15 08:20'}
2025-04-15 08:28:52 - INFO - logger - log_event - Таблица отчетов заполнена 1 записями
2025-04-15 08:28:52 - INFO - logger - log_event - Статус видимости таблицы: True
2025-04-15 08:29:07 - INFO - logger - log_event - Создан поток DatabaseWorker с запросом: {'type': 'getreports'}
2025-04-15 08:29:07 - INFO - logger - log_event - Запрос: {'type': 'getreports', 'id': 5}
2025-04-15 08:29:07 - INFO - logger - log_event - Ответ: {'status': 'ok', 'data': [{'id': 2, 'name': 'Королёв Роман', 'text': "'1\n", 'time': '2025-04-15 08:20'}]}
2025-04-15 08:29:07 - INFO - logger - log_event - Выполнен запрос к БД: {'type': 'getreports', 'id': 5}
2025-04-15 08:29:07 - INFO - logger - log_event - Запрос: {'type': 'getreports', 'id': 5}
2025-04-15 08:29:07 - INFO - logger - log_event - Ответ: {'status': 'ok', 'data': [{'id': 2, 'name': 'Королёв Роман', 'text': "'1\n", 'time': '2025-04-15 08:20'}]}
2025-04-15 08:29:07 - INFO - logger - log_event - Выполнен запрос к БД: {'type': 'getreports', 'id': 5}
2025-04-15 08:29:07 - INFO - logger - log_event - Получен ответ для таблицы отчетов: {'data': [{'id': 2, 'name': 'Королёв Роман', 'text': "'1\n", 'time': '2025-04-15 08:20'}], 'status': 'ok'}
2025-04-15 08:29:07 - INFO - logger - log_event - Число полученных отчетов: 1
2025-04-15 08:29:07 - INFO - logger - log_event - Установлено количество строк в таблице: 1
2025-04-15 08:29:07 - INFO - logger - log_event - Обработка отчета 1/1: {'id': 2, 'name': 'Королёв Роман', 'text': "'1\n", 'time': '2025-04-15 08:20'}
2025-04-15 08:29:07 - INFO - logger - log_event - Таблица отчетов заполнена 1 записями
2025-04-15 08:29:07 - INFO - logger - log_event - Статус видимости таблицы: True
2025-04-15 08:29:18 - INFO - logger - log_event - Запрос: {'type': 'deleteReport', 'id': '2'}
2025-04-15 08:29:20 - INFO - logger - log_event - Ответ: {'status': 'ok'}
2025-04-15 08:29:20 - INFO - logger - log_event - Удален отчет с ID: 2
2025-04-15 08:29:20 - INFO - logger - log_event - Создан поток DatabaseWorker с запросом: {'type': 'getreports'}
2025-04-15 08:29:20 - INFO - logger - log_event - Запрос: {'type': 'getreports', 'id': 5}
2025-04-15 08:29:20 - INFO - logger - log_event - Ответ: {'status': 'error', 'message': 'Отчеты не найдены'}
2025-04-15 08:29:20 - INFO - logger - log_event - Выполнен запрос к БД: {'type': 'getreports', 'id': 5}
2025-04-15 08:29:20 - INFO - logger - log_event - Запрос: {'type': 'getreports', 'id': 5}
2025-04-15 08:29:20 - INFO - logger - log_event - Ответ: {'status': 'error', 'message': 'Отчеты не найдены'}
2025-04-15 08:29:20 - INFO - logger - log_event - Выполнен запрос к БД: {'type': 'getreports', 'id': 5}
2025-04-15 08:29:20 - INFO - logger - log_event - Получен ответ для таблицы отчетов: {'message': 'Отчеты не найдены', 'status': 'error'}
2025-04-15 08:29:20 - ERROR - logger - log_error - Ошибка: Ошибка при получении отчетов из базы данных
NoneType: None
2025-04-15 08:29:33 - INFO - logger - log_event - Закрытие приложения button.py
2025-04-15 08:29:33 - INFO - logger - log_event - Завершаем сессию пользователя: Роман Королёв
2025-04-15 08:29:33 - INFO - logger - log_event - Запрос: {'type': 'endSession', 'name': 'Роман', 'surname': 'Королёв', 'id': 5}
2025-04-15 08:29:34 - INFO - logger - log_event - Ответ: {'status': 'ok'}
2025-04-15 08:29:34 - INFO - logger - log_event - Сессия успешно завершена: Роман Королёв
2025-04-15 08:29:34 - INFO - logger - log_application_exit - Приложение завершено
