2025-04-02 13:34:29 - INFO - logger - <module> - Приложение запущено
2025-04-02 13:34:29 - INFO - logger - <module> - Добавляем логирование в остальные файлы проекта...
2025-04-02 13:34:29 - INFO - logger - <module> - Логирование в database.py: все запросы к серверу регистрируются.
2025-04-02 13:34:29 - INFO - logger - <module> - Логирование в COM.py: события работы с COM-портами фиксируются.
2025-04-02 13:34:29 - INFO - logger - <module> - Логирование в detail_work.py: операции с деталями регистрируются.
2025-04-02 13:34:29 - INFO - logger - <module> - Логирование в Error.py и ErrorTest.py: ошибки записываются.
2025-04-02 13:34:29 - INFO - logger - <module> - Логирование в этапах Mark.py, Packing.py, Test.py, Work.py.
2025-04-02 13:34:31 - INFO - logger - log_event - Сервер доступен
2025-04-02 13:34:31 - INFO - logger - log_event - Сервер доступен
2025-04-02 13:34:31 - INFO - logger - log_event - Главное окно приложения создано
2025-04-02 13:34:31 - INFO - logger - log_event - Создан интерфейс админ-панели
2025-04-02 13:34:31 - INFO - logger - log_event - Enter to mark
2025-04-02 13:34:31 - INFO - logger - log_event - Enter to Test
2025-04-02 13:34:31 - INFO - logger - log_event - Enter to Packing
2025-04-02 13:34:31 - INFO - logger - log_event - Enter to Login page AA
2025-04-02 13:34:31 - INFO - logger - log_event - Enter to assembly
2025-04-02 13:34:31 - INFO - logger - log_event - Enter to mark
2025-04-02 13:34:31 - INFO - logger - log_event - Enter to Test
2025-04-02 13:34:31 - INFO - logger - log_event - Enter to Packing
2025-04-02 13:34:31 - INFO - logger - log_event - Enter to Login page AA
2025-04-02 13:34:31 - INFO - logger - log_event - Enter to assembly
2025-04-02 13:34:31 - INFO - logger - log_event - Enter to mark
2025-04-02 13:34:31 - INFO - logger - log_event - Enter to Test
2025-04-02 13:34:31 - INFO - logger - log_event - Enter to Packing
2025-04-02 13:34:31 - INFO - logger - log_event - Enter to Login page AA
2025-04-02 13:34:31 - INFO - logger - log_event - Enter to assembly
2025-04-02 13:34:31 - INFO - logger - log_event - Enter to mark
2025-04-02 13:34:31 - INFO - logger - log_event - Enter to Test
2025-04-02 13:34:31 - INFO - logger - log_event - Enter to Packing
2025-04-02 13:34:31 - INFO - logger - log_event - Enter to Login page AA
2025-04-02 13:34:31 - INFO - logger - log_event - Enter to assembly
2025-04-02 13:34:31 - INFO - logger - log_event - Enter to mark
2025-04-02 13:34:31 - INFO - logger - log_event - Enter to Test
2025-04-02 13:34:31 - INFO - logger - log_event - Enter to Packing
2025-04-02 13:34:31 - INFO - logger - log_event - Enter to Login page AA
2025-04-02 13:34:31 - INFO - logger - log_event - Enter to assembly
2025-04-02 13:34:33 - INFO - logger - log_event - Raw data (bytes): b'\xd0\x90\xd0\xb3\xd1\x83\xd0\xb0\xd0\xb3\xd1\x83\r\n'
2025-04-02 13:34:33 - INFO - logger - log_event - Decoded data (str): Агуагу
2025-04-02 13:34:33 - INFO - logger - log_event - Parsed Data: ['Агуагу']
2025-04-02 13:34:33 - INFO - logger - log_event - System Arduino init
2025-04-02 13:34:33 - INFO - logger - log_event - Raw data (bytes): b'227622839_user..\r\n'
2025-04-02 13:34:33 - INFO - logger - log_event - Decoded data (str): 227622839_user..
2025-04-02 13:34:33 - INFO - logger - log_event - Parsed Data: ['227622839', 'user']
2025-04-02 13:34:33 - INFO - logger - log_event - Send data to handle_serial_data: ['227622839', 'user']
2025-04-02 13:34:33 - INFO - logger - log_event - Данные перед очисткой: ['227622839', 'user']
2025-04-02 13:34:33 - INFO - logger - log_event - Raw data (bytes): b'\r\n'
2025-04-02 13:34:33 - INFO - logger - log_event - Очищенные данные: ['227622839', 'user']
2025-04-02 13:34:33 - INFO - logger - log_event - Decoded data (str): 
2025-04-02 13:34:33 - INFO - logger - log_event - Пользователь с UID: 227622839
2025-04-02 13:34:33 - INFO - logger - log_event - Get NULL
2025-04-02 13:34:33 - INFO - logger - log_event - Попытка аутентификации пользователя с UID: 227622839
2025-04-02 13:34:33 - INFO - logger - log_event - Запрос: {'type': 'user', 'uid': '227622839'}
2025-04-02 13:34:33 - INFO - logger - log_event - Ответ: {'status': 'ok', 'name': 'Стул', 'surname': 'Ахмедьзянов'}
2025-04-02 13:34:33 - INFO - logger - log_event - Ответ сервера: {'status': 'ok', 'name': 'Стул', 'surname': 'Ахмедьзянов'}
2025-04-02 13:34:33 - INFO - logger - log_event - Данные пользователя в корне ответа: {'status': 'ok', 'name': 'Стул', 'surname': 'Ахмедьзянов'}
2025-04-02 13:34:35 - INFO - logger - log_event - Запрос на создание сессии: {'type': 'startSession', 'name': 'Стул', 'surname': 'Ахмедьзянов', 'work_description': 'Без детали'}
2025-04-02 13:34:35 - INFO - logger - log_event - Запрос: {'type': 'startSession', 'name': 'Стул', 'surname': 'Ахмедьзянов', 'work_description': 'Без детали'}
2025-04-02 13:34:36 - INFO - logger - log_event - Ответ: {'status': 'ok'}
2025-04-02 13:34:36 - INFO - logger - log_event - Ответ на создание сессии: {'status': 'ok'}
2025-04-02 13:34:36 - INFO - logger - log_event - Сессия успешно начата: Ахмедьзянов Стул
2025-04-02 13:34:36 - INFO - logger - log_event - Устанавливаем переменную config.user: Ахмедьзянов Стул
2025-04-02 13:34:36 - INFO - logger - log_event - Устанавливаем переменную config.Name: Ахмедьзянов Стул
2025-04-02 13:34:36 - INFO - logger - log_event - Установлено значение config.Name: Ахмедьзянов Стул
2025-04-02 13:34:36 - INFO - logger - log_event - Успешная аутентификация пользователя: Ахмедьзянов Стул
2025-04-02 13:34:42 - INFO - logger - log_event - Запрос: {'type': 'report', 'text': 'аываыва', 'time': '2025-04-02 13:34', 'name': 'Ахмедьзянов Стул'}
2025-04-02 13:34:42 - INFO - logger - log_event - Ответ: {'status': 'ok'}
2025-04-02 13:34:49 - INFO - logger - log_event - Login to the admin panel
2025-04-02 13:34:51 - INFO - logger - log_event - Выбран пункт меню Отчеты
2025-04-02 13:34:51 - INFO - logger - log_event - Создан поток DatabaseWorker с запросом: {'type': 'getreports'}
2025-04-02 13:34:51 - INFO - logger - log_event - Запрос: {'type': 'getreports'}
2025-04-02 13:34:51 - INFO - logger - log_event - Ответ: {'status': 'ok', 'data': [{'id': 7, 'name': 'Ахмедьзянов Стул', 'text': 'аываыва', 'time': '2025-04-02 13:34'}]}
2025-04-02 13:34:51 - INFO - logger - log_event - Выполнен запрос к БД: {'type': 'getreports'}
2025-04-02 13:34:51 - INFO - logger - log_event - Статус видимости таблицы отчетов после show(): True
2025-04-02 13:34:51 - INFO - logger - log_event - Выбран пункт меню Отчеты
2025-04-02 13:34:51 - INFO - logger - log_event - Запрос: {'type': 'getreports'}
2025-04-02 13:34:51 - INFO - logger - log_event - Создан поток DatabaseWorker с запросом: {'type': 'getreports'}
2025-04-02 13:34:51 - INFO - logger - log_event - Запрос: {'type': 'getreports'}
2025-04-02 13:34:51 - INFO - logger - log_event - Ответ: {'status': 'ok', 'data': [{'id': 7, 'name': 'Ахмедьзянов Стул', 'text': 'аываыва', 'time': '2025-04-02 13:34'}]}
2025-04-02 13:34:51 - INFO - logger - log_event - Ответ: {'status': 'ok', 'data': [{'id': 7, 'name': 'Ахмедьзянов Стул', 'text': 'аываыва', 'time': '2025-04-02 13:34'}]}
2025-04-02 13:34:51 - INFO - logger - log_event - Выполнен запрос к БД: {'type': 'getreports'}
2025-04-02 13:34:51 - INFO - logger - log_event - Выполнен запрос к БД: {'type': 'getreports'}
2025-04-02 13:34:51 - INFO - logger - log_event - Статус видимости таблицы отчетов после show(): True
2025-04-02 13:34:51 - INFO - logger - log_event - Выбран пункт меню Отчеты
2025-04-02 13:34:51 - INFO - logger - log_event - Запрос: {'type': 'getreports'}
2025-04-02 13:34:51 - INFO - logger - log_event - Создан поток DatabaseWorker с запросом: {'type': 'getreports'}
2025-04-02 13:34:51 - INFO - logger - log_event - Запрос: {'type': 'getreports'}
2025-04-02 13:34:51 - INFO - logger - log_event - Ответ: {'status': 'ok', 'data': [{'id': 7, 'name': 'Ахмедьзянов Стул', 'text': 'аываыва', 'time': '2025-04-02 13:34'}]}
2025-04-02 13:34:51 - INFO - logger - log_event - Выполнен запрос к БД: {'type': 'getreports'}
2025-04-02 13:34:51 - INFO - logger - log_event - Ответ: {'status': 'ok', 'data': [{'id': 7, 'name': 'Ахмедьзянов Стул', 'text': 'аываыва', 'time': '2025-04-02 13:34'}]}
2025-04-02 13:34:51 - INFO - logger - log_event - Выполнен запрос к БД: {'type': 'getreports'}
2025-04-02 13:34:51 - INFO - logger - log_event - Статус видимости таблицы отчетов после show(): True
2025-04-02 13:34:51 - INFO - logger - log_event - Запрос: {'type': 'getreports'}
2025-04-02 13:34:51 - INFO - logger - log_event - Получен ответ для таблицы отчетов: {'data': [{'id': 7, 'name': 'Ахмедьзянов Стул', 'text': 'аываыва', 'time': '2025-04-02 13:34'}], 'status': 'ok'}
2025-04-02 13:34:51 - INFO - logger - log_event - Число полученных отчетов: 1
2025-04-02 13:34:51 - INFO - logger - log_event - Установлено количество строк в таблице: 1
2025-04-02 13:34:51 - INFO - logger - log_event - Обработка отчета 1/1: {'id': 7, 'name': 'Ахмедьзянов Стул', 'text': 'аываыва', 'time': '2025-04-02 13:34'}
2025-04-02 13:34:51 - INFO - logger - log_event - Таблица отчетов заполнена 1 записями
2025-04-02 13:34:51 - INFO - logger - log_event - Статус видимости таблицы: True
2025-04-02 13:34:51 - INFO - logger - log_event - Ответ: {'status': 'ok', 'data': [{'id': 7, 'name': 'Ахмедьзянов Стул', 'text': 'аываыва', 'time': '2025-04-02 13:34'}]}
2025-04-02 13:34:51 - INFO - logger - log_event - Получен ответ для таблицы отчетов: {'data': [{'id': 7, 'name': 'Ахмедьзянов Стул', 'text': 'аываыва', 'time': '2025-04-02 13:34'}], 'status': 'ok'}
2025-04-02 13:34:51 - INFO - logger - log_event - Выполнен запрос к БД: {'type': 'getreports'}
2025-04-02 13:34:51 - INFO - logger - log_event - Число полученных отчетов: 1
2025-04-02 13:34:51 - INFO - logger - log_event - Установлено количество строк в таблице: 1
2025-04-02 13:34:51 - INFO - logger - log_event - Обработка отчета 1/1: {'id': 7, 'name': 'Ахмедьзянов Стул', 'text': 'аываыва', 'time': '2025-04-02 13:34'}
2025-04-02 13:34:51 - INFO - logger - log_event - Таблица отчетов заполнена 1 записями
2025-04-02 13:34:51 - INFO - logger - log_event - Статус видимости таблицы: True
2025-04-02 13:34:51 - INFO - logger - log_event - Получен ответ для таблицы отчетов: {'data': [{'id': 7, 'name': 'Ахмедьзянов Стул', 'text': 'аываыва', 'time': '2025-04-02 13:34'}], 'status': 'ok'}
2025-04-02 13:34:51 - INFO - logger - log_event - Число полученных отчетов: 1
2025-04-02 13:34:51 - INFO - logger - log_event - Установлено количество строк в таблице: 1
2025-04-02 13:34:51 - INFO - logger - log_event - Обработка отчета 1/1: {'id': 7, 'name': 'Ахмедьзянов Стул', 'text': 'аываыва', 'time': '2025-04-02 13:34'}
2025-04-02 13:34:51 - INFO - logger - log_event - Таблица отчетов заполнена 1 записями
2025-04-02 13:34:51 - INFO - logger - log_event - Статус видимости таблицы: True
2025-04-02 13:34:53 - INFO - logger - log_event - Создан поток DatabaseWorker с запросом: {'type': 'getSessions'}
2025-04-02 13:34:53 - INFO - logger - log_event - Запрос: {'type': 'getSessions'}
2025-04-02 13:34:53 - INFO - logger - log_event - Ответ: {'status': 'ok', 'data': [{'id': 41, 'user_id': 1, 'start_time': '2025-03-31 21:03', 'work_description': 'Без детали', 'status': 'active', 'notes': None, 'name': 'Стул', 'surname': 'Ахмедьзянов'}]}
2025-04-02 13:34:53 - INFO - logger - log_event - Выполнен запрос к БД: {'type': 'getSessions'}
2025-04-02 13:34:53 - INFO - logger - log_event - Создан поток DatabaseWorker с запросом: {'type': 'getSessions'}
2025-04-02 13:34:53 - INFO - logger - log_event - Запрос: {'type': 'getSessions'}
2025-04-02 13:34:53 - INFO - logger - log_event - Запрос: {'type': 'getSessions'}
2025-04-02 13:34:53 - INFO - logger - log_event - Ответ: {'status': 'ok', 'data': [{'id': 41, 'user_id': 1, 'start_time': '2025-03-31 21:03', 'work_description': 'Без детали', 'status': 'active', 'notes': None, 'name': 'Стул', 'surname': 'Ахмедьзянов'}]}
2025-04-02 13:34:53 - INFO - logger - log_event - Ответ: {'status': 'ok', 'data': [{'id': 41, 'user_id': 1, 'start_time': '2025-03-31 21:03', 'work_description': 'Без детали', 'status': 'active', 'notes': None, 'name': 'Стул', 'surname': 'Ахмедьзянов'}]}
2025-04-02 13:34:53 - INFO - logger - log_event - Выполнен запрос к БД: {'type': 'getSessions'}
2025-04-02 13:34:53 - INFO - logger - log_event - Выполнен запрос к БД: {'type': 'getSessions'}
2025-04-02 13:34:53 - INFO - logger - log_event - Создан поток DatabaseWorker с запросом: {'type': 'getSessions'}
2025-04-02 13:34:53 - INFO - logger - log_event - Запрос: {'type': 'getSessions'}
2025-04-02 13:34:53 - INFO - logger - log_event - Запрос: {'type': 'getSessions'}
2025-04-02 13:34:53 - INFO - logger - log_event - Ответ: {'status': 'ok', 'data': [{'id': 41, 'user_id': 1, 'start_time': '2025-03-31 21:03', 'work_description': 'Без детали', 'status': 'active', 'notes': None, 'name': 'Стул', 'surname': 'Ахмедьзянов'}]}
2025-04-02 13:34:53 - INFO - logger - log_event - Выполнен запрос к БД: {'type': 'getSessions'}
2025-04-02 13:34:53 - INFO - logger - log_event - Ответ: {'status': 'ok', 'data': [{'id': 41, 'user_id': 1, 'start_time': '2025-03-31 21:03', 'work_description': 'Без детали', 'status': 'active', 'notes': None, 'name': 'Стул', 'surname': 'Ахмедьзянов'}]}
2025-04-02 13:34:53 - INFO - logger - log_event - Выполнен запрос к БД: {'type': 'getSessions'}
2025-04-02 13:34:53 - INFO - logger - log_event - Запрос: {'type': 'getSessions'}
2025-04-02 13:34:53 - INFO - logger - log_event - Ответ: {'status': 'ok', 'data': [{'id': 41, 'user_id': 1, 'start_time': '2025-03-31 21:03', 'work_description': 'Без детали', 'status': 'active', 'notes': None, 'name': 'Стул', 'surname': 'Ахмедьзянов'}]}
2025-04-02 13:34:53 - INFO - logger - log_event - Выполнен запрос к БД: {'type': 'getSessions'}
2025-04-02 13:34:54 - INFO - logger - log_event - Выбран пункт меню Отчеты
2025-04-02 13:34:54 - INFO - logger - log_event - Создан поток DatabaseWorker с запросом: {'type': 'getreports'}
2025-04-02 13:34:54 - INFO - logger - log_event - Запрос: {'type': 'getreports'}
2025-04-02 13:34:54 - INFO - logger - log_event - Ответ: {'status': 'ok', 'data': [{'id': 7, 'name': 'Ахмедьзянов Стул', 'text': 'аываыва', 'time': '2025-04-02 13:34'}]}
2025-04-02 13:34:54 - INFO - logger - log_event - Выполнен запрос к БД: {'type': 'getreports'}
2025-04-02 13:34:54 - INFO - logger - log_event - Статус видимости таблицы отчетов после show(): True
2025-04-02 13:34:54 - INFO - logger - log_event - Выбран пункт меню Отчеты
2025-04-02 13:34:54 - INFO - logger - log_event - Запрос: {'type': 'getreports'}
2025-04-02 13:34:54 - INFO - logger - log_event - Создан поток DatabaseWorker с запросом: {'type': 'getreports'}
2025-04-02 13:34:54 - INFO - logger - log_event - Запрос: {'type': 'getreports'}
2025-04-02 13:34:54 - INFO - logger - log_event - Ответ: {'status': 'ok', 'data': [{'id': 7, 'name': 'Ахмедьзянов Стул', 'text': 'аываыва', 'time': '2025-04-02 13:34'}]}
2025-04-02 13:34:54 - INFO - logger - log_event - Выполнен запрос к БД: {'type': 'getreports'}
2025-04-02 13:34:54 - INFO - logger - log_event - Ответ: {'status': 'ok', 'data': [{'id': 7, 'name': 'Ахмедьзянов Стул', 'text': 'аываыва', 'time': '2025-04-02 13:34'}]}
2025-04-02 13:34:54 - INFO - logger - log_event - Выполнен запрос к БД: {'type': 'getreports'}
2025-04-02 13:34:54 - INFO - logger - log_event - Статус видимости таблицы отчетов после show(): True
2025-04-02 13:34:54 - INFO - logger - log_event - Выбран пункт меню Отчеты
2025-04-02 13:34:54 - INFO - logger - log_event - Запрос: {'type': 'getreports'}
2025-04-02 13:34:54 - INFO - logger - log_event - Создан поток DatabaseWorker с запросом: {'type': 'getreports'}
2025-04-02 13:34:54 - INFO - logger - log_event - Запрос: {'type': 'getreports'}
2025-04-02 13:34:54 - INFO - logger - log_event - Ответ: {'status': 'ok', 'data': [{'id': 7, 'name': 'Ахмедьзянов Стул', 'text': 'аываыва', 'time': '2025-04-02 13:34'}]}
2025-04-02 13:34:54 - INFO - logger - log_event - Выполнен запрос к БД: {'type': 'getreports'}
2025-04-02 13:34:54 - INFO - logger - log_event - Ответ: {'status': 'ok', 'data': [{'id': 7, 'name': 'Ахмедьзянов Стул', 'text': 'аываыва', 'time': '2025-04-02 13:34'}]}
2025-04-02 13:34:54 - INFO - logger - log_event - Выполнен запрос к БД: {'type': 'getreports'}
2025-04-02 13:34:54 - INFO - logger - log_event - Статус видимости таблицы отчетов после show(): True
2025-04-02 13:34:54 - INFO - logger - log_event - Запрос: {'type': 'getreports'}
2025-04-02 13:34:54 - INFO - logger - log_event - Получен ответ для таблицы отчетов: {'data': [{'id': 7, 'name': 'Ахмедьзянов Стул', 'text': 'аываыва', 'time': '2025-04-02 13:34'}], 'status': 'ok'}
2025-04-02 13:34:54 - INFO - logger - log_event - Число полученных отчетов: 1
2025-04-02 13:34:54 - INFO - logger - log_event - Установлено количество строк в таблице: 1
2025-04-02 13:34:54 - INFO - logger - log_event - Обработка отчета 1/1: {'id': 7, 'name': 'Ахмедьзянов Стул', 'text': 'аываыва', 'time': '2025-04-02 13:34'}
2025-04-02 13:34:54 - INFO - logger - log_event - Таблица отчетов заполнена 1 записями
2025-04-02 13:34:54 - INFO - logger - log_event - Статус видимости таблицы: True
2025-04-02 13:34:54 - INFO - logger - log_event - Получен ответ для таблицы отчетов: {'data': [{'id': 7, 'name': 'Ахмедьзянов Стул', 'text': 'аываыва', 'time': '2025-04-02 13:34'}], 'status': 'ok'}
2025-04-02 13:34:54 - INFO - logger - log_event - Число полученных отчетов: 1
2025-04-02 13:34:54 - INFO - logger - log_event - Установлено количество строк в таблице: 1
2025-04-02 13:34:54 - INFO - logger - log_event - Обработка отчета 1/1: {'id': 7, 'name': 'Ахмедьзянов Стул', 'text': 'аываыва', 'time': '2025-04-02 13:34'}
2025-04-02 13:34:54 - INFO - logger - log_event - Таблица отчетов заполнена 1 записями
2025-04-02 13:34:54 - INFO - logger - log_event - Статус видимости таблицы: True
2025-04-02 13:34:54 - INFO - logger - log_event - Ответ: {'status': 'ok', 'data': [{'id': 7, 'name': 'Ахмедьзянов Стул', 'text': 'аываыва', 'time': '2025-04-02 13:34'}]}
2025-04-02 13:34:54 - INFO - logger - log_event - Выполнен запрос к БД: {'type': 'getreports'}
2025-04-02 13:34:54 - INFO - logger - log_event - Получен ответ для таблицы отчетов: {'data': [{'id': 7, 'name': 'Ахмедьзянов Стул', 'text': 'аываыва', 'time': '2025-04-02 13:34'}], 'status': 'ok'}
2025-04-02 13:34:54 - INFO - logger - log_event - Число полученных отчетов: 1
2025-04-02 13:34:54 - INFO - logger - log_event - Установлено количество строк в таблице: 1
2025-04-02 13:34:54 - INFO - logger - log_event - Обработка отчета 1/1: {'id': 7, 'name': 'Ахмедьзянов Стул', 'text': 'аываыва', 'time': '2025-04-02 13:34'}
2025-04-02 13:34:54 - INFO - logger - log_event - Таблица отчетов заполнена 1 записями
2025-04-02 13:34:54 - INFO - logger - log_event - Статус видимости таблицы: True
2025-04-02 13:35:09 - INFO - logger - log_event - Создан поток DatabaseWorker с запросом: {'type': 'getreports'}
2025-04-02 13:35:09 - INFO - logger - log_event - Запрос: {'type': 'getreports'}
2025-04-02 13:35:09 - INFO - logger - log_event - Ответ: {'status': 'ok', 'data': [{'id': 7, 'name': 'Ахмедьзянов Стул', 'text': 'аываыва', 'time': '2025-04-02 13:34'}]}
2025-04-02 13:35:09 - INFO - logger - log_event - Выполнен запрос к БД: {'type': 'getreports'}
2025-04-02 13:35:09 - INFO - logger - log_event - Запрос: {'type': 'getreports'}
2025-04-02 13:35:09 - INFO - logger - log_event - Ответ: {'status': 'ok', 'data': [{'id': 7, 'name': 'Ахмедьзянов Стул', 'text': 'аываыва', 'time': '2025-04-02 13:34'}]}
2025-04-02 13:35:09 - INFO - logger - log_event - Выполнен запрос к БД: {'type': 'getreports'}
2025-04-02 13:35:09 - INFO - logger - log_event - Получен ответ для таблицы отчетов: {'data': [{'id': 7, 'name': 'Ахмедьзянов Стул', 'text': 'аываыва', 'time': '2025-04-02 13:34'}], 'status': 'ok'}
2025-04-02 13:35:09 - INFO - logger - log_event - Число полученных отчетов: 1
2025-04-02 13:35:09 - INFO - logger - log_event - Установлено количество строк в таблице: 1
2025-04-02 13:35:09 - INFO - logger - log_event - Обработка отчета 1/1: {'id': 7, 'name': 'Ахмедьзянов Стул', 'text': 'аываыва', 'time': '2025-04-02 13:34'}
2025-04-02 13:35:09 - INFO - logger - log_event - Таблица отчетов заполнена 1 записями
2025-04-02 13:35:09 - INFO - logger - log_event - Статус видимости таблицы: True
2025-04-02 13:35:14 - INFO - logger - log_event - Закрытие приложения button.py
2025-04-02 13:35:14 - INFO - logger - log_event - Завершаем сессию пользователя: Стул Ахмедьзянов
2025-04-02 13:35:14 - INFO - logger - log_event - Запрос: {'type': 'endSession', 'name': 'Стул', 'surname': 'Ахмедьзянов'}
2025-04-02 13:35:21 - INFO - logger - log_event - Ответ: {'status': 'ok'}
2025-04-02 13:35:21 - INFO - logger - log_event - Сессия успешно завершена: Стул Ахмедьзянов
2025-04-02 13:35:21 - INFO - logger - log_application_exit - Приложение завершено
