2025-04-13 12:58:54 - INFO - logger - <module> - Приложение запущено
2025-04-13 12:58:54 - INFO - logger - <module> - Добавляем логирование в остальные файлы проекта...
2025-04-13 12:58:54 - INFO - logger - <module> - Логирование в database.py: все запросы к серверу регистрируются.
2025-04-13 12:58:54 - INFO - logger - <module> - Логирование в COM.py: события работы с COM-портами фиксируются.
2025-04-13 12:58:54 - INFO - logger - <module> - Логирование в detail_work.py: операции с деталями регистрируются.
2025-04-13 12:58:54 - INFO - logger - <module> - Логирование в Error.py и ErrorTest.py: ошибки записываются.
2025-04-13 12:58:54 - INFO - logger - <module> - Логирование в этапах Mark.py, Packing.py, Test.py, Work.py.
2025-04-13 12:58:57 - INFO - logger - log_event - Сервер доступен
2025-04-13 12:58:57 - INFO - logger - log_event - Сервер доступен
2025-04-13 12:58:57 - INFO - logger - log_event - Главное окно приложения создано
2025-04-13 12:58:57 - ERROR - logger - log_error - Ошибка: Не найден подходящий COM-порт
NoneType: None
2025-04-13 12:58:57 - ERROR - logger - log_error - Ошибка: SerialManager не передан! COM-порт не будет работать.
NoneType: None
2025-04-13 12:58:57 - INFO - logger - log_event - Создан интерфейс админ-панели
2025-04-13 12:58:57 - INFO - logger - log_event - Enter to mark
2025-04-13 12:58:57 - INFO - logger - log_event - Enter to Test
2025-04-13 12:58:57 - INFO - logger - log_event - Enter to Packing
2025-04-13 12:58:57 - INFO - logger - log_event - Enter to Login page AA
2025-04-13 12:58:57 - INFO - logger - log_event - Enter to assembly
2025-04-13 12:58:57 - INFO - logger - log_event - Enter to mark
2025-04-13 12:58:57 - INFO - logger - log_event - Enter to Test
2025-04-13 12:58:57 - INFO - logger - log_event - Enter to Packing
2025-04-13 12:58:57 - INFO - logger - log_event - Enter to Login page AA
2025-04-13 12:58:57 - INFO - logger - log_event - Enter to assembly
2025-04-13 12:58:57 - INFO - logger - log_event - Enter to mark
2025-04-13 12:58:57 - INFO - logger - log_event - Enter to Test
2025-04-13 12:58:57 - INFO - logger - log_event - Enter to Packing
2025-04-13 12:58:57 - INFO - logger - log_event - Enter to Login page AA
2025-04-13 12:58:57 - INFO - logger - log_event - Enter to assembly
2025-04-13 12:58:57 - INFO - logger - log_event - Enter to mark
2025-04-13 12:58:57 - INFO - logger - log_event - Enter to Test
2025-04-13 12:58:57 - INFO - logger - log_event - Enter to Packing
2025-04-13 12:58:57 - INFO - logger - log_event - Enter to Login page AA
2025-04-13 12:58:57 - INFO - logger - log_event - Enter to assembly
2025-04-13 12:58:57 - INFO - logger - log_event - Enter to mark
2025-04-13 12:58:57 - INFO - logger - log_event - Enter to Test
2025-04-13 12:58:57 - INFO - logger - log_event - Enter to Packing
2025-04-13 12:58:57 - INFO - logger - log_event - Enter to Login page AA
2025-04-13 12:58:57 - INFO - logger - log_event - Enter to assembly
2025-04-13 12:58:59 - INFO - logger - log_event - Попытка аутентификации пользователя с UID: 771143825
2025-04-13 12:58:59 - INFO - logger - log_event - Запрос: {'type': 'user', 'uid': '771143825'}
2025-04-13 12:58:59 - INFO - logger - log_event - Ответ: {'status': 'ok', 'name': 'Диван', 'surname': 'Замолдинов', 'id': 1}
2025-04-13 12:58:59 - INFO - logger - log_event - Ответ сервера: {'status': 'ok', 'name': 'Диван', 'surname': 'Замолдинов', 'id': 1}
2025-04-13 12:58:59 - INFO - logger - log_event - Данные пользователя в корне ответа: {'status': 'ok', 'name': 'Диван', 'surname': 'Замолдинов', 'id': 1}
2025-04-13 12:59:00 - INFO - logger - log_event - Запрос на создание сессии: {'type': 'startSession', 'name': 'Диван', 'surname': 'Замолдинов', 'work_description': 'Без детали'}
2025-04-13 12:59:00 - INFO - logger - log_event - Запрос: {'type': 'startSession', 'name': 'Диван', 'surname': 'Замолдинов', 'work_description': 'Без детали'}
2025-04-13 12:59:00 - INFO - logger - log_event - Ответ: {'status': 'ok'}
2025-04-13 12:59:00 - INFO - logger - log_event - Ответ на создание сессии: {'status': 'ok'}
2025-04-13 12:59:00 - INFO - logger - log_event - Сессия успешно начата: Замолдинов Диван
2025-04-13 12:59:00 - INFO - logger - log_event - Устанавливаем переменную config.user: Замолдинов Диван
2025-04-13 12:59:00 - INFO - logger - log_event - Устанавливаем переменную config.Name: Замолдинов Диван
2025-04-13 12:59:00 - INFO - logger - log_event - Установлено значение config.Name: Замолдинов Диван
2025-04-13 12:59:07 - INFO - logger - log_event - Закрытие приложения button.py
2025-04-13 12:59:07 - INFO - logger - log_event - Завершаем сессию пользователя: Диван Замолдинов
2025-04-13 12:59:07 - INFO - logger - log_event - Запрос: {'type': 'endSession', 'name': 'Диван', 'surname': 'Замолдинов'}
2025-04-13 12:59:07 - INFO - logger - log_event - Ответ: {'status': 'ok'}
2025-04-13 12:59:07 - INFO - logger - log_event - Сессия успешно завершена: Диван Замолдинов
2025-04-13 12:59:07 - INFO - logger - log_application_exit - Приложение завершено
