2025-04-16 10:21:19 - INFO - logger - <module> - Приложение запущено
2025-04-16 10:21:19 - INFO - logger - <module> - Добавляем логирование в остальные файлы проекта...
2025-04-16 10:21:19 - INFO - logger - <module> - Логирование в database.py: все запросы к серверу регистрируются.
2025-04-16 10:21:19 - INFO - logger - <module> - Логирование в COM.py: события работы с COM-портами фиксируются.
2025-04-16 10:21:19 - INFO - logger - <module> - Логирование в detail_work.py: операции с деталями регистрируются.
2025-04-16 10:21:19 - INFO - logger - <module> - Логирование в Error.py и ErrorTest.py: ошибки записываются.
2025-04-16 10:21:19 - INFO - logger - <module> - Логирование в этапах Mark.py, Packing.py, Test.py, Work.py.
2025-04-16 10:21:21 - INFO - logger - log_event - Сервер доступен
2025-04-16 10:21:21 - INFO - logger - log_event - Сервер доступен
2025-04-16 10:21:21 - INFO - logger - log_event - Главное окно приложения создано
2025-04-16 10:21:21 - INFO - logger - log_event - SerialManager: Успешно открыт порт COM8
2025-04-16 10:21:21 - INFO - logger - log_event - Создан интерфейс админ-панели
2025-04-16 10:21:21 - INFO - logger - log_event - Enter to mark
2025-04-16 10:21:21 - INFO - logger - log_event - Enter to Test
2025-04-16 10:21:21 - INFO - logger - log_event - Enter to Packing
2025-04-16 10:21:21 - INFO - logger - log_event - Enter to Login page AA
2025-04-16 10:21:21 - INFO - logger - log_event - Enter to assembly
2025-04-16 10:21:21 - INFO - logger - log_event - Enter to mark
2025-04-16 10:21:21 - INFO - logger - log_event - Enter to Test
2025-04-16 10:21:21 - INFO - logger - log_event - Enter to Packing
2025-04-16 10:21:21 - INFO - logger - log_event - Enter to Login page AA
2025-04-16 10:21:21 - INFO - logger - log_event - Enter to assembly
2025-04-16 10:21:21 - INFO - logger - log_event - Enter to mark
2025-04-16 10:21:21 - INFO - logger - log_event - Enter to Test
2025-04-16 10:21:21 - INFO - logger - log_event - Enter to Packing
2025-04-16 10:21:21 - INFO - logger - log_event - Enter to Login page AA
2025-04-16 10:21:21 - INFO - logger - log_event - Enter to assembly
2025-04-16 10:21:21 - INFO - logger - log_event - Enter to mark
2025-04-16 10:21:21 - INFO - logger - log_event - Enter to Test
2025-04-16 10:21:21 - INFO - logger - log_event - Enter to Packing
2025-04-16 10:21:21 - INFO - logger - log_event - Enter to Login page AA
2025-04-16 10:21:21 - INFO - logger - log_event - Enter to assembly
2025-04-16 10:21:21 - INFO - logger - log_event - Enter to mark
2025-04-16 10:21:21 - INFO - logger - log_event - Enter to Test
2025-04-16 10:21:21 - INFO - logger - log_event - Enter to Packing
2025-04-16 10:21:21 - INFO - logger - log_event - Enter to Login page AA
2025-04-16 10:21:21 - INFO - logger - log_event - Enter to assembly
2025-04-16 10:21:21 - INFO - logger - log_event - Запущен мониторинг подключения к МЭТР
2025-04-16 10:21:23 - INFO - logger - log_event - Raw data (bytes): b'\xd0\x90\xd0\xb3\xd1\x83\xd0\xb0\xd0\xb3\xd1\x83\r\n'
2025-04-16 10:21:23 - INFO - logger - log_event - Decoded data (str): Агуагу
2025-04-16 10:21:23 - INFO - logger - log_event - Parsed Data: ['Агуагу']
2025-04-16 10:21:23 - INFO - logger - log_event - System МЭТР init
2025-04-16 10:21:23 - INFO - logger - log_event - Raw data (bytes): b'356949877_user..\r\n'
2025-04-16 10:21:23 - INFO - logger - log_event - Decoded data (str): 356949877_user..
2025-04-16 10:21:23 - INFO - logger - log_event - Parsed Data: ['356949877', 'user']
2025-04-16 10:21:23 - INFO - logger - log_event - Send data to handle_serial_data: ['356949877', 'user']
2025-04-16 10:21:23 - INFO - logger - log_event - Данные перед очисткой: ['356949877', 'user']
2025-04-16 10:21:23 - INFO - logger - log_event - Очищенные данные: ['356949877', 'user']
2025-04-16 10:21:23 - INFO - logger - log_event - Пользователь с UID: 356949877
2025-04-16 10:21:23 - INFO - logger - log_event - Попытка аутентификации пользователя с UID: 356949877
2025-04-16 10:21:23 - INFO - logger - log_event - Запрос: {'type': 'user', 'uid': '356949877', 'id': None}
2025-04-16 10:21:23 - INFO - logger - log_event - Raw data (bytes): b'\r\n'
2025-04-16 10:21:23 - INFO - logger - log_event - Decoded data (str): 
2025-04-16 10:21:23 - INFO - logger - log_event - Get NULL
2025-04-16 10:21:24 - INFO - logger - log_event - Ответ: {'status': 'ok', 'name': 'Дмитрий', 'surname': 'Волков', 'id': 2}
2025-04-16 10:21:24 - INFO - logger - log_event - Ответ сервера: {'status': 'ok', 'name': 'Дмитрий', 'surname': 'Волков', 'id': 2}
2025-04-16 10:21:24 - INFO - logger - log_event - Данные пользователя в корне ответа: {'status': 'ok', 'name': 'Дмитрий', 'surname': 'Волков', 'id': 2}
2025-04-16 10:21:26 - INFO - logger - log_event - Запрос на создание сессии: {'type': 'startSession', 'name': 'Дмитрий', 'surname': 'Волков', 'work_description': 'Без детали'}
2025-04-16 10:21:26 - INFO - logger - log_event - Запрос: {'type': 'startSession', 'name': 'Дмитрий', 'surname': 'Волков', 'work_description': 'Без детали', 'id': None}
2025-04-16 10:21:27 - INFO - logger - log_event - Ответ: {'status': 'ok'}
2025-04-16 10:21:27 - INFO - logger - log_event - Ответ на создание сессии: {'status': 'ok'}
2025-04-16 10:21:27 - INFO - logger - log_event - Сессия успешно начата: Волков Дмитрий
2025-04-16 10:21:27 - INFO - logger - log_event - Устанавливаем переменную config.user: Волков Дмитрий
2025-04-16 10:21:27 - INFO - logger - log_event - Устанавливаем переменную config.Name: Волков Дмитрий
2025-04-16 10:21:27 - INFO - logger - log_event - Установлено значение config.Name: Волков Дмитрий
2025-04-16 10:21:27 - INFO - logger - log_event - Успешная аутентификация пользователя: Волков Дмитрий
2025-04-16 10:21:30 - INFO - logger - log_event - Закрытие приложения button.py
2025-04-16 10:21:30 - INFO - logger - log_event - Завершаем сессию пользователя: Дмитрий Волков
2025-04-16 10:21:30 - INFO - logger - log_event - Запрос: {'type': 'endSession', 'name': 'Дмитрий', 'surname': 'Волков', 'id': 2}
2025-04-16 10:21:30 - INFO - logger - log_event - Ответ: {'status': 'ok'}
2025-04-16 10:21:30 - INFO - logger - log_event - Сессия успешно завершена: Дмитрий Волков
2025-04-16 10:21:30 - INFO - logger - log_event - SerialManager: Порт COM8 закрыт
2025-04-16 10:21:30 - INFO - logger - log_application_exit - Приложение завершено
