2025-04-02 13:26:19 - INFO - logger - <module> - Приложение запущено
2025-04-02 13:26:19 - INFO - logger - <module> - Добавляем логирование в остальные файлы проекта...
2025-04-02 13:26:19 - INFO - logger - <module> - Логирование в database.py: все запросы к серверу регистрируются.
2025-04-02 13:26:19 - INFO - logger - <module> - Логирование в COM.py: события работы с COM-портами фиксируются.
2025-04-02 13:26:19 - INFO - logger - <module> - Логирование в detail_work.py: операции с деталями регистрируются.
2025-04-02 13:26:19 - INFO - logger - <module> - Логирование в Error.py и ErrorTest.py: ошибки записываются.
2025-04-02 13:26:19 - INFO - logger - <module> - Логирование в этапах Mark.py, Packing.py, Test.py, Work.py.
2025-04-02 13:26:22 - INFO - logger - log_event - Сервер доступен
2025-04-02 13:26:22 - INFO - logger - log_event - Сервер доступен
2025-04-02 13:26:22 - INFO - logger - log_event - Главное окно приложения создано
2025-04-02 13:26:22 - INFO - logger - log_event - Создан интерфейс админ-панели
2025-04-02 13:26:22 - INFO - logger - log_event - Enter to mark
2025-04-02 13:26:22 - INFO - logger - log_event - Enter to Test
2025-04-02 13:26:22 - INFO - logger - log_event - Enter to Packing
2025-04-02 13:26:22 - INFO - logger - log_event - Enter to Login page AA
2025-04-02 13:26:22 - INFO - logger - log_event - Enter to assembly
2025-04-02 13:26:22 - INFO - logger - log_event - Enter to mark
2025-04-02 13:26:22 - INFO - logger - log_event - Enter to Test
2025-04-02 13:26:22 - INFO - logger - log_event - Enter to Packing
2025-04-02 13:26:22 - INFO - logger - log_event - Enter to Login page AA
2025-04-02 13:26:22 - INFO - logger - log_event - Enter to assembly
2025-04-02 13:26:22 - INFO - logger - log_event - Enter to mark
2025-04-02 13:26:22 - INFO - logger - log_event - Enter to Test
2025-04-02 13:26:22 - INFO - logger - log_event - Enter to Packing
2025-04-02 13:26:22 - INFO - logger - log_event - Enter to Login page AA
2025-04-02 13:26:22 - INFO - logger - log_event - Enter to assembly
2025-04-02 13:26:22 - INFO - logger - log_event - Enter to mark
2025-04-02 13:26:22 - INFO - logger - log_event - Enter to Test
2025-04-02 13:26:22 - INFO - logger - log_event - Enter to Packing
2025-04-02 13:26:22 - INFO - logger - log_event - Enter to Login page AA
2025-04-02 13:26:22 - INFO - logger - log_event - Enter to assembly
2025-04-02 13:26:22 - INFO - logger - log_event - Enter to mark
2025-04-02 13:26:22 - INFO - logger - log_event - Enter to Test
2025-04-02 13:26:22 - INFO - logger - log_event - Enter to Packing
2025-04-02 13:26:22 - INFO - logger - log_event - Enter to Login page AA
2025-04-02 13:26:22 - INFO - logger - log_event - Enter to assembly
2025-04-02 13:26:23 - INFO - logger - log_event - Raw data (bytes): b'\xd0\x90\xd0\xb3\xd1\x83\xd0\xb0\xd0\xb3\xd1\x83\r\n'
2025-04-02 13:26:23 - INFO - logger - log_event - Decoded data (str): Агуагу
2025-04-02 13:26:23 - INFO - logger - log_event - Parsed Data: ['Агуагу']
2025-04-02 13:26:23 - INFO - logger - log_event - System Arduino init
2025-04-02 13:26:24 - INFO - logger - log_event - Raw data (bytes): b'227622839_user..\r\n'
2025-04-02 13:26:24 - INFO - logger - log_event - Decoded data (str): 227622839_user..
2025-04-02 13:26:24 - INFO - logger - log_event - Parsed Data: ['227622839', 'user']
2025-04-02 13:26:24 - INFO - logger - log_event - Send data to handle_serial_data: ['227622839', 'user']
2025-04-02 13:26:24 - INFO - logger - log_event - Данные перед очисткой: ['227622839', 'user']
2025-04-02 13:26:24 - INFO - logger - log_event - Очищенные данные: ['227622839', 'user']
2025-04-02 13:26:24 - INFO - logger - log_event - Пользователь с UID: 227622839
2025-04-02 13:26:24 - INFO - logger - log_event - Raw data (bytes): b'\r\n'
2025-04-02 13:26:24 - INFO - logger - log_event - Попытка аутентификации пользователя с UID: 227622839
2025-04-02 13:26:24 - INFO - logger - log_event - Decoded data (str): 
2025-04-02 13:26:24 - INFO - logger - log_event - Запрос: {'type': 'user', 'uid': '227622839'}
2025-04-02 13:26:24 - INFO - logger - log_event - Get NULL
2025-04-02 13:26:24 - INFO - logger - log_event - Ответ: {'status': 'error', 'message': 'У пользователя уже есть активная сессия', 'name': 'Стул', 'surname': 'Ахмедьзянов'}
2025-04-02 13:26:24 - INFO - logger - log_event - Ответ сервера: {'status': 'error', 'message': 'У пользователя уже есть активная сессия', 'name': 'Стул', 'surname': 'Ахмедьзянов'}
2025-04-02 13:26:24 - ERROR - logger - log_error - Ошибка: У пользователя уже есть активная сессия: 227622839
NoneType: None
2025-04-02 13:26:28 - INFO - logger - log_event - Raw data (bytes): b'995934779_user..\r\n'
2025-04-02 13:26:28 - INFO - logger - log_event - Decoded data (str): 995934779_user..
2025-04-02 13:26:28 - INFO - logger - log_event - Parsed Data: ['995934779', 'user']
2025-04-02 13:26:28 - INFO - logger - log_event - Send data to handle_serial_data: ['995934779', 'user']
2025-04-02 13:26:28 - INFO - logger - log_event - Данные перед очисткой: ['995934779', 'user']
2025-04-02 13:26:28 - INFO - logger - log_event - Очищенные данные: ['995934779', 'user']
2025-04-02 13:26:28 - INFO - logger - log_event - Raw data (bytes): b'\r\n'
2025-04-02 13:26:28 - INFO - logger - log_event - Пользователь с UID: 995934779
2025-04-02 13:26:28 - INFO - logger - log_event - Decoded data (str): 
2025-04-02 13:26:28 - INFO - logger - log_event - Попытка аутентификации пользователя с UID: 995934779
2025-04-02 13:26:28 - INFO - logger - log_event - Get NULL
2025-04-02 13:26:28 - INFO - logger - log_event - Запрос: {'type': 'user', 'uid': '995934779'}
2025-04-02 13:26:32 - INFO - logger - log_event - Ответ: {'status': 'error', 'message': 'У пользователя уже есть активная сессия', 'name': 'Стол', 'surname': 'Ардашев'}
2025-04-02 13:26:32 - INFO - logger - log_event - Ответ сервера: {'status': 'error', 'message': 'У пользователя уже есть активная сессия', 'name': 'Стол', 'surname': 'Ардашев'}
2025-04-02 13:26:32 - ERROR - logger - log_error - Ошибка: У пользователя уже есть активная сессия: 995934779
NoneType: None
2025-04-02 13:26:37 - INFO - logger - log_event - Raw data (bytes): b'322201154_user..\r\n'
2025-04-02 13:26:37 - INFO - logger - log_event - Decoded data (str): 322201154_user..
2025-04-02 13:26:37 - INFO - logger - log_event - Parsed Data: ['322201154', 'user']
2025-04-02 13:26:37 - INFO - logger - log_event - Send data to handle_serial_data: ['322201154', 'user']
2025-04-02 13:26:37 - INFO - logger - log_event - Данные перед очисткой: ['322201154', 'user']
2025-04-02 13:26:37 - INFO - logger - log_event - Очищенные данные: ['322201154', 'user']
2025-04-02 13:26:37 - INFO - logger - log_event - Raw data (bytes): b'\r\n'
2025-04-02 13:26:37 - INFO - logger - log_event - Пользователь с UID: 322201154
2025-04-02 13:26:37 - INFO - logger - log_event - Decoded data (str): 
2025-04-02 13:26:37 - INFO - logger - log_event - Попытка аутентификации пользователя с UID: 322201154
2025-04-02 13:26:37 - INFO - logger - log_event - Get NULL
2025-04-02 13:26:37 - INFO - logger - log_event - Запрос: {'type': 'user', 'uid': '322201154'}
2025-04-02 13:26:37 - INFO - logger - log_event - Ответ: {'status': 'error', 'message': 'У пользователя уже есть активная сессия', 'name': 'Кровать', 'surname': 'Беспалов'}
2025-04-02 13:26:37 - INFO - logger - log_event - Ответ сервера: {'status': 'error', 'message': 'У пользователя уже есть активная сессия', 'name': 'Кровать', 'surname': 'Беспалов'}
2025-04-02 13:26:37 - ERROR - logger - log_error - Ошибка: У пользователя уже есть активная сессия: 322201154
NoneType: None
2025-04-02 13:26:42 - INFO - logger - log_event - Raw data (bytes): b'171145940_user..\r\n'
2025-04-02 13:26:42 - INFO - logger - log_event - Decoded data (str): 171145940_user..
2025-04-02 13:26:42 - INFO - logger - log_event - Parsed Data: ['171145940', 'user']
2025-04-02 13:26:42 - INFO - logger - log_event - Send data to handle_serial_data: ['171145940', 'user']
2025-04-02 13:26:42 - INFO - logger - log_event - Данные перед очисткой: ['171145940', 'user']
2025-04-02 13:26:42 - INFO - logger - log_event - Raw data (bytes): b'\r\n'
2025-04-02 13:26:42 - INFO - logger - log_event - Очищенные данные: ['171145940', 'user']
2025-04-02 13:26:42 - INFO - logger - log_event - Decoded data (str): 
2025-04-02 13:26:42 - INFO - logger - log_event - Пользователь с UID: 171145940
2025-04-02 13:26:42 - INFO - logger - log_event - Get NULL
2025-04-02 13:26:42 - INFO - logger - log_event - Попытка аутентификации пользователя с UID: 171145940
2025-04-02 13:26:42 - INFO - logger - log_event - Запрос: {'type': 'user', 'uid': '171145940'}
2025-04-02 13:26:42 - INFO - logger - log_event - Ответ: {'status': 'error', 'message': 'У пользователя уже есть активная сессия', 'name': 'Тумба', 'surname': 'Прикроватная'}
2025-04-02 13:26:42 - INFO - logger - log_event - Ответ сервера: {'status': 'error', 'message': 'У пользователя уже есть активная сессия', 'name': 'Тумба', 'surname': 'Прикроватная'}
2025-04-02 13:26:42 - ERROR - logger - log_error - Ошибка: У пользователя уже есть активная сессия: 171145940
NoneType: None
2025-04-02 13:26:45 - INFO - logger - log_event - Raw data (bytes): b'177629700_user..\r\n'
2025-04-02 13:26:45 - INFO - logger - log_event - Decoded data (str): 177629700_user..
2025-04-02 13:26:45 - INFO - logger - log_event - Parsed Data: ['177629700', 'user']
2025-04-02 13:26:45 - INFO - logger - log_event - Send data to handle_serial_data: ['177629700', 'user']
2025-04-02 13:26:45 - INFO - logger - log_event - Данные перед очисткой: ['177629700', 'user']
2025-04-02 13:26:45 - INFO - logger - log_event - Очищенные данные: ['177629700', 'user']
2025-04-02 13:26:45 - INFO - logger - log_event - Пользователь с UID: 177629700
2025-04-02 13:26:45 - INFO - logger - log_event - Raw data (bytes): b'\r\n'
2025-04-02 13:26:45 - INFO - logger - log_event - Попытка аутентификации пользователя с UID: 177629700
2025-04-02 13:26:45 - INFO - logger - log_event - Decoded data (str): 
2025-04-02 13:26:45 - INFO - logger - log_event - Запрос: {'type': 'user', 'uid': '177629700'}
2025-04-02 13:26:45 - INFO - logger - log_event - Get NULL
2025-04-02 13:26:45 - INFO - logger - log_event - Ответ: {'status': 'error', 'message': 'У пользователя уже есть активная сессия', 'name': 'Шкаф', 'surname': 'Шефер'}
2025-04-02 13:26:45 - INFO - logger - log_event - Ответ сервера: {'status': 'error', 'message': 'У пользователя уже есть активная сессия', 'name': 'Шкаф', 'surname': 'Шефер'}
2025-04-02 13:26:45 - ERROR - logger - log_error - Ошибка: У пользователя уже есть активная сессия: 177629700
NoneType: None
2025-04-02 13:26:51 - INFO - logger - log_event - Закрытие приложения button.py
2025-04-02 13:26:52 - INFO - logger - log_application_exit - Приложение завершено
