2025-04-02 13:23:56 - INFO - logger - <module> - Приложение запущено
2025-04-02 13:23:56 - INFO - logger - <module> - Добавляем логирование в остальные файлы проекта...
2025-04-02 13:23:56 - INFO - logger - <module> - Логирование в database.py: все запросы к серверу регистрируются.
2025-04-02 13:23:56 - INFO - logger - <module> - Логирование в COM.py: события работы с COM-портами фиксируются.
2025-04-02 13:23:56 - INFO - logger - <module> - Логирование в detail_work.py: операции с деталями регистрируются.
2025-04-02 13:23:56 - INFO - logger - <module> - Логирование в Error.py и ErrorTest.py: ошибки записываются.
2025-04-02 13:23:56 - INFO - logger - <module> - Логирование в этапах Mark.py, Packing.py, Test.py, Work.py.
2025-04-02 13:23:58 - INFO - logger - log_event - Сервер доступен
2025-04-02 13:23:58 - INFO - logger - log_event - Сервер доступен
2025-04-02 13:23:58 - INFO - logger - log_event - Главное окно приложения создано
2025-04-02 13:23:59 - INFO - logger - log_event - Создан интерфейс админ-панели
2025-04-02 13:23:59 - INFO - logger - log_event - Enter to mark
2025-04-02 13:23:59 - INFO - logger - log_event - Enter to Test
2025-04-02 13:23:59 - INFO - logger - log_event - Enter to Packing
2025-04-02 13:23:59 - INFO - logger - log_event - Enter to Login page AA
2025-04-02 13:23:59 - INFO - logger - log_event - Enter to assembly
2025-04-02 13:23:59 - INFO - logger - log_event - Enter to mark
2025-04-02 13:23:59 - INFO - logger - log_event - Enter to Test
2025-04-02 13:23:59 - INFO - logger - log_event - Enter to Packing
2025-04-02 13:23:59 - INFO - logger - log_event - Enter to Login page AA
2025-04-02 13:23:59 - INFO - logger - log_event - Enter to assembly
2025-04-02 13:23:59 - INFO - logger - log_event - Enter to mark
2025-04-02 13:23:59 - INFO - logger - log_event - Enter to Test
2025-04-02 13:23:59 - INFO - logger - log_event - Enter to Packing
2025-04-02 13:23:59 - INFO - logger - log_event - Enter to Login page AA
2025-04-02 13:23:59 - INFO - logger - log_event - Enter to assembly
2025-04-02 13:23:59 - INFO - logger - log_event - Enter to mark
2025-04-02 13:23:59 - INFO - logger - log_event - Enter to Test
2025-04-02 13:23:59 - INFO - logger - log_event - Enter to Packing
2025-04-02 13:23:59 - INFO - logger - log_event - Enter to Login page AA
2025-04-02 13:23:59 - INFO - logger - log_event - Enter to assembly
2025-04-02 13:23:59 - INFO - logger - log_event - Enter to mark
2025-04-02 13:23:59 - INFO - logger - log_event - Enter to Test
2025-04-02 13:23:59 - INFO - logger - log_event - Enter to Packing
2025-04-02 13:23:59 - INFO - logger - log_event - Enter to Login page AA
2025-04-02 13:23:59 - INFO - logger - log_event - Enter to assembly
2025-04-02 13:24:00 - INFO - logger - log_event - Raw data (bytes): b'\xd0\x90\xd0\xb3\xd1\x83\xd0\xb0\xd0\xb3\xd1\x83\r\n'
2025-04-02 13:24:00 - INFO - logger - log_event - Decoded data (str): Агуагу
2025-04-02 13:24:00 - INFO - logger - log_event - Parsed Data: ['Агуагу']
2025-04-02 13:24:00 - INFO - logger - log_event - System Arduino init
2025-04-02 13:24:00 - INFO - logger - log_event - Raw data (bytes): b'995934779_user..\r\n'
2025-04-02 13:24:00 - INFO - logger - log_event - Decoded data (str): 995934779_user..
2025-04-02 13:24:00 - INFO - logger - log_event - Parsed Data: ['995934779', 'user']
2025-04-02 13:24:00 - INFO - logger - log_event - Send data to handle_serial_data: ['995934779', 'user']
2025-04-02 13:24:00 - INFO - logger - log_event - Данные перед очисткой: ['995934779', 'user']
2025-04-02 13:24:00 - INFO - logger - log_event - Очищенные данные: ['995934779', 'user']
2025-04-02 13:24:00 - INFO - logger - log_event - Raw data (bytes): b'\r\n'
2025-04-02 13:24:00 - INFO - logger - log_event - Пользователь с UID: 995934779
2025-04-02 13:24:00 - INFO - logger - log_event - Decoded data (str): 
2025-04-02 13:24:00 - INFO - logger - log_event - Попытка аутентификации пользователя с UID: 995934779
2025-04-02 13:24:00 - INFO - logger - log_event - Get NULL
2025-04-02 13:24:00 - INFO - logger - log_event - Запрос: {'type': 'user', 'uid': '995934779'}
2025-04-02 13:24:00 - INFO - logger - log_event - Ответ: {'status': 'ok', 'name': 'Стол', 'surname': 'Ардашев'}
2025-04-02 13:24:00 - INFO - logger - log_event - Ответ сервера: {'status': 'ok', 'name': 'Стол', 'surname': 'Ардашев'}
2025-04-02 13:24:00 - INFO - logger - log_event - Данные пользователя в корне ответа: {'status': 'ok', 'name': 'Стол', 'surname': 'Ардашев'}
2025-04-02 13:24:03 - INFO - logger - log_event - Запрос на создание сессии: {'type': 'startSession', 'name': 'Стол', 'surname': 'Ардашев', 'work_description': 'Без детали'}
2025-04-02 13:24:03 - INFO - logger - log_event - Запрос: {'type': 'startSession', 'name': 'Стол', 'surname': 'Ардашев', 'work_description': 'Без детали'}
2025-04-02 13:24:04 - INFO - logger - log_event - Ответ: {'status': 'ok'}
2025-04-02 13:24:04 - INFO - logger - log_event - Ответ на создание сессии: {'status': 'ok'}
2025-04-02 13:24:04 - INFO - logger - log_event - Сессия успешно начата: Ардашев Стол
2025-04-02 13:24:04 - INFO - logger - log_event - Устанавливаем переменную config.user: Ардашев Стол
2025-04-02 13:24:04 - INFO - logger - log_event - Устанавливаем переменную config.Name: Ардашев Стол
2025-04-02 13:24:04 - INFO - logger - log_event - Установлено значение config.Name: Ардашев Стол
2025-04-02 13:24:04 - INFO - logger - log_event - Успешная аутентификация пользователя: Ардашев Стол
2025-04-02 13:24:06 - ERROR - logger - log_error - Ошибка: Ошибка при отправке запроса на завершение сессии: 'NoneType' object has no attribute 'get'
Traceback (most recent call last):
  File "C:\Users\user\Desktop\RFID-marks\GUI\detail_work.py", line 310, in reset_session
    'user_id': config.user.get('id', None),
               ^^^^^^^^^^^^^^^
AttributeError: 'NoneType' object has no attribute 'get'
2025-04-02 13:24:06 - INFO - logger - log_event - Пользователь завершил работу
2025-04-02 13:24:06 - INFO - logger - log_event - Деталь не принята
2025-04-02 13:24:06 - INFO - logger - log_event - Сессия пользователя завершена
2025-04-02 13:25:08 - INFO - logger - log_event - Закрытие приложения button.py
2025-04-02 13:25:08 - INFO - logger - log_application_exit - Приложение завершено
