2025-04-16 09:45:57 - INFO - logger - <module> - Приложение запущено
2025-04-16 09:45:57 - INFO - logger - <module> - Добавляем логирование в остальные файлы проекта...
2025-04-16 09:45:57 - INFO - logger - <module> - Логирование в database.py: все запросы к серверу регистрируются.
2025-04-16 09:45:57 - INFO - logger - <module> - Логирование в COM.py: события работы с COM-портами фиксируются.
2025-04-16 09:45:57 - INFO - logger - <module> - Логирование в detail_work.py: операции с деталями регистрируются.
2025-04-16 09:45:57 - INFO - logger - <module> - Логирование в Error.py и ErrorTest.py: ошибки записываются.
2025-04-16 09:45:57 - INFO - logger - <module> - Логирование в этапах Mark.py, Packing.py, Test.py, Work.py.
2025-04-16 09:46:00 - INFO - logger - log_event - Сервер доступен
2025-04-16 09:46:00 - INFO - logger - log_event - Сервер доступен
2025-04-16 09:46:00 - INFO - logger - log_event - Главное окно приложения создано
2025-04-16 09:46:00 - INFO - logger - log_event - SerialManager: Успешно открыт порт COM8
2025-04-16 09:46:00 - INFO - logger - log_event - Создан интерфейс админ-панели
2025-04-16 09:46:01 - INFO - logger - log_event - Enter to mark
2025-04-16 09:46:01 - INFO - logger - log_event - Enter to Test
2025-04-16 09:46:01 - INFO - logger - log_event - Enter to Packing
2025-04-16 09:46:01 - INFO - logger - log_event - Enter to Login page AA
2025-04-16 09:46:01 - INFO - logger - log_event - Enter to assembly
2025-04-16 09:46:01 - INFO - logger - log_event - Enter to mark
2025-04-16 09:46:01 - INFO - logger - log_event - Enter to Test
2025-04-16 09:46:01 - INFO - logger - log_event - Enter to Packing
2025-04-16 09:46:01 - INFO - logger - log_event - Enter to Login page AA
2025-04-16 09:46:01 - INFO - logger - log_event - Enter to assembly
2025-04-16 09:46:01 - INFO - logger - log_event - Enter to mark
2025-04-16 09:46:01 - INFO - logger - log_event - Enter to Test
2025-04-16 09:46:01 - INFO - logger - log_event - Enter to Packing
2025-04-16 09:46:01 - INFO - logger - log_event - Enter to Login page AA
2025-04-16 09:46:01 - INFO - logger - log_event - Enter to assembly
2025-04-16 09:46:01 - INFO - logger - log_event - Enter to mark
2025-04-16 09:46:01 - INFO - logger - log_event - Enter to Test
2025-04-16 09:46:01 - INFO - logger - log_event - Enter to Packing
2025-04-16 09:46:01 - INFO - logger - log_event - Enter to Login page AA
2025-04-16 09:46:01 - INFO - logger - log_event - Enter to assembly
2025-04-16 09:46:01 - INFO - logger - log_event - Enter to mark
2025-04-16 09:46:01 - INFO - logger - log_event - Enter to Test
2025-04-16 09:46:01 - INFO - logger - log_event - Enter to Packing
2025-04-16 09:46:01 - INFO - logger - log_event - Enter to Login page AA
2025-04-16 09:46:01 - INFO - logger - log_event - Enter to assembly
2025-04-16 09:46:01 - INFO - logger - log_event - Запущен мониторинг подключения к МЭТР
2025-04-16 09:46:02 - INFO - logger - log_event - Raw data (bytes): b'\xd0\x90\xd0\xb3\xd1\x83\xd0\xb0\xd0\xb3\xd1\x83\r\n'
2025-04-16 09:46:02 - INFO - logger - log_event - Decoded data (str): Агуагу
2025-04-16 09:46:02 - INFO - logger - log_event - Parsed Data: ['Агуагу']
2025-04-16 09:46:02 - INFO - logger - log_event - System МЭТР init
2025-04-16 09:46:04 - INFO - logger - log_event - Raw data (bytes): b'356949877_user..\r\n'
2025-04-16 09:46:04 - INFO - logger - log_event - Decoded data (str): 356949877_user..
2025-04-16 09:46:04 - INFO - logger - log_event - Parsed Data: ['356949877', 'user']
2025-04-16 09:46:04 - INFO - logger - log_event - Send data to handle_serial_data: ['356949877', 'user']
2025-04-16 09:46:04 - INFO - logger - log_event - Данные перед очисткой: ['356949877', 'user']
2025-04-16 09:46:04 - INFO - logger - log_event - Очищенные данные: ['356949877', 'user']
2025-04-16 09:46:04 - INFO - logger - log_event - Пользователь с UID: 356949877
2025-04-16 09:46:04 - INFO - logger - log_event - Попытка аутентификации пользователя с UID: 356949877
2025-04-16 09:46:04 - INFO - logger - log_event - Запрос: {'type': 'user', 'uid': '356949877', 'id': None}
2025-04-16 09:46:04 - INFO - logger - log_event - Ответ: {'status': 'ok', 'name': 'Дмитрий', 'surname': 'Волков', 'id': 2}
2025-04-16 09:46:04 - INFO - logger - log_event - Ответ сервера: {'status': 'ok', 'name': 'Дмитрий', 'surname': 'Волков', 'id': 2}
2025-04-16 09:46:04 - INFO - logger - log_event - Данные пользователя в корне ответа: {'status': 'ok', 'name': 'Дмитрий', 'surname': 'Волков', 'id': 2}
2025-04-16 09:46:04 - INFO - logger - log_event - Raw data (bytes): b'\r\n'
2025-04-16 09:46:04 - INFO - logger - log_event - Decoded data (str): 
2025-04-16 09:46:04 - INFO - logger - log_event - Get NULL
2025-04-16 09:46:06 - INFO - logger - log_event - Запрос на создание сессии: {'type': 'startSession', 'name': 'Дмитрий', 'surname': 'Волков', 'work_description': 'Без детали'}
2025-04-16 09:46:06 - INFO - logger - log_event - Запрос: {'type': 'startSession', 'name': 'Дмитрий', 'surname': 'Волков', 'work_description': 'Без детали', 'id': None}
2025-04-16 09:46:07 - INFO - logger - log_event - Ответ: {'status': 'ok'}
2025-04-16 09:46:07 - INFO - logger - log_event - Ответ на создание сессии: {'status': 'ok'}
2025-04-16 09:46:07 - INFO - logger - log_event - Сессия успешно начата: Волков Дмитрий
2025-04-16 09:46:07 - INFO - logger - log_event - Устанавливаем переменную config.user: Волков Дмитрий
2025-04-16 09:46:07 - INFO - logger - log_event - Устанавливаем переменную config.Name: Волков Дмитрий
2025-04-16 09:46:07 - INFO - logger - log_event - Установлено значение config.Name: Волков Дмитрий
2025-04-16 09:46:07 - INFO - logger - log_event - Успешная аутентификация пользователя: Волков Дмитрий
2025-04-16 09:46:21 - INFO - logger - log_event - Login to the admin panel
2025-04-16 09:46:26 - INFO - logger - log_event - Создан поток DatabaseWorker с запросом: {'type': 'allUsers'}
2025-04-16 09:46:26 - INFO - logger - log_event - Запрос: {'type': 'allUsers', 'id': 2}
2025-04-16 09:46:26 - INFO - logger - log_event - Ответ: {'status': 'ok', 'data': [{'id': 1, 'name': 'Артём', 'surname': 'Соколов', 'profession': 'Инженер', 'uid': '999951623'}, {'id': 2, 'name': 'Дмитрий', 'surname': 'Волков', 'profession': 'Программист', 'uid': '356949877'}, {'id': 3, 'name': 'Максим', 'surname': 'Морозов', 'profession': 'Менеджер', 'uid': '812180222'}, {'id': 4, 'name': 'Кирилл', 'surname': 'Лебедев', 'profession': 'Бухгалтер', 'uid': '079319992'}, {'id': 5, 'name': 'Роман', 'surname': 'Королёв', 'profession': 'Маркетолог', 'uid': '977625563'}]}
2025-04-16 09:46:26 - INFO - logger - log_event - Выполнен запрос к БД: {'type': 'allUsers', 'id': 2}
2025-04-16 09:46:26 - INFO - logger - log_event - Отправлен запрос на получение списка всех сотрудников
2025-04-16 09:46:26 - INFO - logger - log_event - Отображаем страницу списка сотрудников
2025-04-16 09:46:26 - INFO - logger - log_event - Запрос: {'type': 'allUsers', 'id': 2}
2025-04-16 09:46:26 - INFO - logger - log_event - Создан поток DatabaseWorker с запросом: {'type': 'allUsers'}
2025-04-16 09:46:26 - INFO - logger - log_event - Запрос: {'type': 'allUsers', 'id': 2}
2025-04-16 09:46:26 - INFO - logger - log_event - Ответ: {'status': 'ok', 'data': [{'id': 1, 'name': 'Артём', 'surname': 'Соколов', 'profession': 'Инженер', 'uid': '999951623'}, {'id': 2, 'name': 'Дмитрий', 'surname': 'Волков', 'profession': 'Программист', 'uid': '356949877'}, {'id': 3, 'name': 'Максим', 'surname': 'Морозов', 'profession': 'Менеджер', 'uid': '812180222'}, {'id': 4, 'name': 'Кирилл', 'surname': 'Лебедев', 'profession': 'Бухгалтер', 'uid': '079319992'}, {'id': 5, 'name': 'Роман', 'surname': 'Королёв', 'profession': 'Маркетолог', 'uid': '977625563'}]}
2025-04-16 09:46:26 - INFO - logger - log_event - Выполнен запрос к БД: {'type': 'allUsers', 'id': 2}
2025-04-16 09:46:26 - INFO - logger - log_event - Ответ: {'status': 'ok', 'data': [{'id': 1, 'name': 'Артём', 'surname': 'Соколов', 'profession': 'Инженер', 'uid': '999951623'}, {'id': 2, 'name': 'Дмитрий', 'surname': 'Волков', 'profession': 'Программист', 'uid': '356949877'}, {'id': 3, 'name': 'Максим', 'surname': 'Морозов', 'profession': 'Менеджер', 'uid': '812180222'}, {'id': 4, 'name': 'Кирилл', 'surname': 'Лебедев', 'profession': 'Бухгалтер', 'uid': '079319992'}, {'id': 5, 'name': 'Роман', 'surname': 'Королёв', 'profession': 'Маркетолог', 'uid': '977625563'}]}
2025-04-16 09:46:26 - INFO - logger - log_event - Выполнен запрос к БД: {'type': 'allUsers', 'id': 2}
2025-04-16 09:46:26 - INFO - logger - log_event - Отправлен запрос на получение списка всех сотрудников
2025-04-16 09:46:26 - INFO - logger - log_event - Отображаем страницу списка сотрудников
2025-04-16 09:46:26 - INFO - logger - log_event - Запрос: {'type': 'allUsers', 'id': 2}
2025-04-16 09:46:26 - INFO - logger - log_event - Создан поток DatabaseWorker с запросом: {'type': 'allUsers'}
2025-04-16 09:46:26 - INFO - logger - log_event - Запрос: {'type': 'allUsers', 'id': 2}
2025-04-16 09:46:26 - INFO - logger - log_event - Ответ: {'status': 'ok', 'data': [{'id': 1, 'name': 'Артём', 'surname': 'Соколов', 'profession': 'Инженер', 'uid': '999951623'}, {'id': 2, 'name': 'Дмитрий', 'surname': 'Волков', 'profession': 'Программист', 'uid': '356949877'}, {'id': 3, 'name': 'Максим', 'surname': 'Морозов', 'profession': 'Менеджер', 'uid': '812180222'}, {'id': 4, 'name': 'Кирилл', 'surname': 'Лебедев', 'profession': 'Бухгалтер', 'uid': '079319992'}, {'id': 5, 'name': 'Роман', 'surname': 'Королёв', 'profession': 'Маркетолог', 'uid': '977625563'}]}
2025-04-16 09:46:26 - INFO - logger - log_event - Выполнен запрос к БД: {'type': 'allUsers', 'id': 2}
2025-04-16 09:46:26 - INFO - logger - log_event - Ответ: {'status': 'ok', 'data': [{'id': 1, 'name': 'Артём', 'surname': 'Соколов', 'profession': 'Инженер', 'uid': '999951623'}, {'id': 2, 'name': 'Дмитрий', 'surname': 'Волков', 'profession': 'Программист', 'uid': '356949877'}, {'id': 3, 'name': 'Максим', 'surname': 'Морозов', 'profession': 'Менеджер', 'uid': '812180222'}, {'id': 4, 'name': 'Кирилл', 'surname': 'Лебедев', 'profession': 'Бухгалтер', 'uid': '079319992'}, {'id': 5, 'name': 'Роман', 'surname': 'Королёв', 'profession': 'Маркетолог', 'uid': '977625563'}]}
2025-04-16 09:46:26 - INFO - logger - log_event - Выполнен запрос к БД: {'type': 'allUsers', 'id': 2}
2025-04-16 09:46:26 - INFO - logger - log_event - Отправлен запрос на получение списка всех сотрудников
2025-04-16 09:46:26 - INFO - logger - log_event - Запрос: {'type': 'allUsers', 'id': 2}
2025-04-16 09:46:26 - INFO - logger - log_event - Отображаем страницу списка сотрудников
2025-04-16 09:46:26 - INFO - logger - log_event - Получен ответ для таблицы сотрудников: {'data': [{'id': 1, 'name': 'Артём', 'profession': 'Инженер', 'surname': 'Соколов', 'uid': '999951623'}, {'id': 2, 'name': 'Дмитрий', 'profession': 'Программист', 'surname': 'Волков', 'uid': '356949877'}, {'id': 3, 'name': 'Максим', 'profession': 'Менеджер', 'surname': 'Морозов', 'uid': '812180222'}, {'id': 4, 'name': 'Кирилл', 'profession': 'Бухгалтер', 'surname': 'Лебедев', 'uid': '079319992'}, {'id': 5, 'name': 'Роман', 'profession': 'Маркетолог', 'surname': 'Королёв', 'uid': '977625563'}], 'status': 'ok'}
2025-04-16 09:46:26 - INFO - logger - log_event - Число полученных сотрудников: 5
2025-04-16 09:46:26 - INFO - logger - log_event - Таблица сотрудников обновлена
2025-04-16 09:46:26 - INFO - logger - log_event - Ответ: {'status': 'ok', 'data': [{'id': 1, 'name': 'Артём', 'surname': 'Соколов', 'profession': 'Инженер', 'uid': '999951623'}, {'id': 2, 'name': 'Дмитрий', 'surname': 'Волков', 'profession': 'Программист', 'uid': '356949877'}, {'id': 3, 'name': 'Максим', 'surname': 'Морозов', 'profession': 'Менеджер', 'uid': '812180222'}, {'id': 4, 'name': 'Кирилл', 'surname': 'Лебедев', 'profession': 'Бухгалтер', 'uid': '079319992'}, {'id': 5, 'name': 'Роман', 'surname': 'Королёв', 'profession': 'Маркетолог', 'uid': '977625563'}]}
2025-04-16 09:46:26 - INFO - logger - log_event - Получен ответ для таблицы сотрудников: {'data': [{'id': 1, 'name': 'Артём', 'profession': 'Инженер', 'surname': 'Соколов', 'uid': '999951623'}, {'id': 2, 'name': 'Дмитрий', 'profession': 'Программист', 'surname': 'Волков', 'uid': '356949877'}, {'id': 3, 'name': 'Максим', 'profession': 'Менеджер', 'surname': 'Морозов', 'uid': '812180222'}, {'id': 4, 'name': 'Кирилл', 'profession': 'Бухгалтер', 'surname': 'Лебедев', 'uid': '079319992'}, {'id': 5, 'name': 'Роман', 'profession': 'Маркетолог', 'surname': 'Королёв', 'uid': '977625563'}], 'status': 'ok'}
2025-04-16 09:46:26 - INFO - logger - log_event - Выполнен запрос к БД: {'type': 'allUsers', 'id': 2}
2025-04-16 09:46:26 - INFO - logger - log_event - Число полученных сотрудников: 5
2025-04-16 09:46:26 - INFO - logger - log_event - Таблица сотрудников обновлена
2025-04-16 09:46:26 - INFO - logger - log_event - Получен ответ для таблицы сотрудников: {'data': [{'id': 1, 'name': 'Артём', 'profession': 'Инженер', 'surname': 'Соколов', 'uid': '999951623'}, {'id': 2, 'name': 'Дмитрий', 'profession': 'Программист', 'surname': 'Волков', 'uid': '356949877'}, {'id': 3, 'name': 'Максим', 'profession': 'Менеджер', 'surname': 'Морозов', 'uid': '812180222'}, {'id': 4, 'name': 'Кирилл', 'profession': 'Бухгалтер', 'surname': 'Лебедев', 'uid': '079319992'}, {'id': 5, 'name': 'Роман', 'profession': 'Маркетолог', 'surname': 'Королёв', 'uid': '977625563'}], 'status': 'ok'}
2025-04-16 09:46:26 - INFO - logger - log_event - Число полученных сотрудников: 5
2025-04-16 09:46:26 - INFO - logger - log_event - Таблица сотрудников обновлена
2025-04-16 09:46:41 - INFO - logger - log_event - Создан поток DatabaseWorker с запросом: {'type': 'allUsers'}
2025-04-16 09:46:41 - INFO - logger - log_event - Запрос: {'type': 'allUsers', 'id': 2}
2025-04-16 09:46:41 - INFO - logger - log_event - Ответ: {'status': 'ok', 'data': [{'id': 1, 'name': 'Артём', 'surname': 'Соколов', 'profession': 'Инженер', 'uid': '999951623'}, {'id': 2, 'name': 'Дмитрий', 'surname': 'Волков', 'profession': 'Программист', 'uid': '356949877'}, {'id': 3, 'name': 'Максим', 'surname': 'Морозов', 'profession': 'Менеджер', 'uid': '812180222'}, {'id': 4, 'name': 'Кирилл', 'surname': 'Лебедев', 'profession': 'Бухгалтер', 'uid': '079319992'}, {'id': 5, 'name': 'Роман', 'surname': 'Королёв', 'profession': 'Маркетолог', 'uid': '977625563'}]}
2025-04-16 09:46:41 - INFO - logger - log_event - Выполнен запрос к БД: {'type': 'allUsers', 'id': 2}
2025-04-16 09:46:41 - INFO - logger - log_event - Отправлен запрос на получение списка всех сотрудников
2025-04-16 09:46:41 - INFO - logger - log_event - Запрос: {'type': 'allUsers', 'id': 2}
2025-04-16 09:46:41 - INFO - logger - log_event - Ответ: {'status': 'ok', 'data': [{'id': 1, 'name': 'Артём', 'surname': 'Соколов', 'profession': 'Инженер', 'uid': '999951623'}, {'id': 2, 'name': 'Дмитрий', 'surname': 'Волков', 'profession': 'Программист', 'uid': '356949877'}, {'id': 3, 'name': 'Максим', 'surname': 'Морозов', 'profession': 'Менеджер', 'uid': '812180222'}, {'id': 4, 'name': 'Кирилл', 'surname': 'Лебедев', 'profession': 'Бухгалтер', 'uid': '079319992'}, {'id': 5, 'name': 'Роман', 'surname': 'Королёв', 'profession': 'Маркетолог', 'uid': '977625563'}]}
2025-04-16 09:46:41 - INFO - logger - log_event - Выполнен запрос к БД: {'type': 'allUsers', 'id': 2}
2025-04-16 09:46:41 - INFO - logger - log_event - Получен ответ для таблицы сотрудников: {'data': [{'id': 1, 'name': 'Артём', 'profession': 'Инженер', 'surname': 'Соколов', 'uid': '999951623'}, {'id': 2, 'name': 'Дмитрий', 'profession': 'Программист', 'surname': 'Волков', 'uid': '356949877'}, {'id': 3, 'name': 'Максим', 'profession': 'Менеджер', 'surname': 'Морозов', 'uid': '812180222'}, {'id': 4, 'name': 'Кирилл', 'profession': 'Бухгалтер', 'surname': 'Лебедев', 'uid': '079319992'}, {'id': 5, 'name': 'Роман', 'profession': 'Маркетолог', 'surname': 'Королёв', 'uid': '977625563'}], 'status': 'ok'}
2025-04-16 09:46:41 - INFO - logger - log_event - Число полученных сотрудников: 5
2025-04-16 09:46:41 - INFO - logger - log_event - Таблица сотрудников обновлена
2025-04-16 09:46:47 - INFO - logger - log_event - Закрытие приложения button.py
2025-04-16 09:46:47 - INFO - logger - log_event - Завершаем сессию пользователя: Дмитрий Волков
2025-04-16 09:46:47 - INFO - logger - log_event - Запрос: {'type': 'endSession', 'name': 'Дмитрий', 'surname': 'Волков', 'id': 2}
2025-04-16 09:46:48 - INFO - logger - log_event - Ответ: {'status': 'ok'}
2025-04-16 09:46:48 - INFO - logger - log_event - Сессия успешно завершена: Дмитрий Волков
2025-04-16 09:46:48 - INFO - logger - log_event - SerialManager: Порт COM8 закрыт
2025-04-16 09:46:48 - INFO - logger - log_application_exit - Приложение завершено
