2025-04-13 14:04:27 - INFO - logger - <module> - Приложение запущено
2025-04-13 14:04:27 - INFO - logger - <module> - Добавляем логирование в остальные файлы проекта...
2025-04-13 14:04:27 - INFO - logger - <module> - Логирование в database.py: все запросы к серверу регистрируются.
2025-04-13 14:04:27 - INFO - logger - <module> - Логирование в COM.py: события работы с COM-портами фиксируются.
2025-04-13 14:04:27 - INFO - logger - <module> - Логирование в detail_work.py: операции с деталями регистрируются.
2025-04-13 14:04:27 - INFO - logger - <module> - Логирование в Error.py и ErrorTest.py: ошибки записываются.
2025-04-13 14:04:27 - INFO - logger - <module> - Логирование в этапах Mark.py, Packing.py, Test.py, Work.py.
2025-04-13 14:04:30 - INFO - logger - log_event - Сервер доступен
2025-04-13 14:04:30 - INFO - logger - log_event - Сервер доступен
2025-04-13 14:04:30 - INFO - logger - log_event - Главное окно приложения создано
2025-04-13 14:04:30 - ERROR - logger - log_error - Ошибка: Не найден подходящий COM-порт
NoneType: None
2025-04-13 14:04:30 - ERROR - logger - log_error - Ошибка: SerialManager не передан! COM-порт не будет работать.
NoneType: None
2025-04-13 14:04:30 - INFO - logger - log_event - Создан интерфейс админ-панели
2025-04-13 14:04:30 - INFO - logger - log_event - Enter to mark
2025-04-13 14:04:30 - INFO - logger - log_event - Enter to Test
2025-04-13 14:04:30 - INFO - logger - log_event - Enter to Packing
2025-04-13 14:04:30 - INFO - logger - log_event - Enter to Login page AA
2025-04-13 14:04:30 - INFO - logger - log_event - Enter to assembly
2025-04-13 14:04:30 - INFO - logger - log_event - Enter to mark
2025-04-13 14:04:30 - INFO - logger - log_event - Enter to Test
2025-04-13 14:04:30 - INFO - logger - log_event - Enter to Packing
2025-04-13 14:04:30 - INFO - logger - log_event - Enter to Login page AA
2025-04-13 14:04:30 - INFO - logger - log_event - Enter to assembly
2025-04-13 14:04:30 - INFO - logger - log_event - Enter to mark
2025-04-13 14:04:30 - INFO - logger - log_event - Enter to Test
2025-04-13 14:04:30 - INFO - logger - log_event - Enter to Packing
2025-04-13 14:04:30 - INFO - logger - log_event - Enter to Login page AA
2025-04-13 14:04:30 - INFO - logger - log_event - Enter to assembly
2025-04-13 14:04:30 - INFO - logger - log_event - Enter to mark
2025-04-13 14:04:30 - INFO - logger - log_event - Enter to Test
2025-04-13 14:04:30 - INFO - logger - log_event - Enter to Packing
2025-04-13 14:04:30 - INFO - logger - log_event - Enter to Login page AA
2025-04-13 14:04:30 - INFO - logger - log_event - Enter to assembly
2025-04-13 14:04:30 - INFO - logger - log_event - Enter to mark
2025-04-13 14:04:30 - INFO - logger - log_event - Enter to Test
2025-04-13 14:04:30 - INFO - logger - log_event - Enter to Packing
2025-04-13 14:04:30 - INFO - logger - log_event - Enter to Login page AA
2025-04-13 14:04:30 - INFO - logger - log_event - Enter to assembly
2025-04-13 14:04:33 - INFO - logger - log_event - Попытка аутентификации пользователя с UID: 103098633
2025-04-13 14:04:33 - INFO - logger - log_event - Запрос: {'type': 'user', 'uid': '103098633', 'id': None}
2025-04-13 14:04:33 - INFO - logger - log_event - Ответ: {'status': 'ok', 'name': 'Иван', 'surname': 'Иванов', 'id': 2}
2025-04-13 14:04:33 - INFO - logger - log_event - Ответ сервера: {'status': 'ok', 'name': 'Иван', 'surname': 'Иванов', 'id': 2}
2025-04-13 14:04:33 - INFO - logger - log_event - Данные пользователя в корне ответа: {'status': 'ok', 'name': 'Иван', 'surname': 'Иванов', 'id': 2}
2025-04-13 14:04:34 - INFO - logger - log_event - Запрос на создание сессии: {'type': 'startSession', 'name': 'Иван', 'surname': 'Иванов', 'work_description': 'Без детали'}
2025-04-13 14:04:34 - INFO - logger - log_event - Запрос: {'type': 'startSession', 'name': 'Иван', 'surname': 'Иванов', 'work_description': 'Без детали', 'id': None}
2025-04-13 14:04:34 - INFO - logger - log_event - Ответ: {'status': 'ok'}
2025-04-13 14:04:34 - INFO - logger - log_event - Ответ на создание сессии: {'status': 'ok'}
2025-04-13 14:04:34 - INFO - logger - log_event - Сессия успешно начата: Иванов Иван
2025-04-13 14:04:34 - INFO - logger - log_event - Устанавливаем переменную config.user: Иванов Иван
2025-04-13 14:04:34 - INFO - logger - log_event - Устанавливаем переменную config.Name: Иванов Иван
2025-04-13 14:04:34 - INFO - logger - log_event - Установлено значение config.Name: Иванов Иван
2025-04-13 14:04:34 - INFO - logger - log_event - Запрос данных о детали с серийным номером: SN904
2025-04-13 14:04:34 - INFO - logger - log_event - Текущее состояние: Name='Иванов Иван', auth=False, session_on=True
2025-04-13 14:04:34 - INFO - logger - log_event - Запрос: {'type': 'details', 'serial': 'SN904', 'id': 2}
2025-04-13 14:04:34 - INFO - logger - log_event - Ответ: {'status': 'ok', 'data': {'id': 1, 'name': 'МЕТРАН 150', 'serial_number': 'SN904', 'defective': False, 'stage': 'Сборка', 'sector': None, 'time': '{"mark": {"time": "2025-04-13 13:02:28", "user": 1}, "сборка": {"end": "2025-04-13 13:15:22", "user": 1, "start": "2025-04-13 13:15:18"}}', 'identified_by': None, 'defect_stage_id': None}}
2025-04-13 14:04:34 - INFO - logger - log_event - Ответ от сервера: {'status': 'ok', 'data': {'id': 1, 'name': 'МЕТРАН 150', 'serial_number': 'SN904', 'defective': False, 'stage': 'Сборка', 'sector': None, 'time': '{"mark": {"time": "2025-04-13 13:02:28", "user": 1}, "сборка": {"end": "2025-04-13 13:15:22", "user": 1, "start": "2025-04-13 13:15:18"}}', 'identified_by': None, 'defect_stage_id': None}}
2025-04-13 14:04:34 - INFO - logger - log_event - Начало работы над деталью. Текущее значение Name: 'Иванов Иван'
2025-04-13 14:04:34 - INFO - logger - log_event - Используем части имени из Name: фамилия='Иванов', имя='Иван'
2025-04-13 14:04:34 - INFO - logger - log_event - Будет использоваться: фамилия='Иванов', имя='Иван'
2025-04-13 14:04:34 - INFO - logger - log_event - Данные детали: {'id': 1, 'name': 'МЕТРАН 150', 'serial_number': 'SN904', 'defective': False, 'stage': 'Сборка', 'sector': None, 'time': '{"mark": {"time": "2025-04-13 13:02:28", "user": 1}, "сборка": {"end": "2025-04-13 13:15:22", "user": 1, "start": "2025-04-13 13:15:18"}}', 'identified_by': None, 'defect_stage_id': None}
2025-04-13 14:04:34 - INFO - logger - log_event - Запрос обновления описания сессии: {'type': 'updateSessionDescription', 'name': 'Иван', 'surname': 'Иванов', 'new_description': 'Тестирование SN904'}
2025-04-13 14:04:34 - INFO - logger - log_event - Состояние сессии: auth=False, session_on=True
2025-04-13 14:04:34 - INFO - logger - log_event - Запрос: {'type': 'updateSessionDescription', 'name': 'Иван', 'surname': 'Иванов', 'new_description': 'Тестирование SN904', 'id': 2}
2025-04-13 14:04:34 - INFO - logger - log_event - Ответ: {'status': 'ok'}
2025-04-13 14:04:34 - INFO - logger - log_event - Ответ на обновление описания сессии: {'status': 'ok'}
2025-04-13 14:04:34 - INFO - logger - log_event - Успешная аутентификация пользователя: Иванов Иван
2025-04-13 14:04:41 - INFO - logger - log_event - Запрос: {'type': 'updatestage', 'stage': 'Тестирование', 'serial': 'SN904', 'start': '2025-04-13 14:04:34', 'end': '2025-04-13 14:04:41', 'id': 2}
2025-04-13 14:04:41 - INFO - logger - log_event - Ответ: {'status': 'ok'}
2025-04-13 14:04:41 - INFO - logger - log_event - Получены части имени для указания отдыха: фамилия='Иванов', имя='Иван'
2025-04-13 14:04:41 - INFO - logger - log_event - Запрос на обновление статуса на 'Отдых': {'type': 'updateSessionDescription', 'name': 'Иван', 'surname': 'Иванов', 'new_description': 'Отдых'}
2025-04-13 14:04:41 - INFO - logger - log_event - Запрос: {'type': 'updateSessionDescription', 'name': 'Иван', 'surname': 'Иванов', 'new_description': 'Отдых', 'id': 2}
2025-04-13 14:04:41 - INFO - logger - log_event - Ответ: {'status': 'ok'}
2025-04-13 14:04:41 - INFO - logger - log_event - Результат обновления статуса: {'status': 'ok'}
2025-04-13 14:04:41 - INFO - logger - log_event - Работа над деталью закончена
2025-04-13 14:04:47 - INFO - logger - log_event - Login to the admin panel
2025-04-13 14:04:49 - INFO - logger - log_event - Создан поток DatabaseWorker с запросом: {'type': 'allDetails', 'detail': 'МЕТРАН 150'}
2025-04-13 14:04:49 - INFO - logger - log_event - Запрос: {'type': 'allDetails', 'detail': 'МЕТРАН 150', 'id': 2}
2025-04-13 14:04:49 - INFO - logger - log_event - Ответ: {'status': 'ok', 'data': [{'id': 1, 'name': 'МЕТРАН 150', 'serial_number': 'SN904', 'defective': False, 'stage': 'Тестирование', 'sector': None, 'time': '{"mark": {"time": "2025-04-13 13:02:28", "user": 1}, "сборка": {"end": "2025-04-13 13:15:22", "user": 1, "start": "2025-04-13 13:15:18"}, "тестирование": {"end": "2025-04-13 14:04:41", "user": 2, "start": "2025-04-13 14:04:34"}}', 'identified_by': None, 'defect_stage_id': None}]}
2025-04-13 14:04:49 - INFO - logger - log_event - Выполнен запрос к БД: {'type': 'allDetails', 'detail': 'МЕТРАН 150', 'id': 2}
2025-04-13 14:04:49 - INFO - logger - log_event - Создан поток DatabaseWorker с запросом: {'type': 'allDetails', 'detail': 'МЕТРАН 150'}
2025-04-13 14:04:49 - INFO - logger - log_event - Запрос: {'type': 'allDetails', 'detail': 'МЕТРАН 150', 'id': 2}
2025-04-13 14:04:49 - INFO - logger - log_event - Запрос: {'type': 'allDetails', 'detail': 'МЕТРАН 150', 'id': 2}
2025-04-13 14:04:50 - INFO - logger - log_event - Ответ: {'status': 'ok', 'data': [{'id': 1, 'name': 'МЕТРАН 150', 'serial_number': 'SN904', 'defective': False, 'stage': 'Тестирование', 'sector': None, 'time': '{"mark": {"time": "2025-04-13 13:02:28", "user": 1}, "сборка": {"end": "2025-04-13 13:15:22", "user": 1, "start": "2025-04-13 13:15:18"}, "тестирование": {"end": "2025-04-13 14:04:41", "user": 2, "start": "2025-04-13 14:04:34"}}', 'identified_by': None, 'defect_stage_id': None}]}
2025-04-13 14:04:50 - INFO - logger - log_event - Ответ: {'status': 'ok', 'data': [{'id': 1, 'name': 'МЕТРАН 150', 'serial_number': 'SN904', 'defective': False, 'stage': 'Тестирование', 'sector': None, 'time': '{"mark": {"time": "2025-04-13 13:02:28", "user": 1}, "сборка": {"end": "2025-04-13 13:15:22", "user": 1, "start": "2025-04-13 13:15:18"}, "тестирование": {"end": "2025-04-13 14:04:41", "user": 2, "start": "2025-04-13 14:04:34"}}', 'identified_by': None, 'defect_stage_id': None}]}
2025-04-13 14:04:50 - INFO - logger - log_event - Выполнен запрос к БД: {'type': 'allDetails', 'detail': 'МЕТРАН 150', 'id': 2}
2025-04-13 14:04:50 - INFO - logger - log_event - Выполнен запрос к БД: {'type': 'allDetails', 'detail': 'МЕТРАН 150', 'id': 2}
2025-04-13 14:04:50 - INFO - logger - log_event - Создан поток DatabaseWorker с запросом: {'type': 'allDetails', 'detail': 'МЕТРАН 150'}
2025-04-13 14:04:50 - INFO - logger - log_event - Запрос: {'type': 'allDetails', 'detail': 'МЕТРАН 150', 'id': 2}
2025-04-13 14:04:50 - INFO - logger - log_event - Запрос: {'type': 'allDetails', 'detail': 'МЕТРАН 150', 'id': 2}
2025-04-13 14:04:50 - INFO - logger - log_event - Ответ: {'status': 'ok', 'data': [{'id': 1, 'name': 'МЕТРАН 150', 'serial_number': 'SN904', 'defective': False, 'stage': 'Тестирование', 'sector': None, 'time': '{"mark": {"time": "2025-04-13 13:02:28", "user": 1}, "сборка": {"end": "2025-04-13 13:15:22", "user": 1, "start": "2025-04-13 13:15:18"}, "тестирование": {"end": "2025-04-13 14:04:41", "user": 2, "start": "2025-04-13 14:04:34"}}', 'identified_by': None, 'defect_stage_id': None}]}
2025-04-13 14:04:50 - INFO - logger - log_event - Ответ: {'status': 'ok', 'data': [{'id': 1, 'name': 'МЕТРАН 150', 'serial_number': 'SN904', 'defective': False, 'stage': 'Тестирование', 'sector': None, 'time': '{"mark": {"time": "2025-04-13 13:02:28", "user": 1}, "сборка": {"end": "2025-04-13 13:15:22", "user": 1, "start": "2025-04-13 13:15:18"}, "тестирование": {"end": "2025-04-13 14:04:41", "user": 2, "start": "2025-04-13 14:04:34"}}', 'identified_by': None, 'defect_stage_id': None}]}
2025-04-13 14:04:50 - INFO - logger - log_event - Выполнен запрос к БД: {'type': 'allDetails', 'detail': 'МЕТРАН 150', 'id': 2}
2025-04-13 14:04:50 - INFO - logger - log_event - Выполнен запрос к БД: {'type': 'allDetails', 'detail': 'МЕТРАН 150', 'id': 2}
2025-04-13 14:04:50 - INFO - logger - log_event - Запрос: {'type': 'allDetails', 'detail': 'МЕТРАН 150', 'id': 2}
2025-04-13 14:04:50 - INFO - logger - log_event - Ответ: {'status': 'ok', 'data': [{'id': 1, 'name': 'МЕТРАН 150', 'serial_number': 'SN904', 'defective': False, 'stage': 'Тестирование', 'sector': None, 'time': '{"mark": {"time": "2025-04-13 13:02:28", "user": 1}, "сборка": {"end": "2025-04-13 13:15:22", "user": 1, "start": "2025-04-13 13:15:18"}, "тестирование": {"end": "2025-04-13 14:04:41", "user": 2, "start": "2025-04-13 14:04:34"}}', 'identified_by': None, 'defect_stage_id': None}]}
2025-04-13 14:04:50 - INFO - logger - log_event - Выполнен запрос к БД: {'type': 'allDetails', 'detail': 'МЕТРАН 150', 'id': 2}
2025-04-13 14:04:50 - INFO - logger - log_event - Запрос детальной информации о детали SN904
2025-04-13 14:04:50 - INFO - logger - log_event - Запрос: {'type': 'details', 'serial': 'SN904', 'id': 2}
2025-04-13 14:04:50 - INFO - logger - log_event - Ответ: {'status': 'ok', 'data': {'id': 1, 'name': 'МЕТРАН 150', 'serial_number': 'SN904', 'defective': False, 'stage': 'Тестирование', 'sector': None, 'time': '{"mark": {"time": "2025-04-13 13:02:28", "user": 1}, "сборка": {"end": "2025-04-13 13:15:22", "user": 1, "start": "2025-04-13 13:15:18"}, "тестирование": {"end": "2025-04-13 14:04:41", "user": 2, "start": "2025-04-13 14:04:34"}}', 'identified_by': None, 'defect_stage_id': None}}
2025-04-13 14:04:50 - INFO - logger - log_event - Получен ответ от сервера: {'status': 'ok', 'data': {'id': 1, 'name': 'МЕТРАН 150', 'serial_number': 'SN904', 'defective': False, 'stage': 'Тестирование', 'sector': None, 'time': '{"mark": {"time": "2025-04-13 13:02:28", "user": 1}, "сборка": {"end": "2025-04-13 13:15:22", "user": 1, "start": "2025-04-13 13:15:18"}, "тестирование": {"end": "2025-04-13 14:04:41", "user": 2, "start": "2025-04-13 14:04:34"}}', 'identified_by': None, 'defect_stage_id': None}}
2025-04-13 14:04:50 - INFO - logger - log_event - Данные для отображения: {'id': 1, 'name': 'МЕТРАН 150', 'serial_number': 'SN904', 'defective': False, 'stage': 'Тестирование', 'sector': None, 'time': '{"mark": {"time": "2025-04-13 13:02:28", "user": 1}, "сборка": {"end": "2025-04-13 13:15:22", "user": 1, "start": "2025-04-13 13:15:18"}, "тестирование": {"end": "2025-04-13 14:04:41", "user": 2, "start": "2025-04-13 14:04:34"}}', 'identified_by': None, 'defect_stage_id': None}
2025-04-13 14:04:50 - INFO - logger - log_event - Преобразованная информация о времени: {'mark': {'time': '2025-04-13 13:02:28', 'user': 1}, 'сборка': {'end': '2025-04-13 13:15:22', 'user': 1, 'start': '2025-04-13 13:15:18'}, 'тестирование': {'end': '2025-04-13 14:04:41', 'user': 2, 'start': '2025-04-13 14:04:34'}}
2025-04-13 14:04:50 - INFO - logger - log_event - Начинаем заполнение данных в диалоге. part_info: {'id': 1, 'name': 'МЕТРАН 150', 'serial_number': 'SN904', 'defective': False, 'stage': 'Тестирование', 'sector': None, 'time': '{"mark": {"time": "2025-04-13 13:02:28", "user": 1}, "сборка": {"end": "2025-04-13 13:15:22", "user": 1, "start": "2025-04-13 13:15:18"}, "тестирование": {"end": "2025-04-13 14:04:41", "user": 2, "start": "2025-04-13 14:04:34"}}', 'identified_by': None, 'defect_stage_id': None}
2025-04-13 14:04:50 - INFO - logger - log_event - ID детали: 1
2025-04-13 14:04:50 - INFO - logger - log_event - Название детали: МЕТРАН 150
2025-04-13 14:04:50 - INFO - logger - log_event - Статус (defective): False
2025-04-13 14:04:50 - INFO - logger - log_event - Текст статуса: Годен
2025-04-13 14:04:50 - INFO - logger - log_event - Текущий этап: Тестирование
2025-04-13 14:04:50 - INFO - logger - log_event - Сектор хранения: None
2025-04-13 14:04:50 - INFO - logger - log_event - Примечание: 
2025-04-13 14:04:50 - INFO - logger - log_event - Обрабатываем данные времени: {'mark': {'time': '2025-04-13 13:02:28', 'user': 1}, 'сборка': {'end': '2025-04-13 13:15:22', 'user': 1, 'start': '2025-04-13 13:15:18'}, 'тестирование': {'end': '2025-04-13 14:04:41', 'user': 2, 'start': '2025-04-13 14:04:34'}}
2025-04-13 14:04:50 - INFO - logger - log_event - Обработка информации о времени: {'mark': {'time': '2025-04-13 13:02:28', 'user': 1}, 'сборка': {'end': '2025-04-13 13:15:22', 'user': 1, 'start': '2025-04-13 13:15:18'}, 'тестирование': {'end': '2025-04-13 14:04:41', 'user': 2, 'start': '2025-04-13 14:04:34'}}
2025-04-13 14:04:50 - INFO - logger - log_event - Запрашиваем информацию о пользователе с ID: 1 для этапа mark
2025-04-13 14:04:50 - INFO - logger - log_event - Запрос: {'type': 'userById', 'id': 2}
2025-04-13 14:04:51 - INFO - logger - log_event - Ответ: {'status': 'ok', 'data': {'id': 2, 'name': 'Иван', 'surname': 'Иванов', 'profession': 'Инженер'}}
2025-04-13 14:04:51 - INFO - logger - log_event - Получен результат запроса для пользователя 1: {'status': 'ok', 'data': {'id': 2, 'name': 'Иван', 'surname': 'Иванов', 'profession': 'Инженер'}}
2025-04-13 14:04:51 - INFO - logger - log_event - Обработка результата для этапа mark: {'status': 'ok', 'data': {'id': 2, 'name': 'Иван', 'surname': 'Иванов', 'profession': 'Инженер'}}
2025-04-13 14:04:51 - INFO - logger - log_event - Метка пользователя обновлена для этапа mark: Иванов Иван
2025-04-13 14:04:51 - INFO - logger - log_event - Запрашиваем информацию о пользователе с ID: 1 для этапа сборка
2025-04-13 14:04:51 - INFO - logger - log_event - Запрос: {'type': 'userById', 'id': 2}
2025-04-13 14:04:51 - INFO - logger - log_event - Ответ: {'status': 'ok', 'data': {'id': 2, 'name': 'Иван', 'surname': 'Иванов', 'profession': 'Инженер'}}
2025-04-13 14:04:51 - INFO - logger - log_event - Получен результат запроса для пользователя 1: {'status': 'ok', 'data': {'id': 2, 'name': 'Иван', 'surname': 'Иванов', 'profession': 'Инженер'}}
2025-04-13 14:04:51 - INFO - logger - log_event - Обработка результата для этапа сборка: {'status': 'ok', 'data': {'id': 2, 'name': 'Иван', 'surname': 'Иванов', 'profession': 'Инженер'}}
2025-04-13 14:04:51 - INFO - logger - log_event - Метка пользователя обновлена для этапа сборка: Иванов Иван
2025-04-13 14:04:51 - INFO - logger - log_event - Запрашиваем информацию о пользователе с ID: 2 для этапа тестирование
2025-04-13 14:04:51 - INFO - logger - log_event - Запрос: {'type': 'userById', 'id': 2}
2025-04-13 14:04:51 - INFO - logger - log_event - Ответ: {'status': 'ok', 'data': {'id': 2, 'name': 'Иван', 'surname': 'Иванов', 'profession': 'Инженер'}}
2025-04-13 14:04:51 - INFO - logger - log_event - Получен результат запроса для пользователя 2: {'status': 'ok', 'data': {'id': 2, 'name': 'Иван', 'surname': 'Иванов', 'profession': 'Инженер'}}
2025-04-13 14:04:51 - INFO - logger - log_event - Обработка результата для этапа тестирование: {'status': 'ok', 'data': {'id': 2, 'name': 'Иван', 'surname': 'Иванов', 'profession': 'Инженер'}}
2025-04-13 14:04:51 - INFO - logger - log_event - Метка пользователя обновлена для этапа тестирование: Иванов Иван
2025-04-13 14:04:51 - INFO - logger - log_event - Завершено заполнение данных в диалоге
2025-04-13 14:06:11 - INFO - logger - log_event - Закрытие приложения button.py
2025-04-13 14:06:11 - INFO - logger - log_event - Завершаем сессию пользователя: Иван Иванов
2025-04-13 14:06:11 - INFO - logger - log_event - Запрос: {'type': 'endSession', 'name': 'Иван', 'surname': 'Иванов', 'id': 2}
2025-04-13 14:06:11 - INFO - logger - log_event - Ответ: {'status': 'ok'}
2025-04-13 14:06:11 - INFO - logger - log_event - Сессия успешно завершена: Иван Иванов
2025-04-13 14:06:11 - INFO - logger - log_application_exit - Приложение завершено
