2025-04-02 12:56:04 - INFO - logger - <module> - Приложение запущено
2025-04-02 12:56:04 - INFO - logger - <module> - Добавляем логирование в остальные файлы проекта...
2025-04-02 12:56:04 - INFO - logger - <module> - Логирование в database.py: все запросы к серверу регистрируются.
2025-04-02 12:56:04 - INFO - logger - <module> - Логирование в COM.py: события работы с COM-портами фиксируются.
2025-04-02 12:56:04 - INFO - logger - <module> - Логирование в detail_work.py: операции с деталями регистрируются.
2025-04-02 12:56:04 - INFO - logger - <module> - Логирование в Error.py и ErrorTest.py: ошибки записываются.
2025-04-02 12:56:04 - INFO - logger - <module> - Логирование в этапах Mark.py, Packing.py, Test.py, Work.py.
2025-04-02 12:56:07 - INFO - logger - log_event - Сервер доступен
2025-04-02 12:56:07 - INFO - logger - log_event - Сервер доступен
2025-04-02 12:56:07 - INFO - logger - log_event - Главное окно приложения создано
2025-04-02 12:56:07 - INFO - logger - log_event - Создан интерфейс админ-панели
2025-04-02 12:56:07 - INFO - logger - log_event - Enter to mark
2025-04-02 12:56:07 - INFO - logger - log_event - Enter to Test
2025-04-02 12:56:07 - INFO - logger - log_event - Enter to Packing
2025-04-02 12:56:07 - INFO - logger - log_event - Enter to Login page AA
2025-04-02 12:56:07 - INFO - logger - log_event - Enter to assembly
2025-04-02 12:56:07 - INFO - logger - log_event - Enter to mark
2025-04-02 12:56:07 - INFO - logger - log_event - Enter to Test
2025-04-02 12:56:07 - INFO - logger - log_event - Enter to Packing
2025-04-02 12:56:07 - INFO - logger - log_event - Enter to Login page AA
2025-04-02 12:56:07 - INFO - logger - log_event - Enter to assembly
2025-04-02 12:56:07 - INFO - logger - log_event - Enter to mark
2025-04-02 12:56:07 - INFO - logger - log_event - Enter to Test
2025-04-02 12:56:07 - INFO - logger - log_event - Enter to Packing
2025-04-02 12:56:07 - INFO - logger - log_event - Enter to Login page AA
2025-04-02 12:56:07 - INFO - logger - log_event - Enter to assembly
2025-04-02 12:56:07 - INFO - logger - log_event - Enter to mark
2025-04-02 12:56:07 - INFO - logger - log_event - Enter to Test
2025-04-02 12:56:07 - INFO - logger - log_event - Enter to Packing
2025-04-02 12:56:07 - INFO - logger - log_event - Enter to Login page AA
2025-04-02 12:56:07 - INFO - logger - log_event - Enter to assembly
2025-04-02 12:56:07 - INFO - logger - log_event - Enter to mark
2025-04-02 12:56:07 - INFO - logger - log_event - Enter to Test
2025-04-02 12:56:07 - INFO - logger - log_event - Enter to Packing
2025-04-02 12:56:07 - INFO - logger - log_event - Enter to Login page AA
2025-04-02 12:56:07 - INFO - logger - log_event - Enter to assembly
2025-04-02 12:56:09 - INFO - logger - log_event - Raw data (bytes): b'\xd0\x90\xd0\xb3\xd1\x83\xd0\xb0\xd0\xb3\xd1\x83\r\n'
2025-04-02 12:56:09 - INFO - logger - log_event - Decoded data (str): Агуагу
2025-04-02 12:56:09 - INFO - logger - log_event - Parsed Data: ['Агуагу']
2025-04-02 12:56:09 - INFO - logger - log_event - System Arduino init
2025-04-02 12:56:10 - INFO - logger - log_event - Raw data (bytes): b'995934779_user..\r\n'
2025-04-02 12:56:10 - INFO - logger - log_event - Decoded data (str): 995934779_user..
2025-04-02 12:56:10 - INFO - logger - log_event - Parsed Data: ['995934779', 'user']
2025-04-02 12:56:10 - INFO - logger - log_event - Send data to handle_serial_data: ['995934779', 'user']
2025-04-02 12:56:10 - INFO - logger - log_event - Данные перед очисткой: ['995934779', 'user']
2025-04-02 12:56:10 - INFO - logger - log_event - Очищенные данные: ['995934779', 'user']
2025-04-02 12:56:10 - INFO - logger - log_event - Raw data (bytes): b'\r\n'
2025-04-02 12:56:10 - INFO - logger - log_event - Пользователь с UID: 995934779
2025-04-02 12:56:10 - INFO - logger - log_event - Decoded data (str): 
2025-04-02 12:56:10 - INFO - logger - log_event - Попытка аутентификации пользователя с UID: 995934779
2025-04-02 12:56:10 - INFO - logger - log_event - Get NULL
2025-04-02 12:56:10 - INFO - logger - log_event - Запрос: {'type': 'user', 'uid': '995934779'}
2025-04-02 12:56:10 - INFO - logger - log_event - Ответ: {'status': 'ok', 'name': 'Стол', 'surname': 'Ардашев'}
2025-04-02 12:56:10 - INFO - logger - log_event - Ответ сервера: {'status': 'ok', 'name': 'Стол', 'surname': 'Ардашев'}
2025-04-02 12:56:10 - INFO - logger - log_event - Данные пользователя в корне ответа: {'status': 'ok', 'name': 'Стол', 'surname': 'Ардашев'}
2025-04-02 12:56:12 - INFO - logger - log_event - Запрос на создание сессии: {'type': 'startSession', 'name': 'Стол', 'surname': 'Ардашев', 'work_description': 'Без детали'}
2025-04-02 12:56:12 - INFO - logger - log_event - Запрос: {'type': 'startSession', 'name': 'Стол', 'surname': 'Ардашев', 'work_description': 'Без детали'}
2025-04-02 12:56:12 - INFO - logger - log_event - Ответ: {'status': 'ok'}
2025-04-02 12:56:12 - INFO - logger - log_event - Ответ на создание сессии: {'status': 'ok'}
2025-04-02 12:56:12 - INFO - logger - log_event - Сессия успешно начата: Ардашев Стол
2025-04-02 12:56:12 - INFO - logger - log_event - Устанавливаем переменную config.user: Ардашев Стол
2025-04-02 12:56:12 - INFO - logger - log_event - Устанавливаем переменную config.Name: Ардашев Стол
2025-04-02 12:56:12 - INFO - logger - log_event - Установлено значение config.Name: Ардашев Стол
2025-04-02 12:56:12 - INFO - logger - log_event - Успешная аутентификация пользователя: Ардашев Стол
2025-04-02 12:57:30 - INFO - logger - log_event - Закрытие приложения button.py
2025-04-02 12:57:30 - INFO - logger - log_event - Завершаем сессию пользователя: Стол Ардашев
2025-04-02 12:57:30 - INFO - logger - log_event - Запрос: {'type': 'endSession', 'name': 'Стол', 'surname': 'Ардашев'}
2025-04-02 12:57:32 - INFO - logger - log_event - Ответ: {'status': 'ok'}
2025-04-02 12:57:32 - INFO - logger - log_event - Сессия успешно завершена: Стол Ардашев
2025-04-02 12:57:32 - ERROR - logger - log_error - Ошибка: Error work with COM port: ClearCommError failed (OSError(9, 'Неверный дескриптор.', None, 6))
Traceback (most recent call last):
  File "C:\Users\user\Desktop\RFID-marks\GUI\COM.py", line 45, in run
    if self.ser.in_waiting > 0:
       ^^^^^^^^^^^^^^^^^^^
  File "C:\Users\user\AppData\Local\Programs\Python\Python313\Lib\site-packages\serial\serialwin32.py", line 259, in in_waiting
    raise SerialException("ClearCommError failed ({!r})".format(ctypes.WinError()))
serial.serialutil.SerialException: ClearCommError failed (OSError(9, 'Неверный дескриптор.', None, 6))
2025-04-02 12:57:32 - INFO - logger - log_application_exit - Приложение завершено
