2025-04-13 14:12:45 - INFO - logger - <module> - Приложение запущено
2025-04-13 14:12:45 - INFO - logger - <module> - Добавляем логирование в остальные файлы проекта...
2025-04-13 14:12:45 - INFO - logger - <module> - Логирование в database.py: все запросы к серверу регистрируются.
2025-04-13 14:12:45 - INFO - logger - <module> - Логирование в COM.py: события работы с COM-портами фиксируются.
2025-04-13 14:12:45 - INFO - logger - <module> - Логирование в detail_work.py: операции с деталями регистрируются.
2025-04-13 14:12:45 - INFO - logger - <module> - Логирование в Error.py и ErrorTest.py: ошибки записываются.
2025-04-13 14:12:45 - INFO - logger - <module> - Логирование в этапах Mark.py, Packing.py, Test.py, Work.py.
2025-04-13 14:12:48 - INFO - logger - log_event - Сервер доступен
2025-04-13 14:12:48 - INFO - logger - log_event - Сервер доступен
2025-04-13 14:12:48 - INFO - logger - log_event - Главное окно приложения создано
2025-04-13 14:12:48 - ERROR - logger - log_error - Ошибка: Не найден подходящий COM-порт
NoneType: None
2025-04-13 14:12:48 - ERROR - logger - log_error - Ошибка: SerialManager не передан! COM-порт не будет работать.
NoneType: None
2025-04-13 14:12:48 - INFO - logger - log_event - Создан интерфейс админ-панели
2025-04-13 14:12:48 - INFO - logger - log_event - Enter to mark
2025-04-13 14:12:48 - INFO - logger - log_event - Enter to Test
2025-04-13 14:12:48 - INFO - logger - log_event - Enter to Packing
2025-04-13 14:12:48 - INFO - logger - log_event - Enter to Login page AA
2025-04-13 14:12:48 - INFO - logger - log_event - Enter to assembly
2025-04-13 14:12:48 - INFO - logger - log_event - Enter to mark
2025-04-13 14:12:48 - INFO - logger - log_event - Enter to Test
2025-04-13 14:12:48 - INFO - logger - log_event - Enter to Packing
2025-04-13 14:12:48 - INFO - logger - log_event - Enter to Login page AA
2025-04-13 14:12:48 - INFO - logger - log_event - Enter to assembly
2025-04-13 14:12:48 - INFO - logger - log_event - Enter to mark
2025-04-13 14:12:48 - INFO - logger - log_event - Enter to Test
2025-04-13 14:12:48 - INFO - logger - log_event - Enter to Packing
2025-04-13 14:12:48 - INFO - logger - log_event - Enter to Login page AA
2025-04-13 14:12:48 - INFO - logger - log_event - Enter to assembly
2025-04-13 14:12:48 - INFO - logger - log_event - Enter to mark
2025-04-13 14:12:48 - INFO - logger - log_event - Enter to Test
2025-04-13 14:12:48 - INFO - logger - log_event - Enter to Packing
2025-04-13 14:12:48 - INFO - logger - log_event - Enter to Login page AA
2025-04-13 14:12:48 - INFO - logger - log_event - Enter to assembly
2025-04-13 14:12:48 - INFO - logger - log_event - Enter to mark
2025-04-13 14:12:48 - INFO - logger - log_event - Enter to Test
2025-04-13 14:12:48 - INFO - logger - log_event - Enter to Packing
2025-04-13 14:12:48 - INFO - logger - log_event - Enter to Login page AA
2025-04-13 14:12:48 - INFO - logger - log_event - Enter to assembly
2025-04-13 14:12:53 - INFO - logger - log_event - Попытка аутентификации пользователя с UID: 216012857
2025-04-13 14:12:53 - INFO - logger - log_event - Запрос: {'type': 'user', 'uid': '216012857', 'id': None}
2025-04-13 14:12:53 - INFO - logger - log_event - Ответ: {'status': 'ok', 'name': 'Алексей', 'surname': 'Петров', 'id': 3}
2025-04-13 14:12:53 - INFO - logger - log_event - Ответ сервера: {'status': 'ok', 'name': 'Алексей', 'surname': 'Петров', 'id': 3}
2025-04-13 14:12:53 - INFO - logger - log_event - Данные пользователя в корне ответа: {'status': 'ok', 'name': 'Алексей', 'surname': 'Петров', 'id': 3}
2025-04-13 14:12:54 - INFO - logger - log_event - Запрос на создание сессии: {'type': 'startSession', 'name': 'Алексей', 'surname': 'Петров', 'work_description': 'Без детали'}
2025-04-13 14:12:54 - INFO - logger - log_event - Запрос: {'type': 'startSession', 'name': 'Алексей', 'surname': 'Петров', 'work_description': 'Без детали', 'id': None}
2025-04-13 14:12:54 - INFO - logger - log_event - Ответ: {'status': 'ok'}
2025-04-13 14:12:54 - INFO - logger - log_event - Ответ на создание сессии: {'status': 'ok'}
2025-04-13 14:12:54 - INFO - logger - log_event - Сессия успешно начата: Петров Алексей
2025-04-13 14:12:54 - INFO - logger - log_event - Устанавливаем переменную config.user: Петров Алексей
2025-04-13 14:12:54 - INFO - logger - log_event - Устанавливаем переменную config.Name: Петров Алексей
2025-04-13 14:12:54 - INFO - logger - log_event - Установлено значение config.Name: Петров Алексей
2025-04-13 14:12:54 - INFO - logger - log_event - Запрос данных о детали с серийным номером: SN904
2025-04-13 14:12:54 - INFO - logger - log_event - Текущее состояние: Name='Петров Алексей', auth=False, session_on=True
2025-04-13 14:12:54 - INFO - logger - log_event - Запрос: {'type': 'details', 'serial': 'SN904', 'id': 3}
2025-04-13 14:12:54 - INFO - logger - log_event - Ответ: {'status': 'ok', 'data': {'id': 1, 'name': 'МЕТРАН 150', 'serial_number': 'SN904', 'defective': False, 'stage': 'Хранение', 'sector': 'Сектор 1А', 'time': '{"mark": {"time": "2025-04-13 13:02:28", "user": 1}, "сборка": {"end": "2025-04-13 13:15:22", "user": 1, "start": "2025-04-13 13:15:18"}, "упаковка": {"end": "2025-04-13 14:06:26", "user": 3, "start": "2025-04-13 14:06:22"}, "тестирование": {"end": "2025-04-13 14:04:41", "user": 2, "start": "2025-04-13 14:04:34"}}', 'identified_by': None, 'defect_stage_id': None}}
2025-04-13 14:12:54 - INFO - logger - log_event - Ответ от сервера: {'status': 'ok', 'data': {'id': 1, 'name': 'МЕТРАН 150', 'serial_number': 'SN904', 'defective': False, 'stage': 'Хранение', 'sector': 'Сектор 1А', 'time': '{"mark": {"time": "2025-04-13 13:02:28", "user": 1}, "сборка": {"end": "2025-04-13 13:15:22", "user": 1, "start": "2025-04-13 13:15:18"}, "упаковка": {"end": "2025-04-13 14:06:26", "user": 3, "start": "2025-04-13 14:06:22"}, "тестирование": {"end": "2025-04-13 14:04:41", "user": 2, "start": "2025-04-13 14:04:34"}}', 'identified_by': None, 'defect_stage_id': None}}
2025-04-13 14:12:54 - INFO - logger - log_event - Начало работы над деталью. Текущее значение Name: 'Петров Алексей'
2025-04-13 14:12:54 - INFO - logger - log_event - Используем части имени из Name: фамилия='Петров', имя='Алексей'
2025-04-13 14:12:54 - INFO - logger - log_event - Будет использоваться: фамилия='Петров', имя='Алексей'
2025-04-13 14:12:54 - INFO - logger - log_event - Данные детали: {'id': 1, 'name': 'МЕТРАН 150', 'serial_number': 'SN904', 'defective': False, 'stage': 'Хранение', 'sector': 'Сектор 1А', 'time': '{"mark": {"time": "2025-04-13 13:02:28", "user": 1}, "сборка": {"end": "2025-04-13 13:15:22", "user": 1, "start": "2025-04-13 13:15:18"}, "упаковка": {"end": "2025-04-13 14:06:26", "user": 3, "start": "2025-04-13 14:06:22"}, "тестирование": {"end": "2025-04-13 14:04:41", "user": 2, "start": "2025-04-13 14:04:34"}}', 'identified_by': None, 'defect_stage_id': None}
2025-04-13 14:12:54 - INFO - logger - log_event - Успешная аутентификация пользователя: Петров Алексей
2025-04-13 14:13:00 - INFO - logger - log_event - Login to the admin panel
2025-04-13 14:13:03 - INFO - logger - log_event - Создан поток DatabaseWorker с запросом: {'type': 'allDetails', 'detail': 'МЕТРАН 150'}
2025-04-13 14:13:03 - INFO - logger - log_event - Запрос: {'type': 'allDetails', 'detail': 'МЕТРАН 150', 'id': 3}
2025-04-13 14:13:03 - INFO - logger - log_event - Ответ: {'status': 'ok', 'data': [{'id': 1, 'name': 'МЕТРАН 150', 'serial_number': 'SN904', 'defective': False, 'stage': 'Хранение', 'sector': 'Сектор 1А', 'time': '{"mark": {"time": "2025-04-13 13:02:28", "user": 1}, "сборка": {"end": "2025-04-13 13:15:22", "user": 1, "start": "2025-04-13 13:15:18"}, "упаковка": {"end": "2025-04-13 14:06:26", "user": 3, "start": "2025-04-13 14:06:22"}, "тестирование": {"end": "2025-04-13 14:04:41", "user": 2, "start": "2025-04-13 14:04:34"}}', 'identified_by': None, 'defect_stage_id': None}]}
2025-04-13 14:13:03 - INFO - logger - log_event - Выполнен запрос к БД: {'type': 'allDetails', 'detail': 'МЕТРАН 150', 'id': 3}
2025-04-13 14:13:03 - INFO - logger - log_event - Создан поток DatabaseWorker с запросом: {'type': 'allDetails', 'detail': 'МЕТРАН 150'}
2025-04-13 14:13:03 - INFO - logger - log_event - Запрос: {'type': 'allDetails', 'detail': 'МЕТРАН 150', 'id': 3}
2025-04-13 14:13:03 - INFO - logger - log_event - Запрос: {'type': 'allDetails', 'detail': 'МЕТРАН 150', 'id': 3}
2025-04-13 14:13:03 - INFO - logger - log_event - Ответ: {'status': 'ok', 'data': [{'id': 1, 'name': 'МЕТРАН 150', 'serial_number': 'SN904', 'defective': False, 'stage': 'Хранение', 'sector': 'Сектор 1А', 'time': '{"mark": {"time": "2025-04-13 13:02:28", "user": 1}, "сборка": {"end": "2025-04-13 13:15:22", "user": 1, "start": "2025-04-13 13:15:18"}, "упаковка": {"end": "2025-04-13 14:06:26", "user": 3, "start": "2025-04-13 14:06:22"}, "тестирование": {"end": "2025-04-13 14:04:41", "user": 2, "start": "2025-04-13 14:04:34"}}', 'identified_by': None, 'defect_stage_id': None}]}
2025-04-13 14:13:03 - INFO - logger - log_event - Выполнен запрос к БД: {'type': 'allDetails', 'detail': 'МЕТРАН 150', 'id': 3}
2025-04-13 14:13:03 - INFO - logger - log_event - Ответ: {'status': 'ok', 'data': [{'id': 1, 'name': 'МЕТРАН 150', 'serial_number': 'SN904', 'defective': False, 'stage': 'Хранение', 'sector': 'Сектор 1А', 'time': '{"mark": {"time": "2025-04-13 13:02:28", "user": 1}, "сборка": {"end": "2025-04-13 13:15:22", "user": 1, "start": "2025-04-13 13:15:18"}, "упаковка": {"end": "2025-04-13 14:06:26", "user": 3, "start": "2025-04-13 14:06:22"}, "тестирование": {"end": "2025-04-13 14:04:41", "user": 2, "start": "2025-04-13 14:04:34"}}', 'identified_by': None, 'defect_stage_id': None}]}
2025-04-13 14:13:03 - INFO - logger - log_event - Создан поток DatabaseWorker с запросом: {'type': 'allDetails', 'detail': 'МЕТРАН 150'}
2025-04-13 14:13:03 - INFO - logger - log_event - Запрос: {'type': 'allDetails', 'detail': 'МЕТРАН 150', 'id': 3}
2025-04-13 14:13:03 - INFO - logger - log_event - Выполнен запрос к БД: {'type': 'allDetails', 'detail': 'МЕТРАН 150', 'id': 3}
2025-04-13 14:13:03 - INFO - logger - log_event - Запрос: {'type': 'allDetails', 'detail': 'МЕТРАН 150', 'id': 3}
2025-04-13 14:13:03 - INFO - logger - log_event - Ответ: {'status': 'ok', 'data': [{'id': 1, 'name': 'МЕТРАН 150', 'serial_number': 'SN904', 'defective': False, 'stage': 'Хранение', 'sector': 'Сектор 1А', 'time': '{"mark": {"time": "2025-04-13 13:02:28", "user": 1}, "сборка": {"end": "2025-04-13 13:15:22", "user": 1, "start": "2025-04-13 13:15:18"}, "упаковка": {"end": "2025-04-13 14:06:26", "user": 3, "start": "2025-04-13 14:06:22"}, "тестирование": {"end": "2025-04-13 14:04:41", "user": 2, "start": "2025-04-13 14:04:34"}}', 'identified_by': None, 'defect_stage_id': None}]}
2025-04-13 14:13:03 - INFO - logger - log_event - Ответ: {'status': 'ok', 'data': [{'id': 1, 'name': 'МЕТРАН 150', 'serial_number': 'SN904', 'defective': False, 'stage': 'Хранение', 'sector': 'Сектор 1А', 'time': '{"mark": {"time": "2025-04-13 13:02:28", "user": 1}, "сборка": {"end": "2025-04-13 13:15:22", "user": 1, "start": "2025-04-13 13:15:18"}, "упаковка": {"end": "2025-04-13 14:06:26", "user": 3, "start": "2025-04-13 14:06:22"}, "тестирование": {"end": "2025-04-13 14:04:41", "user": 2, "start": "2025-04-13 14:04:34"}}', 'identified_by': None, 'defect_stage_id': None}]}
2025-04-13 14:13:03 - INFO - logger - log_event - Выполнен запрос к БД: {'type': 'allDetails', 'detail': 'МЕТРАН 150', 'id': 3}
2025-04-13 14:13:03 - INFO - logger - log_event - Выполнен запрос к БД: {'type': 'allDetails', 'detail': 'МЕТРАН 150', 'id': 3}
2025-04-13 14:13:03 - INFO - logger - log_event - Запрос: {'type': 'allDetails', 'detail': 'МЕТРАН 150', 'id': 3}
2025-04-13 14:13:03 - INFO - logger - log_event - Ответ: {'status': 'ok', 'data': [{'id': 1, 'name': 'МЕТРАН 150', 'serial_number': 'SN904', 'defective': False, 'stage': 'Хранение', 'sector': 'Сектор 1А', 'time': '{"mark": {"time": "2025-04-13 13:02:28", "user": 1}, "сборка": {"end": "2025-04-13 13:15:22", "user": 1, "start": "2025-04-13 13:15:18"}, "упаковка": {"end": "2025-04-13 14:06:26", "user": 3, "start": "2025-04-13 14:06:22"}, "тестирование": {"end": "2025-04-13 14:04:41", "user": 2, "start": "2025-04-13 14:04:34"}}', 'identified_by': None, 'defect_stage_id': None}]}
2025-04-13 14:13:03 - INFO - logger - log_event - Выполнен запрос к БД: {'type': 'allDetails', 'detail': 'МЕТРАН 150', 'id': 3}
2025-04-13 14:13:04 - INFO - logger - log_event - Запрос детальной информации о детали SN904
2025-04-13 14:13:04 - INFO - logger - log_event - Запрос: {'type': 'details', 'serial': 'SN904', 'id': 3}
2025-04-13 14:13:04 - INFO - logger - log_event - Ответ: {'status': 'ok', 'data': {'id': 1, 'name': 'МЕТРАН 150', 'serial_number': 'SN904', 'defective': False, 'stage': 'Хранение', 'sector': 'Сектор 1А', 'time': '{"mark": {"time": "2025-04-13 13:02:28", "user": 1}, "сборка": {"end": "2025-04-13 13:15:22", "user": 1, "start": "2025-04-13 13:15:18"}, "упаковка": {"end": "2025-04-13 14:06:26", "user": 3, "start": "2025-04-13 14:06:22"}, "тестирование": {"end": "2025-04-13 14:04:41", "user": 2, "start": "2025-04-13 14:04:34"}}', 'identified_by': None, 'defect_stage_id': None}}
2025-04-13 14:13:04 - INFO - logger - log_event - Получен ответ от сервера: {'status': 'ok', 'data': {'id': 1, 'name': 'МЕТРАН 150', 'serial_number': 'SN904', 'defective': False, 'stage': 'Хранение', 'sector': 'Сектор 1А', 'time': '{"mark": {"time": "2025-04-13 13:02:28", "user": 1}, "сборка": {"end": "2025-04-13 13:15:22", "user": 1, "start": "2025-04-13 13:15:18"}, "упаковка": {"end": "2025-04-13 14:06:26", "user": 3, "start": "2025-04-13 14:06:22"}, "тестирование": {"end": "2025-04-13 14:04:41", "user": 2, "start": "2025-04-13 14:04:34"}}', 'identified_by': None, 'defect_stage_id': None}}
2025-04-13 14:13:04 - INFO - logger - log_event - Данные для отображения: {'id': 1, 'name': 'МЕТРАН 150', 'serial_number': 'SN904', 'defective': False, 'stage': 'Хранение', 'sector': 'Сектор 1А', 'time': '{"mark": {"time": "2025-04-13 13:02:28", "user": 1}, "сборка": {"end": "2025-04-13 13:15:22", "user": 1, "start": "2025-04-13 13:15:18"}, "упаковка": {"end": "2025-04-13 14:06:26", "user": 3, "start": "2025-04-13 14:06:22"}, "тестирование": {"end": "2025-04-13 14:04:41", "user": 2, "start": "2025-04-13 14:04:34"}}', 'identified_by': None, 'defect_stage_id': None}
2025-04-13 14:13:04 - INFO - logger - log_event - Преобразованная информация о времени: {'mark': {'time': '2025-04-13 13:02:28', 'user': 1}, 'сборка': {'end': '2025-04-13 13:15:22', 'user': 1, 'start': '2025-04-13 13:15:18'}, 'упаковка': {'end': '2025-04-13 14:06:26', 'user': 3, 'start': '2025-04-13 14:06:22'}, 'тестирование': {'end': '2025-04-13 14:04:41', 'user': 2, 'start': '2025-04-13 14:04:34'}}
2025-04-13 14:13:04 - INFO - logger - log_event - Начинаем заполнение данных в диалоге. part_info: {'id': 1, 'name': 'МЕТРАН 150', 'serial_number': 'SN904', 'defective': False, 'stage': 'Хранение', 'sector': 'Сектор 1А', 'time': '{"mark": {"time": "2025-04-13 13:02:28", "user": 1}, "сборка": {"end": "2025-04-13 13:15:22", "user": 1, "start": "2025-04-13 13:15:18"}, "упаковка": {"end": "2025-04-13 14:06:26", "user": 3, "start": "2025-04-13 14:06:22"}, "тестирование": {"end": "2025-04-13 14:04:41", "user": 2, "start": "2025-04-13 14:04:34"}}', 'identified_by': None, 'defect_stage_id': None}
2025-04-13 14:13:04 - INFO - logger - log_event - ID детали: 1
2025-04-13 14:13:04 - INFO - logger - log_event - Название детали: МЕТРАН 150
2025-04-13 14:13:04 - INFO - logger - log_event - Статус (defective): False
2025-04-13 14:13:04 - INFO - logger - log_event - Текст статуса: Годен
2025-04-13 14:13:04 - INFO - logger - log_event - Текущий этап: Хранение
2025-04-13 14:13:04 - INFO - logger - log_event - Сектор хранения: Сектор 1А
2025-04-13 14:13:04 - INFO - logger - log_event - Примечание: 
2025-04-13 14:13:04 - INFO - logger - log_event - Обрабатываем данные времени: {'mark': {'time': '2025-04-13 13:02:28', 'user': 1}, 'сборка': {'end': '2025-04-13 13:15:22', 'user': 1, 'start': '2025-04-13 13:15:18'}, 'упаковка': {'end': '2025-04-13 14:06:26', 'user': 3, 'start': '2025-04-13 14:06:22'}, 'тестирование': {'end': '2025-04-13 14:04:41', 'user': 2, 'start': '2025-04-13 14:04:34'}}
2025-04-13 14:13:04 - INFO - logger - log_event - Обработка информации о времени: {'mark': {'time': '2025-04-13 13:02:28', 'user': 1}, 'сборка': {'end': '2025-04-13 13:15:22', 'user': 1, 'start': '2025-04-13 13:15:18'}, 'упаковка': {'end': '2025-04-13 14:06:26', 'user': 3, 'start': '2025-04-13 14:06:22'}, 'тестирование': {'end': '2025-04-13 14:04:41', 'user': 2, 'start': '2025-04-13 14:04:34'}}
2025-04-13 14:13:04 - INFO - logger - log_event - Запрашиваем информацию о пользователе с ID: 1 для этапа mark
2025-04-13 14:13:04 - INFO - logger - log_event - Создан поток DatabaseWorker с запросом: {'type': 'userById', 'id': 1}
2025-04-13 14:13:04 - INFO - logger - log_event - Запрос: {'type': 'userById', 'id': 3}
2025-04-13 14:13:04 - INFO - logger - log_event - Ответ: {'status': 'ok', 'data': {'id': 3, 'name': 'Алексей', 'surname': 'Петров', 'profession': 'Программист'}}
2025-04-13 14:13:04 - INFO - logger - log_event - Выполнен запрос к БД: {'type': 'userById', 'id': 3}
2025-04-13 14:13:04 - INFO - logger - log_event - Запрос: {'type': 'userById', 'id': 3}
2025-04-13 14:13:04 - INFO - logger - log_event - Запрашиваем информацию о пользователе с ID: 1 для этапа сборка
2025-04-13 14:13:04 - INFO - logger - log_event - Создан поток DatabaseWorker с запросом: {'type': 'userById', 'id': 1}
2025-04-13 14:13:04 - INFO - logger - log_event - Запрос: {'type': 'userById', 'id': 3}
2025-04-13 14:13:04 - INFO - logger - log_event - Ответ: {'status': 'ok', 'data': {'id': 3, 'name': 'Алексей', 'surname': 'Петров', 'profession': 'Программист'}}
2025-04-13 14:13:04 - INFO - logger - log_event - Выполнен запрос к БД: {'type': 'userById', 'id': 3}
2025-04-13 14:13:04 - INFO - logger - log_event - Ответ: {'status': 'ok', 'data': {'id': 3, 'name': 'Алексей', 'surname': 'Петров', 'profession': 'Программист'}}
2025-04-13 14:13:04 - INFO - logger - log_event - Выполнен запрос к БД: {'type': 'userById', 'id': 3}
2025-04-13 14:13:04 - INFO - logger - log_event - Запрос: {'type': 'userById', 'id': 3}
2025-04-13 14:13:04 - INFO - logger - log_event - Запрашиваем информацию о пользователе с ID: 2 для этапа тестирование
2025-04-13 14:13:04 - INFO - logger - log_event - Создан поток DatabaseWorker с запросом: {'type': 'userById', 'id': 2}
2025-04-13 14:13:04 - INFO - logger - log_event - Запрос: {'type': 'userById', 'id': 3}
2025-04-13 14:13:05 - INFO - logger - log_event - Ответ: {'status': 'ok', 'data': {'id': 3, 'name': 'Алексей', 'surname': 'Петров', 'profession': 'Программист'}}
2025-04-13 14:13:05 - INFO - logger - log_event - Выполнен запрос к БД: {'type': 'userById', 'id': 3}
2025-04-13 14:13:05 - INFO - logger - log_event - Ответ: {'status': 'ok', 'data': {'id': 3, 'name': 'Алексей', 'surname': 'Петров', 'profession': 'Программист'}}
2025-04-13 14:13:05 - INFO - logger - log_event - Выполнен запрос к БД: {'type': 'userById', 'id': 3}
2025-04-13 14:13:05 - INFO - logger - log_event - Запрос: {'type': 'userById', 'id': 3}
2025-04-13 14:13:05 - INFO - logger - log_event - Запрашиваем информацию о пользователе с ID: 3 для этапа упаковка
2025-04-13 14:13:05 - INFO - logger - log_event - Создан поток DatabaseWorker с запросом: {'type': 'userById', 'id': 3}
2025-04-13 14:13:05 - INFO - logger - log_event - Запрос: {'type': 'userById', 'id': 3}
2025-04-13 14:13:05 - INFO - logger - log_event - Ответ: {'status': 'ok', 'data': {'id': 3, 'name': 'Алексей', 'surname': 'Петров', 'profession': 'Программист'}}
2025-04-13 14:13:05 - INFO - logger - log_event - Выполнен запрос к БД: {'type': 'userById', 'id': 3}
2025-04-13 14:13:05 - INFO - logger - log_event - Ответ: {'status': 'ok', 'data': {'id': 3, 'name': 'Алексей', 'surname': 'Петров', 'profession': 'Программист'}}
2025-04-13 14:13:05 - INFO - logger - log_event - Выполнен запрос к БД: {'type': 'userById', 'id': 3}
2025-04-13 14:13:06 - INFO - logger - log_event - Запрос: {'type': 'userById', 'id': 3}
2025-04-13 14:13:06 - INFO - logger - log_event - Завершено заполнение данных в диалоге
2025-04-13 14:13:06 - INFO - logger - log_event - Обработка результата для этапа mark, запрошенный ID: 1, результат: {'data': {'id': 3, 'name': 'Алексей', 'profession': 'Программист', 'surname': 'Петров'}, 'status': 'ok'}
2025-04-13 14:13:06 - WARNING - logger - log_warning - ID пользователя в данных (3) не совпадает с запрошенным ID (1). Пропускаем обновление.
2025-04-13 14:13:06 - INFO - logger - log_event - Обработка результата для этапа сборка, запрошенный ID: 1, результат: {'data': {'id': 3, 'name': 'Алексей', 'profession': 'Программист', 'surname': 'Петров'}, 'status': 'ok'}
2025-04-13 14:13:06 - WARNING - logger - log_warning - ID пользователя в данных (3) не совпадает с запрошенным ID (1). Пропускаем обновление.
2025-04-13 14:13:06 - INFO - logger - log_event - Обработка результата для этапа тестирование, запрошенный ID: 2, результат: {'data': {'id': 3, 'name': 'Алексей', 'profession': 'Программист', 'surname': 'Петров'}, 'status': 'ok'}
2025-04-13 14:13:06 - WARNING - logger - log_warning - ID пользователя в данных (3) не совпадает с запрошенным ID (2). Пропускаем обновление.
2025-04-13 14:13:06 - INFO - logger - log_event - Ответ: {'status': 'ok', 'data': {'id': 3, 'name': 'Алексей', 'surname': 'Петров', 'profession': 'Программист'}}
2025-04-13 14:13:06 - INFO - logger - log_event - Выполнен запрос к БД: {'type': 'userById', 'id': 3}
2025-04-13 14:13:06 - INFO - logger - log_event - Обработка результата для этапа упаковка, запрошенный ID: 3, результат: {'data': {'id': 3, 'name': 'Алексей', 'profession': 'Программист', 'surname': 'Петров'}, 'status': 'ok'}
2025-04-13 14:13:06 - INFO - logger - log_event - Метка пользователя обновлена для этапа упаковка: Петров Алексей, ID: 3
2025-04-13 14:13:28 - INFO - logger - log_event - Закрытие приложения button.py
2025-04-13 14:13:28 - INFO - logger - log_event - Завершаем сессию пользователя: Алексей Петров
2025-04-13 14:13:28 - INFO - logger - log_event - Запрос: {'type': 'endSession', 'name': 'Алексей', 'surname': 'Петров', 'id': 3}
2025-04-13 14:13:28 - INFO - logger - log_event - Ответ: {'status': 'ok'}
2025-04-13 14:13:28 - INFO - logger - log_event - Сессия успешно завершена: Алексей Петров
2025-04-13 14:13:28 - INFO - logger - log_application_exit - Приложение завершено
