2025-04-02 14:05:35 - INFO - logger - <module> - Приложение запущено
2025-04-02 14:05:35 - INFO - logger - <module> - Добавляем логирование в остальные файлы проекта...
2025-04-02 14:05:35 - INFO - logger - <module> - Логирование в database.py: все запросы к серверу регистрируются.
2025-04-02 14:05:35 - INFO - logger - <module> - Логирование в COM.py: события работы с COM-портами фиксируются.
2025-04-02 14:05:35 - INFO - logger - <module> - Логирование в detail_work.py: операции с деталями регистрируются.
2025-04-02 14:05:35 - INFO - logger - <module> - Логирование в Error.py и ErrorTest.py: ошибки записываются.
2025-04-02 14:05:35 - INFO - logger - <module> - Логирование в этапах Mark.py, Packing.py, Test.py, Work.py.
2025-04-02 14:05:38 - INFO - logger - log_event - Сервер доступен
2025-04-02 14:05:38 - INFO - logger - log_event - Сервер доступен
2025-04-02 14:05:38 - INFO - logger - log_event - Главное окно приложения создано
2025-04-02 14:05:39 - INFO - logger - log_event - Создан интерфейс админ-панели
2025-04-02 14:05:39 - INFO - logger - log_event - Enter to mark
2025-04-02 14:05:39 - INFO - logger - log_event - Enter to Test
2025-04-02 14:05:39 - INFO - logger - log_event - Enter to Packing
2025-04-02 14:05:39 - INFO - logger - log_event - Enter to Login page AA
2025-04-02 14:05:39 - INFO - logger - log_event - Enter to assembly
2025-04-02 14:05:39 - INFO - logger - log_event - Enter to mark
2025-04-02 14:05:39 - INFO - logger - log_event - Enter to Test
2025-04-02 14:05:39 - INFO - logger - log_event - Enter to Packing
2025-04-02 14:05:39 - INFO - logger - log_event - Enter to Login page AA
2025-04-02 14:05:39 - INFO - logger - log_event - Enter to assembly
2025-04-02 14:05:39 - INFO - logger - log_event - Enter to mark
2025-04-02 14:05:39 - INFO - logger - log_event - Enter to Test
2025-04-02 14:05:39 - INFO - logger - log_event - Enter to Packing
2025-04-02 14:05:39 - INFO - logger - log_event - Enter to Login page AA
2025-04-02 14:05:39 - INFO - logger - log_event - Enter to assembly
2025-04-02 14:05:39 - INFO - logger - log_event - Enter to mark
2025-04-02 14:05:39 - INFO - logger - log_event - Enter to Test
2025-04-02 14:05:39 - INFO - logger - log_event - Enter to Packing
2025-04-02 14:05:39 - INFO - logger - log_event - Enter to Login page AA
2025-04-02 14:05:39 - INFO - logger - log_event - Enter to assembly
2025-04-02 14:05:39 - INFO - logger - log_event - Enter to mark
2025-04-02 14:05:39 - INFO - logger - log_event - Enter to Test
2025-04-02 14:05:39 - INFO - logger - log_event - Enter to Packing
2025-04-02 14:05:39 - INFO - logger - log_event - Enter to Login page AA
2025-04-02 14:05:39 - INFO - logger - log_event - Enter to assembly
2025-04-02 14:05:40 - INFO - logger - log_event - Raw data (bytes): b'\xd0\x90\xd0\xb3\xd1\x83\xd0\xb0\xd0\xb3\xd1\x83\r\n'
2025-04-02 14:05:40 - INFO - logger - log_event - Decoded data (str): Агуагу
2025-04-02 14:05:40 - INFO - logger - log_event - Parsed Data: ['Агуагу']
2025-04-02 14:05:40 - INFO - logger - log_event - System Arduino init
2025-04-02 14:05:41 - INFO - logger - log_event - Raw data (bytes): b'995934779_user..\r\n'
2025-04-02 14:05:41 - INFO - logger - log_event - Decoded data (str): 995934779_user..
2025-04-02 14:05:41 - INFO - logger - log_event - Parsed Data: ['995934779', 'user']
2025-04-02 14:05:41 - INFO - logger - log_event - Send data to handle_serial_data: ['995934779', 'user']
2025-04-02 14:05:41 - INFO - logger - log_event - Данные перед очисткой: ['995934779', 'user']
2025-04-02 14:05:41 - INFO - logger - log_event - Raw data (bytes): b'\r\n'
2025-04-02 14:05:41 - INFO - logger - log_event - Очищенные данные: ['995934779', 'user']
2025-04-02 14:05:41 - INFO - logger - log_event - Decoded data (str): 
2025-04-02 14:05:41 - INFO - logger - log_event - Пользователь с UID: 995934779
2025-04-02 14:05:41 - INFO - logger - log_event - Get NULL
2025-04-02 14:05:41 - INFO - logger - log_event - Попытка аутентификации пользователя с UID: 995934779
2025-04-02 14:05:41 - INFO - logger - log_event - Запрос: {'type': 'user', 'uid': '995934779'}
2025-04-02 14:05:41 - INFO - logger - log_event - Ответ: {'status': 'error', 'message': 'У пользователя уже есть активная сессия', 'name': 'Стол', 'surname': 'Ардашев'}
2025-04-02 14:05:41 - INFO - logger - log_event - Ответ сервера: {'status': 'error', 'message': 'У пользователя уже есть активная сессия', 'name': 'Стол', 'surname': 'Ардашев'}
2025-04-02 14:05:41 - ERROR - logger - log_error - Ошибка: У пользователя уже есть активная сессия: 995934779
NoneType: None
2025-04-02 14:07:46 - INFO - logger - log_event - Raw data (bytes): b'322201154_user..\r\n'
2025-04-02 14:07:46 - INFO - logger - log_event - Decoded data (str): 322201154_user..
2025-04-02 14:07:46 - INFO - logger - log_event - Parsed Data: ['322201154', 'user']
2025-04-02 14:07:46 - INFO - logger - log_event - Send data to handle_serial_data: ['322201154', 'user']
2025-04-02 14:07:46 - INFO - logger - log_event - Данные перед очисткой: ['322201154', 'user']
2025-04-02 14:07:46 - INFO - logger - log_event - Очищенные данные: ['322201154', 'user']
2025-04-02 14:07:46 - INFO - logger - log_event - Raw data (bytes): b'\r\n'
2025-04-02 14:07:46 - INFO - logger - log_event - Пользователь с UID: 322201154
2025-04-02 14:07:46 - INFO - logger - log_event - Decoded data (str): 
2025-04-02 14:07:46 - INFO - logger - log_event - Попытка аутентификации пользователя с UID: 322201154
2025-04-02 14:07:46 - INFO - logger - log_event - Get NULL
2025-04-02 14:07:46 - INFO - logger - log_event - Запрос: {'type': 'user', 'uid': '322201154'}
2025-04-02 14:07:46 - INFO - logger - log_event - Ответ: {'status': 'ok', 'name': 'Кровать', 'surname': 'Беспалов'}
2025-04-02 14:07:46 - INFO - logger - log_event - Ответ сервера: {'status': 'ok', 'name': 'Кровать', 'surname': 'Беспалов'}
2025-04-02 14:07:46 - INFO - logger - log_event - Данные пользователя в корне ответа: {'status': 'ok', 'name': 'Кровать', 'surname': 'Беспалов'}
2025-04-02 14:07:47 - INFO - logger - log_event - Запрос на создание сессии: {'type': 'startSession', 'name': 'Кровать', 'surname': 'Беспалов', 'work_description': 'Без детали'}
2025-04-02 14:07:47 - INFO - logger - log_event - Запрос: {'type': 'startSession', 'name': 'Кровать', 'surname': 'Беспалов', 'work_description': 'Без детали'}
2025-04-02 14:07:53 - INFO - logger - log_event - Ответ: {'status': 'ok'}
2025-04-02 14:07:53 - INFO - logger - log_event - Ответ на создание сессии: {'status': 'ok'}
2025-04-02 14:07:53 - INFO - logger - log_event - Сессия успешно начата: Беспалов Кровать
2025-04-02 14:07:53 - INFO - logger - log_event - Устанавливаем переменную config.user: Беспалов Кровать
2025-04-02 14:07:53 - INFO - logger - log_event - Устанавливаем переменную config.Name: Беспалов Кровать
2025-04-02 14:07:53 - INFO - logger - log_event - Установлено значение config.Name: Беспалов Кровать
2025-04-02 14:07:53 - INFO - logger - log_event - Успешная аутентификация пользователя: Беспалов Кровать
2025-04-02 14:09:16 - INFO - logger - log_event - Закрытие приложения button.py
2025-04-02 14:09:16 - INFO - logger - log_event - Завершаем сессию пользователя: Кровать Беспалов
2025-04-02 14:09:16 - INFO - logger - log_event - Запрос: {'type': 'endSession', 'name': 'Кровать', 'surname': 'Беспалов'}
2025-04-02 14:09:16 - INFO - logger - log_event - Ответ: {'status': 'ok'}
2025-04-02 14:09:16 - INFO - logger - log_event - Сессия успешно завершена: Кровать Беспалов
2025-04-02 14:09:16 - INFO - logger - log_application_exit - Приложение завершено
