2025-04-13 12:50:20 - INFO - logger - <module> - Приложение запущено
2025-04-13 12:50:20 - INFO - logger - <module> - Добавляем логирование в остальные файлы проекта...
2025-04-13 12:50:20 - INFO - logger - <module> - Логирование в database.py: все запросы к серверу регистрируются.
2025-04-13 12:50:20 - INFO - logger - <module> - Логирование в COM.py: события работы с COM-портами фиксируются.
2025-04-13 12:50:20 - INFO - logger - <module> - Логирование в detail_work.py: операции с деталями регистрируются.
2025-04-13 12:50:20 - INFO - logger - <module> - Логирование в Error.py и ErrorTest.py: ошибки записываются.
2025-04-13 12:50:20 - INFO - logger - <module> - Логирование в этапах Mark.py, Packing.py, Test.py, Work.py.
2025-04-13 12:50:23 - INFO - logger - log_event - Сервер доступен
2025-04-13 12:50:23 - INFO - logger - log_event - Сервер доступен
2025-04-13 12:50:23 - INFO - logger - log_event - Главное окно приложения создано
2025-04-13 12:50:23 - ERROR - logger - log_error - Ошибка: Не найден подходящий COM-порт
NoneType: None
2025-04-13 12:50:23 - ERROR - logger - log_error - Ошибка: SerialManager не передан! COM-порт не будет работать.
NoneType: None
2025-04-13 12:50:23 - INFO - logger - log_event - Создан интерфейс админ-панели
2025-04-13 12:50:23 - INFO - logger - log_event - Enter to mark
2025-04-13 12:50:23 - INFO - logger - log_event - Enter to Test
2025-04-13 12:50:23 - INFO - logger - log_event - Enter to Packing
2025-04-13 12:50:23 - INFO - logger - log_event - Enter to Login page AA
2025-04-13 12:50:23 - INFO - logger - log_event - Enter to assembly
2025-04-13 12:50:23 - INFO - logger - log_event - Enter to mark
2025-04-13 12:50:23 - INFO - logger - log_event - Enter to Test
2025-04-13 12:50:23 - INFO - logger - log_event - Enter to Packing
2025-04-13 12:50:23 - INFO - logger - log_event - Enter to Login page AA
2025-04-13 12:50:23 - INFO - logger - log_event - Enter to assembly
2025-04-13 12:50:23 - INFO - logger - log_event - Enter to mark
2025-04-13 12:50:23 - INFO - logger - log_event - Enter to Test
2025-04-13 12:50:23 - INFO - logger - log_event - Enter to Packing
2025-04-13 12:50:23 - INFO - logger - log_event - Enter to Login page AA
2025-04-13 12:50:23 - INFO - logger - log_event - Enter to assembly
2025-04-13 12:50:23 - INFO - logger - log_event - Enter to mark
2025-04-13 12:50:23 - INFO - logger - log_event - Enter to Test
2025-04-13 12:50:23 - INFO - logger - log_event - Enter to Packing
2025-04-13 12:50:23 - INFO - logger - log_event - Enter to Login page AA
2025-04-13 12:50:23 - INFO - logger - log_event - Enter to assembly
2025-04-13 12:50:23 - INFO - logger - log_event - Enter to mark
2025-04-13 12:50:23 - INFO - logger - log_event - Enter to Test
2025-04-13 12:50:23 - INFO - logger - log_event - Enter to Packing
2025-04-13 12:50:23 - INFO - logger - log_event - Enter to Login page AA
2025-04-13 12:50:23 - INFO - logger - log_event - Enter to assembly
2025-04-13 12:50:25 - INFO - logger - log_event - Попытка аутентификации пользователя с UID: 636611317
2025-04-13 12:50:25 - INFO - logger - log_event - Запрос: {'type': 'user', 'uid': '636611317'}
2025-04-13 12:50:25 - INFO - logger - log_event - Ответ: {'status': 'ok', 'name': 'Николай', 'surname': 'Сидоров', 'id': 4}
2025-04-13 12:50:25 - INFO - logger - log_event - Ответ сервера: {'status': 'ok', 'name': 'Николай', 'surname': 'Сидоров', 'id': 4}
2025-04-13 12:50:25 - INFO - logger - log_event - Данные пользователя в корне ответа: {'status': 'ok', 'name': 'Николай', 'surname': 'Сидоров', 'id': 4}
2025-04-13 12:50:26 - INFO - logger - log_event - Запрос на создание сессии: {'type': 'startSession', 'name': 'Николай', 'surname': 'Сидоров', 'work_description': 'Без детали'}
2025-04-13 12:50:26 - INFO - logger - log_event - Запрос: {'type': 'startSession', 'name': 'Николай', 'surname': 'Сидоров', 'work_description': 'Без детали'}
2025-04-13 12:50:26 - INFO - logger - log_event - Ответ: {'status': 'ok'}
2025-04-13 12:50:26 - INFO - logger - log_event - Ответ на создание сессии: {'status': 'ok'}
2025-04-13 12:50:26 - INFO - logger - log_event - Сессия успешно начата: Сидоров Николай
2025-04-13 12:50:26 - INFO - logger - log_event - Устанавливаем переменную config.user: Сидоров Николай
2025-04-13 12:50:26 - INFO - logger - log_event - Устанавливаем переменную config.Name: Сидоров Николай
2025-04-13 12:50:26 - INFO - logger - log_event - Установлено значение config.Name: Сидоров Николай
2025-04-13 12:50:26 - INFO - logger - log_event - Успешная аутентификация пользователя: Сидоров Николай
2025-04-13 12:50:39 - INFO - logger - log_event - Login to the admin panel
2025-04-13 12:50:41 - INFO - logger - log_event - Создан поток DatabaseWorker с запросом: {'type': 'allDetails', 'detail': 'МЕТРАН 150'}
2025-04-13 12:50:41 - INFO - logger - log_event - Запрос: {'type': 'allDetails', 'detail': 'МЕТРАН 150'}
2025-04-13 12:50:41 - INFO - logger - log_event - Ответ: {'status': 'error', 'message': 'Details not found'}
2025-04-13 12:50:41 - INFO - logger - log_event - Выполнен запрос к БД: {'type': 'allDetails', 'detail': 'МЕТРАН 150'}
2025-04-13 12:50:41 - INFO - logger - log_event - Создан поток DatabaseWorker с запросом: {'type': 'allDetails', 'detail': 'МЕТРАН 150'}
2025-04-13 12:50:41 - INFO - logger - log_event - Запрос: {'type': 'allDetails', 'detail': 'МЕТРАН 150'}
2025-04-13 12:50:41 - INFO - logger - log_event - Запрос: {'type': 'allDetails', 'detail': 'МЕТРАН 150'}
2025-04-13 12:50:41 - INFO - logger - log_event - Ответ: {'status': 'error', 'message': 'Details not found'}
2025-04-13 12:50:41 - INFO - logger - log_event - Выполнен запрос к БД: {'type': 'allDetails', 'detail': 'МЕТРАН 150'}
2025-04-13 12:50:41 - INFO - logger - log_event - Ответ: {'status': 'error', 'message': 'Details not found'}
2025-04-13 12:50:41 - INFO - logger - log_event - Выполнен запрос к БД: {'type': 'allDetails', 'detail': 'МЕТРАН 150'}
2025-04-13 12:50:41 - INFO - logger - log_event - Создан поток DatabaseWorker с запросом: {'type': 'allDetails', 'detail': 'МЕТРАН 150'}
2025-04-13 12:50:41 - INFO - logger - log_event - Запрос: {'type': 'allDetails', 'detail': 'МЕТРАН 150'}
2025-04-13 12:50:41 - INFO - logger - log_event - Запрос: {'type': 'allDetails', 'detail': 'МЕТРАН 150'}
2025-04-13 12:50:41 - INFO - logger - log_event - Ответ: {'status': 'error', 'message': 'Details not found'}
2025-04-13 12:50:41 - INFO - logger - log_event - Ответ: {'status': 'error', 'message': 'Details not found'}
2025-04-13 12:50:41 - INFO - logger - log_event - Выполнен запрос к БД: {'type': 'allDetails', 'detail': 'МЕТРАН 150'}
2025-04-13 12:50:41 - INFO - logger - log_event - Выполнен запрос к БД: {'type': 'allDetails', 'detail': 'МЕТРАН 150'}
2025-04-13 12:50:41 - INFO - logger - log_event - Запрос: {'type': 'allDetails', 'detail': 'МЕТРАН 150'}
2025-04-13 12:50:41 - ERROR - logger - log_error - Ошибка: Ошибка при получении данных из базы данных
NoneType: None
2025-04-13 12:50:41 - ERROR - logger - log_error - Ошибка: Ошибка при получении данных из базы данных
NoneType: None
2025-04-13 12:50:41 - INFO - logger - log_event - Ответ: {'status': 'error', 'message': 'Details not found'}
2025-04-13 12:50:41 - INFO - logger - log_event - Выполнен запрос к БД: {'type': 'allDetails', 'detail': 'МЕТРАН 150'}
2025-04-13 12:50:41 - ERROR - logger - log_error - Ошибка: Ошибка при получении данных из базы данных
NoneType: None
2025-04-13 12:50:43 - INFO - logger - log_event - Создан поток DatabaseWorker с запросом: {'type': 'allDetails', 'detail': 'МЕТРАН 75'}
2025-04-13 12:50:43 - INFO - logger - log_event - Запрос: {'type': 'allDetails', 'detail': 'МЕТРАН 75'}
2025-04-13 12:50:43 - INFO - logger - log_event - Ответ: {'status': 'error', 'message': 'Details not found'}
2025-04-13 12:50:43 - INFO - logger - log_event - Выполнен запрос к БД: {'type': 'allDetails', 'detail': 'МЕТРАН 75'}
2025-04-13 12:50:43 - INFO - logger - log_event - Создан поток DatabaseWorker с запросом: {'type': 'allDetails', 'detail': 'МЕТРАН 75'}
2025-04-13 12:50:43 - INFO - logger - log_event - Запрос: {'type': 'allDetails', 'detail': 'МЕТРАН 75'}
2025-04-13 12:50:43 - INFO - logger - log_event - Запрос: {'type': 'allDetails', 'detail': 'МЕТРАН 75'}
2025-04-13 12:50:43 - INFO - logger - log_event - Ответ: {'status': 'error', 'message': 'Details not found'}
2025-04-13 12:50:43 - INFO - logger - log_event - Выполнен запрос к БД: {'type': 'allDetails', 'detail': 'МЕТРАН 75'}
2025-04-13 12:50:43 - INFO - logger - log_event - Создан поток DatabaseWorker с запросом: {'type': 'allDetails', 'detail': 'МЕТРАН 75'}
2025-04-13 12:50:43 - INFO - logger - log_event - Запрос: {'type': 'allDetails', 'detail': 'МЕТРАН 75'}
2025-04-13 12:50:43 - INFO - logger - log_event - Запрос: {'type': 'allDetails', 'detail': 'МЕТРАН 75'}
2025-04-13 12:50:43 - INFO - logger - log_event - Ответ: {'status': 'error', 'message': 'Details not found'}
2025-04-13 12:50:43 - INFO - logger - log_event - Выполнен запрос к БД: {'type': 'allDetails', 'detail': 'МЕТРАН 75'}
2025-04-13 12:50:43 - INFO - logger - log_event - Ответ: {'status': 'error', 'message': 'Details not found'}
2025-04-13 12:50:43 - INFO - logger - log_event - Ответ: {'status': 'error', 'message': 'Details not found'}
2025-04-13 12:50:43 - INFO - logger - log_event - Выполнен запрос к БД: {'type': 'allDetails', 'detail': 'МЕТРАН 75'}
2025-04-13 12:50:43 - INFO - logger - log_event - Выполнен запрос к БД: {'type': 'allDetails', 'detail': 'МЕТРАН 75'}
2025-04-13 12:50:43 - INFO - logger - log_event - Запрос: {'type': 'allDetails', 'detail': 'МЕТРАН 75'}
2025-04-13 12:50:43 - ERROR - logger - log_error - Ошибка: Ошибка при получении данных из базы данных
NoneType: None
2025-04-13 12:50:43 - ERROR - logger - log_error - Ошибка: Ошибка при получении данных из базы данных
NoneType: None
2025-04-13 12:50:43 - INFO - logger - log_event - Ответ: {'status': 'error', 'message': 'Details not found'}
2025-04-13 12:50:43 - INFO - logger - log_event - Выполнен запрос к БД: {'type': 'allDetails', 'detail': 'МЕТРАН 75'}
2025-04-13 12:50:43 - ERROR - logger - log_error - Ошибка: Ошибка при получении данных из базы данных
NoneType: None
2025-04-13 12:50:47 - INFO - logger - log_event - Создан поток DatabaseWorker с запросом: {'type': 'allDetails', 'detail': 'МЕТРАН 55'}
2025-04-13 12:50:47 - INFO - logger - log_event - Запрос: {'type': 'allDetails', 'detail': 'МЕТРАН 55'}
2025-04-13 12:50:47 - INFO - logger - log_event - Ответ: {'status': 'error', 'message': 'Details not found'}
2025-04-13 12:50:47 - INFO - logger - log_event - Выполнен запрос к БД: {'type': 'allDetails', 'detail': 'МЕТРАН 55'}
2025-04-13 12:50:47 - INFO - logger - log_event - Создан поток DatabaseWorker с запросом: {'type': 'allDetails', 'detail': 'МЕТРАН 55'}
2025-04-13 12:50:47 - INFO - logger - log_event - Запрос: {'type': 'allDetails', 'detail': 'МЕТРАН 55'}
2025-04-13 12:50:47 - INFO - logger - log_event - Запрос: {'type': 'allDetails', 'detail': 'МЕТРАН 55'}
2025-04-13 12:50:47 - INFO - logger - log_event - Ответ: {'status': 'error', 'message': 'Details not found'}
2025-04-13 12:50:47 - INFO - logger - log_event - Ответ: {'status': 'error', 'message': 'Details not found'}
2025-04-13 12:50:47 - INFO - logger - log_event - Выполнен запрос к БД: {'type': 'allDetails', 'detail': 'МЕТРАН 55'}
2025-04-13 12:50:47 - INFO - logger - log_event - Выполнен запрос к БД: {'type': 'allDetails', 'detail': 'МЕТРАН 55'}
2025-04-13 12:50:47 - INFO - logger - log_event - Создан поток DatabaseWorker с запросом: {'type': 'allDetails', 'detail': 'МЕТРАН 55'}
2025-04-13 12:50:47 - INFO - logger - log_event - Запрос: {'type': 'allDetails', 'detail': 'МЕТРАН 55'}
2025-04-13 12:50:47 - INFO - logger - log_event - Запрос: {'type': 'allDetails', 'detail': 'МЕТРАН 55'}
2025-04-13 12:50:48 - INFO - logger - log_event - Ответ: {'status': 'error', 'message': 'Details not found'}
2025-04-13 12:50:48 - INFO - logger - log_event - Ответ: {'status': 'error', 'message': 'Details not found'}
2025-04-13 12:50:48 - INFO - logger - log_event - Выполнен запрос к БД: {'type': 'allDetails', 'detail': 'МЕТРАН 55'}
2025-04-13 12:50:48 - INFO - logger - log_event - Выполнен запрос к БД: {'type': 'allDetails', 'detail': 'МЕТРАН 55'}
2025-04-13 12:50:48 - INFO - logger - log_event - Запрос: {'type': 'allDetails', 'detail': 'МЕТРАН 55'}
2025-04-13 12:50:48 - ERROR - logger - log_error - Ошибка: Ошибка при получении данных из базы данных
NoneType: None
2025-04-13 12:50:48 - ERROR - logger - log_error - Ошибка: Ошибка при получении данных из базы данных
NoneType: None
2025-04-13 12:50:48 - INFO - logger - log_event - Ответ: {'status': 'error', 'message': 'Details not found'}
2025-04-13 12:50:48 - INFO - logger - log_event - Выполнен запрос к БД: {'type': 'allDetails', 'detail': 'МЕТРАН 55'}
2025-04-13 12:50:48 - ERROR - logger - log_error - Ошибка: Ошибка при получении данных из базы данных
NoneType: None
2025-04-13 12:50:49 - INFO - logger - log_event - Запрос: {'type': 'getstats', 'name': 'МЕТРАН 150'}
2025-04-13 12:50:49 - INFO - logger - log_event - Ответ: {'status': 'ok', 'total': 0, 'defective': 0, 'non_defective': 0}
2025-04-13 12:50:49 - INFO - logger - log_event - Запрос: {'type': 'getstats', 'name': 'МЕТРАН 75'}
2025-04-13 12:50:49 - INFO - logger - log_event - Ответ: {'status': 'ok', 'total': 0, 'defective': 0, 'non_defective': 0}
2025-04-13 12:50:49 - INFO - logger - log_event - Запрос: {'type': 'getstats', 'name': 'МЕТРАН 55'}
2025-04-13 12:50:49 - INFO - logger - log_event - Ответ: {'status': 'ok', 'total': 0, 'defective': 0, 'non_defective': 0}
2025-04-13 12:50:49 - INFO - logger - log_event - Запрос: {'type': 'getstats', 'name': 'МЕТРАН 150'}
2025-04-13 12:50:49 - INFO - logger - log_event - Ответ: {'status': 'ok', 'total': 0, 'defective': 0, 'non_defective': 0}
2025-04-13 12:50:49 - INFO - logger - log_event - Запрос: {'type': 'getstats', 'name': 'МЕТРАН 75'}
2025-04-13 12:50:49 - INFO - logger - log_event - Ответ: {'status': 'ok', 'total': 0, 'defective': 0, 'non_defective': 0}
2025-04-13 12:50:49 - INFO - logger - log_event - Запрос: {'type': 'getstats', 'name': 'МЕТРАН 55'}
2025-04-13 12:50:49 - INFO - logger - log_event - Ответ: {'status': 'ok', 'total': 0, 'defective': 0, 'non_defective': 0}
2025-04-13 12:50:49 - INFO - logger - log_event - Запрос: {'type': 'getstats', 'name': 'МЕТРАН 150'}
2025-04-13 12:50:50 - INFO - logger - log_event - Ответ: {'status': 'ok', 'total': 0, 'defective': 0, 'non_defective': 0}
2025-04-13 12:50:50 - INFO - logger - log_event - Запрос: {'type': 'getstats', 'name': 'МЕТРАН 75'}
2025-04-13 12:50:50 - INFO - logger - log_event - Ответ: {'status': 'ok', 'total': 0, 'defective': 0, 'non_defective': 0}
2025-04-13 12:50:50 - INFO - logger - log_event - Запрос: {'type': 'getstats', 'name': 'МЕТРАН 55'}
2025-04-13 12:50:50 - INFO - logger - log_event - Ответ: {'status': 'ok', 'total': 0, 'defective': 0, 'non_defective': 0}
2025-04-13 12:50:50 - INFO - logger - log_event - Запрос: {'type': 'getstats', 'name': 'МЕТРАН 150'}
2025-04-13 12:50:50 - INFO - logger - log_event - Ответ: {'status': 'ok', 'total': 0, 'defective': 0, 'non_defective': 0}
2025-04-13 12:50:50 - INFO - logger - log_event - Запрос: {'type': 'getstats', 'name': 'МЕТРАН 75'}
2025-04-13 12:50:50 - INFO - logger - log_event - Ответ: {'status': 'ok', 'total': 0, 'defective': 0, 'non_defective': 0}
2025-04-13 12:50:50 - INFO - logger - log_event - Запрос: {'type': 'getstats', 'name': 'МЕТРАН 55'}
2025-04-13 12:50:50 - INFO - logger - log_event - Ответ: {'status': 'ok', 'total': 0, 'defective': 0, 'non_defective': 0}
2025-04-13 12:50:50 - INFO - logger - log_event - Запрос: {'type': 'getstats', 'name': 'МЕТРАН 150'}
2025-04-13 12:50:50 - INFO - logger - log_event - Ответ: {'status': 'ok', 'total': 0, 'defective': 0, 'non_defective': 0}
2025-04-13 12:50:50 - INFO - logger - log_event - Запрос: {'type': 'getstats', 'name': 'МЕТРАН 75'}
2025-04-13 12:50:51 - INFO - logger - log_event - Ответ: {'status': 'ok', 'total': 0, 'defective': 0, 'non_defective': 0}
2025-04-13 12:50:51 - INFO - logger - log_event - Запрос: {'type': 'getstats', 'name': 'МЕТРАН 55'}
2025-04-13 12:50:51 - INFO - logger - log_event - Ответ: {'status': 'ok', 'total': 0, 'defective': 0, 'non_defective': 0}
2025-04-13 12:50:51 - INFO - logger - log_event - Запрос: {'type': 'getstats', 'name': 'МЕТРАН 150'}
2025-04-13 12:50:51 - INFO - logger - log_event - Ответ: {'status': 'ok', 'total': 0, 'defective': 0, 'non_defective': 0}
2025-04-13 12:50:51 - INFO - logger - log_event - Запрос: {'type': 'getstats', 'name': 'МЕТРАН 75'}
2025-04-13 12:50:51 - INFO - logger - log_event - Ответ: {'status': 'ok', 'total': 0, 'defective': 0, 'non_defective': 0}
2025-04-13 12:50:51 - INFO - logger - log_event - Запрос: {'type': 'getstats', 'name': 'МЕТРАН 55'}
2025-04-13 12:50:51 - INFO - logger - log_event - Ответ: {'status': 'ok', 'total': 0, 'defective': 0, 'non_defective': 0}
2025-04-13 12:50:53 - INFO - logger - log_event - Выбран пункт меню Отчеты
2025-04-13 12:50:53 - INFO - logger - log_event - Создан поток DatabaseWorker с запросом: {'type': 'getreports'}
2025-04-13 12:50:53 - INFO - logger - log_event - Запрос: {'type': 'getreports'}
2025-04-13 12:50:53 - INFO - logger - log_event - Ответ: {'status': 'error', 'message': 'Отчеты не найдены'}
2025-04-13 12:50:53 - INFO - logger - log_event - Выполнен запрос к БД: {'type': 'getreports'}
2025-04-13 12:50:53 - INFO - logger - log_event - Статус видимости таблицы отчетов после show(): True
2025-04-13 12:50:53 - INFO - logger - log_event - Выбран пункт меню Отчеты
2025-04-13 12:50:53 - INFO - logger - log_event - Запрос: {'type': 'getreports'}
2025-04-13 12:50:53 - INFO - logger - log_event - Создан поток DatabaseWorker с запросом: {'type': 'getreports'}
2025-04-13 12:50:53 - INFO - logger - log_event - Запрос: {'type': 'getreports'}
2025-04-13 12:50:53 - INFO - logger - log_event - Ответ: {'status': 'error', 'message': 'Отчеты не найдены'}
2025-04-13 12:50:53 - INFO - logger - log_event - Ответ: {'status': 'error', 'message': 'Отчеты не найдены'}
2025-04-13 12:50:53 - INFO - logger - log_event - Выполнен запрос к БД: {'type': 'getreports'}
2025-04-13 12:50:53 - INFO - logger - log_event - Выполнен запрос к БД: {'type': 'getreports'}
2025-04-13 12:50:53 - INFO - logger - log_event - Статус видимости таблицы отчетов после show(): True
2025-04-13 12:50:53 - INFO - logger - log_event - Выбран пункт меню Отчеты
2025-04-13 12:50:53 - INFO - logger - log_event - Создан поток DatabaseWorker с запросом: {'type': 'getreports'}
2025-04-13 12:50:53 - INFO - logger - log_event - Запрос: {'type': 'getreports'}
2025-04-13 12:50:53 - INFO - logger - log_event - Запрос: {'type': 'getreports'}
2025-04-13 12:50:53 - INFO - logger - log_event - Ответ: {'status': 'error', 'message': 'Отчеты не найдены'}
2025-04-13 12:50:53 - INFO - logger - log_event - Выполнен запрос к БД: {'type': 'getreports'}
2025-04-13 12:50:53 - INFO - logger - log_event - Ответ: {'status': 'error', 'message': 'Отчеты не найдены'}
2025-04-13 12:50:53 - INFO - logger - log_event - Выполнен запрос к БД: {'type': 'getreports'}
2025-04-13 12:50:53 - INFO - logger - log_event - Статус видимости таблицы отчетов после show(): True
2025-04-13 12:50:53 - INFO - logger - log_event - Запрос: {'type': 'getreports'}
2025-04-13 12:50:53 - INFO - logger - log_event - Получен ответ для таблицы отчетов: {'message': 'Отчеты не найдены', 'status': 'error'}
2025-04-13 12:50:53 - ERROR - logger - log_error - Ошибка: Ошибка при получении отчетов из базы данных
NoneType: None
2025-04-13 12:50:53 - INFO - logger - log_event - Получен ответ для таблицы отчетов: {'message': 'Отчеты не найдены', 'status': 'error'}
2025-04-13 12:50:53 - ERROR - logger - log_error - Ошибка: Ошибка при получении отчетов из базы данных
NoneType: None
2025-04-13 12:50:53 - INFO - logger - log_event - Ответ: {'status': 'error', 'message': 'Отчеты не найдены'}
2025-04-13 12:50:53 - INFO - logger - log_event - Выполнен запрос к БД: {'type': 'getreports'}
2025-04-13 12:50:53 - INFO - logger - log_event - Получен ответ для таблицы отчетов: {'message': 'Отчеты не найдены', 'status': 'error'}
2025-04-13 12:50:53 - ERROR - logger - log_error - Ошибка: Ошибка при получении отчетов из базы данных
NoneType: None
2025-04-13 12:50:55 - INFO - logger - log_event - Создан поток DatabaseWorker с запросом: {'type': 'getSessions'}
2025-04-13 12:50:55 - INFO - logger - log_event - Запрос: {'type': 'getSessions'}
2025-04-13 12:50:55 - INFO - logger - log_event - Ответ: {'status': 'ok', 'data': [{'id': 1, 'user_id': 4, 'start_time': '2025-04-13 07:50', 'work_description': 'Без детали', 'status': 'active', 'notes': None, 'name': 'Николай', 'surname': 'Сидоров'}]}
2025-04-13 12:50:55 - INFO - logger - log_event - Выполнен запрос к БД: {'type': 'getSessions'}
2025-04-13 12:50:55 - INFO - logger - log_event - Отображаем страницу активных сессий
2025-04-13 12:50:55 - INFO - logger - log_event - Видимость таблицы: True, контейнера: True
2025-04-13 12:50:55 - INFO - logger - log_event - Создан поток DatabaseWorker с запросом: {'type': 'getSessions'}
2025-04-13 12:50:55 - INFO - logger - log_event - Запрос: {'type': 'getSessions'}
2025-04-13 12:50:55 - INFO - logger - log_event - Запрос: {'type': 'getSessions'}
2025-04-13 12:50:55 - INFO - logger - log_event - Ответ: {'status': 'ok', 'data': [{'id': 1, 'user_id': 4, 'start_time': '2025-04-13 07:50', 'work_description': 'Без детали', 'status': 'active', 'notes': None, 'name': 'Николай', 'surname': 'Сидоров'}]}
2025-04-13 12:50:55 - INFO - logger - log_event - Ответ: {'status': 'ok', 'data': [{'id': 1, 'user_id': 4, 'start_time': '2025-04-13 07:50', 'work_description': 'Без детали', 'status': 'active', 'notes': None, 'name': 'Николай', 'surname': 'Сидоров'}]}
2025-04-13 12:50:55 - INFO - logger - log_event - Выполнен запрос к БД: {'type': 'getSessions'}
2025-04-13 12:50:55 - INFO - logger - log_event - Выполнен запрос к БД: {'type': 'getSessions'}
2025-04-13 12:50:55 - INFO - logger - log_event - Отображаем страницу активных сессий
2025-04-13 12:50:55 - INFO - logger - log_event - Видимость таблицы: True, контейнера: True
2025-04-13 12:50:55 - INFO - logger - log_event - Создан поток DatabaseWorker с запросом: {'type': 'getSessions'}
2025-04-13 12:50:55 - INFO - logger - log_event - Запрос: {'type': 'getSessions'}
2025-04-13 12:50:55 - INFO - logger - log_event - Запрос: {'type': 'getSessions'}
2025-04-13 12:50:55 - INFO - logger - log_event - Ответ: {'status': 'ok', 'data': [{'id': 1, 'user_id': 4, 'start_time': '2025-04-13 07:50', 'work_description': 'Без детали', 'status': 'active', 'notes': None, 'name': 'Николай', 'surname': 'Сидоров'}]}
2025-04-13 12:50:55 - INFO - logger - log_event - Ответ: {'status': 'ok', 'data': [{'id': 1, 'user_id': 4, 'start_time': '2025-04-13 07:50', 'work_description': 'Без детали', 'status': 'active', 'notes': None, 'name': 'Николай', 'surname': 'Сидоров'}]}
2025-04-13 12:50:55 - INFO - logger - log_event - Выполнен запрос к БД: {'type': 'getSessions'}
2025-04-13 12:50:55 - INFO - logger - log_event - Выполнен запрос к БД: {'type': 'getSessions'}
2025-04-13 12:50:55 - INFO - logger - log_event - Отображаем страницу активных сессий
2025-04-13 12:50:55 - INFO - logger - log_event - Видимость таблицы: True, контейнера: True
2025-04-13 12:50:55 - INFO - logger - log_event - Запрос: {'type': 'getSessions'}
2025-04-13 12:50:55 - INFO - logger - log_event - Получен ответ для таблицы сессий: {'data': [{'id': 1, 'name': 'Николай', 'notes': None, 'start_time': '2025-04-13 07:50', 'status': 'active', 'surname': 'Сидоров', 'user_id': 4, 'work_description': 'Без детали'}], 'status': 'ok'}
2025-04-13 12:50:55 - INFO - logger - log_event - Число полученных сессий: 1
2025-04-13 12:50:55 - INFO - logger - log_event - Кнопка удаления всех сессий скрыта (только одна сессия)
2025-04-13 12:50:55 - INFO - logger - log_event - Видимость таблицы: True, контейнера: True
2025-04-13 12:50:55 - INFO - logger - log_event - Получен ответ для таблицы сессий: {'data': [{'id': 1, 'name': 'Николай', 'notes': None, 'start_time': '2025-04-13 07:50', 'status': 'active', 'surname': 'Сидоров', 'user_id': 4, 'work_description': 'Без детали'}], 'status': 'ok'}
2025-04-13 12:50:55 - INFO - logger - log_event - Число полученных сессий: 1
2025-04-13 12:50:55 - INFO - logger - log_event - Кнопка удаления всех сессий скрыта (только одна сессия)
2025-04-13 12:50:55 - INFO - logger - log_event - Видимость таблицы: True, контейнера: True
2025-04-13 12:50:56 - INFO - logger - log_event - Ответ: {'status': 'ok', 'data': [{'id': 1, 'user_id': 4, 'start_time': '2025-04-13 07:50', 'work_description': 'Без детали', 'status': 'active', 'notes': None, 'name': 'Николай', 'surname': 'Сидоров'}]}
2025-04-13 12:50:56 - INFO - logger - log_event - Выполнен запрос к БД: {'type': 'getSessions'}
2025-04-13 12:50:56 - INFO - logger - log_event - Получен ответ для таблицы сессий: {'data': [{'id': 1, 'name': 'Николай', 'notes': None, 'start_time': '2025-04-13 07:50', 'status': 'active', 'surname': 'Сидоров', 'user_id': 4, 'work_description': 'Без детали'}], 'status': 'ok'}
2025-04-13 12:50:56 - INFO - logger - log_event - Число полученных сессий: 1
2025-04-13 12:50:56 - INFO - logger - log_event - Кнопка удаления всех сессий скрыта (только одна сессия)
2025-04-13 12:50:56 - INFO - logger - log_event - Видимость таблицы: True, контейнера: True
2025-04-13 12:51:01 - INFO - logger - log_event - Создан поток DatabaseWorker с запросом: {'type': 'alldefective'}
2025-04-13 12:51:01 - INFO - logger - log_event - Запрос: {'type': 'alldefective'}
2025-04-13 12:51:01 - INFO - logger - log_event - Ответ: {'status': 'error', 'message': 'Бракованные детали не найдены'}
2025-04-13 12:51:01 - INFO - logger - log_event - Выполнен запрос к БД: {'type': 'alldefective'}
2025-04-13 12:51:01 - INFO - logger - log_event - Отправлен запрос на получение бракованных деталей
2025-04-13 12:51:01 - INFO - logger - log_event - Создан поток DatabaseWorker с запросом: {'type': 'alldefective'}
2025-04-13 12:51:01 - INFO - logger - log_event - Запрос: {'type': 'alldefective'}
2025-04-13 12:51:01 - INFO - logger - log_event - Запрос: {'type': 'alldefective'}
2025-04-13 12:51:01 - INFO - logger - log_event - Ответ: {'status': 'error', 'message': 'Бракованные детали не найдены'}
2025-04-13 12:51:01 - INFO - logger - log_event - Ответ: {'status': 'error', 'message': 'Бракованные детали не найдены'}
2025-04-13 12:51:01 - INFO - logger - log_event - Выполнен запрос к БД: {'type': 'alldefective'}
2025-04-13 12:51:01 - INFO - logger - log_event - Выполнен запрос к БД: {'type': 'alldefective'}
2025-04-13 12:51:01 - INFO - logger - log_event - Отправлен запрос на получение бракованных деталей
2025-04-13 12:51:01 - INFO - logger - log_event - Создан поток DatabaseWorker с запросом: {'type': 'alldefective'}
2025-04-13 12:51:01 - INFO - logger - log_event - Запрос: {'type': 'alldefective'}
2025-04-13 12:51:01 - INFO - logger - log_event - Запрос: {'type': 'alldefective'}
2025-04-13 12:51:01 - INFO - logger - log_event - Ответ: {'status': 'error', 'message': 'Бракованные детали не найдены'}
2025-04-13 12:51:01 - INFO - logger - log_event - Ответ: {'status': 'error', 'message': 'Бракованные детали не найдены'}
2025-04-13 12:51:01 - INFO - logger - log_event - Выполнен запрос к БД: {'type': 'alldefective'}
2025-04-13 12:51:01 - INFO - logger - log_event - Выполнен запрос к БД: {'type': 'alldefective'}
2025-04-13 12:51:01 - INFO - logger - log_event - Отправлен запрос на получение бракованных деталей
2025-04-13 12:51:01 - INFO - logger - log_event - Запрос: {'type': 'alldefective'}
2025-04-13 12:51:01 - INFO - logger - log_event - Получен ответ для таблицы бракованных деталей: {'message': 'Бракованные детали не найдены', 'status': 'error'}
2025-04-13 12:51:01 - ERROR - logger - log_error - Ошибка: Ошибка при получении бракованных деталей из базы данных
NoneType: None
2025-04-13 12:51:01 - INFO - logger - log_event - Получен ответ для таблицы бракованных деталей: {'message': 'Бракованные детали не найдены', 'status': 'error'}
2025-04-13 12:51:01 - ERROR - logger - log_error - Ошибка: Ошибка при получении бракованных деталей из базы данных
NoneType: None
2025-04-13 12:51:01 - INFO - logger - log_event - Ответ: {'status': 'error', 'message': 'Бракованные детали не найдены'}
2025-04-13 12:51:01 - INFO - logger - log_event - Выполнен запрос к БД: {'type': 'alldefective'}
2025-04-13 12:51:01 - INFO - logger - log_event - Получен ответ для таблицы бракованных деталей: {'message': 'Бракованные детали не найдены', 'status': 'error'}
2025-04-13 12:51:01 - ERROR - logger - log_error - Ошибка: Ошибка при получении бракованных деталей из базы данных
NoneType: None
2025-04-13 12:51:11 - INFO - logger - log_event - Запрос: {'type': 'getstats', 'name': 'МЕТРАН 150'}
2025-04-13 12:51:12 - INFO - logger - log_event - Ответ: {'status': 'ok', 'total': 0, 'defective': 0, 'non_defective': 0}
2025-04-13 12:51:12 - INFO - logger - log_event - Запрос: {'type': 'getstats', 'name': 'МЕТРАН 75'}
2025-04-13 12:51:12 - INFO - logger - log_event - Ответ: {'status': 'ok', 'total': 0, 'defective': 0, 'non_defective': 0}
2025-04-13 12:51:12 - INFO - logger - log_event - Запрос: {'type': 'getstats', 'name': 'МЕТРАН 55'}
2025-04-13 12:51:12 - INFO - logger - log_event - Ответ: {'status': 'ok', 'total': 0, 'defective': 0, 'non_defective': 0}
2025-04-13 12:51:12 - INFO - logger - log_event - Запрос: {'type': 'getstats', 'name': 'МЕТРАН 150'}
2025-04-13 12:51:12 - INFO - logger - log_event - Ответ: {'status': 'ok', 'total': 0, 'defective': 0, 'non_defective': 0}
2025-04-13 12:51:12 - INFO - logger - log_event - Запрос: {'type': 'getstats', 'name': 'МЕТРАН 75'}
2025-04-13 12:51:12 - INFO - logger - log_event - Ответ: {'status': 'ok', 'total': 0, 'defective': 0, 'non_defective': 0}
2025-04-13 12:51:12 - INFO - logger - log_event - Запрос: {'type': 'getstats', 'name': 'МЕТРАН 55'}
2025-04-13 12:51:12 - INFO - logger - log_event - Ответ: {'status': 'ok', 'total': 0, 'defective': 0, 'non_defective': 0}
2025-04-13 12:51:12 - INFO - logger - log_event - Запрос: {'type': 'getstats', 'name': 'МЕТРАН 150'}
2025-04-13 12:51:12 - INFO - logger - log_event - Ответ: {'status': 'ok', 'total': 0, 'defective': 0, 'non_defective': 0}
2025-04-13 12:51:12 - INFO - logger - log_event - Запрос: {'type': 'getstats', 'name': 'МЕТРАН 75'}
2025-04-13 12:51:13 - INFO - logger - log_event - Ответ: {'status': 'ok', 'total': 0, 'defective': 0, 'non_defective': 0}
2025-04-13 12:51:13 - INFO - logger - log_event - Запрос: {'type': 'getstats', 'name': 'МЕТРАН 55'}
2025-04-13 12:51:13 - INFO - logger - log_event - Ответ: {'status': 'ok', 'total': 0, 'defective': 0, 'non_defective': 0}
2025-04-13 12:51:13 - INFO - logger - log_event - Запрос: {'type': 'getstats', 'name': 'МЕТРАН 150'}
2025-04-13 12:51:13 - INFO - logger - log_event - Ответ: {'status': 'ok', 'total': 0, 'defective': 0, 'non_defective': 0}
2025-04-13 12:51:13 - INFO - logger - log_event - Запрос: {'type': 'getstats', 'name': 'МЕТРАН 75'}
2025-04-13 12:51:13 - INFO - logger - log_event - Ответ: {'status': 'ok', 'total': 0, 'defective': 0, 'non_defective': 0}
2025-04-13 12:51:13 - INFO - logger - log_event - Запрос: {'type': 'getstats', 'name': 'МЕТРАН 55'}
2025-04-13 12:51:13 - INFO - logger - log_event - Ответ: {'status': 'ok', 'total': 0, 'defective': 0, 'non_defective': 0}
2025-04-13 12:51:13 - INFO - logger - log_event - Запрос: {'type': 'getstats', 'name': 'МЕТРАН 150'}
2025-04-13 12:51:13 - INFO - logger - log_event - Ответ: {'status': 'ok', 'total': 0, 'defective': 0, 'non_defective': 0}
2025-04-13 12:51:13 - INFO - logger - log_event - Запрос: {'type': 'getstats', 'name': 'МЕТРАН 75'}
2025-04-13 12:51:13 - INFO - logger - log_event - Ответ: {'status': 'ok', 'total': 0, 'defective': 0, 'non_defective': 0}
2025-04-13 12:51:13 - INFO - logger - log_event - Запрос: {'type': 'getstats', 'name': 'МЕТРАН 55'}
2025-04-13 12:51:14 - INFO - logger - log_event - Ответ: {'status': 'ok', 'total': 0, 'defective': 0, 'non_defective': 0}
2025-04-13 12:51:14 - INFO - logger - log_event - Запрос: {'type': 'getstats', 'name': 'МЕТРАН 150'}
2025-04-13 12:51:14 - INFO - logger - log_event - Ответ: {'status': 'ok', 'total': 0, 'defective': 0, 'non_defective': 0}
2025-04-13 12:51:14 - INFO - logger - log_event - Запрос: {'type': 'getstats', 'name': 'МЕТРАН 75'}
2025-04-13 12:51:14 - INFO - logger - log_event - Ответ: {'status': 'ok', 'total': 0, 'defective': 0, 'non_defective': 0}
2025-04-13 12:51:14 - INFO - logger - log_event - Запрос: {'type': 'getstats', 'name': 'МЕТРАН 55'}
2025-04-13 12:51:14 - INFO - logger - log_event - Ответ: {'status': 'ok', 'total': 0, 'defective': 0, 'non_defective': 0}
2025-04-13 12:51:15 - INFO - logger - log_event - Закрытие приложения button.py
2025-04-13 12:51:15 - INFO - logger - log_event - Завершаем сессию пользователя: Николай Сидоров
2025-04-13 12:51:15 - INFO - logger - log_event - Запрос: {'type': 'endSession', 'name': 'Николай', 'surname': 'Сидоров'}
2025-04-13 12:51:16 - INFO - logger - log_event - Ответ: {'status': 'ok'}
2025-04-13 12:51:16 - INFO - logger - log_event - Сессия успешно завершена: Николай Сидоров
2025-04-13 12:51:16 - INFO - logger - log_application_exit - Приложение завершено
