2025-03-31 08:19:40 - INFO - logger - <module> - Приложение запущено
2025-03-31 08:19:40 - INFO - logger - <module> - Добавляем логирование в остальные файлы проекта...
2025-03-31 08:19:40 - INFO - logger - <module> - Логирование в database.py: все запросы к серверу регистрируются.
2025-03-31 08:19:40 - INFO - logger - <module> - Логирование в COM.py: события работы с COM-портами фиксируются.
2025-03-31 08:19:40 - INFO - logger - <module> - Логирование в detail_work.py: операции с деталями регистрируются.
2025-03-31 08:19:40 - INFO - logger - <module> - Логирование в Error.py и ErrorTest.py: ошибки записываются.
2025-03-31 08:19:40 - INFO - logger - <module> - Логирование в этапах Mark.py, Packing.py, Test.py, Work.py.
2025-03-31 08:19:43 - INFO - logger - log_event - Сервер доступен
2025-03-31 08:19:43 - INFO - logger - log_event - Сервер доступен
2025-03-31 08:19:43 - INFO - logger - log_event - Главное окно приложения создано
2025-03-31 08:19:43 - INFO - logger - log_event - Создан интерфейс админ-панели
2025-03-31 08:19:44 - INFO - logger - log_event - Enter to mark
2025-03-31 08:19:44 - INFO - logger - log_event - Enter to Test
2025-03-31 08:19:44 - INFO - logger - log_event - Enter to Packing
2025-03-31 08:19:44 - INFO - logger - log_event - Enter to Login page AA
2025-03-31 08:19:44 - INFO - logger - log_event - Enter to assembly
2025-03-31 08:19:44 - INFO - logger - log_event - Enter to mark
2025-03-31 08:19:44 - INFO - logger - log_event - Enter to Test
2025-03-31 08:19:44 - INFO - logger - log_event - Enter to Packing
2025-03-31 08:19:44 - INFO - logger - log_event - Enter to Login page AA
2025-03-31 08:19:44 - INFO - logger - log_event - Enter to assembly
2025-03-31 08:19:44 - INFO - logger - log_event - Enter to mark
2025-03-31 08:19:44 - INFO - logger - log_event - Enter to Test
2025-03-31 08:19:44 - INFO - logger - log_event - Enter to Packing
2025-03-31 08:19:44 - INFO - logger - log_event - Enter to Login page AA
2025-03-31 08:19:44 - INFO - logger - log_event - Enter to assembly
2025-03-31 08:19:44 - INFO - logger - log_event - Enter to mark
2025-03-31 08:19:44 - INFO - logger - log_event - Enter to Test
2025-03-31 08:19:44 - INFO - logger - log_event - Enter to Packing
2025-03-31 08:19:44 - INFO - logger - log_event - Enter to Login page AA
2025-03-31 08:19:44 - INFO - logger - log_event - Enter to assembly
2025-03-31 08:19:44 - INFO - logger - log_event - Enter to mark
2025-03-31 08:19:44 - INFO - logger - log_event - Enter to Test
2025-03-31 08:19:44 - INFO - logger - log_event - Enter to Packing
2025-03-31 08:19:44 - INFO - logger - log_event - Enter to Login page AA
2025-03-31 08:19:44 - INFO - logger - log_event - Enter to assembly
2025-03-31 08:19:45 - INFO - logger - log_event - Raw data (bytes): b'\xd0\x90\xd0\xb3\xd1\x83\xd0\xb0\xd0\xb3\xd1\x83\r\n'
2025-03-31 08:19:45 - INFO - logger - log_event - Decoded data (str): Агуагу
2025-03-31 08:19:45 - INFO - logger - log_event - Parsed Data: ['Агуагу']
2025-03-31 08:19:45 - INFO - logger - log_event - System Arduino init
2025-03-31 08:19:45 - INFO - logger - log_event - Raw data (bytes): b'171145940_user..\r\n'
2025-03-31 08:19:45 - INFO - logger - log_event - Decoded data (str): 171145940_user..
2025-03-31 08:19:45 - INFO - logger - log_event - Parsed Data: ['171145940', 'user']
2025-03-31 08:19:45 - INFO - logger - log_event - Send data to handle_serial_data: ['171145940', 'user']
2025-03-31 08:19:45 - INFO - logger - log_event - Данные перед очисткой: ['171145940', 'user']
2025-03-31 08:19:45 - INFO - logger - log_event - Raw data (bytes): b'\r\n'
2025-03-31 08:19:45 - INFO - logger - log_event - Очищенные данные: ['171145940', 'user']
2025-03-31 08:19:45 - INFO - logger - log_event - Decoded data (str): 
2025-03-31 08:19:45 - INFO - logger - log_event - Пользователь с UID: 171145940
2025-03-31 08:19:45 - INFO - logger - log_event - Get NULL
2025-03-31 08:19:45 - INFO - logger - log_event - Попытка аутентификации пользователя с UID: 171145940
2025-03-31 08:19:45 - INFO - logger - log_event - Запрос: {'type': 'user', 'uid': '171145940'}
2025-03-31 08:19:45 - INFO - logger - log_event - Ответ: {'status': 'ok', 'name': 'Тумба', 'surname': 'Прикроватная'}
2025-03-31 08:19:46 - INFO - logger - log_event - Успешная аутентификация пользователя: Прикроватная Тумба
2025-03-31 08:19:54 - INFO - logger - log_event - Login to the admin panel
2025-03-31 08:19:56 - INFO - logger - log_event - Создан поток DatabaseWorker с запросом: {'type': 'getreports'}
2025-03-31 08:19:56 - INFO - logger - log_event - Запрос: {'type': 'getreports'}
2025-03-31 08:19:56 - INFO - logger - log_event - Ответ: {'status': 'ok', 'data': [{'id': 2, 'name': 'Прикроватная Тумба', 'text': 'охае', 'time': '2025-03-31 08:13'}, {'id': 1, 'name': 'Прикроватная Тумба', 'text': 'Бесплоа', 'time': '2025-03-31 08:09'}]}
2025-03-31 08:19:56 - INFO - logger - log_event - Выполнен запрос к БД: {'type': 'getreports'}
2025-03-31 08:19:56 - INFO - logger - log_event - Создан поток DatabaseWorker с запросом: {'type': 'getreports'}
2025-03-31 08:19:56 - INFO - logger - log_event - Запрос: {'type': 'getreports'}
2025-03-31 08:19:56 - INFO - logger - log_event - Запрос: {'type': 'getreports'}
2025-03-31 08:19:56 - INFO - logger - log_event - Ответ: {'status': 'ok', 'data': [{'id': 2, 'name': 'Прикроватная Тумба', 'text': 'охае', 'time': '2025-03-31 08:13'}, {'id': 1, 'name': 'Прикроватная Тумба', 'text': 'Бесплоа', 'time': '2025-03-31 08:09'}]}
2025-03-31 08:19:56 - INFO - logger - log_event - Ответ: {'status': 'ok', 'data': [{'id': 2, 'name': 'Прикроватная Тумба', 'text': 'охае', 'time': '2025-03-31 08:13'}, {'id': 1, 'name': 'Прикроватная Тумба', 'text': 'Бесплоа', 'time': '2025-03-31 08:09'}]}
2025-03-31 08:19:56 - INFO - logger - log_event - Выполнен запрос к БД: {'type': 'getreports'}
2025-03-31 08:19:56 - INFO - logger - log_event - Выполнен запрос к БД: {'type': 'getreports'}
2025-03-31 08:19:56 - INFO - logger - log_event - Создан поток DatabaseWorker с запросом: {'type': 'getreports'}
2025-03-31 08:19:56 - INFO - logger - log_event - Запрос: {'type': 'getreports'}
2025-03-31 08:19:56 - INFO - logger - log_event - Запрос: {'type': 'getreports'}
2025-03-31 08:19:56 - INFO - logger - log_event - Ответ: {'status': 'ok', 'data': [{'id': 2, 'name': 'Прикроватная Тумба', 'text': 'охае', 'time': '2025-03-31 08:13'}, {'id': 1, 'name': 'Прикроватная Тумба', 'text': 'Бесплоа', 'time': '2025-03-31 08:09'}]}
2025-03-31 08:19:56 - INFO - logger - log_event - Выполнен запрос к БД: {'type': 'getreports'}
2025-03-31 08:19:56 - INFO - logger - log_event - Запрос: {'type': 'getreports'}
2025-03-31 08:19:56 - INFO - logger - log_event - Ответ: {'status': 'ok', 'data': [{'id': 2, 'name': 'Прикроватная Тумба', 'text': 'охае', 'time': '2025-03-31 08:13'}, {'id': 1, 'name': 'Прикроватная Тумба', 'text': 'Бесплоа', 'time': '2025-03-31 08:09'}]}
2025-03-31 08:19:56 - INFO - logger - log_event - Выполнен запрос к БД: {'type': 'getreports'}
2025-03-31 08:19:56 - INFO - logger - log_event - Ответ: {'status': 'ok', 'data': [{'id': 2, 'name': 'Прикроватная Тумба', 'text': 'охае', 'time': '2025-03-31 08:13'}, {'id': 1, 'name': 'Прикроватная Тумба', 'text': 'Бесплоа', 'time': '2025-03-31 08:09'}]}
2025-03-31 08:19:56 - INFO - logger - log_event - Выполнен запрос к БД: {'type': 'getreports'}
2025-03-31 08:20:01 - INFO - logger - log_event - Создан поток DatabaseWorker с запросом: {'type': 'getreports'}
2025-03-31 08:20:01 - INFO - logger - log_event - Запрос: {'type': 'getreports'}
2025-03-31 08:20:01 - INFO - logger - log_event - Ответ: {'status': 'ok', 'data': [{'id': 2, 'name': 'Прикроватная Тумба', 'text': 'охае', 'time': '2025-03-31 08:13'}, {'id': 1, 'name': 'Прикроватная Тумба', 'text': 'Бесплоа', 'time': '2025-03-31 08:09'}]}
2025-03-31 08:20:01 - INFO - logger - log_event - Выполнен запрос к БД: {'type': 'getreports'}
2025-03-31 08:20:01 - INFO - logger - log_event - Создан поток DatabaseWorker с запросом: {'type': 'getreports'}
2025-03-31 08:20:01 - INFO - logger - log_event - Запрос: {'type': 'getreports'}
2025-03-31 08:20:01 - INFO - logger - log_event - Запрос: {'type': 'getreports'}
2025-03-31 08:20:01 - INFO - logger - log_event - Ответ: {'status': 'ok', 'data': [{'id': 2, 'name': 'Прикроватная Тумба', 'text': 'охае', 'time': '2025-03-31 08:13'}, {'id': 1, 'name': 'Прикроватная Тумба', 'text': 'Бесплоа', 'time': '2025-03-31 08:09'}]}
2025-03-31 08:20:01 - INFO - logger - log_event - Выполнен запрос к БД: {'type': 'getreports'}
2025-03-31 08:20:01 - INFO - logger - log_event - Создан поток DatabaseWorker с запросом: {'type': 'getreports'}
2025-03-31 08:20:01 - INFO - logger - log_event - Запрос: {'type': 'getreports'}
2025-03-31 08:20:01 - INFO - logger - log_event - Запрос: {'type': 'getreports'}
2025-03-31 08:20:01 - INFO - logger - log_event - Ответ: {'status': 'ok', 'data': [{'id': 2, 'name': 'Прикроватная Тумба', 'text': 'охае', 'time': '2025-03-31 08:13'}, {'id': 1, 'name': 'Прикроватная Тумба', 'text': 'Бесплоа', 'time': '2025-03-31 08:09'}]}
2025-03-31 08:20:01 - INFO - logger - log_event - Выполнен запрос к БД: {'type': 'getreports'}
2025-03-31 08:20:01 - INFO - logger - log_event - Ответ: {'status': 'ok', 'data': [{'id': 2, 'name': 'Прикроватная Тумба', 'text': 'охае', 'time': '2025-03-31 08:13'}, {'id': 1, 'name': 'Прикроватная Тумба', 'text': 'Бесплоа', 'time': '2025-03-31 08:09'}]}
2025-03-31 08:20:01 - INFO - logger - log_event - Ответ: {'status': 'ok', 'data': [{'id': 2, 'name': 'Прикроватная Тумба', 'text': 'охае', 'time': '2025-03-31 08:13'}, {'id': 1, 'name': 'Прикроватная Тумба', 'text': 'Бесплоа', 'time': '2025-03-31 08:09'}]}
2025-03-31 08:20:01 - INFO - logger - log_event - Выполнен запрос к БД: {'type': 'getreports'}
2025-03-31 08:20:01 - INFO - logger - log_event - Выполнен запрос к БД: {'type': 'getreports'}
2025-03-31 08:20:01 - INFO - logger - log_event - Запрос: {'type': 'getreports'}
2025-03-31 08:20:01 - INFO - logger - log_event - Ответ: {'status': 'ok', 'data': [{'id': 2, 'name': 'Прикроватная Тумба', 'text': 'охае', 'time': '2025-03-31 08:13'}, {'id': 1, 'name': 'Прикроватная Тумба', 'text': 'Бесплоа', 'time': '2025-03-31 08:09'}]}
2025-03-31 08:20:01 - INFO - logger - log_event - Выполнен запрос к БД: {'type': 'getreports'}
2025-03-31 08:20:24 - INFO - logger - log_event - Запрос: {'type': 'deleteReport', 'id': '2'}
2025-03-31 08:20:24 - ERROR - logger - log_error - Ошибка: Ошибка декодирования JSON: 
Traceback (most recent call last):
  File "C:\Users\user\Desktop\RFID-marks\GUI\database.py", line 70, in database
    worker = json.loads(response)
  File "C:\Users\user\AppData\Local\Programs\Python\Python313\Lib\json\__init__.py", line 346, in loads
    return _default_decoder.decode(s)
           ~~~~~~~~~~~~~~~~~~~~~~~^^^
  File "C:\Users\user\AppData\Local\Programs\Python\Python313\Lib\json\decoder.py", line 345, in decode
    obj, end = self.raw_decode(s, idx=_w(s, 0).end())
               ~~~~~~~~~~~~~~~^^^^^^^^^^^^^^^^^^^^^^^
  File "C:\Users\user\AppData\Local\Programs\Python\Python313\Lib\json\decoder.py", line 363, in raw_decode
    raise JSONDecodeError("Expecting value", s, err.value) from None
json.decoder.JSONDecodeError: Expecting value: line 1 column 1 (char 0)
2025-03-31 08:20:24 - ERROR - logger - log_error - Ошибка: Ошибка при удалении отчета с ID: 2
NoneType: None
2025-03-31 08:20:51 - INFO - logger - log_event - Запрос: {'type': 'deleteReport', 'id': '2'}
2025-03-31 08:20:51 - ERROR - logger - log_error - Ошибка: Ошибка декодирования JSON: 
Traceback (most recent call last):
  File "C:\Users\user\Desktop\RFID-marks\GUI\database.py", line 70, in database
    worker = json.loads(response)
  File "C:\Users\user\AppData\Local\Programs\Python\Python313\Lib\json\__init__.py", line 346, in loads
    return _default_decoder.decode(s)
           ~~~~~~~~~~~~~~~~~~~~~~~^^^
  File "C:\Users\user\AppData\Local\Programs\Python\Python313\Lib\json\decoder.py", line 345, in decode
    obj, end = self.raw_decode(s, idx=_w(s, 0).end())
               ~~~~~~~~~~~~~~~^^^^^^^^^^^^^^^^^^^^^^^
  File "C:\Users\user\AppData\Local\Programs\Python\Python313\Lib\json\decoder.py", line 363, in raw_decode
    raise JSONDecodeError("Expecting value", s, err.value) from None
json.decoder.JSONDecodeError: Expecting value: line 1 column 1 (char 0)
2025-03-31 08:20:51 - ERROR - logger - log_error - Ошибка: Ошибка при удалении отчета с ID: 2
NoneType: None
2025-03-31 08:20:55 - INFO - logger - log_event - Запрос: {'type': 'deleteReport', 'id': '2'}
2025-03-31 08:20:55 - ERROR - logger - log_error - Ошибка: Ошибка декодирования JSON: 
Traceback (most recent call last):
  File "C:\Users\user\Desktop\RFID-marks\GUI\database.py", line 70, in database
    worker = json.loads(response)
  File "C:\Users\user\AppData\Local\Programs\Python\Python313\Lib\json\__init__.py", line 346, in loads
    return _default_decoder.decode(s)
           ~~~~~~~~~~~~~~~~~~~~~~~^^^
  File "C:\Users\user\AppData\Local\Programs\Python\Python313\Lib\json\decoder.py", line 345, in decode
    obj, end = self.raw_decode(s, idx=_w(s, 0).end())
               ~~~~~~~~~~~~~~~^^^^^^^^^^^^^^^^^^^^^^^
  File "C:\Users\user\AppData\Local\Programs\Python\Python313\Lib\json\decoder.py", line 363, in raw_decode
    raise JSONDecodeError("Expecting value", s, err.value) from None
json.decoder.JSONDecodeError: Expecting value: line 1 column 1 (char 0)
2025-03-31 08:20:55 - ERROR - logger - log_error - Ошибка: Ошибка при удалении отчета с ID: 2
NoneType: None
2025-03-31 08:21:01 - INFO - logger - log_event - Создан поток DatabaseWorker с запросом: {'type': 'getreports'}
2025-03-31 08:21:01 - INFO - logger - log_event - Запрос: {'type': 'getreports'}
2025-03-31 08:21:01 - INFO - logger - log_event - Ответ: {'status': 'ok', 'data': [{'id': 2, 'name': 'Прикроватная Тумба', 'text': 'охае', 'time': '2025-03-31 08:13'}, {'id': 1, 'name': 'Прикроватная Тумба', 'text': 'Бесплоа', 'time': '2025-03-31 08:09'}]}
2025-03-31 08:21:01 - INFO - logger - log_event - Выполнен запрос к БД: {'type': 'getreports'}
2025-03-31 08:21:01 - INFO - logger - log_event - Создан поток DatabaseWorker с запросом: {'type': 'getreports'}
2025-03-31 08:21:01 - INFO - logger - log_event - Запрос: {'type': 'getreports'}
2025-03-31 08:21:01 - INFO - logger - log_event - Запрос: {'type': 'getreports'}
2025-03-31 08:21:01 - INFO - logger - log_event - Ответ: {'status': 'ok', 'data': [{'id': 2, 'name': 'Прикроватная Тумба', 'text': 'охае', 'time': '2025-03-31 08:13'}, {'id': 1, 'name': 'Прикроватная Тумба', 'text': 'Бесплоа', 'time': '2025-03-31 08:09'}]}
2025-03-31 08:21:01 - INFO - logger - log_event - Выполнен запрос к БД: {'type': 'getreports'}
2025-03-31 08:21:01 - INFO - logger - log_event - Ответ: {'status': 'ok', 'data': [{'id': 2, 'name': 'Прикроватная Тумба', 'text': 'охае', 'time': '2025-03-31 08:13'}, {'id': 1, 'name': 'Прикроватная Тумба', 'text': 'Бесплоа', 'time': '2025-03-31 08:09'}]}
2025-03-31 08:21:01 - INFO - logger - log_event - Выполнен запрос к БД: {'type': 'getreports'}
2025-03-31 08:21:01 - INFO - logger - log_event - Создан поток DatabaseWorker с запросом: {'type': 'getreports'}
2025-03-31 08:21:01 - INFO - logger - log_event - Запрос: {'type': 'getreports'}
2025-03-31 08:21:01 - INFO - logger - log_event - Запрос: {'type': 'getreports'}
2025-03-31 08:21:01 - INFO - logger - log_event - Ответ: {'status': 'ok', 'data': [{'id': 2, 'name': 'Прикроватная Тумба', 'text': 'охае', 'time': '2025-03-31 08:13'}, {'id': 1, 'name': 'Прикроватная Тумба', 'text': 'Бесплоа', 'time': '2025-03-31 08:09'}]}
2025-03-31 08:21:01 - INFO - logger - log_event - Ответ: {'status': 'ok', 'data': [{'id': 2, 'name': 'Прикроватная Тумба', 'text': 'охае', 'time': '2025-03-31 08:13'}, {'id': 1, 'name': 'Прикроватная Тумба', 'text': 'Бесплоа', 'time': '2025-03-31 08:09'}]}
2025-03-31 08:21:01 - INFO - logger - log_event - Выполнен запрос к БД: {'type': 'getreports'}
2025-03-31 08:21:01 - INFO - logger - log_event - Выполнен запрос к БД: {'type': 'getreports'}
2025-03-31 08:21:01 - INFO - logger - log_event - Запрос: {'type': 'getreports'}
2025-03-31 08:21:01 - INFO - logger - log_event - Ответ: {'status': 'ok', 'data': [{'id': 2, 'name': 'Прикроватная Тумба', 'text': 'охае', 'time': '2025-03-31 08:13'}, {'id': 1, 'name': 'Прикроватная Тумба', 'text': 'Бесплоа', 'time': '2025-03-31 08:09'}]}
2025-03-31 08:21:01 - INFO - logger - log_event - Выполнен запрос к БД: {'type': 'getreports'}
2025-03-31 08:21:01 - INFO - logger - log_event - Запрос: {'type': 'getstats', 'name': 'МЕТРАН 150'}
2025-03-31 08:21:02 - INFO - logger - log_event - Ответ: {'status': 'ok', 'total': 0, 'defective': 0, 'non_defective': 0}
2025-03-31 08:21:02 - INFO - logger - log_event - Запрос: {'type': 'getstats', 'name': 'МЕТРАН 75'}
2025-03-31 08:21:02 - INFO - logger - log_event - Ответ: {'status': 'ok', 'total': 0, 'defective': 0, 'non_defective': 0}
2025-03-31 08:21:02 - INFO - logger - log_event - Запрос: {'type': 'getstats', 'name': 'МЕТРАН 55'}
2025-03-31 08:21:02 - INFO - logger - log_event - Ответ: {'status': 'ok', 'total': 0, 'defective': 0, 'non_defective': 0}
2025-03-31 08:21:02 - INFO - logger - log_event - Запрос: {'type': 'getstats', 'name': 'МЕТРАН 150'}
2025-03-31 08:21:02 - INFO - logger - log_event - Ответ: {'status': 'ok', 'total': 0, 'defective': 0, 'non_defective': 0}
2025-03-31 08:21:02 - INFO - logger - log_event - Запрос: {'type': 'getstats', 'name': 'МЕТРАН 75'}
2025-03-31 08:21:02 - INFO - logger - log_event - Ответ: {'status': 'ok', 'total': 0, 'defective': 0, 'non_defective': 0}
2025-03-31 08:21:02 - INFO - logger - log_event - Запрос: {'type': 'getstats', 'name': 'МЕТРАН 55'}
2025-03-31 08:21:02 - INFO - logger - log_event - Ответ: {'status': 'ok', 'total': 0, 'defective': 0, 'non_defective': 0}
2025-03-31 08:21:02 - INFO - logger - log_event - Запрос: {'type': 'getstats', 'name': 'МЕТРАН 150'}
2025-03-31 08:21:07 - INFO - logger - log_event - Ответ: {'status': 'ok', 'total': 0, 'defective': 0, 'non_defective': 0}
2025-03-31 08:21:07 - INFO - logger - log_event - Запрос: {'type': 'getstats', 'name': 'МЕТРАН 75'}
2025-03-31 08:21:07 - INFO - logger - log_event - Ответ: {'status': 'ok', 'total': 0, 'defective': 0, 'non_defective': 0}
2025-03-31 08:21:07 - INFO - logger - log_event - Запрос: {'type': 'getstats', 'name': 'МЕТРАН 55'}
2025-03-31 08:21:07 - INFO - logger - log_event - Ответ: {'status': 'ok', 'total': 0, 'defective': 0, 'non_defective': 0}
2025-03-31 08:21:07 - INFO - logger - log_event - Запрос: {'type': 'getstats', 'name': 'МЕТРАН 150'}
2025-03-31 08:21:07 - INFO - logger - log_event - Ответ: {'status': 'ok', 'total': 0, 'defective': 0, 'non_defective': 0}
2025-03-31 08:21:07 - INFO - logger - log_event - Запрос: {'type': 'getstats', 'name': 'МЕТРАН 75'}
2025-03-31 08:21:07 - INFO - logger - log_event - Ответ: {'status': 'ok', 'total': 0, 'defective': 0, 'non_defective': 0}
2025-03-31 08:21:07 - INFO - logger - log_event - Запрос: {'type': 'getstats', 'name': 'МЕТРАН 55'}
2025-03-31 08:21:07 - INFO - logger - log_event - Ответ: {'status': 'ok', 'total': 0, 'defective': 0, 'non_defective': 0}
2025-03-31 08:21:07 - INFO - logger - log_event - Запрос: {'type': 'getstats', 'name': 'МЕТРАН 150'}
2025-03-31 08:21:07 - INFO - logger - log_event - Ответ: {'status': 'ok', 'total': 0, 'defective': 0, 'non_defective': 0}
2025-03-31 08:21:07 - INFO - logger - log_event - Запрос: {'type': 'getstats', 'name': 'МЕТРАН 75'}
2025-03-31 08:21:07 - INFO - logger - log_event - Ответ: {'status': 'ok', 'total': 0, 'defective': 0, 'non_defective': 0}
2025-03-31 08:21:07 - INFO - logger - log_event - Запрос: {'type': 'getstats', 'name': 'МЕТРАН 55'}
2025-03-31 08:21:07 - INFO - logger - log_event - Ответ: {'status': 'ok', 'total': 0, 'defective': 0, 'non_defective': 0}
2025-03-31 08:21:07 - INFO - logger - log_event - Запрос: {'type': 'getstats', 'name': 'МЕТРАН 150'}
2025-03-31 08:21:07 - INFO - logger - log_event - Ответ: {'status': 'ok', 'total': 0, 'defective': 0, 'non_defective': 0}
2025-03-31 08:21:07 - INFO - logger - log_event - Запрос: {'type': 'getstats', 'name': 'МЕТРАН 75'}
2025-03-31 08:21:07 - INFO - logger - log_event - Ответ: {'status': 'ok', 'total': 0, 'defective': 0, 'non_defective': 0}
2025-03-31 08:21:07 - INFO - logger - log_event - Запрос: {'type': 'getstats', 'name': 'МЕТРАН 55'}
2025-03-31 08:21:07 - INFO - logger - log_event - Ответ: {'status': 'ok', 'total': 0, 'defective': 0, 'non_defective': 0}
2025-03-31 08:21:07 - INFO - logger - log_event - Создан поток DatabaseWorker с запросом: {'type': 'getreports'}
2025-03-31 08:21:07 - INFO - logger - log_event - Запрос: {'type': 'getreports'}
2025-03-31 08:21:07 - INFO - logger - log_event - Ответ: {'status': 'ok', 'data': [{'id': 2, 'name': 'Прикроватная Тумба', 'text': 'охае', 'time': '2025-03-31 08:13'}, {'id': 1, 'name': 'Прикроватная Тумба', 'text': 'Бесплоа', 'time': '2025-03-31 08:09'}]}
2025-03-31 08:21:07 - INFO - logger - log_event - Выполнен запрос к БД: {'type': 'getreports'}
2025-03-31 08:21:07 - INFO - logger - log_event - Создан поток DatabaseWorker с запросом: {'type': 'getreports'}
2025-03-31 08:21:07 - INFO - logger - log_event - Запрос: {'type': 'getreports'}
2025-03-31 08:21:07 - INFO - logger - log_event - Запрос: {'type': 'getreports'}
2025-03-31 08:21:07 - INFO - logger - log_event - Ответ: {'status': 'ok', 'data': [{'id': 2, 'name': 'Прикроватная Тумба', 'text': 'охае', 'time': '2025-03-31 08:13'}, {'id': 1, 'name': 'Прикроватная Тумба', 'text': 'Бесплоа', 'time': '2025-03-31 08:09'}]}
2025-03-31 08:21:07 - INFO - logger - log_event - Выполнен запрос к БД: {'type': 'getreports'}
2025-03-31 08:21:07 - INFO - logger - log_event - Ответ: {'status': 'ok', 'data': [{'id': 2, 'name': 'Прикроватная Тумба', 'text': 'охае', 'time': '2025-03-31 08:13'}, {'id': 1, 'name': 'Прикроватная Тумба', 'text': 'Бесплоа', 'time': '2025-03-31 08:09'}]}
2025-03-31 08:21:07 - INFO - logger - log_event - Создан поток DatabaseWorker с запросом: {'type': 'getreports'}
2025-03-31 08:21:07 - INFO - logger - log_event - Выполнен запрос к БД: {'type': 'getreports'}
2025-03-31 08:21:07 - INFO - logger - log_event - Запрос: {'type': 'getreports'}
2025-03-31 08:21:07 - INFO - logger - log_event - Запрос: {'type': 'getreports'}
2025-03-31 08:21:07 - INFO - logger - log_event - Ответ: {'status': 'ok', 'data': [{'id': 2, 'name': 'Прикроватная Тумба', 'text': 'охае', 'time': '2025-03-31 08:13'}, {'id': 1, 'name': 'Прикроватная Тумба', 'text': 'Бесплоа', 'time': '2025-03-31 08:09'}]}
2025-03-31 08:21:07 - INFO - logger - log_event - Ответ: {'status': 'ok', 'data': [{'id': 2, 'name': 'Прикроватная Тумба', 'text': 'охае', 'time': '2025-03-31 08:13'}, {'id': 1, 'name': 'Прикроватная Тумба', 'text': 'Бесплоа', 'time': '2025-03-31 08:09'}]}
2025-03-31 08:21:07 - INFO - logger - log_event - Выполнен запрос к БД: {'type': 'getreports'}
2025-03-31 08:21:07 - INFO - logger - log_event - Выполнен запрос к БД: {'type': 'getreports'}
2025-03-31 08:21:07 - INFO - logger - log_event - Создан поток DatabaseWorker с запросом: {'type': 'getreports'}
2025-03-31 08:21:07 - INFO - logger - log_event - Запрос: {'type': 'getreports'}
2025-03-31 08:21:07 - INFO - logger - log_event - Запрос: {'type': 'getreports'}
2025-03-31 08:21:08 - INFO - logger - log_event - Ответ: {'status': 'ok', 'data': [{'id': 2, 'name': 'Прикроватная Тумба', 'text': 'охае', 'time': '2025-03-31 08:13'}, {'id': 1, 'name': 'Прикроватная Тумба', 'text': 'Бесплоа', 'time': '2025-03-31 08:09'}]}
2025-03-31 08:21:08 - INFO - logger - log_event - Ответ: {'status': 'ok', 'data': [{'id': 2, 'name': 'Прикроватная Тумба', 'text': 'охае', 'time': '2025-03-31 08:13'}, {'id': 1, 'name': 'Прикроватная Тумба', 'text': 'Бесплоа', 'time': '2025-03-31 08:09'}]}
2025-03-31 08:21:08 - INFO - logger - log_event - Выполнен запрос к БД: {'type': 'getreports'}
2025-03-31 08:21:08 - INFO - logger - log_event - Выполнен запрос к БД: {'type': 'getreports'}
2025-03-31 08:21:08 - INFO - logger - log_event - Создан поток DatabaseWorker с запросом: {'type': 'getreports'}
2025-03-31 08:21:08 - INFO - logger - log_event - Запрос: {'type': 'getreports'}
2025-03-31 08:21:08 - INFO - logger - log_event - Запрос: {'type': 'getreports'}
2025-03-31 08:21:08 - INFO - logger - log_event - Ответ: {'status': 'ok', 'data': [{'id': 2, 'name': 'Прикроватная Тумба', 'text': 'охае', 'time': '2025-03-31 08:13'}, {'id': 1, 'name': 'Прикроватная Тумба', 'text': 'Бесплоа', 'time': '2025-03-31 08:09'}]}
2025-03-31 08:21:08 - INFO - logger - log_event - Ответ: {'status': 'ok', 'data': [{'id': 2, 'name': 'Прикроватная Тумба', 'text': 'охае', 'time': '2025-03-31 08:13'}, {'id': 1, 'name': 'Прикроватная Тумба', 'text': 'Бесплоа', 'time': '2025-03-31 08:09'}]}
2025-03-31 08:21:08 - INFO - logger - log_event - Выполнен запрос к БД: {'type': 'getreports'}
2025-03-31 08:21:08 - INFO - logger - log_event - Выполнен запрос к БД: {'type': 'getreports'}
2025-03-31 08:21:08 - INFO - logger - log_event - Создан поток DatabaseWorker с запросом: {'type': 'getreports'}
2025-03-31 08:21:08 - INFO - logger - log_event - Запрос: {'type': 'getreports'}
2025-03-31 08:21:08 - INFO - logger - log_event - Запрос: {'type': 'getreports'}
2025-03-31 08:21:08 - INFO - logger - log_event - Ответ: {'status': 'ok', 'data': [{'id': 2, 'name': 'Прикроватная Тумба', 'text': 'охае', 'time': '2025-03-31 08:13'}, {'id': 1, 'name': 'Прикроватная Тумба', 'text': 'Бесплоа', 'time': '2025-03-31 08:09'}]}
2025-03-31 08:21:08 - INFO - logger - log_event - Выполнен запрос к БД: {'type': 'getreports'}
2025-03-31 08:21:08 - INFO - logger - log_event - Ответ: {'status': 'ok', 'data': [{'id': 2, 'name': 'Прикроватная Тумба', 'text': 'охае', 'time': '2025-03-31 08:13'}, {'id': 1, 'name': 'Прикроватная Тумба', 'text': 'Бесплоа', 'time': '2025-03-31 08:09'}]}
2025-03-31 08:21:08 - INFO - logger - log_event - Выполнен запрос к БД: {'type': 'getreports'}
2025-03-31 08:21:08 - INFO - logger - log_event - Запрос: {'type': 'getreports'}
2025-03-31 08:21:08 - INFO - logger - log_event - Ответ: {'status': 'ok', 'data': [{'id': 2, 'name': 'Прикроватная Тумба', 'text': 'охае', 'time': '2025-03-31 08:13'}, {'id': 1, 'name': 'Прикроватная Тумба', 'text': 'Бесплоа', 'time': '2025-03-31 08:09'}]}
2025-03-31 08:21:08 - INFO - logger - log_event - Выполнен запрос к БД: {'type': 'getreports'}
2025-03-31 08:21:10 - INFO - logger - log_event - Запрос: {'type': 'deleteReport', 'id': '1'}
2025-03-31 08:21:11 - ERROR - logger - log_error - Ошибка: Ошибка декодирования JSON: 
Traceback (most recent call last):
  File "C:\Users\user\Desktop\RFID-marks\GUI\database.py", line 70, in database
    worker = json.loads(response)
  File "C:\Users\user\AppData\Local\Programs\Python\Python313\Lib\json\__init__.py", line 346, in loads
    return _default_decoder.decode(s)
           ~~~~~~~~~~~~~~~~~~~~~~~^^^
  File "C:\Users\user\AppData\Local\Programs\Python\Python313\Lib\json\decoder.py", line 345, in decode
    obj, end = self.raw_decode(s, idx=_w(s, 0).end())
               ~~~~~~~~~~~~~~~^^^^^^^^^^^^^^^^^^^^^^^
  File "C:\Users\user\AppData\Local\Programs\Python\Python313\Lib\json\decoder.py", line 363, in raw_decode
    raise JSONDecodeError("Expecting value", s, err.value) from None
json.decoder.JSONDecodeError: Expecting value: line 1 column 1 (char 0)
2025-03-31 08:21:11 - ERROR - logger - log_error - Ошибка: Ошибка при удалении отчета с ID: 1
NoneType: None
2025-03-31 08:23:32 - INFO - logger - log_event - Создан поток DatabaseWorker с запросом: {'type': 'getreports'}
2025-03-31 08:23:32 - INFO - logger - log_event - Запрос: {'type': 'getreports'}
2025-03-31 08:23:35 - INFO - logger - log_event - Ответ: {'status': 'ok', 'data': [{'id': 2, 'name': 'Прикроватная Тумба', 'text': 'охае', 'time': '2025-03-31 08:13'}, {'id': 1, 'name': 'Прикроватная Тумба', 'text': 'Бесплоа', 'time': '2025-03-31 08:09'}]}
2025-03-31 08:23:35 - INFO - logger - log_event - Выполнен запрос к БД: {'type': 'getreports'}
2025-03-31 08:23:35 - INFO - logger - log_event - Создан поток DatabaseWorker с запросом: {'type': 'getreports'}
2025-03-31 08:23:35 - INFO - logger - log_event - Запрос: {'type': 'getreports'}
2025-03-31 08:23:35 - INFO - logger - log_event - Запрос: {'type': 'getreports'}
2025-03-31 08:23:35 - INFO - logger - log_event - Ответ: {'status': 'ok', 'data': [{'id': 2, 'name': 'Прикроватная Тумба', 'text': 'охае', 'time': '2025-03-31 08:13'}, {'id': 1, 'name': 'Прикроватная Тумба', 'text': 'Бесплоа', 'time': '2025-03-31 08:09'}]}
2025-03-31 08:23:35 - INFO - logger - log_event - Выполнен запрос к БД: {'type': 'getreports'}
2025-03-31 08:23:35 - INFO - logger - log_event - Создан поток DatabaseWorker с запросом: {'type': 'getreports'}
2025-03-31 08:23:35 - INFO - logger - log_event - Запрос: {'type': 'getreports'}
2025-03-31 08:23:35 - INFO - logger - log_event - Запрос: {'type': 'getreports'}
2025-03-31 08:23:35 - INFO - logger - log_event - Ответ: {'status': 'ok', 'data': [{'id': 2, 'name': 'Прикроватная Тумба', 'text': 'охае', 'time': '2025-03-31 08:13'}, {'id': 1, 'name': 'Прикроватная Тумба', 'text': 'Бесплоа', 'time': '2025-03-31 08:09'}]}
2025-03-31 08:23:35 - INFO - logger - log_event - Выполнен запрос к БД: {'type': 'getreports'}
2025-03-31 08:23:35 - INFO - logger - log_event - Запрос: {'type': 'getreports'}
2025-03-31 08:23:35 - INFO - logger - log_event - Ответ: {'status': 'ok', 'data': [{'id': 2, 'name': 'Прикроватная Тумба', 'text': 'охае', 'time': '2025-03-31 08:13'}, {'id': 1, 'name': 'Прикроватная Тумба', 'text': 'Бесплоа', 'time': '2025-03-31 08:09'}]}
2025-03-31 08:23:35 - INFO - logger - log_event - Ответ: {'status': 'ok', 'data': [{'id': 2, 'name': 'Прикроватная Тумба', 'text': 'охае', 'time': '2025-03-31 08:13'}, {'id': 1, 'name': 'Прикроватная Тумба', 'text': 'Бесплоа', 'time': '2025-03-31 08:09'}]}
2025-03-31 08:23:35 - INFO - logger - log_event - Выполнен запрос к БД: {'type': 'getreports'}
2025-03-31 08:23:35 - INFO - logger - log_event - Выполнен запрос к БД: {'type': 'getreports'}
2025-03-31 08:23:35 - INFO - logger - log_event - Ответ: {'status': 'ok', 'data': [{'id': 2, 'name': 'Прикроватная Тумба', 'text': 'охае', 'time': '2025-03-31 08:13'}, {'id': 1, 'name': 'Прикроватная Тумба', 'text': 'Бесплоа', 'time': '2025-03-31 08:09'}]}
2025-03-31 08:23:35 - INFO - logger - log_event - Выполнен запрос к БД: {'type': 'getreports'}
2025-03-31 08:23:39 - INFO - logger - log_event - Запрос: {'type': 'deleteReport', 'id': '2'}
2025-03-31 08:23:40 - INFO - logger - log_event - Ответ: {'status': 'ok'}
2025-03-31 08:23:40 - INFO - logger - log_event - Удален отчет с ID: 2
2025-03-31 08:23:40 - INFO - logger - log_event - Создан поток DatabaseWorker с запросом: {'type': 'getreports'}
2025-03-31 08:23:40 - INFO - logger - log_event - Запрос: {'type': 'getreports'}
2025-03-31 08:23:40 - INFO - logger - log_event - Ответ: {'status': 'ok', 'data': [{'id': 1, 'name': 'Прикроватная Тумба', 'text': 'Бесплоа', 'time': '2025-03-31 08:09'}]}
2025-03-31 08:23:40 - INFO - logger - log_event - Выполнен запрос к БД: {'type': 'getreports'}
2025-03-31 08:23:40 - INFO - logger - log_event - Запрос: {'type': 'getreports'}
2025-03-31 08:23:40 - INFO - logger - log_event - Ответ: {'status': 'ok', 'data': [{'id': 1, 'name': 'Прикроватная Тумба', 'text': 'Бесплоа', 'time': '2025-03-31 08:09'}]}
2025-03-31 08:23:40 - INFO - logger - log_event - Выполнен запрос к БД: {'type': 'getreports'}
2025-03-31 08:23:44 - INFO - logger - log_event - Создан поток DatabaseWorker с запросом: {'type': 'getreports'}
2025-03-31 08:23:44 - INFO - logger - log_event - Запрос: {'type': 'getreports'}
2025-03-31 08:23:44 - INFO - logger - log_event - Ответ: {'status': 'ok', 'data': [{'id': 1, 'name': 'Прикроватная Тумба', 'text': 'Бесплоа', 'time': '2025-03-31 08:09'}]}
2025-03-31 08:23:44 - INFO - logger - log_event - Выполнен запрос к БД: {'type': 'getreports'}
2025-03-31 08:23:44 - INFO - logger - log_event - Создан поток DatabaseWorker с запросом: {'type': 'getreports'}
2025-03-31 08:23:44 - INFO - logger - log_event - Запрос: {'type': 'getreports'}
2025-03-31 08:23:44 - INFO - logger - log_event - Запрос: {'type': 'getreports'}
2025-03-31 08:23:44 - INFO - logger - log_event - Ответ: {'status': 'ok', 'data': [{'id': 1, 'name': 'Прикроватная Тумба', 'text': 'Бесплоа', 'time': '2025-03-31 08:09'}]}
2025-03-31 08:23:44 - INFO - logger - log_event - Ответ: {'status': 'ok', 'data': [{'id': 1, 'name': 'Прикроватная Тумба', 'text': 'Бесплоа', 'time': '2025-03-31 08:09'}]}
2025-03-31 08:23:44 - INFO - logger - log_event - Выполнен запрос к БД: {'type': 'getreports'}
2025-03-31 08:23:44 - INFO - logger - log_event - Выполнен запрос к БД: {'type': 'getreports'}
2025-03-31 08:23:44 - INFO - logger - log_event - Создан поток DatabaseWorker с запросом: {'type': 'getreports'}
2025-03-31 08:23:44 - INFO - logger - log_event - Запрос: {'type': 'getreports'}
2025-03-31 08:23:44 - INFO - logger - log_event - Запрос: {'type': 'getreports'}
2025-03-31 08:23:44 - INFO - logger - log_event - Ответ: {'status': 'ok', 'data': [{'id': 1, 'name': 'Прикроватная Тумба', 'text': 'Бесплоа', 'time': '2025-03-31 08:09'}]}
2025-03-31 08:23:44 - INFO - logger - log_event - Выполнен запрос к БД: {'type': 'getreports'}
2025-03-31 08:23:44 - INFO - logger - log_event - Запрос: {'type': 'getreports'}
2025-03-31 08:23:44 - INFO - logger - log_event - Ответ: {'status': 'ok', 'data': [{'id': 1, 'name': 'Прикроватная Тумба', 'text': 'Бесплоа', 'time': '2025-03-31 08:09'}]}
2025-03-31 08:23:44 - INFO - logger - log_event - Выполнен запрос к БД: {'type': 'getreports'}
2025-03-31 08:23:44 - INFO - logger - log_event - Ответ: {'status': 'ok', 'data': [{'id': 1, 'name': 'Прикроватная Тумба', 'text': 'Бесплоа', 'time': '2025-03-31 08:09'}]}
2025-03-31 08:23:44 - INFO - logger - log_event - Выполнен запрос к БД: {'type': 'getreports'}
2025-03-31 08:23:45 - INFO - logger - log_event - Создан поток DatabaseWorker с запросом: {'type': 'getreports'}
2025-03-31 08:23:45 - INFO - logger - log_event - Запрос: {'type': 'getreports'}
2025-03-31 08:23:45 - INFO - logger - log_event - Ответ: {'status': 'ok', 'data': [{'id': 1, 'name': 'Прикроватная Тумба', 'text': 'Бесплоа', 'time': '2025-03-31 08:09'}]}
2025-03-31 08:23:45 - INFO - logger - log_event - Выполнен запрос к БД: {'type': 'getreports'}
2025-03-31 08:23:45 - INFO - logger - log_event - Создан поток DatabaseWorker с запросом: {'type': 'getreports'}
2025-03-31 08:23:45 - INFO - logger - log_event - Запрос: {'type': 'getreports'}
2025-03-31 08:23:45 - INFO - logger - log_event - Запрос: {'type': 'getreports'}
2025-03-31 08:23:45 - INFO - logger - log_event - Ответ: {'status': 'ok', 'data': [{'id': 1, 'name': 'Прикроватная Тумба', 'text': 'Бесплоа', 'time': '2025-03-31 08:09'}]}
2025-03-31 08:23:45 - INFO - logger - log_event - Выполнен запрос к БД: {'type': 'getreports'}
2025-03-31 08:23:45 - INFO - logger - log_event - Создан поток DatabaseWorker с запросом: {'type': 'getreports'}
2025-03-31 08:23:45 - INFO - logger - log_event - Запрос: {'type': 'getreports'}
2025-03-31 08:23:45 - INFO - logger - log_event - Запрос: {'type': 'getreports'}
2025-03-31 08:23:45 - INFO - logger - log_event - Ответ: {'status': 'ok', 'data': [{'id': 1, 'name': 'Прикроватная Тумба', 'text': 'Бесплоа', 'time': '2025-03-31 08:09'}]}
2025-03-31 08:23:45 - INFO - logger - log_event - Выполнен запрос к БД: {'type': 'getreports'}
2025-03-31 08:23:45 - INFO - logger - log_event - Ответ: {'status': 'ok', 'data': [{'id': 1, 'name': 'Прикроватная Тумба', 'text': 'Бесплоа', 'time': '2025-03-31 08:09'}]}
2025-03-31 08:23:45 - INFO - logger - log_event - Ответ: {'status': 'ok', 'data': [{'id': 1, 'name': 'Прикроватная Тумба', 'text': 'Бесплоа', 'time': '2025-03-31 08:09'}]}
2025-03-31 08:23:45 - INFO - logger - log_event - Выполнен запрос к БД: {'type': 'getreports'}
2025-03-31 08:23:45 - INFO - logger - log_event - Выполнен запрос к БД: {'type': 'getreports'}
2025-03-31 08:23:45 - INFO - logger - log_event - Запрос: {'type': 'getreports'}
2025-03-31 08:23:45 - INFO - logger - log_event - Ответ: {'status': 'ok', 'data': [{'id': 1, 'name': 'Прикроватная Тумба', 'text': 'Бесплоа', 'time': '2025-03-31 08:09'}]}
2025-03-31 08:23:45 - INFO - logger - log_event - Выполнен запрос к БД: {'type': 'getreports'}
2025-03-31 08:23:47 - INFO - logger - log_event - Запрос: {'type': 'deleteReport', 'id': '1'}
2025-03-31 08:23:47 - INFO - logger - log_event - Ответ: {'status': 'ok'}
2025-03-31 08:23:47 - INFO - logger - log_event - Удален отчет с ID: 1
2025-03-31 08:23:47 - INFO - logger - log_event - Создан поток DatabaseWorker с запросом: {'type': 'getreports'}
2025-03-31 08:23:47 - INFO - logger - log_event - Запрос: {'type': 'getreports'}
2025-03-31 08:23:47 - INFO - logger - log_event - Ответ: {'status': 'error', 'message': 'Отчеты не найдены'}
2025-03-31 08:23:47 - INFO - logger - log_event - Выполнен запрос к БД: {'type': 'getreports'}
2025-03-31 08:23:47 - INFO - logger - log_event - Запрос: {'type': 'getreports'}
2025-03-31 08:23:47 - INFO - logger - log_event - Ответ: {'status': 'error', 'message': 'Отчеты не найдены'}
2025-03-31 08:23:47 - INFO - logger - log_event - Выполнен запрос к БД: {'type': 'getreports'}
2025-03-31 08:23:47 - ERROR - logger - log_error - Ошибка: Ошибка при получении отчетов из базы данных
NoneType: None
2025-03-31 08:23:48 - INFO - logger - log_event - Создан поток DatabaseWorker с запросом: {'type': 'getreports'}
2025-03-31 08:23:48 - INFO - logger - log_event - Запрос: {'type': 'getreports'}
2025-03-31 08:23:48 - INFO - logger - log_event - Ответ: {'status': 'error', 'message': 'Отчеты не найдены'}
2025-03-31 08:23:48 - INFO - logger - log_event - Выполнен запрос к БД: {'type': 'getreports'}
2025-03-31 08:23:48 - INFO - logger - log_event - Создан поток DatabaseWorker с запросом: {'type': 'getreports'}
2025-03-31 08:23:48 - INFO - logger - log_event - Запрос: {'type': 'getreports'}
2025-03-31 08:23:48 - INFO - logger - log_event - Запрос: {'type': 'getreports'}
2025-03-31 08:23:49 - INFO - logger - log_event - Ответ: {'status': 'error', 'message': 'Отчеты не найдены'}
2025-03-31 08:23:49 - INFO - logger - log_event - Ответ: {'status': 'error', 'message': 'Отчеты не найдены'}
2025-03-31 08:23:49 - INFO - logger - log_event - Выполнен запрос к БД: {'type': 'getreports'}
2025-03-31 08:23:49 - INFO - logger - log_event - Выполнен запрос к БД: {'type': 'getreports'}
2025-03-31 08:23:49 - INFO - logger - log_event - Создан поток DatabaseWorker с запросом: {'type': 'getreports'}
2025-03-31 08:23:49 - INFO - logger - log_event - Запрос: {'type': 'getreports'}
2025-03-31 08:23:49 - INFO - logger - log_event - Запрос: {'type': 'getreports'}
2025-03-31 08:23:49 - INFO - logger - log_event - Ответ: {'status': 'error', 'message': 'Отчеты не найдены'}
2025-03-31 08:23:49 - INFO - logger - log_event - Выполнен запрос к БД: {'type': 'getreports'}
2025-03-31 08:23:49 - INFO - logger - log_event - Ответ: {'status': 'error', 'message': 'Отчеты не найдены'}
2025-03-31 08:23:49 - INFO - logger - log_event - Выполнен запрос к БД: {'type': 'getreports'}
2025-03-31 08:23:49 - ERROR - logger - log_error - Ошибка: Ошибка при получении отчетов из базы данных
NoneType: None
2025-03-31 08:23:49 - ERROR - logger - log_error - Ошибка: Ошибка при получении отчетов из базы данных
NoneType: None
2025-03-31 08:23:49 - INFO - logger - log_event - Запрос: {'type': 'getreports'}
2025-03-31 08:23:49 - INFO - logger - log_event - Ответ: {'status': 'error', 'message': 'Отчеты не найдены'}
2025-03-31 08:23:49 - INFO - logger - log_event - Выполнен запрос к БД: {'type': 'getreports'}
2025-03-31 08:23:49 - ERROR - logger - log_error - Ошибка: Ошибка при получении отчетов из базы данных
NoneType: None
2025-03-31 08:23:51 - INFO - logger - log_event - Создан поток DatabaseWorker с запросом: {'type': 'getreports'}
2025-03-31 08:23:51 - INFO - logger - log_event - Запрос: {'type': 'getreports'}
2025-03-31 08:23:52 - INFO - logger - log_event - Ответ: {'status': 'error', 'message': 'Отчеты не найдены'}
2025-03-31 08:23:52 - INFO - logger - log_event - Выполнен запрос к БД: {'type': 'getreports'}
2025-03-31 08:23:52 - INFO - logger - log_event - Создан поток DatabaseWorker с запросом: {'type': 'getreports'}
2025-03-31 08:23:52 - INFO - logger - log_event - Запрос: {'type': 'getreports'}
2025-03-31 08:23:52 - INFO - logger - log_event - Запрос: {'type': 'getreports'}
2025-03-31 08:23:52 - INFO - logger - log_event - Ответ: {'status': 'error', 'message': 'Отчеты не найдены'}
2025-03-31 08:23:52 - INFO - logger - log_event - Выполнен запрос к БД: {'type': 'getreports'}
2025-03-31 08:23:52 - INFO - logger - log_event - Создан поток DatabaseWorker с запросом: {'type': 'getreports'}
2025-03-31 08:23:52 - INFO - logger - log_event - Запрос: {'type': 'getreports'}
2025-03-31 08:23:52 - INFO - logger - log_event - Запрос: {'type': 'getreports'}
2025-03-31 08:23:52 - INFO - logger - log_event - Ответ: {'status': 'error', 'message': 'Отчеты не найдены'}
2025-03-31 08:23:52 - INFO - logger - log_event - Выполнен запрос к БД: {'type': 'getreports'}
2025-03-31 08:23:52 - INFO - logger - log_event - Ответ: {'status': 'error', 'message': 'Отчеты не найдены'}
2025-03-31 08:23:52 - INFO - logger - log_event - Ответ: {'status': 'error', 'message': 'Отчеты не найдены'}
2025-03-31 08:23:52 - INFO - logger - log_event - Выполнен запрос к БД: {'type': 'getreports'}
2025-03-31 08:23:52 - INFO - logger - log_event - Выполнен запрос к БД: {'type': 'getreports'}
2025-03-31 08:23:52 - INFO - logger - log_event - Запрос: {'type': 'getreports'}
2025-03-31 08:23:52 - ERROR - logger - log_error - Ошибка: Ошибка при получении отчетов из базы данных
NoneType: None
2025-03-31 08:23:52 - ERROR - logger - log_error - Ошибка: Ошибка при получении отчетов из базы данных
NoneType: None
2025-03-31 08:23:52 - INFO - logger - log_event - Ответ: {'status': 'error', 'message': 'Отчеты не найдены'}
2025-03-31 08:23:52 - INFO - logger - log_event - Выполнен запрос к БД: {'type': 'getreports'}
2025-03-31 08:23:52 - ERROR - logger - log_error - Ошибка: Ошибка при получении отчетов из базы данных
NoneType: None
2025-03-31 08:23:54 - INFO - logger - log_event - Закрытие приложения button.py
2025-03-31 08:23:54 - INFO - logger - log_application_exit - Приложение завершено
