2025-04-02 13:08:07 - INFO - logger - <module> - Приложение запущено
2025-04-02 13:08:07 - INFO - logger - <module> - Добавляем логирование в остальные файлы проекта...
2025-04-02 13:08:07 - INFO - logger - <module> - Логирование в database.py: все запросы к серверу регистрируются.
2025-04-02 13:08:07 - INFO - logger - <module> - Логирование в COM.py: события работы с COM-портами фиксируются.
2025-04-02 13:08:07 - INFO - logger - <module> - Логирование в detail_work.py: операции с деталями регистрируются.
2025-04-02 13:08:07 - INFO - logger - <module> - Логирование в Error.py и ErrorTest.py: ошибки записываются.
2025-04-02 13:08:07 - INFO - logger - <module> - Логирование в этапах Mark.py, Packing.py, Test.py, Work.py.
2025-04-02 13:08:11 - INFO - logger - log_event - Сервер доступен
2025-04-02 13:08:11 - INFO - logger - log_event - Сервер доступен
2025-04-02 13:08:11 - INFO - logger - log_event - Главное окно приложения создано
2025-04-02 13:08:11 - INFO - logger - log_event - Создан интерфейс админ-панели
2025-04-02 13:08:11 - INFO - logger - log_event - Enter to mark
2025-04-02 13:08:11 - INFO - logger - log_event - Enter to Test
2025-04-02 13:08:11 - INFO - logger - log_event - Enter to Packing
2025-04-02 13:08:11 - INFO - logger - log_event - Enter to Login page AA
2025-04-02 13:08:11 - INFO - logger - log_event - Enter to assembly
2025-04-02 13:08:11 - INFO - logger - log_event - Enter to mark
2025-04-02 13:08:11 - INFO - logger - log_event - Enter to Test
2025-04-02 13:08:11 - INFO - logger - log_event - Enter to Packing
2025-04-02 13:08:11 - INFO - logger - log_event - Enter to Login page AA
2025-04-02 13:08:11 - INFO - logger - log_event - Enter to assembly
2025-04-02 13:08:11 - INFO - logger - log_event - Enter to mark
2025-04-02 13:08:11 - INFO - logger - log_event - Enter to Test
2025-04-02 13:08:11 - INFO - logger - log_event - Enter to Packing
2025-04-02 13:08:11 - INFO - logger - log_event - Enter to Login page AA
2025-04-02 13:08:11 - INFO - logger - log_event - Enter to assembly
2025-04-02 13:08:11 - INFO - logger - log_event - Enter to mark
2025-04-02 13:08:11 - INFO - logger - log_event - Enter to Test
2025-04-02 13:08:11 - INFO - logger - log_event - Enter to Packing
2025-04-02 13:08:11 - INFO - logger - log_event - Enter to Login page AA
2025-04-02 13:08:11 - INFO - logger - log_event - Enter to assembly
2025-04-02 13:08:11 - INFO - logger - log_event - Enter to mark
2025-04-02 13:08:11 - INFO - logger - log_event - Enter to Test
2025-04-02 13:08:11 - INFO - logger - log_event - Enter to Packing
2025-04-02 13:08:11 - INFO - logger - log_event - Enter to Login page AA
2025-04-02 13:08:11 - INFO - logger - log_event - Enter to assembly
2025-04-02 13:08:13 - INFO - logger - log_event - Raw data (bytes): b'\xd0\x90\xd0\xb3\xd1\x83\xd0\xb0\xd0\xb3\xd1\x83\r\n'
2025-04-02 13:08:13 - INFO - logger - log_event - Decoded data (str): Агуагу
2025-04-02 13:08:13 - INFO - logger - log_event - Parsed Data: ['Агуагу']
2025-04-02 13:08:13 - INFO - logger - log_event - System Arduino init
2025-04-02 13:08:19 - INFO - logger - log_event - Закрытие приложения button.py
2025-04-02 13:08:19 - INFO - logger - log_application_exit - Приложение завершено
