2025-04-04 10:19:06 - INFO - logger - <module> - Приложение запущено
2025-04-04 10:19:06 - INFO - logger - <module> - Добавляем логирование в остальные файлы проекта...
2025-04-04 10:19:06 - INFO - logger - <module> - Логирование в database.py: все запросы к серверу регистрируются.
2025-04-04 10:19:06 - INFO - logger - <module> - Логирование в COM.py: события работы с COM-портами фиксируются.
2025-04-04 10:19:06 - INFO - logger - <module> - Логирование в detail_work.py: операции с деталями регистрируются.
2025-04-04 10:19:06 - INFO - logger - <module> - Логирование в Error.py и ErrorTest.py: ошибки записываются.
2025-04-04 10:19:06 - INFO - logger - <module> - Логирование в этапах Mark.py, Packing.py, Test.py, Work.py.
2025-04-04 10:19:09 - INFO - logger - log_event - Сервер доступен
2025-04-04 10:19:09 - INFO - logger - log_event - Сервер доступен
2025-04-04 10:19:09 - INFO - logger - log_event - Главное окно приложения создано
2025-04-04 10:19:09 - INFO - logger - log_event - Создан интерфейс админ-панели
2025-04-04 10:19:09 - INFO - logger - log_event - Enter to mark
2025-04-04 10:19:09 - INFO - logger - log_event - Enter to Test
2025-04-04 10:19:09 - INFO - logger - log_event - Enter to Packing
2025-04-04 10:19:09 - INFO - logger - log_event - Enter to Login page AA
2025-04-04 10:19:09 - INFO - logger - log_event - Enter to assembly
2025-04-04 10:19:09 - INFO - logger - log_event - Enter to mark
2025-04-04 10:19:09 - INFO - logger - log_event - Enter to Test
2025-04-04 10:19:09 - INFO - logger - log_event - Enter to Packing
2025-04-04 10:19:09 - INFO - logger - log_event - Enter to Login page AA
2025-04-04 10:19:09 - INFO - logger - log_event - Enter to assembly
2025-04-04 10:19:09 - INFO - logger - log_event - Enter to mark
2025-04-04 10:19:09 - INFO - logger - log_event - Enter to Test
2025-04-04 10:19:09 - INFO - logger - log_event - Enter to Packing
2025-04-04 10:19:09 - INFO - logger - log_event - Enter to Login page AA
2025-04-04 10:19:09 - INFO - logger - log_event - Enter to assembly
2025-04-04 10:19:09 - INFO - logger - log_event - Enter to mark
2025-04-04 10:19:09 - INFO - logger - log_event - Enter to Test
2025-04-04 10:19:09 - INFO - logger - log_event - Enter to Packing
2025-04-04 10:19:09 - INFO - logger - log_event - Enter to Login page AA
2025-04-04 10:19:09 - INFO - logger - log_event - Enter to assembly
2025-04-04 10:19:09 - INFO - logger - log_event - Enter to mark
2025-04-04 10:19:09 - INFO - logger - log_event - Enter to Test
2025-04-04 10:19:09 - INFO - logger - log_event - Enter to Packing
2025-04-04 10:19:09 - INFO - logger - log_event - Enter to Login page AA
2025-04-04 10:19:09 - INFO - logger - log_event - Enter to assembly
2025-04-04 10:19:11 - INFO - logger - log_event - Raw data (bytes): b'\xd0\x90\xd0\xb3\xd1\x83\xd0\xb0\xd0\xb3\xd1\x83\r\n'
2025-04-04 10:19:11 - INFO - logger - log_event - Decoded data (str): Агуагу
2025-04-04 10:19:11 - INFO - logger - log_event - Parsed Data: ['Агуагу']
2025-04-04 10:19:11 - INFO - logger - log_event - System Arduino init
2025-04-04 10:19:11 - INFO - logger - log_event - Raw data (bytes): b'995934779_user..\r\n'
2025-04-04 10:19:11 - INFO - logger - log_event - Decoded data (str): 995934779_user..
2025-04-04 10:19:11 - INFO - logger - log_event - Parsed Data: ['995934779', 'user']
2025-04-04 10:19:11 - INFO - logger - log_event - Send data to handle_serial_data: ['995934779', 'user']
2025-04-04 10:19:11 - INFO - logger - log_event - Данные перед очисткой: ['995934779', 'user']
2025-04-04 10:19:11 - INFO - logger - log_event - Raw data (bytes): b'\r\n'
2025-04-04 10:19:11 - INFO - logger - log_event - Очищенные данные: ['995934779', 'user']
2025-04-04 10:19:11 - INFO - logger - log_event - Decoded data (str): 
2025-04-04 10:19:11 - INFO - logger - log_event - Пользователь с UID: 995934779
2025-04-04 10:19:11 - INFO - logger - log_event - Get NULL
2025-04-04 10:19:11 - INFO - logger - log_event - Попытка аутентификации пользователя с UID: 995934779
2025-04-04 10:19:11 - INFO - logger - log_event - Запрос: {'type': 'user', 'uid': '995934779'}
2025-04-04 10:19:12 - INFO - logger - log_event - Ответ: {'status': 'ok', 'name': 'Стол', 'surname': 'Ардашев'}
2025-04-04 10:19:12 - INFO - logger - log_event - Ответ сервера: {'status': 'ok', 'name': 'Стол', 'surname': 'Ардашев'}
2025-04-04 10:19:12 - INFO - logger - log_event - Данные пользователя в корне ответа: {'status': 'ok', 'name': 'Стол', 'surname': 'Ардашев'}
2025-04-04 10:19:13 - INFO - logger - log_event - Запрос на создание сессии: {'type': 'startSession', 'name': 'Стол', 'surname': 'Ардашев', 'work_description': 'Без детали'}
2025-04-04 10:19:13 - INFO - logger - log_event - Запрос: {'type': 'startSession', 'name': 'Стол', 'surname': 'Ардашев', 'work_description': 'Без детали'}
2025-04-04 10:19:14 - INFO - logger - log_event - Ответ: {'status': 'ok'}
2025-04-04 10:19:14 - INFO - logger - log_event - Ответ на создание сессии: {'status': 'ok'}
2025-04-04 10:19:14 - INFO - logger - log_event - Сессия успешно начата: Ардашев Стол
2025-04-04 10:19:14 - INFO - logger - log_event - Устанавливаем переменную config.user: Ардашев Стол
2025-04-04 10:19:14 - INFO - logger - log_event - Устанавливаем переменную config.Name: Ардашев Стол
2025-04-04 10:19:14 - INFO - logger - log_event - Установлено значение config.Name: Ардашев Стол
2025-04-04 10:19:14 - INFO - logger - log_event - Успешная аутентификация пользователя: Ардашев Стол
2025-04-04 10:19:52 - INFO - logger - log_event - окно подтверждения открыто
2025-04-04 10:19:53 - INFO - logger - log_event - Данные маркировки подтверждены
2025-04-04 10:19:53 - INFO - logger - log_event - Send to write wSN053_detail..............
2025-04-04 10:19:53 - INFO - logger - log_event - Raw data (bytes): b'\xd0\x9f\xd0\xbe\xd0\xb4\xd0\xbd\xd0\xb5\xd1\x81\xd0\xb8\xd1\x82\xd0\xb5 \xd0\xba\xd0\xb0\xd1\x80\xd1\x82\xd1\x83 \xd0\xb4\xd0\xbb\xd1\x8f \xd0\xb7\xd0\xb0\xd0\xbf\xd0\xb8\xd1\x81\xd0\xb8 \xd0\xb4\xd0\xb0\xd0\xbd\xd0\xbd\xd1\x8b\xd1\x85...SN053_detail....\r\n'
2025-04-04 10:19:53 - INFO - logger - log_event - Decoded data (str): Поднесите карту для записи данных...SN053_detail....
2025-04-04 10:19:53 - INFO - logger - log_event - Ожидание поднесения карты
2025-04-04 10:19:53 - INFO - logger - log_event - Ожидание поднесения карты пользователем
2025-04-04 10:19:56 - INFO - logger - log_event - Raw data (bytes): b'WRITE_SUCCESS\r\n'
2025-04-04 10:19:56 - INFO - logger - log_event - Decoded data (str): WRITE_SUCCESS
2025-04-04 10:19:56 - INFO - logger - log_event - Write secces
2025-04-04 10:19:56 - INFO - logger - log_event - Метка успешно записана
2025-04-04 10:19:56 - INFO - logger - log_event - Маркировка вручную: {'type': 'mark', 'name': 'МЕТРАН 150', 'serial': 'SN053'}
2025-04-04 10:19:56 - INFO - logger - log_event - Запрос: {'type': 'mark', 'name': 'МЕТРАН 150', 'serial': 'SN053'}
2025-04-04 10:19:58 - INFO - logger - log_event - Ответ: {'status': 'ok'}
2025-04-04 10:19:58 - INFO - logger - log_event - Ответ от сервера: {'status': 'ok'}
2025-04-04 10:20:08 - INFO - logger - log_event - Raw data (bytes): b'SN053_detail....\r\n'
2025-04-04 10:20:08 - INFO - logger - log_event - Decoded data (str): SN053_detail....
2025-04-04 10:20:08 - INFO - logger - log_event - Parsed Data: ['SN053', 'detail']
2025-04-04 10:20:08 - INFO - logger - log_event - Send data to handle_serial_data: ['SN053', 'detail']
2025-04-04 10:20:08 - INFO - logger - log_event - Данные перед очисткой: ['SN053', 'detail']
2025-04-04 10:20:08 - INFO - logger - log_event - Очищенные данные: ['SN053', 'detail']
2025-04-04 10:20:08 - INFO - logger - log_event - Получены данные из порта: SN053
2025-04-04 10:20:08 - INFO - logger - log_event - Запрос данных о детали с серийным номером: SN053
2025-04-04 10:20:08 - INFO - logger - log_event - Текущее состояние: Name='Ардашев Стол', auth=True, session_on=True
2025-04-04 10:20:08 - INFO - logger - log_event - Запрос: {'type': 'details', 'serial': 'SN053'}
2025-04-04 10:20:08 - INFO - logger - log_event - Raw data (bytes): b'\r\n'
2025-04-04 10:20:08 - INFO - logger - log_event - Decoded data (str): 
2025-04-04 10:20:08 - INFO - logger - log_event - Get NULL
2025-04-04 10:20:08 - INFO - logger - log_event - Ответ: {'status': 'ok', 'data': {'id': 13, 'name': 'МЕТРАН 150', 'serial_number': 'SN053', 'defective': False, 'stage': 'Маркировка', 'sector': None, 'identified_by': None, 'defect_stage_id': None}}
2025-04-04 10:20:08 - INFO - logger - log_event - Ответ от сервера: {'status': 'ok', 'data': {'id': 13, 'name': 'МЕТРАН 150', 'serial_number': 'SN053', 'defective': False, 'stage': 'Маркировка', 'sector': None, 'identified_by': None, 'defect_stage_id': None}}
2025-04-04 10:20:08 - INFO - logger - log_event - Начало работы над деталью. Текущее значение Name: 'Ардашев Стол'
2025-04-04 10:20:08 - INFO - logger - log_event - Используем части имени из Name: фамилия='Ардашев', имя='Стол'
2025-04-04 10:20:08 - INFO - logger - log_event - Будет использоваться: фамилия='Ардашев', имя='Стол'
2025-04-04 10:20:08 - INFO - logger - log_event - Данные детали: {'id': 13, 'name': 'МЕТРАН 150', 'serial_number': 'SN053', 'defective': False, 'stage': 'Маркировка', 'sector': None, 'identified_by': None, 'defect_stage_id': None}
2025-04-04 10:20:08 - INFO - logger - log_event - Запрос обновления описания сессии: {'type': 'updateSessionDescription', 'name': 'Стол', 'surname': 'Ардашев', 'new_description': 'Сборка SN053'}
2025-04-04 10:20:08 - INFO - logger - log_event - Состояние сессии: auth=True, session_on=True
2025-04-04 10:20:08 - INFO - logger - log_event - Запрос: {'type': 'updateSessionDescription', 'name': 'Стол', 'surname': 'Ардашев', 'new_description': 'Сборка SN053'}
2025-04-04 10:20:08 - INFO - logger - log_event - Ответ: {'status': 'ok'}
2025-04-04 10:20:08 - INFO - logger - log_event - Ответ на обновление описания сессии: {'status': 'ok'}
2025-04-04 10:20:10 - INFO - logger - log_event - Работа над деталью закончена
2025-04-04 10:20:10 - INFO - logger - log_event - Запрос: {'type': 'updatestage', 'stage': 'Сборка', 'serial': 'SN053'}
2025-04-04 10:20:10 - INFO - logger - log_event - Ответ: {'status': 'ok'}
2025-04-04 10:20:10 - INFO - logger - log_event - Получены части имени для указания отдыха: фамилия='Ардашев', имя='Стол'
2025-04-04 10:20:10 - INFO - logger - log_event - Запрос на обновление статуса на 'Отдых': {'type': 'updateSessionDescription', 'name': 'Стол', 'surname': 'Ардашев', 'new_description': 'Отдых'}
2025-04-04 10:20:10 - INFO - logger - log_event - Запрос: {'type': 'updateSessionDescription', 'name': 'Стол', 'surname': 'Ардашев', 'new_description': 'Отдых'}
2025-04-04 10:20:10 - INFO - logger - log_event - Ответ: {'status': 'ok'}
2025-04-04 10:20:10 - INFO - logger - log_event - Результат обновления статуса: {'status': 'ok'}
2025-04-04 10:20:11 - INFO - logger - log_event - Raw data (bytes): b'SN053_detail....\r\n'
2025-04-04 10:20:11 - INFO - logger - log_event - Decoded data (str): SN053_detail....
2025-04-04 10:20:11 - INFO - logger - log_event - Parsed Data: ['SN053', 'detail']
2025-04-04 10:20:11 - INFO - logger - log_event - Send data to handle_serial_data: ['SN053', 'detail']
2025-04-04 10:20:11 - INFO - logger - log_event - Данные перед очисткой: ['SN053', 'detail']
2025-04-04 10:20:11 - INFO - logger - log_event - Очищенные данные: ['SN053', 'detail']
2025-04-04 10:20:11 - INFO - logger - log_event - Raw data (bytes): b'\r\n'
2025-04-04 10:20:11 - INFO - logger - log_event - Получены данные из порта: SN053
2025-04-04 10:20:11 - INFO - logger - log_event - Decoded data (str): 
2025-04-04 10:20:11 - INFO - logger - log_event - Запрос данных о детали с серийным номером: SN053
2025-04-04 10:20:11 - INFO - logger - log_event - Get NULL
2025-04-04 10:20:11 - INFO - logger - log_event - Текущее состояние: Name='Ардашев Стол', auth=True, session_on=True
2025-04-04 10:20:11 - INFO - logger - log_event - Запрос: {'type': 'details', 'serial': 'SN053'}
2025-04-04 10:20:11 - INFO - logger - log_event - Ответ: {'status': 'ok', 'data': {'id': 13, 'name': 'МЕТРАН 150', 'serial_number': 'SN053', 'defective': False, 'stage': 'Сборка', 'sector': None, 'identified_by': None, 'defect_stage_id': None}}
2025-04-04 10:20:11 - INFO - logger - log_event - Ответ от сервера: {'status': 'ok', 'data': {'id': 13, 'name': 'МЕТРАН 150', 'serial_number': 'SN053', 'defective': False, 'stage': 'Сборка', 'sector': None, 'identified_by': None, 'defect_stage_id': None}}
2025-04-04 10:20:11 - INFO - logger - log_event - Начало работы над деталью. Текущее значение Name: 'Ардашев Стол'
2025-04-04 10:20:11 - INFO - logger - log_event - Используем части имени из Name: фамилия='Ардашев', имя='Стол'
2025-04-04 10:20:11 - INFO - logger - log_event - Будет использоваться: фамилия='Ардашев', имя='Стол'
2025-04-04 10:20:11 - INFO - logger - log_event - Данные детали: {'id': 13, 'name': 'МЕТРАН 150', 'serial_number': 'SN053', 'defective': False, 'stage': 'Сборка', 'sector': None, 'identified_by': None, 'defect_stage_id': None}
2025-04-04 10:20:11 - INFO - logger - log_event - Запрос обновления описания сессии: {'type': 'updateSessionDescription', 'name': 'Стол', 'surname': 'Ардашев', 'new_description': 'Тестирование SN053'}
2025-04-04 10:20:11 - INFO - logger - log_event - Состояние сессии: auth=True, session_on=True
2025-04-04 10:20:11 - INFO - logger - log_event - Запрос: {'type': 'updateSessionDescription', 'name': 'Стол', 'surname': 'Ардашев', 'new_description': 'Тестирование SN053'}
2025-04-04 10:20:11 - INFO - logger - log_event - Ответ: {'status': 'ok'}
2025-04-04 10:20:11 - INFO - logger - log_event - Ответ на обновление описания сессии: {'status': 'ok'}
2025-04-04 10:20:15 - INFO - logger - log_event - Запрос: {'type': 'updatestage', 'stage': 'Тестирование', 'serial': 'SN053'}
2025-04-04 10:20:15 - INFO - logger - log_event - Ответ: {'status': 'ok'}
2025-04-04 10:20:15 - INFO - logger - log_event - Получены части имени для указания отдыха: фамилия='Ардашев', имя='Стол'
2025-04-04 10:20:15 - INFO - logger - log_event - Запрос на обновление статуса на 'Отдых': {'type': 'updateSessionDescription', 'name': 'Стол', 'surname': 'Ардашев', 'new_description': 'Отдых'}
2025-04-04 10:20:15 - INFO - logger - log_event - Запрос: {'type': 'updateSessionDescription', 'name': 'Стол', 'surname': 'Ардашев', 'new_description': 'Отдых'}
2025-04-04 10:20:15 - INFO - logger - log_event - Ответ: {'status': 'ok'}
2025-04-04 10:20:15 - INFO - logger - log_event - Результат обновления статуса: {'status': 'ok'}
2025-04-04 10:20:15 - INFO - logger - log_event - Работа над деталью закончена
2025-04-04 10:20:18 - INFO - logger - log_event - Raw data (bytes): b'SN053_detail....\r\n'
2025-04-04 10:20:18 - INFO - logger - log_event - Decoded data (str): SN053_detail....
2025-04-04 10:20:18 - INFO - logger - log_event - Parsed Data: ['SN053', 'detail']
2025-04-04 10:20:18 - INFO - logger - log_event - Send data to handle_serial_data: ['SN053', 'detail']
2025-04-04 10:20:18 - INFO - logger - log_event - Данные перед очисткой: ['SN053', 'detail']
2025-04-04 10:20:18 - INFO - logger - log_event - Очищенные данные: ['SN053', 'detail']
2025-04-04 10:20:18 - INFO - logger - log_event - Получены данные из порта: SN053
2025-04-04 10:20:18 - INFO - logger - log_event - Запрос данных о детали с серийным номером: SN053
2025-04-04 10:20:18 - INFO - logger - log_event - Raw data (bytes): b'\r\n'
2025-04-04 10:20:18 - INFO - logger - log_event - Текущее состояние: Name='Ардашев Стол', auth=True, session_on=True
2025-04-04 10:20:18 - INFO - logger - log_event - Decoded data (str): 
2025-04-04 10:20:18 - INFO - logger - log_event - Запрос: {'type': 'details', 'serial': 'SN053'}
2025-04-04 10:20:18 - INFO - logger - log_event - Get NULL
2025-04-04 10:20:18 - INFO - logger - log_event - Ответ: {'status': 'ok', 'data': {'id': 13, 'name': 'МЕТРАН 150', 'serial_number': 'SN053', 'defective': False, 'stage': 'Тестирование', 'sector': None, 'identified_by': None, 'defect_stage_id': None}}
2025-04-04 10:20:18 - INFO - logger - log_event - Ответ от сервера: {'status': 'ok', 'data': {'id': 13, 'name': 'МЕТРАН 150', 'serial_number': 'SN053', 'defective': False, 'stage': 'Тестирование', 'sector': None, 'identified_by': None, 'defect_stage_id': None}}
2025-04-04 10:20:18 - INFO - logger - log_event - Начало работы над деталью. Текущее значение Name: 'Ардашев Стол'
2025-04-04 10:20:18 - INFO - logger - log_event - Используем части имени из Name: фамилия='Ардашев', имя='Стол'
2025-04-04 10:20:18 - INFO - logger - log_event - Будет использоваться: фамилия='Ардашев', имя='Стол'
2025-04-04 10:20:18 - INFO - logger - log_event - Данные детали: {'id': 13, 'name': 'МЕТРАН 150', 'serial_number': 'SN053', 'defective': False, 'stage': 'Тестирование', 'sector': None, 'identified_by': None, 'defect_stage_id': None}
2025-04-04 10:20:18 - INFO - logger - log_event - Запрос обновления описания сессии: {'type': 'updateSessionDescription', 'name': 'Стол', 'surname': 'Ардашев', 'new_description': 'Упаковка SN053'}
2025-04-04 10:20:18 - INFO - logger - log_event - Состояние сессии: auth=True, session_on=True
2025-04-04 10:20:18 - INFO - logger - log_event - Запрос: {'type': 'updateSessionDescription', 'name': 'Стол', 'surname': 'Ардашев', 'new_description': 'Упаковка SN053'}
2025-04-04 10:20:18 - INFO - logger - log_event - Ответ: {'status': 'ok'}
2025-04-04 10:20:18 - INFO - logger - log_event - Ответ на обновление описания сессии: {'status': 'ok'}
2025-04-04 10:20:22 - INFO - logger - log_event - Работа над деталью закончена
2025-04-04 10:20:22 - INFO - logger - log_event - Запрос: {'type': 'updatestage', 'stage': 'Упаковка', 'serial': 'SN053'}
2025-04-04 10:20:22 - INFO - logger - log_event - Ответ: {'status': 'ok', 'sector': '1А'}
2025-04-04 10:20:22 - INFO - logger - log_event - Получены части имени для указания отдыха: фамилия='Ардашев', имя='Стол'
2025-04-04 10:20:22 - INFO - logger - log_event - Запрос на обновление статуса на 'Отдых': {'type': 'updateSessionDescription', 'name': 'Стол', 'surname': 'Ардашев', 'new_description': 'Отдых'}
2025-04-04 10:20:22 - INFO - logger - log_event - Запрос: {'type': 'updateSessionDescription', 'name': 'Стол', 'surname': 'Ардашев', 'new_description': 'Отдых'}
2025-04-04 10:20:22 - INFO - logger - log_event - Ответ: {'status': 'ok'}
2025-04-04 10:20:22 - INFO - logger - log_event - Результат обновления статуса: {'status': 'ok'}
2025-04-04 10:20:34 - INFO - logger - log_event - Login to the admin panel
2025-04-04 10:20:37 - INFO - logger - log_event - Создан поток DatabaseWorker с запросом: {'type': 'allDetails', 'detail': 'МЕТРАН 150'}
2025-04-04 10:20:37 - INFO - logger - log_event - Запрос: {'type': 'allDetails', 'detail': 'МЕТРАН 150'}
2025-04-04 10:20:42 - INFO - logger - log_event - Ответ: {'status': 'ok', 'data': [{'id': 1, 'name': 'МЕТРАН 150', 'serial_number': 'SN001', 'defective': False, 'stage': 'Упаковка', 'sector': None, 'identified_by': None, 'defect_stage_id': None}, {'id': 2, 'name': 'МЕТРАН 150', 'serial_number': 'SN002', 'defective': False, 'stage': 'Сборка', 'sector': None, 'identified_by': None, 'defect_stage_id': None}, {'id': 3, 'name': 'МЕТРАН 150', 'serial_number': 'SN003', 'defective': False, 'stage': 'Упаковка', 'sector': None, 'identified_by': None, 'defect_stage_id': None}, {'id': 4, 'name': 'МЕТРАН 150', 'serial_number': 'SN004', 'defective': False, 'stage': 'Тестирование', 'sector': None, 'identified_by': None, 'defect_stage_id': None}, {'id': 5, 'name': 'МЕТРАН 150', 'serial_number': 'SN005', 'defective': False, 'stage': 'Сборка', 'sector': None, 'identified_by': None, 'defect_stage_id': None}, {'id': 6, 'name': 'МЕТРАН 150', 'serial_number': 'SN052', 'defective': False, 'stage': 'Сборка', 'sector': None, 'identified_by': None, 'defect_stage_id': None}, {'id': 7, 'name': 'МЕТРАН 150', 'serial_number': 'SN010', 'defective': True, 'stage': 'Сборка', 'sector': None, 'identified_by': None, 'defect_stage_id': None}, {'id': 8, 'name': 'МЕТРАН 150', 'serial_number': 'SN042', 'defective': False, 'stage': 'Упаковка', 'sector': None, 'identified_by': None, 'defect_stage_id': None}, {'id': 9, 'name': 'МЕТРАН 150', 'serial_number': 'SN087', 'defective': False, 'stage': 'Упаковка', 'sector': None, 'identified_by': None, 'defect_stage_id': None}, {'id': 10, 'name': 'МЕТРАН 150', 'serial_number': 'SN088', 'defective': True, 'stage': 'Маркировка', 'sector': None, 'identified_by': None, 'defect_stage_id': None}, {'id': 11, 'name': 'МЕТРАН 150', 'serial_number': 'SN089', 'defective': True, 'stage': 'Сборка', 'sector': None, 'identified_by': None, 'defect_stage_id': None}, {'id': 12, 'name': 'МЕТРАН 150', 'serial_number': 'SN091', 'defective': False, 'stage': 'Упаковка', 'sector': None, 'identified_by': None, 'defect_stage_id': None}, {'id': 13, 'name': 'МЕТРАН 150', 'serial_number': 'SN053', 'defective': False, 'stage': 'Упаковка', 'sector': '1А', 'identified_by': None, 'defect_stage_id': None}]}
2025-04-04 10:20:42 - INFO - logger - log_event - Выполнен запрос к БД: {'type': 'allDetails', 'detail': 'МЕТРАН 150'}
2025-04-04 10:20:42 - INFO - logger - log_event - Создан поток DatabaseWorker с запросом: {'type': 'allDetails', 'detail': 'МЕТРАН 150'}
2025-04-04 10:20:42 - INFO - logger - log_event - Запрос: {'type': 'allDetails', 'detail': 'МЕТРАН 150'}
2025-04-04 10:20:42 - INFO - logger - log_event - Запрос: {'type': 'allDetails', 'detail': 'МЕТРАН 150'}
2025-04-04 10:20:44 - INFO - logger - log_event - Ответ: {'status': 'ok', 'data': [{'id': 1, 'name': 'МЕТРАН 150', 'serial_number': 'SN001', 'defective': False, 'stage': 'Упаковка', 'sector': None, 'identified_by': None, 'defect_stage_id': None}, {'id': 2, 'name': 'МЕТРАН 150', 'serial_number': 'SN002', 'defective': False, 'stage': 'Сборка', 'sector': None, 'identified_by': None, 'defect_stage_id': None}, {'id': 3, 'name': 'МЕТРАН 150', 'serial_number': 'SN003', 'defective': False, 'stage': 'Упаковка', 'sector': None, 'identified_by': None, 'defect_stage_id': None}, {'id': 4, 'name': 'МЕТРАН 150', 'serial_number': 'SN004', 'defective': False, 'stage': 'Тестирование', 'sector': None, 'identified_by': None, 'defect_stage_id': None}, {'id': 5, 'name': 'МЕТРАН 150', 'serial_number': 'SN005', 'defective': False, 'stage': 'Сборка', 'sector': None, 'identified_by': None, 'defect_stage_id': None}, {'id': 6, 'name': 'МЕТРАН 150', 'serial_number': 'SN052', 'defective': False, 'stage': 'Сборка', 'sector': None, 'identified_by': None, 'defect_stage_id': None}, {'id': 7, 'name': 'МЕТРАН 150', 'serial_number': 'SN010', 'defective': True, 'stage': 'Сборка', 'sector': None, 'identified_by': None, 'defect_stage_id': None}, {'id': 8, 'name': 'МЕТРАН 150', 'serial_number': 'SN042', 'defective': False, 'stage': 'Упаковка', 'sector': None, 'identified_by': None, 'defect_stage_id': None}, {'id': 9, 'name': 'МЕТРАН 150', 'serial_number': 'SN087', 'defective': False, 'stage': 'Упаковка', 'sector': None, 'identified_by': None, 'defect_stage_id': None}, {'id': 10, 'name': 'МЕТРАН 150', 'serial_number': 'SN088', 'defective': True, 'stage': 'Маркировка', 'sector': None, 'identified_by': None, 'defect_stage_id': None}, {'id': 11, 'name': 'МЕТРАН 150', 'serial_number': 'SN089', 'defective': True, 'stage': 'Сборка', 'sector': None, 'identified_by': None, 'defect_stage_id': None}, {'id': 12, 'name': 'МЕТРАН 150', 'serial_number': 'SN091', 'defective': False, 'stage': 'Упаковка', 'sector': None, 'identified_by': None, 'defect_stage_id': None}, {'id': 13, 'name': 'МЕТРАН 150', 'serial_number': 'SN053', 'defective': False, 'stage': 'Упаковка', 'sector': '1А', 'identified_by': None, 'defect_stage_id': None}]}
2025-04-04 10:20:44 - INFO - logger - log_event - Выполнен запрос к БД: {'type': 'allDetails', 'detail': 'МЕТРАН 150'}
2025-04-04 10:20:44 - INFO - logger - log_event - Ответ: {'status': 'ok', 'data': [{'id': 1, 'name': 'МЕТРАН 150', 'serial_number': 'SN001', 'defective': False, 'stage': 'Упаковка', 'sector': None, 'identified_by': None, 'defect_stage_id': None}, {'id': 2, 'name': 'МЕТРАН 150', 'serial_number': 'SN002', 'defective': False, 'stage': 'Сборка', 'sector': None, 'identified_by': None, 'defect_stage_id': None}, {'id': 3, 'name': 'МЕТРАН 150', 'serial_number': 'SN003', 'defective': False, 'stage': 'Упаковка', 'sector': None, 'identified_by': None, 'defect_stage_id': None}, {'id': 4, 'name': 'МЕТРАН 150', 'serial_number': 'SN004', 'defective': False, 'stage': 'Тестирование', 'sector': None, 'identified_by': None, 'defect_stage_id': None}, {'id': 5, 'name': 'МЕТРАН 150', 'serial_number': 'SN005', 'defective': False, 'stage': 'Сборка', 'sector': None, 'identified_by': None, 'defect_stage_id': None}, {'id': 6, 'name': 'МЕТРАН 150', 'serial_number': 'SN052', 'defective': False, 'stage': 'Сборка', 'sector': None, 'identified_by': None, 'defect_stage_id': None}, {'id': 7, 'name': 'МЕТРАН 150', 'serial_number': 'SN010', 'defective': True, 'stage': 'Сборка', 'sector': None, 'identified_by': None, 'defect_stage_id': None}, {'id': 8, 'name': 'МЕТРАН 150', 'serial_number': 'SN042', 'defective': False, 'stage': 'Упаковка', 'sector': None, 'identified_by': None, 'defect_stage_id': None}, {'id': 9, 'name': 'МЕТРАН 150', 'serial_number': 'SN087', 'defective': False, 'stage': 'Упаковка', 'sector': None, 'identified_by': None, 'defect_stage_id': None}, {'id': 10, 'name': 'МЕТРАН 150', 'serial_number': 'SN088', 'defective': True, 'stage': 'Маркировка', 'sector': None, 'identified_by': None, 'defect_stage_id': None}, {'id': 11, 'name': 'МЕТРАН 150', 'serial_number': 'SN089', 'defective': True, 'stage': 'Сборка', 'sector': None, 'identified_by': None, 'defect_stage_id': None}, {'id': 12, 'name': 'МЕТРАН 150', 'serial_number': 'SN091', 'defective': False, 'stage': 'Упаковка', 'sector': None, 'identified_by': None, 'defect_stage_id': None}, {'id': 13, 'name': 'МЕТРАН 150', 'serial_number': 'SN053', 'defective': False, 'stage': 'Упаковка', 'sector': '1А', 'identified_by': None, 'defect_stage_id': None}]}
2025-04-04 10:20:44 - INFO - logger - log_event - Выполнен запрос к БД: {'type': 'allDetails', 'detail': 'МЕТРАН 150'}
2025-04-04 10:20:44 - INFO - logger - log_event - Создан поток DatabaseWorker с запросом: {'type': 'allDetails', 'detail': 'МЕТРАН 150'}
2025-04-04 10:20:44 - INFO - logger - log_event - Запрос: {'type': 'allDetails', 'detail': 'МЕТРАН 150'}
2025-04-04 10:20:44 - INFO - logger - log_event - Запрос: {'type': 'allDetails', 'detail': 'МЕТРАН 150'}
2025-04-04 10:20:44 - INFO - logger - log_event - Ответ: {'status': 'ok', 'data': [{'id': 1, 'name': 'МЕТРАН 150', 'serial_number': 'SN001', 'defective': False, 'stage': 'Упаковка', 'sector': None, 'identified_by': None, 'defect_stage_id': None}, {'id': 2, 'name': 'МЕТРАН 150', 'serial_number': 'SN002', 'defective': False, 'stage': 'Сборка', 'sector': None, 'identified_by': None, 'defect_stage_id': None}, {'id': 3, 'name': 'МЕТРАН 150', 'serial_number': 'SN003', 'defective': False, 'stage': 'Упаковка', 'sector': None, 'identified_by': None, 'defect_stage_id': None}, {'id': 4, 'name': 'МЕТРАН 150', 'serial_number': 'SN004', 'defective': False, 'stage': 'Тестирование', 'sector': None, 'identified_by': None, 'defect_stage_id': None}, {'id': 5, 'name': 'МЕТРАН 150', 'serial_number': 'SN005', 'defective': False, 'stage': 'Сборка', 'sector': None, 'identified_by': None, 'defect_stage_id': None}, {'id': 6, 'name': 'МЕТРАН 150', 'serial_number': 'SN052', 'defective': False, 'stage': 'Сборка', 'sector': None, 'identified_by': None, 'defect_stage_id': None}, {'id': 7, 'name': 'МЕТРАН 150', 'serial_number': 'SN010', 'defective': True, 'stage': 'Сборка', 'sector': None, 'identified_by': None, 'defect_stage_id': None}, {'id': 8, 'name': 'МЕТРАН 150', 'serial_number': 'SN042', 'defective': False, 'stage': 'Упаковка', 'sector': None, 'identified_by': None, 'defect_stage_id': None}, {'id': 9, 'name': 'МЕТРАН 150', 'serial_number': 'SN087', 'defective': False, 'stage': 'Упаковка', 'sector': None, 'identified_by': None, 'defect_stage_id': None}, {'id': 10, 'name': 'МЕТРАН 150', 'serial_number': 'SN088', 'defective': True, 'stage': 'Маркировка', 'sector': None, 'identified_by': None, 'defect_stage_id': None}, {'id': 11, 'name': 'МЕТРАН 150', 'serial_number': 'SN089', 'defective': True, 'stage': 'Сборка', 'sector': None, 'identified_by': None, 'defect_stage_id': None}, {'id': 12, 'name': 'МЕТРАН 150', 'serial_number': 'SN091', 'defective': False, 'stage': 'Упаковка', 'sector': None, 'identified_by': None, 'defect_stage_id': None}, {'id': 13, 'name': 'МЕТРАН 150', 'serial_number': 'SN053', 'defective': False, 'stage': 'Упаковка', 'sector': '1А', 'identified_by': None, 'defect_stage_id': None}]}
2025-04-04 10:20:44 - INFO - logger - log_event - Выполнен запрос к БД: {'type': 'allDetails', 'detail': 'МЕТРАН 150'}
2025-04-04 10:20:44 - INFO - logger - log_event - Ответ: {'status': 'ok', 'data': [{'id': 1, 'name': 'МЕТРАН 150', 'serial_number': 'SN001', 'defective': False, 'stage': 'Упаковка', 'sector': None, 'identified_by': None, 'defect_stage_id': None}, {'id': 2, 'name': 'МЕТРАН 150', 'serial_number': 'SN002', 'defective': False, 'stage': 'Сборка', 'sector': None, 'identified_by': None, 'defect_stage_id': None}, {'id': 3, 'name': 'МЕТРАН 150', 'serial_number': 'SN003', 'defective': False, 'stage': 'Упаковка', 'sector': None, 'identified_by': None, 'defect_stage_id': None}, {'id': 4, 'name': 'МЕТРАН 150', 'serial_number': 'SN004', 'defective': False, 'stage': 'Тестирование', 'sector': None, 'identified_by': None, 'defect_stage_id': None}, {'id': 5, 'name': 'МЕТРАН 150', 'serial_number': 'SN005', 'defective': False, 'stage': 'Сборка', 'sector': None, 'identified_by': None, 'defect_stage_id': None}, {'id': 6, 'name': 'МЕТРАН 150', 'serial_number': 'SN052', 'defective': False, 'stage': 'Сборка', 'sector': None, 'identified_by': None, 'defect_stage_id': None}, {'id': 7, 'name': 'МЕТРАН 150', 'serial_number': 'SN010', 'defective': True, 'stage': 'Сборка', 'sector': None, 'identified_by': None, 'defect_stage_id': None}, {'id': 8, 'name': 'МЕТРАН 150', 'serial_number': 'SN042', 'defective': False, 'stage': 'Упаковка', 'sector': None, 'identified_by': None, 'defect_stage_id': None}, {'id': 9, 'name': 'МЕТРАН 150', 'serial_number': 'SN087', 'defective': False, 'stage': 'Упаковка', 'sector': None, 'identified_by': None, 'defect_stage_id': None}, {'id': 10, 'name': 'МЕТРАН 150', 'serial_number': 'SN088', 'defective': True, 'stage': 'Маркировка', 'sector': None, 'identified_by': None, 'defect_stage_id': None}, {'id': 11, 'name': 'МЕТРАН 150', 'serial_number': 'SN089', 'defective': True, 'stage': 'Сборка', 'sector': None, 'identified_by': None, 'defect_stage_id': None}, {'id': 12, 'name': 'МЕТРАН 150', 'serial_number': 'SN091', 'defective': False, 'stage': 'Упаковка', 'sector': None, 'identified_by': None, 'defect_stage_id': None}, {'id': 13, 'name': 'МЕТРАН 150', 'serial_number': 'SN053', 'defective': False, 'stage': 'Упаковка', 'sector': '1А', 'identified_by': None, 'defect_stage_id': None}]}
2025-04-04 10:20:44 - INFO - logger - log_event - Выполнен запрос к БД: {'type': 'allDetails', 'detail': 'МЕТРАН 150'}
2025-04-04 10:20:44 - INFO - logger - log_event - Запрос: {'type': 'allDetails', 'detail': 'МЕТРАН 150'}
2025-04-04 10:20:45 - INFO - logger - log_event - Ответ: {'status': 'ok', 'data': [{'id': 1, 'name': 'МЕТРАН 150', 'serial_number': 'SN001', 'defective': False, 'stage': 'Упаковка', 'sector': None, 'identified_by': None, 'defect_stage_id': None}, {'id': 2, 'name': 'МЕТРАН 150', 'serial_number': 'SN002', 'defective': False, 'stage': 'Сборка', 'sector': None, 'identified_by': None, 'defect_stage_id': None}, {'id': 3, 'name': 'МЕТРАН 150', 'serial_number': 'SN003', 'defective': False, 'stage': 'Упаковка', 'sector': None, 'identified_by': None, 'defect_stage_id': None}, {'id': 4, 'name': 'МЕТРАН 150', 'serial_number': 'SN004', 'defective': False, 'stage': 'Тестирование', 'sector': None, 'identified_by': None, 'defect_stage_id': None}, {'id': 5, 'name': 'МЕТРАН 150', 'serial_number': 'SN005', 'defective': False, 'stage': 'Сборка', 'sector': None, 'identified_by': None, 'defect_stage_id': None}, {'id': 6, 'name': 'МЕТРАН 150', 'serial_number': 'SN052', 'defective': False, 'stage': 'Сборка', 'sector': None, 'identified_by': None, 'defect_stage_id': None}, {'id': 7, 'name': 'МЕТРАН 150', 'serial_number': 'SN010', 'defective': True, 'stage': 'Сборка', 'sector': None, 'identified_by': None, 'defect_stage_id': None}, {'id': 8, 'name': 'МЕТРАН 150', 'serial_number': 'SN042', 'defective': False, 'stage': 'Упаковка', 'sector': None, 'identified_by': None, 'defect_stage_id': None}, {'id': 9, 'name': 'МЕТРАН 150', 'serial_number': 'SN087', 'defective': False, 'stage': 'Упаковка', 'sector': None, 'identified_by': None, 'defect_stage_id': None}, {'id': 10, 'name': 'МЕТРАН 150', 'serial_number': 'SN088', 'defective': True, 'stage': 'Маркировка', 'sector': None, 'identified_by': None, 'defect_stage_id': None}, {'id': 11, 'name': 'МЕТРАН 150', 'serial_number': 'SN089', 'defective': True, 'stage': 'Сборка', 'sector': None, 'identified_by': None, 'defect_stage_id': None}, {'id': 12, 'name': 'МЕТРАН 150', 'serial_number': 'SN091', 'defective': False, 'stage': 'Упаковка', 'sector': None, 'identified_by': None, 'defect_stage_id': None}, {'id': 13, 'name': 'МЕТРАН 150', 'serial_number': 'SN053', 'defective': False, 'stage': 'Упаковка', 'sector': '1А', 'identified_by': None, 'defect_stage_id': None}]}
2025-04-04 10:20:45 - INFO - logger - log_event - Выполнен запрос к БД: {'type': 'allDetails', 'detail': 'МЕТРАН 150'}
2025-04-04 10:20:59 - INFO - logger - log_event - Создан поток DatabaseWorker с запросом: {'type': 'allDetails', 'detail': 'МЕТРАН 150'}
2025-04-04 10:20:59 - INFO - logger - log_event - Запрос: {'type': 'allDetails', 'detail': 'МЕТРАН 150'}
2025-04-04 10:21:00 - INFO - logger - log_event - Ответ: {'status': 'ok', 'data': [{'id': 1, 'name': 'МЕТРАН 150', 'serial_number': 'SN001', 'defective': False, 'stage': 'Упаковка', 'sector': None, 'identified_by': None, 'defect_stage_id': None}, {'id': 2, 'name': 'МЕТРАН 150', 'serial_number': 'SN002', 'defective': False, 'stage': 'Сборка', 'sector': None, 'identified_by': None, 'defect_stage_id': None}, {'id': 3, 'name': 'МЕТРАН 150', 'serial_number': 'SN003', 'defective': False, 'stage': 'Упаковка', 'sector': None, 'identified_by': None, 'defect_stage_id': None}, {'id': 4, 'name': 'МЕТРАН 150', 'serial_number': 'SN004', 'defective': False, 'stage': 'Тестирование', 'sector': None, 'identified_by': None, 'defect_stage_id': None}, {'id': 5, 'name': 'МЕТРАН 150', 'serial_number': 'SN005', 'defective': False, 'stage': 'Сборка', 'sector': None, 'identified_by': None, 'defect_stage_id': None}, {'id': 6, 'name': 'МЕТРАН 150', 'serial_number': 'SN052', 'defective': False, 'stage': 'Сборка', 'sector': None, 'identified_by': None, 'defect_stage_id': None}, {'id': 7, 'name': 'МЕТРАН 150', 'serial_number': 'SN010', 'defective': True, 'stage': 'Сборка', 'sector': None, 'identified_by': None, 'defect_stage_id': None}, {'id': 8, 'name': 'МЕТРАН 150', 'serial_number': 'SN042', 'defective': False, 'stage': 'Упаковка', 'sector': None, 'identified_by': None, 'defect_stage_id': None}, {'id': 9, 'name': 'МЕТРАН 150', 'serial_number': 'SN087', 'defective': False, 'stage': 'Упаковка', 'sector': None, 'identified_by': None, 'defect_stage_id': None}, {'id': 10, 'name': 'МЕТРАН 150', 'serial_number': 'SN088', 'defective': True, 'stage': 'Маркировка', 'sector': None, 'identified_by': None, 'defect_stage_id': None}, {'id': 11, 'name': 'МЕТРАН 150', 'serial_number': 'SN089', 'defective': True, 'stage': 'Сборка', 'sector': None, 'identified_by': None, 'defect_stage_id': None}, {'id': 12, 'name': 'МЕТРАН 150', 'serial_number': 'SN091', 'defective': False, 'stage': 'Упаковка', 'sector': None, 'identified_by': None, 'defect_stage_id': None}, {'id': 13, 'name': 'МЕТРАН 150', 'serial_number': 'SN053', 'defective': False, 'stage': 'Упаковка', 'sector': '1А', 'identified_by': None, 'defect_stage_id': None}]}
2025-04-04 10:21:00 - INFO - logger - log_event - Выполнен запрос к БД: {'type': 'allDetails', 'detail': 'МЕТРАН 150'}
2025-04-04 10:21:00 - INFO - logger - log_event - Запрос: {'type': 'allDetails', 'detail': 'МЕТРАН 150'}
2025-04-04 10:21:00 - INFO - logger - log_event - Ответ: {'status': 'ok', 'data': [{'id': 1, 'name': 'МЕТРАН 150', 'serial_number': 'SN001', 'defective': False, 'stage': 'Упаковка', 'sector': None, 'identified_by': None, 'defect_stage_id': None}, {'id': 2, 'name': 'МЕТРАН 150', 'serial_number': 'SN002', 'defective': False, 'stage': 'Сборка', 'sector': None, 'identified_by': None, 'defect_stage_id': None}, {'id': 3, 'name': 'МЕТРАН 150', 'serial_number': 'SN003', 'defective': False, 'stage': 'Упаковка', 'sector': None, 'identified_by': None, 'defect_stage_id': None}, {'id': 4, 'name': 'МЕТРАН 150', 'serial_number': 'SN004', 'defective': False, 'stage': 'Тестирование', 'sector': None, 'identified_by': None, 'defect_stage_id': None}, {'id': 5, 'name': 'МЕТРАН 150', 'serial_number': 'SN005', 'defective': False, 'stage': 'Сборка', 'sector': None, 'identified_by': None, 'defect_stage_id': None}, {'id': 6, 'name': 'МЕТРАН 150', 'serial_number': 'SN052', 'defective': False, 'stage': 'Сборка', 'sector': None, 'identified_by': None, 'defect_stage_id': None}, {'id': 7, 'name': 'МЕТРАН 150', 'serial_number': 'SN010', 'defective': True, 'stage': 'Сборка', 'sector': None, 'identified_by': None, 'defect_stage_id': None}, {'id': 8, 'name': 'МЕТРАН 150', 'serial_number': 'SN042', 'defective': False, 'stage': 'Упаковка', 'sector': None, 'identified_by': None, 'defect_stage_id': None}, {'id': 9, 'name': 'МЕТРАН 150', 'serial_number': 'SN087', 'defective': False, 'stage': 'Упаковка', 'sector': None, 'identified_by': None, 'defect_stage_id': None}, {'id': 10, 'name': 'МЕТРАН 150', 'serial_number': 'SN088', 'defective': True, 'stage': 'Маркировка', 'sector': None, 'identified_by': None, 'defect_stage_id': None}, {'id': 11, 'name': 'МЕТРАН 150', 'serial_number': 'SN089', 'defective': True, 'stage': 'Сборка', 'sector': None, 'identified_by': None, 'defect_stage_id': None}, {'id': 12, 'name': 'МЕТРАН 150', 'serial_number': 'SN091', 'defective': False, 'stage': 'Упаковка', 'sector': None, 'identified_by': None, 'defect_stage_id': None}, {'id': 13, 'name': 'МЕТРАН 150', 'serial_number': 'SN053', 'defective': False, 'stage': 'Упаковка', 'sector': '1А', 'identified_by': None, 'defect_stage_id': None}]}
2025-04-04 10:21:00 - INFO - logger - log_event - Выполнен запрос к БД: {'type': 'allDetails', 'detail': 'МЕТРАН 150'}
2025-04-04 10:21:38 - INFO - logger - log_event - Закрытие приложения button.py
2025-04-04 10:21:38 - INFO - logger - log_event - Завершаем сессию пользователя: Стол Ардашев
2025-04-04 10:21:38 - INFO - logger - log_event - Запрос: {'type': 'endSession', 'name': 'Стол', 'surname': 'Ардашев'}
2025-04-04 10:21:39 - INFO - logger - log_event - Ответ: {'status': 'ok'}
2025-04-04 10:21:39 - INFO - logger - log_event - Сессия успешно завершена: Стол Ардашев
2025-04-04 10:21:39 - INFO - logger - log_application_exit - Приложение завершено
