2025-04-15 07:09:38 - INFO - logger - <module> - Приложение запущено
2025-04-15 07:09:38 - INFO - logger - <module> - Добавляем логирование в остальные файлы проекта...
2025-04-15 07:09:38 - INFO - logger - <module> - Логирование в database.py: все запросы к серверу регистрируются.
2025-04-15 07:09:38 - INFO - logger - <module> - Логирование в COM.py: события работы с COM-портами фиксируются.
2025-04-15 07:09:38 - INFO - logger - <module> - Логирование в detail_work.py: операции с деталями регистрируются.
2025-04-15 07:09:38 - INFO - logger - <module> - Логирование в Error.py и ErrorTest.py: ошибки записываются.
2025-04-15 07:09:38 - INFO - logger - <module> - Логирование в этапах Mark.py, Packing.py, Test.py, Work.py.
2025-04-15 07:09:41 - INFO - logger - log_event - Сервер доступен
2025-04-15 07:09:41 - INFO - logger - log_event - Сервер доступен
2025-04-15 07:09:41 - INFO - logger - log_event - Главное окно приложения создано
2025-04-15 07:09:41 - INFO - logger - log_event - Создан интерфейс админ-панели
2025-04-15 07:09:41 - INFO - logger - log_event - Enter to mark
2025-04-15 07:09:41 - INFO - logger - log_event - Enter to Test
2025-04-15 07:09:41 - INFO - logger - log_event - Enter to Packing
2025-04-15 07:09:41 - INFO - logger - log_event - Enter to Login page AA
2025-04-15 07:09:41 - INFO - logger - log_event - Enter to assembly
2025-04-15 07:09:41 - INFO - logger - log_event - Enter to mark
2025-04-15 07:09:41 - INFO - logger - log_event - Enter to Test
2025-04-15 07:09:41 - INFO - logger - log_event - Enter to Packing
2025-04-15 07:09:41 - INFO - logger - log_event - Enter to Login page AA
2025-04-15 07:09:41 - INFO - logger - log_event - Enter to assembly
2025-04-15 07:09:41 - INFO - logger - log_event - Enter to mark
2025-04-15 07:09:41 - INFO - logger - log_event - Enter to Test
2025-04-15 07:09:41 - INFO - logger - log_event - Enter to Packing
2025-04-15 07:09:41 - INFO - logger - log_event - Enter to Login page AA
2025-04-15 07:09:41 - INFO - logger - log_event - Enter to assembly
2025-04-15 07:09:41 - INFO - logger - log_event - Enter to mark
2025-04-15 07:09:41 - INFO - logger - log_event - Enter to Test
2025-04-15 07:09:41 - INFO - logger - log_event - Enter to Packing
2025-04-15 07:09:41 - INFO - logger - log_event - Enter to Login page AA
2025-04-15 07:09:41 - INFO - logger - log_event - Enter to assembly
2025-04-15 07:09:41 - INFO - logger - log_event - Enter to mark
2025-04-15 07:09:41 - INFO - logger - log_event - Enter to Test
2025-04-15 07:09:41 - INFO - logger - log_event - Enter to Packing
2025-04-15 07:09:41 - INFO - logger - log_event - Enter to Login page AA
2025-04-15 07:09:41 - INFO - logger - log_event - Enter to assembly
2025-04-15 07:09:43 - INFO - logger - log_event - Raw data (bytes): b'\xd0\x90\xd0\xb3\xd1\x83\xd0\xb0\xd0\xb3\xd1\x83\r\n'
2025-04-15 07:09:43 - INFO - logger - log_event - Decoded data (str): Агуагу
2025-04-15 07:09:43 - INFO - logger - log_event - Parsed Data: ['Агуагу']
2025-04-15 07:09:43 - INFO - logger - log_event - System Arduino init
2025-04-15 07:09:44 - INFO - logger - log_event - Raw data (bytes): b'079319992_user..\r\n'
2025-04-15 07:09:44 - INFO - logger - log_event - Decoded data (str): 079319992_user..
2025-04-15 07:09:44 - INFO - logger - log_event - Parsed Data: ['079319992', 'user']
2025-04-15 07:09:44 - INFO - logger - log_event - Send data to handle_serial_data: ['079319992', 'user']
2025-04-15 07:09:44 - INFO - logger - log_event - Данные перед очисткой: ['079319992', 'user']
2025-04-15 07:09:44 - INFO - logger - log_event - Очищенные данные: ['079319992', 'user']
2025-04-15 07:09:44 - INFO - logger - log_event - Пользователь с UID: 079319992
2025-04-15 07:09:44 - INFO - logger - log_event - Raw data (bytes): b'\r\n'
2025-04-15 07:09:44 - INFO - logger - log_event - Попытка аутентификации пользователя с UID: 079319992
2025-04-15 07:09:44 - INFO - logger - log_event - Decoded data (str): 
2025-04-15 07:09:44 - INFO - logger - log_event - Запрос: {'type': 'user', 'uid': '079319992', 'id': None}
2025-04-15 07:09:44 - INFO - logger - log_event - Get NULL
2025-04-15 07:09:44 - INFO - logger - log_event - Ответ: {'status': 'ok', 'name': 'Кирилл', 'surname': 'Лебедев', 'id': 4}
2025-04-15 07:09:44 - INFO - logger - log_event - Ответ сервера: {'status': 'ok', 'name': 'Кирилл', 'surname': 'Лебедев', 'id': 4}
2025-04-15 07:09:44 - INFO - logger - log_event - Данные пользователя в корне ответа: {'status': 'ok', 'name': 'Кирилл', 'surname': 'Лебедев', 'id': 4}
2025-04-15 07:09:46 - INFO - logger - log_event - Запрос на создание сессии: {'type': 'startSession', 'name': 'Кирилл', 'surname': 'Лебедев', 'work_description': 'Без детали'}
2025-04-15 07:09:46 - INFO - logger - log_event - Запрос: {'type': 'startSession', 'name': 'Кирилл', 'surname': 'Лебедев', 'work_description': 'Без детали', 'id': None}
2025-04-15 07:09:47 - INFO - logger - log_event - Ответ: {'status': 'ok'}
2025-04-15 07:09:47 - INFO - logger - log_event - Ответ на создание сессии: {'status': 'ok'}
2025-04-15 07:09:47 - INFO - logger - log_event - Сессия успешно начата: Лебедев Кирилл
2025-04-15 07:09:47 - INFO - logger - log_event - Устанавливаем переменную config.user: Лебедев Кирилл
2025-04-15 07:09:47 - INFO - logger - log_event - Устанавливаем переменную config.Name: Лебедев Кирилл
2025-04-15 07:09:47 - INFO - logger - log_event - Установлено значение config.Name: Лебедев Кирилл
2025-04-15 07:09:47 - INFO - logger - log_event - Успешная аутентификация пользователя: Лебедев Кирилл
2025-04-15 07:09:50 - INFO - logger - log_event - Raw data (bytes): b'SN003_detail....\r\n'
2025-04-15 07:09:50 - INFO - logger - log_event - Decoded data (str): SN003_detail....
2025-04-15 07:09:50 - INFO - logger - log_event - Parsed Data: ['SN003', 'detail']
2025-04-15 07:09:50 - INFO - logger - log_event - Send data to handle_serial_data: ['SN003', 'detail']
2025-04-15 07:09:50 - INFO - logger - log_event - Данные перед очисткой: ['SN003', 'detail']
2025-04-15 07:09:50 - INFO - logger - log_event - Очищенные данные: ['SN003', 'detail']
2025-04-15 07:09:50 - INFO - logger - log_event - Получены данные из порта: SN003
2025-04-15 07:09:50 - INFO - logger - log_event - Raw data (bytes): b'\r\n'
2025-04-15 07:09:50 - INFO - logger - log_event - Запрос данных о детали с серийным номером: SN003
2025-04-15 07:09:50 - INFO - logger - log_event - Decoded data (str): 
2025-04-15 07:09:50 - INFO - logger - log_event - Текущее состояние: Name='Лебедев Кирилл', auth=True, session_on=True
2025-04-15 07:09:50 - INFO - logger - log_event - Get NULL
2025-04-15 07:09:50 - INFO - logger - log_event - Запрос: {'type': 'details', 'serial': 'SN003', 'id': 4}
2025-04-15 07:09:50 - INFO - logger - log_event - Ответ: {'status': 'ok', 'data': {'id': 3, 'name': 'МЕТРАН 150', 'serial_number': 'SN003', 'defective': False, 'stage': 'Хранение', 'sector': 'Сектор 1А', 'time': '{"mark": {"time": "2025-04-15 09:04:47", "user": 4}, "сборка": {"end": "2025-04-15 09:04:59", "user": 4, "start": "2025-04-15 09:04:56"}, "упаковка": {"end": "2025-04-15 09:06:05", "user": 4, "start": "2025-04-15 09:05:47"}, "тестирование": {"end": "2025-04-15 09:05:41", "user": 4, "start": "2025-04-15 09:05:36"}}', 'identified_by': None, 'defect_stage_id': None}}
2025-04-15 07:09:50 - INFO - logger - log_event - Ответ от сервера: {'status': 'ok', 'data': {'id': 3, 'name': 'МЕТРАН 150', 'serial_number': 'SN003', 'defective': False, 'stage': 'Хранение', 'sector': 'Сектор 1А', 'time': '{"mark": {"time": "2025-04-15 09:04:47", "user": 4}, "сборка": {"end": "2025-04-15 09:04:59", "user": 4, "start": "2025-04-15 09:04:56"}, "упаковка": {"end": "2025-04-15 09:06:05", "user": 4, "start": "2025-04-15 09:05:47"}, "тестирование": {"end": "2025-04-15 09:05:41", "user": 4, "start": "2025-04-15 09:05:36"}}', 'identified_by': None, 'defect_stage_id': None}}
2025-04-15 07:09:50 - INFO - logger - log_event - Начало работы над деталью. Текущее значение Name: 'Лебедев Кирилл'
2025-04-15 07:09:50 - INFO - logger - log_event - Используем части имени из Name: фамилия='Лебедев', имя='Кирилл'
2025-04-15 07:09:50 - INFO - logger - log_event - Будет использоваться: фамилия='Лебедев', имя='Кирилл'
2025-04-15 07:09:50 - INFO - logger - log_event - Данные детали: {'id': 3, 'name': 'МЕТРАН 150', 'serial_number': 'SN003', 'defective': False, 'stage': 'Хранение', 'sector': 'Сектор 1А', 'time': '{"mark": {"time": "2025-04-15 09:04:47", "user": 4}, "сборка": {"end": "2025-04-15 09:04:59", "user": 4, "start": "2025-04-15 09:04:56"}, "упаковка": {"end": "2025-04-15 09:06:05", "user": 4, "start": "2025-04-15 09:05:47"}, "тестирование": {"end": "2025-04-15 09:05:41", "user": 4, "start": "2025-04-15 09:05:36"}}', 'identified_by': None, 'defect_stage_id': None}
2025-04-15 07:09:50 - INFO - logger - log_event - Запрос: {'type': 'updateSessionDescription', 'name': 'Кирилл', 'surname': 'Лебедев', 'new_description': 'смотрит информацию о SN003', 'id': 4}
2025-04-15 07:10:01 - INFO - logger - log_event - Ответ: {'status': 'ok'}
2025-04-15 07:10:01 - INFO - logger - log_event - Ответ на обновление описания сессии: {'status': 'ok'}
2025-04-15 07:10:16 - INFO - logger - log_event - Информация о детали сброшена пользователем без изменения статуса на сервере
2025-04-15 07:10:25 - INFO - logger - log_event - Информация о детали сброшена пользователем без изменения статуса на сервере
2025-04-15 07:10:27 - INFO - logger - log_event - Информация о детали сброшена пользователем без изменения статуса на сервере
2025-04-15 07:10:45 - INFO - logger - log_event - окно подтверждения открыто
2025-04-15 07:10:47 - INFO - logger - log_event - Данные маркировки подтверждены
2025-04-15 07:10:47 - INFO - logger - log_event - Send to write wSN004_detail..............
2025-04-15 07:10:47 - INFO - logger - log_event - Raw data (bytes): b'\xd0\x9f\xd0\xbe\xd0\xb4\xd0\xbd\xd0\xb5\xd1\x81\xd0\xb8\xd1\x82\xd0\xb5 \xd0\xba\xd0\xb0\xd1\x80\xd1\x82\xd1\x83 \xd0\xb4\xd0\xbb\xd1\x8f \xd0\xb7\xd0\xb0\xd0\xbf\xd0\xb8\xd1\x81\xd0\xb8 \xd0\xb4\xd0\xb0\xd0\xbd\xd0\xbd\xd1\x8b\xd1\x85...SN004_detail....\r\n'
2025-04-15 07:10:47 - INFO - logger - log_event - Decoded data (str): Поднесите карту для записи данных...SN004_detail....
2025-04-15 07:10:47 - INFO - logger - log_event - Ожидание поднесения карты
2025-04-15 07:10:47 - INFO - logger - log_event - Ожидание поднесения карты пользователем
2025-04-15 07:10:48 - INFO - logger - log_event - Raw data (bytes): b'WRITE_SUCCESS\r\n'
2025-04-15 07:10:48 - INFO - logger - log_event - Decoded data (str): WRITE_SUCCESS
2025-04-15 07:10:48 - INFO - logger - log_event - Write secces
2025-04-15 07:10:48 - INFO - logger - log_event - Метка успешно записана
2025-04-15 07:10:48 - INFO - logger - log_event - Маркировка вручную: {'type': 'mark', 'name': 'МЕТРАН 150', 'serial': 'SN004', 'time': '2025-04-15 09:10:48'}
2025-04-15 07:10:48 - INFO - logger - log_event - Запрос: {'type': 'mark', 'name': 'МЕТРАН 150', 'serial': 'SN004', 'time': '2025-04-15 09:10:48', 'id': 4}
2025-04-15 07:10:49 - INFO - logger - log_event - Ответ: {'status': 'ok'}
2025-04-15 07:10:49 - INFO - logger - log_event - Ответ от сервера: {'status': 'ok'}
2025-04-15 07:11:00 - INFO - logger - log_event - Raw data (bytes): b'SN004_detail....\r\n'
2025-04-15 07:11:00 - INFO - logger - log_event - Decoded data (str): SN004_detail....
2025-04-15 07:11:00 - INFO - logger - log_event - Parsed Data: ['SN004', 'detail']
2025-04-15 07:11:00 - INFO - logger - log_event - Send data to handle_serial_data: ['SN004', 'detail']
2025-04-15 07:11:00 - INFO - logger - log_event - Данные перед очисткой: ['SN004', 'detail']
2025-04-15 07:11:00 - INFO - logger - log_event - Очищенные данные: ['SN004', 'detail']
2025-04-15 07:11:00 - INFO - logger - log_event - Raw data (bytes): b'\r\n'
2025-04-15 07:11:00 - INFO - logger - log_event - Получены данные из порта: SN004
2025-04-15 07:11:00 - INFO - logger - log_event - Decoded data (str): 
2025-04-15 07:11:00 - INFO - logger - log_event - Запрос данных о детали с серийным номером: SN004
2025-04-15 07:11:00 - INFO - logger - log_event - Get NULL
2025-04-15 07:11:00 - INFO - logger - log_event - Текущее состояние: Name='Лебедев Кирилл', auth=True, session_on=True
2025-04-15 07:11:00 - INFO - logger - log_event - Запрос: {'type': 'details', 'serial': 'SN004', 'id': 4}
2025-04-15 07:11:00 - INFO - logger - log_event - Ответ: {'status': 'ok', 'data': {'id': 4, 'name': 'МЕТРАН 150', 'serial_number': 'SN004', 'defective': False, 'stage': 'Маркировка', 'sector': None, 'time': '{"mark": {"time": "2025-04-15 09:10:48", "user": 4}}', 'identified_by': None, 'defect_stage_id': None}}
2025-04-15 07:11:00 - INFO - logger - log_event - Ответ от сервера: {'status': 'ok', 'data': {'id': 4, 'name': 'МЕТРАН 150', 'serial_number': 'SN004', 'defective': False, 'stage': 'Маркировка', 'sector': None, 'time': '{"mark": {"time": "2025-04-15 09:10:48", "user": 4}}', 'identified_by': None, 'defect_stage_id': None}}
2025-04-15 07:11:00 - INFO - logger - log_event - Начало работы над деталью. Текущее значение Name: 'Лебедев Кирилл'
2025-04-15 07:11:00 - INFO - logger - log_event - Используем части имени из Name: фамилия='Лебедев', имя='Кирилл'
2025-04-15 07:11:00 - INFO - logger - log_event - Будет использоваться: фамилия='Лебедев', имя='Кирилл'
2025-04-15 07:11:00 - INFO - logger - log_event - Данные детали: {'id': 4, 'name': 'МЕТРАН 150', 'serial_number': 'SN004', 'defective': False, 'stage': 'Маркировка', 'sector': None, 'time': '{"mark": {"time": "2025-04-15 09:10:48", "user": 4}}', 'identified_by': None, 'defect_stage_id': None}
2025-04-15 07:11:00 - INFO - logger - log_event - Запрос обновления описания сессии: {'type': 'updateSessionDescription', 'name': 'Кирилл', 'surname': 'Лебедев', 'new_description': 'Сборка SN004'}
2025-04-15 07:11:00 - INFO - logger - log_event - Состояние сессии: auth=True, session_on=True
2025-04-15 07:11:00 - INFO - logger - log_event - Запрос: {'type': 'updateSessionDescription', 'name': 'Кирилл', 'surname': 'Лебедев', 'new_description': 'Сборка SN004', 'id': 4}
2025-04-15 07:11:02 - INFO - logger - log_event - Ответ: {'status': 'ok'}
2025-04-15 07:11:02 - INFO - logger - log_event - Ответ на обновление описания сессии: {'status': 'ok'}
2025-04-15 07:11:05 - INFO - logger - log_event - Работа над деталью закончена
2025-04-15 07:11:05 - INFO - logger - log_event - Запрос: {'type': 'updatestage', 'stage': 'Сборка', 'serial': 'SN004', 'start': '2025-04-15 09:11:00', 'end': '2025-04-15 09:11:05', 'id': 4}
2025-04-15 07:11:05 - INFO - logger - log_event - Ответ: {'status': 'ok'}
2025-04-15 07:11:05 - INFO - logger - log_event - Получены части имени для указания отдыха: фамилия='Лебедев', имя='Кирилл'
2025-04-15 07:11:05 - INFO - logger - log_event - Запрос на обновление статуса на 'Отдых': {'type': 'updateSessionDescription', 'name': 'Кирилл', 'surname': 'Лебедев', 'new_description': 'Отдых'}
2025-04-15 07:11:05 - INFO - logger - log_event - Запрос: {'type': 'updateSessionDescription', 'name': 'Кирилл', 'surname': 'Лебедев', 'new_description': 'Отдых', 'id': 4}
2025-04-15 07:11:05 - INFO - logger - log_event - Ответ: {'status': 'ok'}
2025-04-15 07:11:05 - INFO - logger - log_event - Результат обновления статуса: {'status': 'ok'}
2025-04-15 07:11:08 - INFO - logger - log_event - Raw data (bytes): b'SN004_detail....\r\n'
2025-04-15 07:11:08 - INFO - logger - log_event - Decoded data (str): SN004_detail....
2025-04-15 07:11:08 - INFO - logger - log_event - Parsed Data: ['SN004', 'detail']
2025-04-15 07:11:08 - INFO - logger - log_event - Send data to handle_serial_data: ['SN004', 'detail']
2025-04-15 07:11:08 - INFO - logger - log_event - Данные перед очисткой: ['SN004', 'detail']
2025-04-15 07:11:08 - INFO - logger - log_event - Очищенные данные: ['SN004', 'detail']
2025-04-15 07:11:08 - INFO - logger - log_event - Получены данные из порта: SN004
2025-04-15 07:11:08 - INFO - logger - log_event - Запрос данных о детали с серийным номером: SN004
2025-04-15 07:11:08 - INFO - logger - log_event - Raw data (bytes): b'\r\n'
2025-04-15 07:11:08 - INFO - logger - log_event - Текущее состояние: Name='Лебедев Кирилл', auth=True, session_on=True
2025-04-15 07:11:08 - INFO - logger - log_event - Decoded data (str): 
2025-04-15 07:11:08 - INFO - logger - log_event - Запрос: {'type': 'details', 'serial': 'SN004', 'id': 4}
2025-04-15 07:11:08 - INFO - logger - log_event - Get NULL
2025-04-15 07:11:08 - INFO - logger - log_event - Ответ: {'status': 'ok', 'data': {'id': 4, 'name': 'МЕТРАН 150', 'serial_number': 'SN004', 'defective': False, 'stage': 'Сборка', 'sector': None, 'time': '{"mark": {"time": "2025-04-15 09:10:48", "user": 4}, "сборка": {"end": "2025-04-15 09:11:05", "user": 4, "start": "2025-04-15 09:11:00"}}', 'identified_by': None, 'defect_stage_id': None}}
2025-04-15 07:11:08 - INFO - logger - log_event - Ответ от сервера: {'status': 'ok', 'data': {'id': 4, 'name': 'МЕТРАН 150', 'serial_number': 'SN004', 'defective': False, 'stage': 'Сборка', 'sector': None, 'time': '{"mark": {"time": "2025-04-15 09:10:48", "user": 4}, "сборка": {"end": "2025-04-15 09:11:05", "user": 4, "start": "2025-04-15 09:11:00"}}', 'identified_by': None, 'defect_stage_id': None}}
2025-04-15 07:11:08 - INFO - logger - log_event - Начало работы над деталью. Текущее значение Name: 'Лебедев Кирилл'
2025-04-15 07:11:08 - INFO - logger - log_event - Используем части имени из Name: фамилия='Лебедев', имя='Кирилл'
2025-04-15 07:11:08 - INFO - logger - log_event - Будет использоваться: фамилия='Лебедев', имя='Кирилл'
2025-04-15 07:11:08 - INFO - logger - log_event - Данные детали: {'id': 4, 'name': 'МЕТРАН 150', 'serial_number': 'SN004', 'defective': False, 'stage': 'Сборка', 'sector': None, 'time': '{"mark": {"time": "2025-04-15 09:10:48", "user": 4}, "сборка": {"end": "2025-04-15 09:11:05", "user": 4, "start": "2025-04-15 09:11:00"}}', 'identified_by': None, 'defect_stage_id': None}
2025-04-15 07:11:08 - INFO - logger - log_event - Запрос обновления описания сессии: {'type': 'updateSessionDescription', 'name': 'Кирилл', 'surname': 'Лебедев', 'new_description': 'Тестирование SN004'}
2025-04-15 07:11:08 - INFO - logger - log_event - Состояние сессии: auth=True, session_on=True
2025-04-15 07:11:08 - INFO - logger - log_event - Запрос: {'type': 'updateSessionDescription', 'name': 'Кирилл', 'surname': 'Лебедев', 'new_description': 'Тестирование SN004', 'id': 4}
2025-04-15 07:11:08 - INFO - logger - log_event - Ответ: {'status': 'ok'}
2025-04-15 07:11:08 - INFO - logger - log_event - Ответ на обновление описания сессии: {'status': 'ok'}
2025-04-15 07:11:12 - INFO - logger - log_event - Запрос: {'type': 'updatestage', 'stage': 'Тестирование', 'serial': 'SN004', 'start': '2025-04-15 09:11:08', 'end': '2025-04-15 09:11:12', 'id': 4}
2025-04-15 07:11:12 - INFO - logger - log_event - Ответ: {'status': 'ok'}
2025-04-15 07:11:12 - INFO - logger - log_event - Получены части имени для указания отдыха: фамилия='Лебедев', имя='Кирилл'
2025-04-15 07:11:12 - INFO - logger - log_event - Запрос на обновление статуса на 'Отдых': {'type': 'updateSessionDescription', 'name': 'Кирилл', 'surname': 'Лебедев', 'new_description': 'Отдых'}
2025-04-15 07:11:12 - INFO - logger - log_event - Запрос: {'type': 'updateSessionDescription', 'name': 'Кирилл', 'surname': 'Лебедев', 'new_description': 'Отдых', 'id': 4}
2025-04-15 07:11:12 - INFO - logger - log_event - Ответ: {'status': 'ok'}
2025-04-15 07:11:12 - INFO - logger - log_event - Результат обновления статуса: {'status': 'ok'}
2025-04-15 07:11:12 - INFO - logger - log_event - Работа над деталью закончена
2025-04-15 07:11:15 - INFO - logger - log_event - Raw data (bytes): b'SN004_detail....\r\n'
2025-04-15 07:11:15 - INFO - logger - log_event - Decoded data (str): SN004_detail....
2025-04-15 07:11:15 - INFO - logger - log_event - Parsed Data: ['SN004', 'detail']
2025-04-15 07:11:15 - INFO - logger - log_event - Send data to handle_serial_data: ['SN004', 'detail']
2025-04-15 07:11:15 - INFO - logger - log_event - Данные перед очисткой: ['SN004', 'detail']
2025-04-15 07:11:15 - INFO - logger - log_event - Очищенные данные: ['SN004', 'detail']
2025-04-15 07:11:15 - INFO - logger - log_event - Raw data (bytes): b'\r\n'
2025-04-15 07:11:15 - INFO - logger - log_event - Получены данные из порта: SN004
2025-04-15 07:11:15 - INFO - logger - log_event - Decoded data (str): 
2025-04-15 07:11:15 - INFO - logger - log_event - Запрос данных о детали с серийным номером: SN004
2025-04-15 07:11:15 - INFO - logger - log_event - Get NULL
2025-04-15 07:11:15 - INFO - logger - log_event - Текущее состояние: Name='Лебедев Кирилл', auth=True, session_on=True
2025-04-15 07:11:15 - INFO - logger - log_event - Запрос: {'type': 'details', 'serial': 'SN004', 'id': 4}
2025-04-15 07:11:15 - INFO - logger - log_event - Ответ: {'status': 'ok', 'data': {'id': 4, 'name': 'МЕТРАН 150', 'serial_number': 'SN004', 'defective': False, 'stage': 'Тестирование', 'sector': None, 'time': '{"mark": {"time": "2025-04-15 09:10:48", "user": 4}, "сборка": {"end": "2025-04-15 09:11:05", "user": 4, "start": "2025-04-15 09:11:00"}, "тестирование": {"end": "2025-04-15 09:11:12", "user": 4, "start": "2025-04-15 09:11:08"}}', 'identified_by': None, 'defect_stage_id': None}}
2025-04-15 07:11:15 - INFO - logger - log_event - Ответ от сервера: {'status': 'ok', 'data': {'id': 4, 'name': 'МЕТРАН 150', 'serial_number': 'SN004', 'defective': False, 'stage': 'Тестирование', 'sector': None, 'time': '{"mark": {"time": "2025-04-15 09:10:48", "user": 4}, "сборка": {"end": "2025-04-15 09:11:05", "user": 4, "start": "2025-04-15 09:11:00"}, "тестирование": {"end": "2025-04-15 09:11:12", "user": 4, "start": "2025-04-15 09:11:08"}}', 'identified_by': None, 'defect_stage_id': None}}
2025-04-15 07:11:15 - INFO - logger - log_event - Начало работы над деталью. Текущее значение Name: 'Лебедев Кирилл'
2025-04-15 07:11:15 - INFO - logger - log_event - Используем части имени из Name: фамилия='Лебедев', имя='Кирилл'
2025-04-15 07:11:15 - INFO - logger - log_event - Будет использоваться: фамилия='Лебедев', имя='Кирилл'
2025-04-15 07:11:15 - INFO - logger - log_event - Данные детали: {'id': 4, 'name': 'МЕТРАН 150', 'serial_number': 'SN004', 'defective': False, 'stage': 'Тестирование', 'sector': None, 'time': '{"mark": {"time": "2025-04-15 09:10:48", "user": 4}, "сборка": {"end": "2025-04-15 09:11:05", "user": 4, "start": "2025-04-15 09:11:00"}, "тестирование": {"end": "2025-04-15 09:11:12", "user": 4, "start": "2025-04-15 09:11:08"}}', 'identified_by': None, 'defect_stage_id': None}
2025-04-15 07:11:15 - INFO - logger - log_event - Запрос обновления описания сессии: {'type': 'updateSessionDescription', 'name': 'Кирилл', 'surname': 'Лебедев', 'new_description': 'Упаковка SN004'}
2025-04-15 07:11:15 - INFO - logger - log_event - Состояние сессии: auth=True, session_on=True
2025-04-15 07:11:15 - INFO - logger - log_event - Запрос: {'type': 'updateSessionDescription', 'name': 'Кирилл', 'surname': 'Лебедев', 'new_description': 'Упаковка SN004', 'id': 4}
2025-04-15 07:11:15 - INFO - logger - log_event - Ответ: {'status': 'ok'}
2025-04-15 07:11:15 - INFO - logger - log_event - Ответ на обновление описания сессии: {'status': 'ok'}
2025-04-15 07:11:17 - INFO - logger - log_event - Работа над деталью закончена
2025-04-15 07:11:17 - INFO - logger - log_event - Запрос: {'type': 'updatestage', 'stage': 'Упаковка', 'serial': 'SN004', 'start': '2025-04-15 09:11:15', 'end': '2025-04-15 09:11:17', 'id': 4}
2025-04-15 07:11:17 - INFO - logger - log_event - Ответ: {'status': 'ok', 'sector': '1А'}
2025-04-15 07:11:17 - INFO - logger - log_event - Получены части имени для указания отдыха: фамилия='Лебедев', имя='Кирилл'
2025-04-15 07:11:17 - INFO - logger - log_event - Запрос на обновление статуса на 'Отдых': {'type': 'updateSessionDescription', 'name': 'Кирилл', 'surname': 'Лебедев', 'new_description': 'Отдых'}
2025-04-15 07:11:17 - INFO - logger - log_event - Запрос: {'type': 'updateSessionDescription', 'name': 'Кирилл', 'surname': 'Лебедев', 'new_description': 'Отдых', 'id': 4}
2025-04-15 07:11:17 - INFO - logger - log_event - Ответ: {'status': 'ok'}
2025-04-15 07:11:17 - INFO - logger - log_event - Результат обновления статуса: {'status': 'ok'}
2025-04-15 07:11:23 - INFO - logger - log_event - окно подтверждения открыто
2025-04-15 07:11:24 - INFO - logger - log_event - Данные маркировки подтверждены
2025-04-15 07:11:24 - INFO - logger - log_event - Send to write wSN005_detail..............
2025-04-15 07:11:25 - INFO - logger - log_event - Raw data (bytes): b'\xd0\x9f\xd0\xbe\xd0\xb4\xd0\xbd\xd0\xb5\xd1\x81\xd0\xb8\xd1\x82\xd0\xb5 \xd0\xba\xd0\xb0\xd1\x80\xd1\x82\xd1\x83 \xd0\xb4\xd0\xbb\xd1\x8f \xd0\xb7\xd0\xb0\xd0\xbf\xd0\xb8\xd1\x81\xd0\xb8 \xd0\xb4\xd0\xb0\xd0\xbd\xd0\xbd\xd1\x8b\xd1\x85...SN005_detail....\r\n'
2025-04-15 07:11:25 - INFO - logger - log_event - Decoded data (str): Поднесите карту для записи данных...SN005_detail....
2025-04-15 07:11:25 - INFO - logger - log_event - Ожидание поднесения карты
2025-04-15 07:11:25 - INFO - logger - log_event - Ожидание поднесения карты пользователем
2025-04-15 07:11:26 - INFO - logger - log_event - Raw data (bytes): b'WRITE_SUCCESS\r\n'
2025-04-15 07:11:26 - INFO - logger - log_event - Decoded data (str): WRITE_SUCCESS
2025-04-15 07:11:26 - INFO - logger - log_event - Write secces
2025-04-15 07:11:26 - INFO - logger - log_event - Метка успешно записана
2025-04-15 07:11:26 - INFO - logger - log_event - Маркировка вручную: {'type': 'mark', 'name': 'МЕТРАН 150', 'serial': 'SN005', 'time': '2025-04-15 09:11:26'}
2025-04-15 07:11:26 - INFO - logger - log_event - Запрос: {'type': 'mark', 'name': 'МЕТРАН 150', 'serial': 'SN005', 'time': '2025-04-15 09:11:26', 'id': 4}
2025-04-15 07:11:26 - INFO - logger - log_event - Ответ: {'status': 'ok'}
2025-04-15 07:11:26 - INFO - logger - log_event - Ответ от сервера: {'status': 'ok'}
2025-04-15 07:11:30 - INFO - logger - log_event - Raw data (bytes): b'SN005_detail....\r\n'
2025-04-15 07:11:30 - INFO - logger - log_event - Decoded data (str): SN005_detail....
2025-04-15 07:11:30 - INFO - logger - log_event - Parsed Data: ['SN005', 'detail']
2025-04-15 07:11:30 - INFO - logger - log_event - Send data to handle_serial_data: ['SN005', 'detail']
2025-04-15 07:11:30 - INFO - logger - log_event - Данные перед очисткой: ['SN005', 'detail']
2025-04-15 07:11:30 - INFO - logger - log_event - Очищенные данные: ['SN005', 'detail']
2025-04-15 07:11:30 - INFO - logger - log_event - Получены данные из порта: SN005
2025-04-15 07:11:30 - INFO - logger - log_event - Запрос данных о детали с серийным номером: SN005
2025-04-15 07:11:30 - INFO - logger - log_event - Raw data (bytes): b'\r\n'
2025-04-15 07:11:30 - INFO - logger - log_event - Текущее состояние: Name='Лебедев Кирилл', auth=True, session_on=True
2025-04-15 07:11:30 - INFO - logger - log_event - Decoded data (str): 
2025-04-15 07:11:30 - INFO - logger - log_event - Запрос: {'type': 'details', 'serial': 'SN005', 'id': 4}
2025-04-15 07:11:30 - INFO - logger - log_event - Get NULL
2025-04-15 07:11:30 - INFO - logger - log_event - Ответ: {'status': 'ok', 'data': {'id': 5, 'name': 'МЕТРАН 150', 'serial_number': 'SN005', 'defective': False, 'stage': 'Маркировка', 'sector': None, 'time': '{"mark": {"time": "2025-04-15 09:11:26", "user": 4}}', 'identified_by': None, 'defect_stage_id': None}}
2025-04-15 07:11:30 - INFO - logger - log_event - Ответ от сервера: {'status': 'ok', 'data': {'id': 5, 'name': 'МЕТРАН 150', 'serial_number': 'SN005', 'defective': False, 'stage': 'Маркировка', 'sector': None, 'time': '{"mark": {"time": "2025-04-15 09:11:26", "user": 4}}', 'identified_by': None, 'defect_stage_id': None}}
2025-04-15 07:11:30 - INFO - logger - log_event - Начало работы над деталью. Текущее значение Name: 'Лебедев Кирилл'
2025-04-15 07:11:30 - INFO - logger - log_event - Используем части имени из Name: фамилия='Лебедев', имя='Кирилл'
2025-04-15 07:11:30 - INFO - logger - log_event - Будет использоваться: фамилия='Лебедев', имя='Кирилл'
2025-04-15 07:11:30 - INFO - logger - log_event - Данные детали: {'id': 5, 'name': 'МЕТРАН 150', 'serial_number': 'SN005', 'defective': False, 'stage': 'Маркировка', 'sector': None, 'time': '{"mark": {"time": "2025-04-15 09:11:26", "user": 4}}', 'identified_by': None, 'defect_stage_id': None}
2025-04-15 07:11:30 - INFO - logger - log_event - Запрос обновления описания сессии: {'type': 'updateSessionDescription', 'name': 'Кирилл', 'surname': 'Лебедев', 'new_description': 'Сборка SN005'}
2025-04-15 07:11:30 - INFO - logger - log_event - Состояние сессии: auth=True, session_on=True
2025-04-15 07:11:30 - INFO - logger - log_event - Запрос: {'type': 'updateSessionDescription', 'name': 'Кирилл', 'surname': 'Лебедев', 'new_description': 'Сборка SN005', 'id': 4}
2025-04-15 07:11:30 - INFO - logger - log_event - Ответ: {'status': 'ok'}
2025-04-15 07:11:30 - INFO - logger - log_event - Ответ на обновление описания сессии: {'status': 'ok'}
2025-04-15 07:11:35 - INFO - logger - log_event - Работа над деталью закончена
2025-04-15 07:11:35 - INFO - logger - log_event - Запрос: {'type': 'updatestage', 'stage': 'Сборка', 'serial': 'SN005', 'start': '2025-04-15 09:11:30', 'end': '2025-04-15 09:11:35', 'id': 4}
2025-04-15 07:11:35 - INFO - logger - log_event - Ответ: {'status': 'ok'}
2025-04-15 07:11:35 - INFO - logger - log_event - Получены части имени для указания отдыха: фамилия='Лебедев', имя='Кирилл'
2025-04-15 07:11:35 - INFO - logger - log_event - Запрос на обновление статуса на 'Отдых': {'type': 'updateSessionDescription', 'name': 'Кирилл', 'surname': 'Лебедев', 'new_description': 'Отдых'}
2025-04-15 07:11:35 - INFO - logger - log_event - Запрос: {'type': 'updateSessionDescription', 'name': 'Кирилл', 'surname': 'Лебедев', 'new_description': 'Отдых', 'id': 4}
2025-04-15 07:11:35 - INFO - logger - log_event - Ответ: {'status': 'ok'}
2025-04-15 07:11:35 - INFO - logger - log_event - Результат обновления статуса: {'status': 'ok'}
2025-04-15 07:11:37 - INFO - logger - log_event - Raw data (bytes): b'SN005_detail....\r\n'
2025-04-15 07:11:37 - INFO - logger - log_event - Decoded data (str): SN005_detail....
2025-04-15 07:11:37 - INFO - logger - log_event - Parsed Data: ['SN005', 'detail']
2025-04-15 07:11:37 - INFO - logger - log_event - Send data to handle_serial_data: ['SN005', 'detail']
2025-04-15 07:11:37 - INFO - logger - log_event - Данные перед очисткой: ['SN005', 'detail']
2025-04-15 07:11:37 - INFO - logger - log_event - Очищенные данные: ['SN005', 'detail']
2025-04-15 07:11:37 - INFO - logger - log_event - Получены данные из порта: SN005
2025-04-15 07:11:37 - INFO - logger - log_event - Raw data (bytes): b'\r\n'
2025-04-15 07:11:37 - INFO - logger - log_event - Запрос данных о детали с серийным номером: SN005
2025-04-15 07:11:37 - INFO - logger - log_event - Decoded data (str): 
2025-04-15 07:11:37 - INFO - logger - log_event - Текущее состояние: Name='Лебедев Кирилл', auth=True, session_on=True
2025-04-15 07:11:37 - INFO - logger - log_event - Get NULL
2025-04-15 07:11:37 - INFO - logger - log_event - Запрос: {'type': 'details', 'serial': 'SN005', 'id': 4}
2025-04-15 07:11:44 - INFO - logger - log_event - Ответ: {'status': 'ok', 'data': {'id': 5, 'name': 'МЕТРАН 150', 'serial_number': 'SN005', 'defective': False, 'stage': 'Сборка', 'sector': None, 'time': '{"mark": {"time": "2025-04-15 09:11:26", "user": 4}, "сборка": {"end": "2025-04-15 09:11:35", "user": 4, "start": "2025-04-15 09:11:30"}}', 'identified_by': None, 'defect_stage_id': None}}
2025-04-15 07:11:44 - INFO - logger - log_event - Ответ от сервера: {'status': 'ok', 'data': {'id': 5, 'name': 'МЕТРАН 150', 'serial_number': 'SN005', 'defective': False, 'stage': 'Сборка', 'sector': None, 'time': '{"mark": {"time": "2025-04-15 09:11:26", "user": 4}, "сборка": {"end": "2025-04-15 09:11:35", "user": 4, "start": "2025-04-15 09:11:30"}}', 'identified_by': None, 'defect_stage_id': None}}
2025-04-15 07:11:44 - INFO - logger - log_event - Начало работы над деталью. Текущее значение Name: 'Лебедев Кирилл'
2025-04-15 07:11:44 - INFO - logger - log_event - Используем части имени из Name: фамилия='Лебедев', имя='Кирилл'
2025-04-15 07:11:44 - INFO - logger - log_event - Будет использоваться: фамилия='Лебедев', имя='Кирилл'
2025-04-15 07:11:44 - INFO - logger - log_event - Данные детали: {'id': 5, 'name': 'МЕТРАН 150', 'serial_number': 'SN005', 'defective': False, 'stage': 'Сборка', 'sector': None, 'time': '{"mark": {"time": "2025-04-15 09:11:26", "user": 4}, "сборка": {"end": "2025-04-15 09:11:35", "user": 4, "start": "2025-04-15 09:11:30"}}', 'identified_by': None, 'defect_stage_id': None}
2025-04-15 07:11:44 - INFO - logger - log_event - Запрос обновления описания сессии: {'type': 'updateSessionDescription', 'name': 'Кирилл', 'surname': 'Лебедев', 'new_description': 'Тестирование SN005'}
2025-04-15 07:11:44 - INFO - logger - log_event - Состояние сессии: auth=True, session_on=True
2025-04-15 07:11:44 - INFO - logger - log_event - Запрос: {'type': 'updateSessionDescription', 'name': 'Кирилл', 'surname': 'Лебедев', 'new_description': 'Тестирование SN005', 'id': 4}
2025-04-15 07:11:45 - INFO - logger - log_event - Ответ: {'status': 'ok'}
2025-04-15 07:11:45 - INFO - logger - log_event - Ответ на обновление описания сессии: {'status': 'ok'}
2025-04-15 07:11:57 - INFO - logger - log_event - Запрос: {'type': 'updatestage', 'stage': 'Тестирование', 'serial': 'SN005', 'start': '2025-04-15 09:11:44', 'end': '2025-04-15 09:11:57', 'id': 4}
2025-04-15 07:11:57 - INFO - logger - log_event - Ответ: {'status': 'ok'}
2025-04-15 07:11:57 - INFO - logger - log_event - Получены части имени для указания отдыха: фамилия='Лебедев', имя='Кирилл'
2025-04-15 07:11:57 - INFO - logger - log_event - Запрос на обновление статуса на 'Отдых': {'type': 'updateSessionDescription', 'name': 'Кирилл', 'surname': 'Лебедев', 'new_description': 'Отдых'}
2025-04-15 07:11:57 - INFO - logger - log_event - Запрос: {'type': 'updateSessionDescription', 'name': 'Кирилл', 'surname': 'Лебедев', 'new_description': 'Отдых', 'id': 4}
2025-04-15 07:11:57 - INFO - logger - log_event - Ответ: {'status': 'ok'}
2025-04-15 07:11:57 - INFO - logger - log_event - Результат обновления статуса: {'status': 'ok'}
2025-04-15 07:11:57 - INFO - logger - log_event - Работа над деталью закончена
2025-04-15 07:11:58 - INFO - logger - log_event - Raw data (bytes): b'SN005_detail....\r\n'
2025-04-15 07:11:58 - INFO - logger - log_event - Decoded data (str): SN005_detail....
2025-04-15 07:11:58 - INFO - logger - log_event - Parsed Data: ['SN005', 'detail']
2025-04-15 07:11:58 - INFO - logger - log_event - Send data to handle_serial_data: ['SN005', 'detail']
2025-04-15 07:11:58 - INFO - logger - log_event - Данные перед очисткой: ['SN005', 'detail']
2025-04-15 07:11:58 - INFO - logger - log_event - Raw data (bytes): b'\r\n'
2025-04-15 07:11:58 - INFO - logger - log_event - Очищенные данные: ['SN005', 'detail']
2025-04-15 07:11:58 - INFO - logger - log_event - Decoded data (str): 
2025-04-15 07:11:58 - INFO - logger - log_event - Получены данные из порта: SN005
2025-04-15 07:11:58 - INFO - logger - log_event - Get NULL
2025-04-15 07:11:58 - INFO - logger - log_event - Запрос данных о детали с серийным номером: SN005
2025-04-15 07:11:58 - INFO - logger - log_event - Текущее состояние: Name='Лебедев Кирилл', auth=True, session_on=True
2025-04-15 07:11:58 - INFO - logger - log_event - Запрос: {'type': 'details', 'serial': 'SN005', 'id': 4}
2025-04-15 07:11:58 - INFO - logger - log_event - Ответ: {'status': 'ok', 'data': {'id': 5, 'name': 'МЕТРАН 150', 'serial_number': 'SN005', 'defective': False, 'stage': 'Тестирование', 'sector': None, 'time': '{"mark": {"time": "2025-04-15 09:11:26", "user": 4}, "сборка": {"end": "2025-04-15 09:11:35", "user": 4, "start": "2025-04-15 09:11:30"}, "тестирование": {"end": "2025-04-15 09:11:57", "user": 4, "start": "2025-04-15 09:11:44"}}', 'identified_by': None, 'defect_stage_id': None}}
2025-04-15 07:11:58 - INFO - logger - log_event - Ответ от сервера: {'status': 'ok', 'data': {'id': 5, 'name': 'МЕТРАН 150', 'serial_number': 'SN005', 'defective': False, 'stage': 'Тестирование', 'sector': None, 'time': '{"mark": {"time": "2025-04-15 09:11:26", "user": 4}, "сборка": {"end": "2025-04-15 09:11:35", "user": 4, "start": "2025-04-15 09:11:30"}, "тестирование": {"end": "2025-04-15 09:11:57", "user": 4, "start": "2025-04-15 09:11:44"}}', 'identified_by': None, 'defect_stage_id': None}}
2025-04-15 07:11:58 - INFO - logger - log_event - Начало работы над деталью. Текущее значение Name: 'Лебедев Кирилл'
2025-04-15 07:11:58 - INFO - logger - log_event - Используем части имени из Name: фамилия='Лебедев', имя='Кирилл'
2025-04-15 07:11:58 - INFO - logger - log_event - Будет использоваться: фамилия='Лебедев', имя='Кирилл'
2025-04-15 07:11:58 - INFO - logger - log_event - Данные детали: {'id': 5, 'name': 'МЕТРАН 150', 'serial_number': 'SN005', 'defective': False, 'stage': 'Тестирование', 'sector': None, 'time': '{"mark": {"time": "2025-04-15 09:11:26", "user": 4}, "сборка": {"end": "2025-04-15 09:11:35", "user": 4, "start": "2025-04-15 09:11:30"}, "тестирование": {"end": "2025-04-15 09:11:57", "user": 4, "start": "2025-04-15 09:11:44"}}', 'identified_by': None, 'defect_stage_id': None}
2025-04-15 07:11:58 - INFO - logger - log_event - Запрос обновления описания сессии: {'type': 'updateSessionDescription', 'name': 'Кирилл', 'surname': 'Лебедев', 'new_description': 'Упаковка SN005'}
2025-04-15 07:11:58 - INFO - logger - log_event - Состояние сессии: auth=True, session_on=True
2025-04-15 07:11:58 - INFO - logger - log_event - Запрос: {'type': 'updateSessionDescription', 'name': 'Кирилл', 'surname': 'Лебедев', 'new_description': 'Упаковка SN005', 'id': 4}
2025-04-15 07:11:59 - INFO - logger - log_event - Ответ: {'status': 'ok'}
2025-04-15 07:11:59 - INFO - logger - log_event - Ответ на обновление описания сессии: {'status': 'ok'}
2025-04-15 07:12:04 - INFO - logger - log_event - Работа над деталью закончена
2025-04-15 07:12:04 - INFO - logger - log_event - Запрос: {'type': 'updatestage', 'stage': 'Упаковка', 'serial': 'SN005', 'start': '2025-04-15 09:11:58', 'end': '2025-04-15 09:12:04', 'id': 4}
2025-04-15 07:12:04 - INFO - logger - log_event - Ответ: {'status': 'ok', 'sector': '1А'}
2025-04-15 07:12:04 - INFO - logger - log_event - Получены части имени для указания отдыха: фамилия='Лебедев', имя='Кирилл'
2025-04-15 07:12:04 - INFO - logger - log_event - Запрос на обновление статуса на 'Отдых': {'type': 'updateSessionDescription', 'name': 'Кирилл', 'surname': 'Лебедев', 'new_description': 'Отдых'}
2025-04-15 07:12:04 - INFO - logger - log_event - Запрос: {'type': 'updateSessionDescription', 'name': 'Кирилл', 'surname': 'Лебедев', 'new_description': 'Отдых', 'id': 4}
2025-04-15 07:12:04 - INFO - logger - log_event - Ответ: {'status': 'ok'}
2025-04-15 07:12:04 - INFO - logger - log_event - Результат обновления статуса: {'status': 'ok'}
2025-04-15 07:12:10 - INFO - logger - log_event - окно подтверждения открыто
2025-04-15 07:12:11 - INFO - logger - log_event - Данные маркировки подтверждены
2025-04-15 07:12:11 - INFO - logger - log_event - Send to write wSN006_detail..............
2025-04-15 07:12:11 - INFO - logger - log_event - Raw data (bytes): b'\xd0\x9f\xd0\xbe\xd0\xb4\xd0\xbd\xd0\xb5\xd1\x81\xd0\xb8\xd1\x82\xd0\xb5 \xd0\xba\xd0\xb0\xd1\x80\xd1\x82\xd1\x83 \xd0\xb4\xd0\xbb\xd1\x8f \xd0\xb7\xd0\xb0\xd0\xbf\xd0\xb8\xd1\x81\xd0\xb8 \xd0\xb4\xd0\xb0\xd0\xbd\xd0\xbd\xd1\x8b\xd1\x85...SN006_detail....\r\n'
2025-04-15 07:12:11 - INFO - logger - log_event - Decoded data (str): Поднесите карту для записи данных...SN006_detail....
2025-04-15 07:12:11 - INFO - logger - log_event - Ожидание поднесения карты
2025-04-15 07:12:11 - INFO - logger - log_event - Ожидание поднесения карты пользователем
2025-04-15 07:12:12 - INFO - logger - log_event - Raw data (bytes): b'WRITE_SUCCESS\r\n'
2025-04-15 07:12:12 - INFO - logger - log_event - Decoded data (str): WRITE_SUCCESS
2025-04-15 07:12:12 - INFO - logger - log_event - Write secces
2025-04-15 07:12:12 - INFO - logger - log_event - Метка успешно записана
2025-04-15 07:12:12 - INFO - logger - log_event - Маркировка вручную: {'type': 'mark', 'name': 'МЕТРАН 150', 'serial': 'SN006', 'time': '2025-04-15 09:12:12'}
2025-04-15 07:12:12 - INFO - logger - log_event - Запрос: {'type': 'mark', 'name': 'МЕТРАН 150', 'serial': 'SN006', 'time': '2025-04-15 09:12:12', 'id': 4}
2025-04-15 07:12:12 - INFO - logger - log_event - Ответ: {'status': 'ok'}
2025-04-15 07:12:12 - INFO - logger - log_event - Ответ от сервера: {'status': 'ok'}
2025-04-15 07:12:16 - INFO - logger - log_event - Raw data (bytes): b'SN006_detail....\r\n'
2025-04-15 07:12:16 - INFO - logger - log_event - Decoded data (str): SN006_detail....
2025-04-15 07:12:16 - INFO - logger - log_event - Parsed Data: ['SN006', 'detail']
2025-04-15 07:12:16 - INFO - logger - log_event - Send data to handle_serial_data: ['SN006', 'detail']
2025-04-15 07:12:16 - INFO - logger - log_event - Данные перед очисткой: ['SN006', 'detail']
2025-04-15 07:12:16 - INFO - logger - log_event - Очищенные данные: ['SN006', 'detail']
2025-04-15 07:12:16 - INFO - logger - log_event - Raw data (bytes): b'\r\n'
2025-04-15 07:12:16 - INFO - logger - log_event - Получены данные из порта: SN006
2025-04-15 07:12:16 - INFO - logger - log_event - Decoded data (str): 
2025-04-15 07:12:16 - INFO - logger - log_event - Запрос данных о детали с серийным номером: SN006
2025-04-15 07:12:16 - INFO - logger - log_event - Get NULL
2025-04-15 07:12:16 - INFO - logger - log_event - Текущее состояние: Name='Лебедев Кирилл', auth=True, session_on=True
2025-04-15 07:12:16 - INFO - logger - log_event - Запрос: {'type': 'details', 'serial': 'SN006', 'id': 4}
2025-04-15 07:12:16 - INFO - logger - log_event - Ответ: {'status': 'ok', 'data': {'id': 6, 'name': 'МЕТРАН 150', 'serial_number': 'SN006', 'defective': False, 'stage': 'Маркировка', 'sector': None, 'time': '{"mark": {"time": "2025-04-15 09:12:12", "user": 4}}', 'identified_by': None, 'defect_stage_id': None}}
2025-04-15 07:12:16 - INFO - logger - log_event - Ответ от сервера: {'status': 'ok', 'data': {'id': 6, 'name': 'МЕТРАН 150', 'serial_number': 'SN006', 'defective': False, 'stage': 'Маркировка', 'sector': None, 'time': '{"mark": {"time": "2025-04-15 09:12:12", "user": 4}}', 'identified_by': None, 'defect_stage_id': None}}
2025-04-15 07:12:16 - INFO - logger - log_event - Начало работы над деталью. Текущее значение Name: 'Лебедев Кирилл'
2025-04-15 07:12:16 - INFO - logger - log_event - Используем части имени из Name: фамилия='Лебедев', имя='Кирилл'
2025-04-15 07:12:16 - INFO - logger - log_event - Будет использоваться: фамилия='Лебедев', имя='Кирилл'
2025-04-15 07:12:16 - INFO - logger - log_event - Данные детали: {'id': 6, 'name': 'МЕТРАН 150', 'serial_number': 'SN006', 'defective': False, 'stage': 'Маркировка', 'sector': None, 'time': '{"mark": {"time": "2025-04-15 09:12:12", "user": 4}}', 'identified_by': None, 'defect_stage_id': None}
2025-04-15 07:12:16 - INFO - logger - log_event - Запрос обновления описания сессии: {'type': 'updateSessionDescription', 'name': 'Кирилл', 'surname': 'Лебедев', 'new_description': 'Сборка SN006'}
2025-04-15 07:12:16 - INFO - logger - log_event - Состояние сессии: auth=True, session_on=True
2025-04-15 07:12:16 - INFO - logger - log_event - Запрос: {'type': 'updateSessionDescription', 'name': 'Кирилл', 'surname': 'Лебедев', 'new_description': 'Сборка SN006', 'id': 4}
2025-04-15 07:12:16 - INFO - logger - log_event - Ответ: {'status': 'ok'}
2025-04-15 07:12:16 - INFO - logger - log_event - Ответ на обновление описания сессии: {'status': 'ok'}
2025-04-15 07:12:17 - INFO - logger - log_event - Работа над деталью закончена
2025-04-15 07:12:17 - INFO - logger - log_event - Запрос: {'type': 'updatestage', 'stage': 'Сборка', 'serial': 'SN006', 'start': '2025-04-15 09:12:16', 'end': '2025-04-15 09:12:17', 'id': 4}
2025-04-15 07:12:17 - INFO - logger - log_event - Ответ: {'status': 'ok'}
2025-04-15 07:12:17 - INFO - logger - log_event - Получены части имени для указания отдыха: фамилия='Лебедев', имя='Кирилл'
2025-04-15 07:12:17 - INFO - logger - log_event - Запрос на обновление статуса на 'Отдых': {'type': 'updateSessionDescription', 'name': 'Кирилл', 'surname': 'Лебедев', 'new_description': 'Отдых'}
2025-04-15 07:12:17 - INFO - logger - log_event - Запрос: {'type': 'updateSessionDescription', 'name': 'Кирилл', 'surname': 'Лебедев', 'new_description': 'Отдых', 'id': 4}
2025-04-15 07:12:18 - INFO - logger - log_event - Ответ: {'status': 'ok'}
2025-04-15 07:12:18 - INFO - logger - log_event - Результат обновления статуса: {'status': 'ok'}
2025-04-15 07:12:19 - INFO - logger - log_event - Raw data (bytes): b'SN006_detail....\r\n'
2025-04-15 07:12:19 - INFO - logger - log_event - Decoded data (str): SN006_detail....
2025-04-15 07:12:19 - INFO - logger - log_event - Parsed Data: ['SN006', 'detail']
2025-04-15 07:12:19 - INFO - logger - log_event - Send data to handle_serial_data: ['SN006', 'detail']
2025-04-15 07:12:19 - INFO - logger - log_event - Данные перед очисткой: ['SN006', 'detail']
2025-04-15 07:12:19 - INFO - logger - log_event - Raw data (bytes): b'\r\n'
2025-04-15 07:12:19 - INFO - logger - log_event - Очищенные данные: ['SN006', 'detail']
2025-04-15 07:12:19 - INFO - logger - log_event - Decoded data (str): 
2025-04-15 07:12:19 - INFO - logger - log_event - Получены данные из порта: SN006
2025-04-15 07:12:19 - INFO - logger - log_event - Get NULL
2025-04-15 07:12:19 - INFO - logger - log_event - Запрос данных о детали с серийным номером: SN006
2025-04-15 07:12:19 - INFO - logger - log_event - Текущее состояние: Name='Лебедев Кирилл', auth=True, session_on=True
2025-04-15 07:12:19 - INFO - logger - log_event - Запрос: {'type': 'details', 'serial': 'SN006', 'id': 4}
2025-04-15 07:12:19 - INFO - logger - log_event - Ответ: {'status': 'ok', 'data': {'id': 6, 'name': 'МЕТРАН 150', 'serial_number': 'SN006', 'defective': False, 'stage': 'Сборка', 'sector': None, 'time': '{"mark": {"time": "2025-04-15 09:12:12", "user": 4}, "сборка": {"end": "2025-04-15 09:12:17", "user": 4, "start": "2025-04-15 09:12:16"}}', 'identified_by': None, 'defect_stage_id': None}}
2025-04-15 07:12:19 - INFO - logger - log_event - Ответ от сервера: {'status': 'ok', 'data': {'id': 6, 'name': 'МЕТРАН 150', 'serial_number': 'SN006', 'defective': False, 'stage': 'Сборка', 'sector': None, 'time': '{"mark": {"time": "2025-04-15 09:12:12", "user": 4}, "сборка": {"end": "2025-04-15 09:12:17", "user": 4, "start": "2025-04-15 09:12:16"}}', 'identified_by': None, 'defect_stage_id': None}}
2025-04-15 07:12:19 - INFO - logger - log_event - Начало работы над деталью. Текущее значение Name: 'Лебедев Кирилл'
2025-04-15 07:12:19 - INFO - logger - log_event - Используем части имени из Name: фамилия='Лебедев', имя='Кирилл'
2025-04-15 07:12:19 - INFO - logger - log_event - Будет использоваться: фамилия='Лебедев', имя='Кирилл'
2025-04-15 07:12:19 - INFO - logger - log_event - Данные детали: {'id': 6, 'name': 'МЕТРАН 150', 'serial_number': 'SN006', 'defective': False, 'stage': 'Сборка', 'sector': None, 'time': '{"mark": {"time": "2025-04-15 09:12:12", "user": 4}, "сборка": {"end": "2025-04-15 09:12:17", "user": 4, "start": "2025-04-15 09:12:16"}}', 'identified_by': None, 'defect_stage_id': None}
2025-04-15 07:12:19 - INFO - logger - log_event - Запрос обновления описания сессии: {'type': 'updateSessionDescription', 'name': 'Кирилл', 'surname': 'Лебедев', 'new_description': 'Тестирование SN006'}
2025-04-15 07:12:19 - INFO - logger - log_event - Состояние сессии: auth=True, session_on=True
2025-04-15 07:12:19 - INFO - logger - log_event - Запрос: {'type': 'updateSessionDescription', 'name': 'Кирилл', 'surname': 'Лебедев', 'new_description': 'Тестирование SN006', 'id': 4}
2025-04-15 07:12:25 - INFO - logger - log_event - Ответ: {'status': 'ok'}
2025-04-15 07:12:25 - INFO - logger - log_event - Ответ на обновление описания сессии: {'status': 'ok'}
2025-04-15 07:12:30 - INFO - logger - log_event - Запрос: {'type': 'updatestage', 'stage': 'Тестирование', 'serial': 'SN006', 'start': '2025-04-15 09:12:19', 'end': '2025-04-15 09:12:30', 'id': 4}
2025-04-15 07:12:30 - INFO - logger - log_event - Ответ: {'status': 'ok'}
2025-04-15 07:12:30 - INFO - logger - log_event - Получены части имени для указания отдыха: фамилия='Лебедев', имя='Кирилл'
2025-04-15 07:12:30 - INFO - logger - log_event - Запрос на обновление статуса на 'Отдых': {'type': 'updateSessionDescription', 'name': 'Кирилл', 'surname': 'Лебедев', 'new_description': 'Отдых'}
2025-04-15 07:12:30 - INFO - logger - log_event - Запрос: {'type': 'updateSessionDescription', 'name': 'Кирилл', 'surname': 'Лебедев', 'new_description': 'Отдых', 'id': 4}
2025-04-15 07:12:30 - INFO - logger - log_event - Ответ: {'status': 'ok'}
2025-04-15 07:12:30 - INFO - logger - log_event - Результат обновления статуса: {'status': 'ok'}
2025-04-15 07:12:30 - INFO - logger - log_event - Работа над деталью закончена
2025-04-15 07:12:48 - INFO - logger - log_event - Raw data (bytes): b'SN006_detail....\r\n'
2025-04-15 07:12:48 - INFO - logger - log_event - Decoded data (str): SN006_detail....
2025-04-15 07:12:48 - INFO - logger - log_event - Parsed Data: ['SN006', 'detail']
2025-04-15 07:12:48 - INFO - logger - log_event - Send data to handle_serial_data: ['SN006', 'detail']
2025-04-15 07:12:48 - INFO - logger - log_event - Данные перед очисткой: ['SN006', 'detail']
2025-04-15 07:12:48 - INFO - logger - log_event - Очищенные данные: ['SN006', 'detail']
2025-04-15 07:12:48 - INFO - logger - log_event - Raw data (bytes): b'\r\n'
2025-04-15 07:12:48 - INFO - logger - log_event - Получены данные из порта: SN006
2025-04-15 07:12:48 - INFO - logger - log_event - Decoded data (str): 
2025-04-15 07:12:48 - INFO - logger - log_event - Запрос данных о детали с серийным номером: SN006
2025-04-15 07:12:48 - INFO - logger - log_event - Get NULL
2025-04-15 07:12:48 - INFO - logger - log_event - Текущее состояние: Name='Лебедев Кирилл', auth=True, session_on=True
2025-04-15 07:12:48 - INFO - logger - log_event - Запрос: {'type': 'details', 'serial': 'SN006', 'id': 4}
2025-04-15 07:12:48 - INFO - logger - log_event - Ответ: {'status': 'ok', 'data': {'id': 6, 'name': 'МЕТРАН 150', 'serial_number': 'SN006', 'defective': False, 'stage': 'Тестирование', 'sector': None, 'time': '{"mark": {"time": "2025-04-15 09:12:12", "user": 4}, "сборка": {"end": "2025-04-15 09:12:17", "user": 4, "start": "2025-04-15 09:12:16"}, "тестирование": {"end": "2025-04-15 09:12:30", "user": 4, "start": "2025-04-15 09:12:19"}}', 'identified_by': None, 'defect_stage_id': None}}
2025-04-15 07:12:48 - INFO - logger - log_event - Ответ от сервера: {'status': 'ok', 'data': {'id': 6, 'name': 'МЕТРАН 150', 'serial_number': 'SN006', 'defective': False, 'stage': 'Тестирование', 'sector': None, 'time': '{"mark": {"time": "2025-04-15 09:12:12", "user": 4}, "сборка": {"end": "2025-04-15 09:12:17", "user": 4, "start": "2025-04-15 09:12:16"}, "тестирование": {"end": "2025-04-15 09:12:30", "user": 4, "start": "2025-04-15 09:12:19"}}', 'identified_by': None, 'defect_stage_id': None}}
2025-04-15 07:12:48 - INFO - logger - log_event - Начало работы над деталью. Текущее значение Name: 'Лебедев Кирилл'
2025-04-15 07:12:48 - INFO - logger - log_event - Используем части имени из Name: фамилия='Лебедев', имя='Кирилл'
2025-04-15 07:12:48 - INFO - logger - log_event - Будет использоваться: фамилия='Лебедев', имя='Кирилл'
2025-04-15 07:12:48 - INFO - logger - log_event - Данные детали: {'id': 6, 'name': 'МЕТРАН 150', 'serial_number': 'SN006', 'defective': False, 'stage': 'Тестирование', 'sector': None, 'time': '{"mark": {"time": "2025-04-15 09:12:12", "user": 4}, "сборка": {"end": "2025-04-15 09:12:17", "user": 4, "start": "2025-04-15 09:12:16"}, "тестирование": {"end": "2025-04-15 09:12:30", "user": 4, "start": "2025-04-15 09:12:19"}}', 'identified_by': None, 'defect_stage_id': None}
2025-04-15 07:12:48 - INFO - logger - log_event - Запрос обновления описания сессии: {'type': 'updateSessionDescription', 'name': 'Кирилл', 'surname': 'Лебедев', 'new_description': 'Упаковка SN006'}
2025-04-15 07:12:48 - INFO - logger - log_event - Состояние сессии: auth=True, session_on=True
2025-04-15 07:12:48 - INFO - logger - log_event - Запрос: {'type': 'updateSessionDescription', 'name': 'Кирилл', 'surname': 'Лебедев', 'new_description': 'Упаковка SN006', 'id': 4}
2025-04-15 07:12:48 - INFO - logger - log_event - Ответ: {'status': 'ok'}
2025-04-15 07:12:48 - INFO - logger - log_event - Ответ на обновление описания сессии: {'status': 'ok'}
2025-04-15 07:12:53 - INFO - logger - log_event - Работа над деталью закончена
2025-04-15 07:12:53 - INFO - logger - log_event - Запрос: {'type': 'updatestage', 'stage': 'Упаковка', 'serial': 'SN006', 'start': '2025-04-15 09:12:48', 'end': '2025-04-15 09:12:53', 'id': 4}
2025-04-15 07:12:53 - INFO - logger - log_event - Ответ: {'status': 'ok', 'sector': '1А'}
2025-04-15 07:12:53 - INFO - logger - log_event - Получены части имени для указания отдыха: фамилия='Лебедев', имя='Кирилл'
2025-04-15 07:12:53 - INFO - logger - log_event - Запрос на обновление статуса на 'Отдых': {'type': 'updateSessionDescription', 'name': 'Кирилл', 'surname': 'Лебедев', 'new_description': 'Отдых'}
2025-04-15 07:12:53 - INFO - logger - log_event - Запрос: {'type': 'updateSessionDescription', 'name': 'Кирилл', 'surname': 'Лебедев', 'new_description': 'Отдых', 'id': 4}
2025-04-15 07:12:53 - INFO - logger - log_event - Ответ: {'status': 'ok'}
2025-04-15 07:12:53 - INFO - logger - log_event - Результат обновления статуса: {'status': 'ok'}
2025-04-15 07:12:58 - INFO - logger - log_event - окно подтверждения открыто
2025-04-15 07:12:59 - INFO - logger - log_event - Данные маркировки подтверждены
2025-04-15 07:12:59 - INFO - logger - log_event - Send to write wSN007_detail..............
2025-04-15 07:12:59 - INFO - logger - log_event - Raw data (bytes): b'\xd0\x9f\xd0\xbe\xd0\xb4\xd0\xbd\xd0\xb5\xd1\x81\xd0\xb8\xd1\x82\xd0\xb5 \xd0\xba\xd0\xb0\xd1\x80\xd1\x82\xd1\x83 \xd0\xb4\xd0\xbb\xd1\x8f \xd0\xb7\xd0\xb0\xd0\xbf\xd0\xb8\xd1\x81\xd0\xb8 \xd0\xb4\xd0\xb0\xd0\xbd\xd0\xbd\xd1\x8b\xd1\x85...SN007_detail....\r\n'
2025-04-15 07:12:59 - INFO - logger - log_event - Decoded data (str): Поднесите карту для записи данных...SN007_detail....
2025-04-15 07:12:59 - INFO - logger - log_event - Ожидание поднесения карты
2025-04-15 07:12:59 - INFO - logger - log_event - Ожидание поднесения карты пользователем
2025-04-15 07:13:00 - INFO - logger - log_event - Raw data (bytes): b'WRITE_ERROR\r\n'
2025-04-15 07:13:00 - INFO - logger - log_event - Decoded data (str): WRITE_ERROR
2025-04-15 07:13:00 - ERROR - logger - log_error - Ошибка: Error with write
NoneType: None
2025-04-15 07:13:00 - INFO - logger - log_event - Ошибка: Данные пришли в неверном формате или пустые: WRITE_ERROR
2025-04-15 07:13:08 - INFO - logger - log_event - окно подтверждения открыто
2025-04-15 07:13:09 - INFO - logger - log_event - Данные маркировки подтверждены
2025-04-15 07:13:09 - INFO - logger - log_event - Send to write wSN007_detail..............
2025-04-15 07:13:10 - INFO - logger - log_event - Raw data (bytes): b'\xd0\x9f\xd0\xbe\xd0\xb4\xd0\xbd\xd0\xb5\xd1\x81\xd0\xb8\xd1\x82\xd0\xb5 \xd0\xba\xd0\xb0\xd1\x80\xd1\x82\xd1\x83 \xd0\xb4\xd0\xbb\xd1\x8f \xd0\xb7\xd0\xb0\xd0\xbf\xd0\xb8\xd1\x81\xd0\xb8 \xd0\xb4\xd0\xb0\xd0\xbd\xd0\xbd\xd1\x8b\xd1\x85...SN007_detail....\r\n'
2025-04-15 07:13:10 - INFO - logger - log_event - Decoded data (str): Поднесите карту для записи данных...SN007_detail....
2025-04-15 07:13:10 - INFO - logger - log_event - Ожидание поднесения карты
2025-04-15 07:13:10 - INFO - logger - log_event - Ожидание поднесения карты пользователем
2025-04-15 07:13:10 - INFO - logger - log_event - Raw data (bytes): b'WRITE_SUCCESS\r\n'
2025-04-15 07:13:10 - INFO - logger - log_event - Decoded data (str): WRITE_SUCCESS
2025-04-15 07:13:10 - INFO - logger - log_event - Write secces
2025-04-15 07:13:10 - INFO - logger - log_event - Метка успешно записана
2025-04-15 07:13:10 - INFO - logger - log_event - Маркировка вручную: {'type': 'mark', 'name': 'МЕТРАН 150', 'serial': 'SN007', 'time': '2025-04-15 09:13:10'}
2025-04-15 07:13:10 - INFO - logger - log_event - Запрос: {'type': 'mark', 'name': 'МЕТРАН 150', 'serial': 'SN007', 'time': '2025-04-15 09:13:10', 'id': 4}
2025-04-15 07:13:12 - INFO - logger - log_event - Ответ: {'status': 'ok'}
2025-04-15 07:13:12 - INFO - logger - log_event - Ответ от сервера: {'status': 'ok'}
2025-04-15 07:13:15 - INFO - logger - log_event - Raw data (bytes): b'SN007_detail....\r\n'
2025-04-15 07:13:15 - INFO - logger - log_event - Decoded data (str): SN007_detail....
2025-04-15 07:13:15 - INFO - logger - log_event - Parsed Data: ['SN007', 'detail']
2025-04-15 07:13:15 - INFO - logger - log_event - Send data to handle_serial_data: ['SN007', 'detail']
2025-04-15 07:13:15 - INFO - logger - log_event - Данные перед очисткой: ['SN007', 'detail']
2025-04-15 07:13:15 - INFO - logger - log_event - Raw data (bytes): b'\r\n'
2025-04-15 07:13:15 - INFO - logger - log_event - Очищенные данные: ['SN007', 'detail']
2025-04-15 07:13:15 - INFO - logger - log_event - Decoded data (str): 
2025-04-15 07:13:15 - INFO - logger - log_event - Получены данные из порта: SN007
2025-04-15 07:13:15 - INFO - logger - log_event - Get NULL
2025-04-15 07:13:15 - INFO - logger - log_event - Запрос данных о детали с серийным номером: SN007
2025-04-15 07:13:15 - INFO - logger - log_event - Текущее состояние: Name='Лебедев Кирилл', auth=True, session_on=True
2025-04-15 07:13:15 - INFO - logger - log_event - Запрос: {'type': 'details', 'serial': 'SN007', 'id': 4}
2025-04-15 07:13:15 - INFO - logger - log_event - Ответ: {'status': 'ok', 'data': {'id': 7, 'name': 'МЕТРАН 150', 'serial_number': 'SN007', 'defective': False, 'stage': 'Маркировка', 'sector': None, 'time': '{"mark": {"time": "2025-04-15 09:13:10", "user": 4}}', 'identified_by': None, 'defect_stage_id': None}}
2025-04-15 07:13:15 - INFO - logger - log_event - Ответ от сервера: {'status': 'ok', 'data': {'id': 7, 'name': 'МЕТРАН 150', 'serial_number': 'SN007', 'defective': False, 'stage': 'Маркировка', 'sector': None, 'time': '{"mark": {"time": "2025-04-15 09:13:10", "user": 4}}', 'identified_by': None, 'defect_stage_id': None}}
2025-04-15 07:13:15 - INFO - logger - log_event - Начало работы над деталью. Текущее значение Name: 'Лебедев Кирилл'
2025-04-15 07:13:15 - INFO - logger - log_event - Используем части имени из Name: фамилия='Лебедев', имя='Кирилл'
2025-04-15 07:13:15 - INFO - logger - log_event - Будет использоваться: фамилия='Лебедев', имя='Кирилл'
2025-04-15 07:13:15 - INFO - logger - log_event - Данные детали: {'id': 7, 'name': 'МЕТРАН 150', 'serial_number': 'SN007', 'defective': False, 'stage': 'Маркировка', 'sector': None, 'time': '{"mark": {"time": "2025-04-15 09:13:10", "user": 4}}', 'identified_by': None, 'defect_stage_id': None}
2025-04-15 07:13:15 - INFO - logger - log_event - Запрос обновления описания сессии: {'type': 'updateSessionDescription', 'name': 'Кирилл', 'surname': 'Лебедев', 'new_description': 'Сборка SN007'}
2025-04-15 07:13:15 - INFO - logger - log_event - Состояние сессии: auth=True, session_on=True
2025-04-15 07:13:15 - INFO - logger - log_event - Запрос: {'type': 'updateSessionDescription', 'name': 'Кирилл', 'surname': 'Лебедев', 'new_description': 'Сборка SN007', 'id': 4}
2025-04-15 07:13:15 - INFO - logger - log_event - Ответ: {'status': 'ok'}
2025-04-15 07:13:15 - INFO - logger - log_event - Ответ на обновление описания сессии: {'status': 'ok'}
2025-04-15 07:13:19 - INFO - logger - log_event - Работа над деталью закончена
2025-04-15 07:13:19 - INFO - logger - log_event - Запрос: {'type': 'updatestage', 'stage': 'Сборка', 'serial': 'SN007', 'start': '2025-04-15 09:13:15', 'end': '2025-04-15 09:13:19', 'id': 4}
