2025-04-15 07:17:21 - INFO - logger - <module> - Приложение запущено
2025-04-15 07:17:21 - INFO - logger - <module> - Добавляем логирование в остальные файлы проекта...
2025-04-15 07:17:21 - INFO - logger - <module> - Логирование в database.py: все запросы к серверу регистрируются.
2025-04-15 07:17:21 - INFO - logger - <module> - Логирование в COM.py: события работы с COM-портами фиксируются.
2025-04-15 07:17:21 - INFO - logger - <module> - Логирование в detail_work.py: операции с деталями регистрируются.
2025-04-15 07:17:21 - INFO - logger - <module> - Логирование в Error.py и ErrorTest.py: ошибки записываются.
2025-04-15 07:17:21 - INFO - logger - <module> - Логирование в этапах Mark.py, Packing.py, Test.py, Work.py.
2025-04-15 07:17:26 - INFO - logger - log_event - Сервер доступен
2025-04-15 07:17:26 - INFO - logger - log_event - Сервер доступен
2025-04-15 07:17:26 - INFO - logger - log_event - Главное окно приложения создано
2025-04-15 07:17:26 - INFO - logger - log_event - Создан интерфейс админ-панели
2025-04-15 07:17:26 - INFO - logger - log_event - Enter to mark
2025-04-15 07:17:26 - INFO - logger - log_event - Enter to Test
2025-04-15 07:17:26 - INFO - logger - log_event - Enter to Packing
2025-04-15 07:17:26 - INFO - logger - log_event - Enter to Login page AA
2025-04-15 07:17:26 - INFO - logger - log_event - Enter to assembly
2025-04-15 07:17:26 - INFO - logger - log_event - Enter to mark
2025-04-15 07:17:26 - INFO - logger - log_event - Enter to Test
2025-04-15 07:17:26 - INFO - logger - log_event - Enter to Packing
2025-04-15 07:17:26 - INFO - logger - log_event - Enter to Login page AA
2025-04-15 07:17:26 - INFO - logger - log_event - Enter to assembly
2025-04-15 07:17:26 - INFO - logger - log_event - Enter to mark
2025-04-15 07:17:26 - INFO - logger - log_event - Enter to Test
2025-04-15 07:17:26 - INFO - logger - log_event - Enter to Packing
2025-04-15 07:17:26 - INFO - logger - log_event - Enter to Login page AA
2025-04-15 07:17:26 - INFO - logger - log_event - Enter to assembly
2025-04-15 07:17:26 - INFO - logger - log_event - Enter to mark
2025-04-15 07:17:26 - INFO - logger - log_event - Enter to Test
2025-04-15 07:17:26 - INFO - logger - log_event - Enter to Packing
2025-04-15 07:17:26 - INFO - logger - log_event - Enter to Login page AA
2025-04-15 07:17:26 - INFO - logger - log_event - Enter to assembly
2025-04-15 07:17:26 - INFO - logger - log_event - Enter to mark
2025-04-15 07:17:26 - INFO - logger - log_event - Enter to Test
2025-04-15 07:17:26 - INFO - logger - log_event - Enter to Packing
2025-04-15 07:17:26 - INFO - logger - log_event - Enter to Login page AA
2025-04-15 07:17:26 - INFO - logger - log_event - Enter to assembly
2025-04-15 07:17:28 - INFO - logger - log_event - Raw data (bytes): b'\xd0\x90\xd0\xb3\xd1\x83\xd0\xb0\xd0\xb3\xd1\x83\r\n'
2025-04-15 07:17:28 - INFO - logger - log_event - Decoded data (str): Агуагу
2025-04-15 07:17:28 - INFO - logger - log_event - Parsed Data: ['Агуагу']
2025-04-15 07:17:28 - INFO - logger - log_event - System Arduino init
2025-04-15 07:17:28 - INFO - logger - log_event - Raw data (bytes): b'079319992_user..\r\n'
2025-04-15 07:17:28 - INFO - logger - log_event - Decoded data (str): 079319992_user..
2025-04-15 07:17:28 - INFO - logger - log_event - Parsed Data: ['079319992', 'user']
2025-04-15 07:17:28 - INFO - logger - log_event - Send data to handle_serial_data: ['079319992', 'user']
2025-04-15 07:17:28 - INFO - logger - log_event - Данные перед очисткой: ['079319992', 'user']
2025-04-15 07:17:28 - INFO - logger - log_event - Очищенные данные: ['079319992', 'user']
2025-04-15 07:17:28 - INFO - logger - log_event - Raw data (bytes): b'\r\n'
2025-04-15 07:17:28 - INFO - logger - log_event - Пользователь с UID: 079319992
2025-04-15 07:17:28 - INFO - logger - log_event - Decoded data (str): 
2025-04-15 07:17:28 - INFO - logger - log_event - Попытка аутентификации пользователя с UID: 079319992
2025-04-15 07:17:28 - INFO - logger - log_event - Get NULL
2025-04-15 07:17:28 - INFO - logger - log_event - Запрос: {'type': 'user', 'uid': '079319992', 'id': None}
2025-04-15 07:17:29 - INFO - logger - log_event - Ответ: {'status': 'error', 'message': 'У пользователя уже есть активная сессия', 'name': 'Кирилл', 'surname': 'Лебедев'}
2025-04-15 07:17:29 - INFO - logger - log_event - Ответ сервера: {'status': 'error', 'message': 'У пользователя уже есть активная сессия', 'name': 'Кирилл', 'surname': 'Лебедев'}
2025-04-15 07:17:29 - ERROR - logger - log_error - Ошибка: У пользователя уже есть активная сессия: 079319992
NoneType: None
2025-04-15 07:17:30 - INFO - logger - log_event - Запрос: {'type': 'user', 'uid': '079319992', 'id': None}
2025-04-15 07:17:30 - INFO - logger - log_event - Ответ: {'status': 'error', 'message': 'У пользователя уже есть активная сессия', 'name': 'Кирилл', 'surname': 'Лебедев'}
2025-04-15 07:17:30 - ERROR - logger - log_error - Ошибка: Ошибка получения данных пользователя: {'status': 'error', 'message': 'У пользователя уже есть активная сессия', 'name': 'Кирилл', 'surname': 'Лебедев'}
NoneType: None
2025-04-15 07:17:37 - INFO - logger - log_event - Закрытие приложения button.py
2025-04-15 07:17:38 - INFO - logger - log_application_exit - Приложение завершено
