2025-04-14 13:46:30 - INFO - logger - <module> - Приложение запущено
2025-04-14 13:46:30 - INFO - logger - <module> - Добавляем логирование в остальные файлы проекта...
2025-04-14 13:46:30 - INFO - logger - <module> - Логирование в database.py: все запросы к серверу регистрируются.
2025-04-14 13:46:30 - INFO - logger - <module> - Логирование в COM.py: события работы с COM-портами фиксируются.
2025-04-14 13:46:30 - INFO - logger - <module> - Логирование в detail_work.py: операции с деталями регистрируются.
2025-04-14 13:46:30 - INFO - logger - <module> - Логирование в Error.py и ErrorTest.py: ошибки записываются.
2025-04-14 13:46:30 - INFO - logger - <module> - Логирование в этапах Mark.py, Packing.py, Test.py, Work.py.
2025-04-14 13:46:33 - INFO - logger - log_event - Сервер доступен
2025-04-14 13:46:33 - INFO - logger - log_event - Сервер доступен
2025-04-14 13:46:33 - INFO - logger - log_event - Главное окно приложения создано
2025-04-14 13:46:34 - ERROR - logger - log_error - Ошибка: Не найден подходящий COM-порт
NoneType: None
2025-04-14 13:46:34 - ERROR - logger - log_error - Ошибка: SerialManager не передан! COM-порт не будет работать.
NoneType: None
2025-04-14 13:46:34 - INFO - logger - log_event - Создан интерфейс админ-панели
2025-04-14 13:46:34 - INFO - logger - log_event - Enter to mark
2025-04-14 13:46:34 - INFO - logger - log_event - Enter to Test
2025-04-14 13:46:34 - INFO - logger - log_event - Enter to Packing
2025-04-14 13:46:34 - INFO - logger - log_event - Enter to Login page AA
2025-04-14 13:46:34 - INFO - logger - log_event - Enter to assembly
2025-04-14 13:46:34 - INFO - logger - log_event - Enter to mark
2025-04-14 13:46:34 - INFO - logger - log_event - Enter to Test
2025-04-14 13:46:34 - INFO - logger - log_event - Enter to Packing
2025-04-14 13:46:34 - INFO - logger - log_event - Enter to Login page AA
2025-04-14 13:46:34 - INFO - logger - log_event - Enter to assembly
2025-04-14 13:46:34 - INFO - logger - log_event - Enter to mark
2025-04-14 13:46:34 - INFO - logger - log_event - Enter to Test
2025-04-14 13:46:34 - INFO - logger - log_event - Enter to Packing
2025-04-14 13:46:34 - INFO - logger - log_event - Enter to Login page AA
2025-04-14 13:46:34 - INFO - logger - log_event - Enter to assembly
2025-04-14 13:46:34 - INFO - logger - log_event - Enter to mark
2025-04-14 13:46:34 - INFO - logger - log_event - Enter to Test
2025-04-14 13:46:34 - INFO - logger - log_event - Enter to Packing
2025-04-14 13:46:34 - INFO - logger - log_event - Enter to Login page AA
2025-04-14 13:46:34 - INFO - logger - log_event - Enter to assembly
2025-04-14 13:46:34 - INFO - logger - log_event - Enter to mark
2025-04-14 13:46:34 - INFO - logger - log_event - Enter to Test
2025-04-14 13:46:34 - INFO - logger - log_event - Enter to Packing
2025-04-14 13:46:34 - INFO - logger - log_event - Enter to Login page AA
2025-04-14 13:46:34 - INFO - logger - log_event - Enter to assembly
2025-04-14 13:46:40 - INFO - logger - log_event - Попытка аутентификации пользователя с UID: 771143825
2025-04-14 13:46:40 - INFO - logger - log_event - Запрос: {'type': 'user', 'uid': '771143825', 'id': None}
2025-04-14 13:46:41 - INFO - logger - log_event - Ответ: {'status': 'ok', 'name': 'Диван', 'surname': 'Замолдинов', 'id': 1}
2025-04-14 13:46:41 - INFO - logger - log_event - Ответ сервера: {'status': 'ok', 'name': 'Диван', 'surname': 'Замолдинов', 'id': 1}
2025-04-14 13:46:41 - INFO - logger - log_event - Данные пользователя в корне ответа: {'status': 'ok', 'name': 'Диван', 'surname': 'Замолдинов', 'id': 1}
2025-04-14 13:46:42 - INFO - logger - log_event - Запрос на создание сессии: {'type': 'startSession', 'name': 'Диван', 'surname': 'Замолдинов', 'work_description': 'Без детали'}
2025-04-14 13:46:42 - INFO - logger - log_event - Запрос: {'type': 'startSession', 'name': 'Диван', 'surname': 'Замолдинов', 'work_description': 'Без детали', 'id': None}
2025-04-14 13:46:42 - INFO - logger - log_event - Ответ: {'status': 'ok'}
2025-04-14 13:46:42 - INFO - logger - log_event - Ответ на создание сессии: {'status': 'ok'}
2025-04-14 13:46:42 - INFO - logger - log_event - Сессия успешно начата: Замолдинов Диван
2025-04-14 13:46:42 - INFO - logger - log_event - Устанавливаем переменную config.user: Замолдинов Диван
2025-04-14 13:46:42 - INFO - logger - log_event - Устанавливаем переменную config.Name: Замолдинов Диван
2025-04-14 13:46:42 - INFO - logger - log_event - Установлено значение config.Name: Замолдинов Диван
2025-04-14 13:46:42 - INFO - logger - log_event - Успешная аутентификация пользователя: Замолдинов Диван
2025-04-14 13:46:52 - INFO - logger - log_event - Login to the admin panel
2025-04-14 13:46:54 - INFO - logger - log_event - Создан поток DatabaseWorker с запросом: {'type': 'alldefective'}
2025-04-14 13:46:54 - INFO - logger - log_event - Запрос: {'type': 'alldefective', 'id': 1}
2025-04-14 13:46:54 - INFO - logger - log_event - Ответ: {'status': 'error', 'message': 'Бракованные детали не найдены'}
2025-04-14 13:46:54 - INFO - logger - log_event - Выполнен запрос к БД: {'type': 'alldefective', 'id': 1}
2025-04-14 13:46:54 - INFO - logger - log_event - Отправлен запрос на получение бракованных деталей
2025-04-14 13:46:54 - INFO - logger - log_event - Создан поток DatabaseWorker с запросом: {'type': 'alldefective'}
2025-04-14 13:46:54 - INFO - logger - log_event - Запрос: {'type': 'alldefective', 'id': 1}
2025-04-14 13:46:54 - INFO - logger - log_event - Запрос: {'type': 'alldefective', 'id': 1}
2025-04-14 13:46:54 - INFO - logger - log_event - Ответ: {'status': 'error', 'message': 'Бракованные детали не найдены'}
2025-04-14 13:46:54 - INFO - logger - log_event - Выполнен запрос к БД: {'type': 'alldefective', 'id': 1}
2025-04-14 13:46:54 - INFO - logger - log_event - Отправлен запрос на получение бракованных деталей
2025-04-14 13:46:54 - INFO - logger - log_event - Создан поток DatabaseWorker с запросом: {'type': 'alldefective'}
2025-04-14 13:46:54 - INFO - logger - log_event - Запрос: {'type': 'alldefective', 'id': 1}
2025-04-14 13:46:54 - INFO - logger - log_event - Запрос: {'type': 'alldefective', 'id': 1}
2025-04-14 13:46:54 - INFO - logger - log_event - Ответ: {'status': 'error', 'message': 'Бракованные детали не найдены'}
2025-04-14 13:46:54 - INFO - logger - log_event - Выполнен запрос к БД: {'type': 'alldefective', 'id': 1}
2025-04-14 13:46:54 - INFO - logger - log_event - Ответ: {'status': 'error', 'message': 'Бракованные детали не найдены'}
2025-04-14 13:46:54 - INFO - logger - log_event - Выполнен запрос к БД: {'type': 'alldefective', 'id': 1}
2025-04-14 13:46:54 - INFO - logger - log_event - Ответ: {'status': 'error', 'message': 'Бракованные детали не найдены'}
2025-04-14 13:46:54 - INFO - logger - log_event - Выполнен запрос к БД: {'type': 'alldefective', 'id': 1}
2025-04-14 13:46:54 - INFO - logger - log_event - Отправлен запрос на получение бракованных деталей
2025-04-14 13:46:54 - INFO - logger - log_event - Запрос: {'type': 'alldefective', 'id': 1}
2025-04-14 13:46:54 - INFO - logger - log_event - Получен ответ для таблицы бракованных деталей: {'message': 'Бракованные детали не найдены', 'status': 'error'}
2025-04-14 13:46:54 - ERROR - logger - log_error - Ошибка: Ошибка при получении бракованных деталей из базы данных
NoneType: None
2025-04-14 13:46:54 - INFO - logger - log_event - Получен ответ для таблицы бракованных деталей: {'message': 'Бракованные детали не найдены', 'status': 'error'}
2025-04-14 13:46:54 - ERROR - logger - log_error - Ошибка: Ошибка при получении бракованных деталей из базы данных
NoneType: None
2025-04-14 13:46:54 - INFO - logger - log_event - Ответ: {'status': 'error', 'message': 'Бракованные детали не найдены'}
2025-04-14 13:46:54 - INFO - logger - log_event - Выполнен запрос к БД: {'type': 'alldefective', 'id': 1}
2025-04-14 13:46:54 - INFO - logger - log_event - Получен ответ для таблицы бракованных деталей: {'message': 'Бракованные детали не найдены', 'status': 'error'}
2025-04-14 13:46:54 - ERROR - logger - log_error - Ошибка: Ошибка при получении бракованных деталей из базы данных
NoneType: None
2025-04-14 13:46:56 - INFO - logger - log_event - Создан поток DatabaseWorker с запросом: {'type': 'allDetails', 'detail': 'МЕТРАН 150'}
2025-04-14 13:46:56 - INFO - logger - log_event - Запрос: {'type': 'allDetails', 'detail': 'МЕТРАН 150', 'id': 1}
2025-04-14 13:46:56 - INFO - logger - log_event - Ответ: {'status': 'ok', 'data': [{'id': 1, 'name': 'МЕТРАН 150', 'serial_number': 'SN904', 'defective': False, 'stage': 'Хранение', 'sector': 'Сектор 1А', 'time': '{"mark": {"time": "2025-04-13 13:02:28", "user": 1}, "сборка": {"end": "2025-04-13 13:15:22", "user": 1, "start": "2025-04-13 13:15:18"}, "упаковка": {"end": "2025-04-13 14:06:26", "user": 3, "start": "2025-04-13 14:06:22"}, "тестирование": {"end": "2025-04-13 14:04:41", "user": 2, "start": "2025-04-13 14:04:34"}}', 'identified_by': None, 'defect_stage_id': None}]}
2025-04-14 13:46:56 - INFO - logger - log_event - Выполнен запрос к БД: {'type': 'allDetails', 'detail': 'МЕТРАН 150', 'id': 1}
2025-04-14 13:46:56 - INFO - logger - log_event - Создан поток DatabaseWorker с запросом: {'type': 'allDetails', 'detail': 'МЕТРАН 150'}
2025-04-14 13:46:56 - INFO - logger - log_event - Запрос: {'type': 'allDetails', 'detail': 'МЕТРАН 150', 'id': 1}
2025-04-14 13:46:56 - INFO - logger - log_event - Запрос: {'type': 'allDetails', 'detail': 'МЕТРАН 150', 'id': 1}
2025-04-14 13:46:56 - INFO - logger - log_event - Ответ: {'status': 'ok', 'data': [{'id': 1, 'name': 'МЕТРАН 150', 'serial_number': 'SN904', 'defective': False, 'stage': 'Хранение', 'sector': 'Сектор 1А', 'time': '{"mark": {"time": "2025-04-13 13:02:28", "user": 1}, "сборка": {"end": "2025-04-13 13:15:22", "user": 1, "start": "2025-04-13 13:15:18"}, "упаковка": {"end": "2025-04-13 14:06:26", "user": 3, "start": "2025-04-13 14:06:22"}, "тестирование": {"end": "2025-04-13 14:04:41", "user": 2, "start": "2025-04-13 14:04:34"}}', 'identified_by': None, 'defect_stage_id': None}]}
2025-04-14 13:46:56 - INFO - logger - log_event - Ответ: {'status': 'ok', 'data': [{'id': 1, 'name': 'МЕТРАН 150', 'serial_number': 'SN904', 'defective': False, 'stage': 'Хранение', 'sector': 'Сектор 1А', 'time': '{"mark": {"time": "2025-04-13 13:02:28", "user": 1}, "сборка": {"end": "2025-04-13 13:15:22", "user": 1, "start": "2025-04-13 13:15:18"}, "упаковка": {"end": "2025-04-13 14:06:26", "user": 3, "start": "2025-04-13 14:06:22"}, "тестирование": {"end": "2025-04-13 14:04:41", "user": 2, "start": "2025-04-13 14:04:34"}}', 'identified_by': None, 'defect_stage_id': None}]}
2025-04-14 13:46:56 - INFO - logger - log_event - Выполнен запрос к БД: {'type': 'allDetails', 'detail': 'МЕТРАН 150', 'id': 1}
2025-04-14 13:46:56 - INFO - logger - log_event - Выполнен запрос к БД: {'type': 'allDetails', 'detail': 'МЕТРАН 150', 'id': 1}
2025-04-14 13:46:56 - INFO - logger - log_event - Создан поток DatabaseWorker с запросом: {'type': 'allDetails', 'detail': 'МЕТРАН 150'}
2025-04-14 13:46:56 - INFO - logger - log_event - Запрос: {'type': 'allDetails', 'detail': 'МЕТРАН 150', 'id': 1}
2025-04-14 13:46:56 - INFO - logger - log_event - Запрос: {'type': 'allDetails', 'detail': 'МЕТРАН 150', 'id': 1}
2025-04-14 13:46:56 - INFO - logger - log_event - Ответ: {'status': 'ok', 'data': [{'id': 1, 'name': 'МЕТРАН 150', 'serial_number': 'SN904', 'defective': False, 'stage': 'Хранение', 'sector': 'Сектор 1А', 'time': '{"mark": {"time": "2025-04-13 13:02:28", "user": 1}, "сборка": {"end": "2025-04-13 13:15:22", "user": 1, "start": "2025-04-13 13:15:18"}, "упаковка": {"end": "2025-04-13 14:06:26", "user": 3, "start": "2025-04-13 14:06:22"}, "тестирование": {"end": "2025-04-13 14:04:41", "user": 2, "start": "2025-04-13 14:04:34"}}', 'identified_by': None, 'defect_stage_id': None}]}
2025-04-14 13:46:56 - INFO - logger - log_event - Ответ: {'status': 'ok', 'data': [{'id': 1, 'name': 'МЕТРАН 150', 'serial_number': 'SN904', 'defective': False, 'stage': 'Хранение', 'sector': 'Сектор 1А', 'time': '{"mark": {"time": "2025-04-13 13:02:28", "user": 1}, "сборка": {"end": "2025-04-13 13:15:22", "user": 1, "start": "2025-04-13 13:15:18"}, "упаковка": {"end": "2025-04-13 14:06:26", "user": 3, "start": "2025-04-13 14:06:22"}, "тестирование": {"end": "2025-04-13 14:04:41", "user": 2, "start": "2025-04-13 14:04:34"}}', 'identified_by': None, 'defect_stage_id': None}]}
2025-04-14 13:46:56 - INFO - logger - log_event - Выполнен запрос к БД: {'type': 'allDetails', 'detail': 'МЕТРАН 150', 'id': 1}
2025-04-14 13:46:56 - INFO - logger - log_event - Выполнен запрос к БД: {'type': 'allDetails', 'detail': 'МЕТРАН 150', 'id': 1}
2025-04-14 13:46:56 - INFO - logger - log_event - Запрос: {'type': 'allDetails', 'detail': 'МЕТРАН 150', 'id': 1}
2025-04-14 13:46:56 - INFO - logger - log_event - Ответ: {'status': 'ok', 'data': [{'id': 1, 'name': 'МЕТРАН 150', 'serial_number': 'SN904', 'defective': False, 'stage': 'Хранение', 'sector': 'Сектор 1А', 'time': '{"mark": {"time": "2025-04-13 13:02:28", "user": 1}, "сборка": {"end": "2025-04-13 13:15:22", "user": 1, "start": "2025-04-13 13:15:18"}, "упаковка": {"end": "2025-04-13 14:06:26", "user": 3, "start": "2025-04-13 14:06:22"}, "тестирование": {"end": "2025-04-13 14:04:41", "user": 2, "start": "2025-04-13 14:04:34"}}', 'identified_by': None, 'defect_stage_id': None}]}
2025-04-14 13:46:56 - INFO - logger - log_event - Выполнен запрос к БД: {'type': 'allDetails', 'detail': 'МЕТРАН 150', 'id': 1}
2025-04-14 13:47:41 - INFO - logger - log_event - Создан поток DatabaseWorker с запросом: {'type': 'allDetails', 'detail': 'МЕТРАН 150'}
2025-04-14 13:47:41 - INFO - logger - log_event - Запрос: {'type': 'allDetails', 'detail': 'МЕТРАН 150', 'id': 1}
2025-04-14 13:47:41 - INFO - logger - log_event - Ответ: {'status': 'ok', 'data': [{'id': 1, 'name': 'МЕТРАН 150', 'serial_number': 'SN904', 'defective': False, 'stage': 'Хранение', 'sector': 'Сектор 1А', 'time': '{"mark": {"time": "2025-04-13 13:02:28", "user": 1}, "сборка": {"end": "2025-04-13 13:15:22", "user": 1, "start": "2025-04-13 13:15:18"}, "упаковка": {"end": "2025-04-13 14:06:26", "user": 3, "start": "2025-04-13 14:06:22"}, "тестирование": {"end": "2025-04-13 14:04:41", "user": 2, "start": "2025-04-13 14:04:34"}}', 'identified_by': None, 'defect_stage_id': None}]}
2025-04-14 13:47:41 - INFO - logger - log_event - Выполнен запрос к БД: {'type': 'allDetails', 'detail': 'МЕТРАН 150', 'id': 1}
2025-04-14 13:47:41 - INFO - logger - log_event - Запрос: {'type': 'allDetails', 'detail': 'МЕТРАН 150', 'id': 1}
2025-04-14 13:47:41 - INFO - logger - log_event - Ответ: {'status': 'ok', 'data': [{'id': 1, 'name': 'МЕТРАН 150', 'serial_number': 'SN904', 'defective': False, 'stage': 'Хранение', 'sector': 'Сектор 1А', 'time': '{"mark": {"time": "2025-04-13 13:02:28", "user": 1}, "сборка": {"end": "2025-04-13 13:15:22", "user": 1, "start": "2025-04-13 13:15:18"}, "упаковка": {"end": "2025-04-13 14:06:26", "user": 3, "start": "2025-04-13 14:06:22"}, "тестирование": {"end": "2025-04-13 14:04:41", "user": 2, "start": "2025-04-13 14:04:34"}}', 'identified_by': None, 'defect_stage_id': None}]}
2025-04-14 13:47:41 - INFO - logger - log_event - Выполнен запрос к БД: {'type': 'allDetails', 'detail': 'МЕТРАН 150', 'id': 1}
2025-04-14 13:47:42 - INFO - logger - log_event - Запрос детальной информации о детали SN904
2025-04-14 13:47:42 - INFO - logger - log_event - Запрос: {'type': 'details', 'serial': 'SN904', 'id': 1}
2025-04-14 13:47:43 - INFO - logger - log_event - Ответ: {'status': 'ok', 'data': {'id': 1, 'name': 'МЕТРАН 150', 'serial_number': 'SN904', 'defective': False, 'stage': 'Хранение', 'sector': 'Сектор 1А', 'time': '{"mark": {"time": "2025-04-13 13:02:28", "user": 1}, "сборка": {"end": "2025-04-13 13:15:22", "user": 1, "start": "2025-04-13 13:15:18"}, "упаковка": {"end": "2025-04-13 14:06:26", "user": 3, "start": "2025-04-13 14:06:22"}, "тестирование": {"end": "2025-04-13 14:04:41", "user": 2, "start": "2025-04-13 14:04:34"}}', 'identified_by': None, 'defect_stage_id': None}}
2025-04-14 13:47:43 - INFO - logger - log_event - Получен ответ от сервера: {'status': 'ok', 'data': {'id': 1, 'name': 'МЕТРАН 150', 'serial_number': 'SN904', 'defective': False, 'stage': 'Хранение', 'sector': 'Сектор 1А', 'time': '{"mark": {"time": "2025-04-13 13:02:28", "user": 1}, "сборка": {"end": "2025-04-13 13:15:22", "user": 1, "start": "2025-04-13 13:15:18"}, "упаковка": {"end": "2025-04-13 14:06:26", "user": 3, "start": "2025-04-13 14:06:22"}, "тестирование": {"end": "2025-04-13 14:04:41", "user": 2, "start": "2025-04-13 14:04:34"}}', 'identified_by': None, 'defect_stage_id': None}}
2025-04-14 13:47:43 - INFO - logger - log_event - Данные для отображения: {'id': 1, 'name': 'МЕТРАН 150', 'serial_number': 'SN904', 'defective': False, 'stage': 'Хранение', 'sector': 'Сектор 1А', 'time': '{"mark": {"time": "2025-04-13 13:02:28", "user": 1}, "сборка": {"end": "2025-04-13 13:15:22", "user": 1, "start": "2025-04-13 13:15:18"}, "упаковка": {"end": "2025-04-13 14:06:26", "user": 3, "start": "2025-04-13 14:06:22"}, "тестирование": {"end": "2025-04-13 14:04:41", "user": 2, "start": "2025-04-13 14:04:34"}}', 'identified_by': None, 'defect_stage_id': None}
2025-04-14 13:47:43 - INFO - logger - log_event - Преобразованная информация о времени: {'mark': {'time': '2025-04-13 13:02:28', 'user': 1}, 'сборка': {'end': '2025-04-13 13:15:22', 'user': 1, 'start': '2025-04-13 13:15:18'}, 'упаковка': {'end': '2025-04-13 14:06:26', 'user': 3, 'start': '2025-04-13 14:06:22'}, 'тестирование': {'end': '2025-04-13 14:04:41', 'user': 2, 'start': '2025-04-13 14:04:34'}}
2025-04-14 13:47:43 - INFO - logger - log_event - Начинаем заполнение данных в диалоге. part_info: {'id': 1, 'name': 'МЕТРАН 150', 'serial_number': 'SN904', 'defective': False, 'stage': 'Хранение', 'sector': 'Сектор 1А', 'time': '{"mark": {"time": "2025-04-13 13:02:28", "user": 1}, "сборка": {"end": "2025-04-13 13:15:22", "user": 1, "start": "2025-04-13 13:15:18"}, "упаковка": {"end": "2025-04-13 14:06:26", "user": 3, "start": "2025-04-13 14:06:22"}, "тестирование": {"end": "2025-04-13 14:04:41", "user": 2, "start": "2025-04-13 14:04:34"}}', 'identified_by': None, 'defect_stage_id': None}
2025-04-14 13:47:43 - INFO - logger - log_event - ID детали: 1
2025-04-14 13:47:43 - INFO - logger - log_event - Название детали: МЕТРАН 150
2025-04-14 13:47:43 - INFO - logger - log_event - Статус (defective): False
2025-04-14 13:47:43 - INFO - logger - log_event - Текст статуса: Годен
2025-04-14 13:47:43 - INFO - logger - log_event - Текущий этап: Хранение
2025-04-14 13:47:43 - INFO - logger - log_event - Сектор хранения: Сектор 1А
2025-04-14 13:47:43 - INFO - logger - log_event - Примечание: 
2025-04-14 13:47:43 - INFO - logger - log_event - Обрабатываем данные времени: {'mark': {'time': '2025-04-13 13:02:28', 'user': 1}, 'сборка': {'end': '2025-04-13 13:15:22', 'user': 1, 'start': '2025-04-13 13:15:18'}, 'упаковка': {'end': '2025-04-13 14:06:26', 'user': 3, 'start': '2025-04-13 14:06:22'}, 'тестирование': {'end': '2025-04-13 14:04:41', 'user': 2, 'start': '2025-04-13 14:04:34'}}
2025-04-14 13:47:43 - INFO - logger - log_event - Обработка информации о времени: {'mark': {'time': '2025-04-13 13:02:28', 'user': 1}, 'сборка': {'end': '2025-04-13 13:15:22', 'user': 1, 'start': '2025-04-13 13:15:18'}, 'упаковка': {'end': '2025-04-13 14:06:26', 'user': 3, 'start': '2025-04-13 14:06:22'}, 'тестирование': {'end': '2025-04-13 14:04:41', 'user': 2, 'start': '2025-04-13 14:04:34'}}
2025-04-14 13:47:43 - INFO - logger - log_event - Запрашиваем информацию о пользователе с ID: 1 для этапа mark
2025-04-14 13:47:43 - INFO - logger - log_event - Создан поток DatabaseWorker с запросом: {'type': 'userById', 'id': 1}
2025-04-14 13:47:43 - INFO - logger - log_event - Запрос: {'type': 'userById', 'id': 1}
2025-04-14 13:47:43 - INFO - logger - log_event - Ответ: {'status': 'ok', 'data': {'id': 1, 'name': 'Диван', 'surname': 'Замолдинов', 'profession': 'Лежатель'}}
2025-04-14 13:47:43 - INFO - logger - log_event - Выполнен запрос к БД: {'type': 'userById', 'id': 1}
2025-04-14 13:47:43 - INFO - logger - log_event - Запрос: {'type': 'userById', 'id': 1}
2025-04-14 13:47:43 - INFO - logger - log_event - Запрашиваем информацию о пользователе с ID: 1 для этапа сборка
2025-04-14 13:47:43 - INFO - logger - log_event - Создан поток DatabaseWorker с запросом: {'type': 'userById', 'id': 1}
2025-04-14 13:47:43 - INFO - logger - log_event - Запрос: {'type': 'userById', 'id': 1}
2025-04-14 13:47:43 - INFO - logger - log_event - Ответ: {'status': 'ok', 'data': {'id': 1, 'name': 'Диван', 'surname': 'Замолдинов', 'profession': 'Лежатель'}}
2025-04-14 13:47:43 - INFO - logger - log_event - Ответ: {'status': 'ok', 'data': {'id': 1, 'name': 'Диван', 'surname': 'Замолдинов', 'profession': 'Лежатель'}}
2025-04-14 13:47:43 - INFO - logger - log_event - Выполнен запрос к БД: {'type': 'userById', 'id': 1}
2025-04-14 13:47:43 - INFO - logger - log_event - Выполнен запрос к БД: {'type': 'userById', 'id': 1}
2025-04-14 13:47:43 - INFO - logger - log_event - Запрос: {'type': 'userById', 'id': 1}
2025-04-14 13:47:43 - INFO - logger - log_event - Запрашиваем информацию о пользователе с ID: 2 для этапа тестирование
2025-04-14 13:47:43 - INFO - logger - log_event - Создан поток DatabaseWorker с запросом: {'type': 'userById', 'id': 2}
2025-04-14 13:47:43 - INFO - logger - log_event - Запрос: {'type': 'userById', 'id': 2}
2025-04-14 13:47:43 - INFO - logger - log_event - Ответ: {'status': 'ok', 'data': {'id': 1, 'name': 'Диван', 'surname': 'Замолдинов', 'profession': 'Лежатель'}}
2025-04-14 13:47:43 - INFO - logger - log_event - Выполнен запрос к БД: {'type': 'userById', 'id': 1}
2025-04-14 13:47:43 - INFO - logger - log_event - Ответ: {'status': 'ok', 'data': {'id': 2, 'name': 'Иван', 'surname': 'Иванов', 'profession': 'Инженер'}}
2025-04-14 13:47:43 - INFO - logger - log_event - Выполнен запрос к БД: {'type': 'userById', 'id': 2}
2025-04-14 13:47:43 - INFO - logger - log_event - Запрос: {'type': 'userById', 'id': 2}
2025-04-14 13:47:43 - INFO - logger - log_event - Запрашиваем информацию о пользователе с ID: 3 для этапа упаковка
2025-04-14 13:47:43 - INFO - logger - log_event - Создан поток DatabaseWorker с запросом: {'type': 'userById', 'id': 3}
2025-04-14 13:47:43 - INFO - logger - log_event - Запрос: {'type': 'userById', 'id': 3}
2025-04-14 13:47:43 - INFO - logger - log_event - Ответ: {'status': 'ok', 'data': {'id': 2, 'name': 'Иван', 'surname': 'Иванов', 'profession': 'Инженер'}}
2025-04-14 13:47:43 - INFO - logger - log_event - Выполнен запрос к БД: {'type': 'userById', 'id': 2}
2025-04-14 13:47:43 - INFO - logger - log_event - Ответ: {'status': 'ok', 'data': {'id': 3, 'name': 'Алексей', 'surname': 'Петров', 'profession': 'Программист'}}
2025-04-14 13:47:43 - INFO - logger - log_event - Выполнен запрос к БД: {'type': 'userById', 'id': 3}
2025-04-14 13:47:43 - INFO - logger - log_event - Запрос: {'type': 'userById', 'id': 3}
2025-04-14 13:47:46 - INFO - logger - log_event - Завершено заполнение данных в диалоге
2025-04-14 13:47:46 - INFO - logger - log_event - Обработка результата для этапа mark, запрошенный ID: 1, результат: {'data': {'id': 1, 'name': 'Диван', 'profession': 'Лежатель', 'surname': 'Замолдинов'}, 'status': 'ok'}
2025-04-14 13:47:46 - INFO - logger - log_event - Метка пользователя обновлена для этапа mark: Замолдинов Диван, ID: 1
2025-04-14 13:47:46 - INFO - logger - log_event - Обработка результата для этапа сборка, запрошенный ID: 1, результат: {'data': {'id': 1, 'name': 'Диван', 'profession': 'Лежатель', 'surname': 'Замолдинов'}, 'status': 'ok'}
2025-04-14 13:47:46 - INFO - logger - log_event - Метка пользователя обновлена для этапа сборка: Замолдинов Диван, ID: 1
2025-04-14 13:47:46 - INFO - logger - log_event - Обработка результата для этапа тестирование, запрошенный ID: 2, результат: {'data': {'id': 2, 'name': 'Иван', 'profession': 'Инженер', 'surname': 'Иванов'}, 'status': 'ok'}
2025-04-14 13:47:46 - INFO - logger - log_event - Метка пользователя обновлена для этапа тестирование: Иванов Иван, ID: 2
2025-04-14 13:47:47 - INFO - logger - log_event - Ответ: {'status': 'ok', 'data': {'id': 3, 'name': 'Алексей', 'surname': 'Петров', 'profession': 'Программист'}}
2025-04-14 13:47:47 - INFO - logger - log_event - Выполнен запрос к БД: {'type': 'userById', 'id': 3}
2025-04-14 13:47:47 - INFO - logger - log_event - Обработка результата для этапа упаковка, запрошенный ID: 3, результат: {'data': {'id': 3, 'name': 'Алексей', 'profession': 'Программист', 'surname': 'Петров'}, 'status': 'ok'}
2025-04-14 13:47:47 - INFO - logger - log_event - Метка пользователя обновлена для этапа упаковка: Петров Алексей, ID: 3
2025-04-14 13:48:35 - INFO - logger - log_event - Запрос детальной информации о детали SN904
2025-04-14 13:48:35 - INFO - logger - log_event - Запрос: {'type': 'details', 'serial': 'SN904', 'id': 1}
2025-04-14 13:48:35 - INFO - logger - log_event - Ответ: {'status': 'ok', 'data': {'id': 1, 'name': 'МЕТРАН 150', 'serial_number': 'SN904', 'defective': False, 'stage': 'Хранение', 'sector': 'Сектор 1А', 'time': '{"mark": {"time": "2025-04-13 13:02:28", "user": 1}, "сборка": {"end": "2025-04-13 13:15:22", "user": 1, "start": "2025-04-13 13:15:18"}, "упаковка": {"end": "2025-04-13 14:06:26", "user": 3, "start": "2025-04-13 14:06:22"}, "тестирование": {"end": "2025-04-13 14:04:41", "user": 2, "start": "2025-04-13 14:04:34"}}', 'identified_by': None, 'defect_stage_id': None}}
2025-04-14 13:48:35 - INFO - logger - log_event - Получен ответ от сервера: {'status': 'ok', 'data': {'id': 1, 'name': 'МЕТРАН 150', 'serial_number': 'SN904', 'defective': False, 'stage': 'Хранение', 'sector': 'Сектор 1А', 'time': '{"mark": {"time": "2025-04-13 13:02:28", "user": 1}, "сборка": {"end": "2025-04-13 13:15:22", "user": 1, "start": "2025-04-13 13:15:18"}, "упаковка": {"end": "2025-04-13 14:06:26", "user": 3, "start": "2025-04-13 14:06:22"}, "тестирование": {"end": "2025-04-13 14:04:41", "user": 2, "start": "2025-04-13 14:04:34"}}', 'identified_by': None, 'defect_stage_id': None}}
2025-04-14 13:48:35 - INFO - logger - log_event - Данные для отображения: {'id': 1, 'name': 'МЕТРАН 150', 'serial_number': 'SN904', 'defective': False, 'stage': 'Хранение', 'sector': 'Сектор 1А', 'time': '{"mark": {"time": "2025-04-13 13:02:28", "user": 1}, "сборка": {"end": "2025-04-13 13:15:22", "user": 1, "start": "2025-04-13 13:15:18"}, "упаковка": {"end": "2025-04-13 14:06:26", "user": 3, "start": "2025-04-13 14:06:22"}, "тестирование": {"end": "2025-04-13 14:04:41", "user": 2, "start": "2025-04-13 14:04:34"}}', 'identified_by': None, 'defect_stage_id': None}
2025-04-14 13:48:35 - INFO - logger - log_event - Преобразованная информация о времени: {'mark': {'time': '2025-04-13 13:02:28', 'user': 1}, 'сборка': {'end': '2025-04-13 13:15:22', 'user': 1, 'start': '2025-04-13 13:15:18'}, 'упаковка': {'end': '2025-04-13 14:06:26', 'user': 3, 'start': '2025-04-13 14:06:22'}, 'тестирование': {'end': '2025-04-13 14:04:41', 'user': 2, 'start': '2025-04-13 14:04:34'}}
2025-04-14 13:48:35 - INFO - logger - log_event - Начинаем заполнение данных в диалоге. part_info: {'id': 1, 'name': 'МЕТРАН 150', 'serial_number': 'SN904', 'defective': False, 'stage': 'Хранение', 'sector': 'Сектор 1А', 'time': '{"mark": {"time": "2025-04-13 13:02:28", "user": 1}, "сборка": {"end": "2025-04-13 13:15:22", "user": 1, "start": "2025-04-13 13:15:18"}, "упаковка": {"end": "2025-04-13 14:06:26", "user": 3, "start": "2025-04-13 14:06:22"}, "тестирование": {"end": "2025-04-13 14:04:41", "user": 2, "start": "2025-04-13 14:04:34"}}', 'identified_by': None, 'defect_stage_id': None}
2025-04-14 13:48:35 - INFO - logger - log_event - ID детали: 1
2025-04-14 13:48:35 - INFO - logger - log_event - Название детали: МЕТРАН 150
2025-04-14 13:48:35 - INFO - logger - log_event - Статус (defective): False
2025-04-14 13:48:35 - INFO - logger - log_event - Текст статуса: Годен
2025-04-14 13:48:35 - INFO - logger - log_event - Текущий этап: Хранение
2025-04-14 13:48:35 - INFO - logger - log_event - Сектор хранения: Сектор 1А
2025-04-14 13:48:35 - INFO - logger - log_event - Примечание: 
2025-04-14 13:48:35 - INFO - logger - log_event - Обрабатываем данные времени: {'mark': {'time': '2025-04-13 13:02:28', 'user': 1}, 'сборка': {'end': '2025-04-13 13:15:22', 'user': 1, 'start': '2025-04-13 13:15:18'}, 'упаковка': {'end': '2025-04-13 14:06:26', 'user': 3, 'start': '2025-04-13 14:06:22'}, 'тестирование': {'end': '2025-04-13 14:04:41', 'user': 2, 'start': '2025-04-13 14:04:34'}}
2025-04-14 13:48:35 - INFO - logger - log_event - Обработка информации о времени: {'mark': {'time': '2025-04-13 13:02:28', 'user': 1}, 'сборка': {'end': '2025-04-13 13:15:22', 'user': 1, 'start': '2025-04-13 13:15:18'}, 'упаковка': {'end': '2025-04-13 14:06:26', 'user': 3, 'start': '2025-04-13 14:06:22'}, 'тестирование': {'end': '2025-04-13 14:04:41', 'user': 2, 'start': '2025-04-13 14:04:34'}}
2025-04-14 13:48:35 - INFO - logger - log_event - Запрашиваем информацию о пользователе с ID: 1 для этапа mark
2025-04-14 13:48:35 - INFO - logger - log_event - Создан поток DatabaseWorker с запросом: {'type': 'userById', 'id': 1}
2025-04-14 13:48:35 - INFO - logger - log_event - Запрос: {'type': 'userById', 'id': 1}
2025-04-14 13:48:35 - INFO - logger - log_event - Ответ: {'status': 'ok', 'data': {'id': 1, 'name': 'Диван', 'surname': 'Замолдинов', 'profession': 'Лежатель'}}
2025-04-14 13:48:35 - INFO - logger - log_event - Выполнен запрос к БД: {'type': 'userById', 'id': 1}
2025-04-14 13:48:35 - INFO - logger - log_event - Запрос: {'type': 'userById', 'id': 1}
2025-04-14 13:48:35 - INFO - logger - log_event - Запрашиваем информацию о пользователе с ID: 1 для этапа сборка
2025-04-14 13:48:35 - INFO - logger - log_event - Создан поток DatabaseWorker с запросом: {'type': 'userById', 'id': 1}
2025-04-14 13:48:35 - INFO - logger - log_event - Запрос: {'type': 'userById', 'id': 1}
2025-04-14 13:48:35 - INFO - logger - log_event - Ответ: {'status': 'ok', 'data': {'id': 1, 'name': 'Диван', 'surname': 'Замолдинов', 'profession': 'Лежатель'}}
2025-04-14 13:48:35 - INFO - logger - log_event - Выполнен запрос к БД: {'type': 'userById', 'id': 1}
2025-04-14 13:48:35 - INFO - logger - log_event - Ответ: {'status': 'ok', 'data': {'id': 1, 'name': 'Диван', 'surname': 'Замолдинов', 'profession': 'Лежатель'}}
2025-04-14 13:48:35 - INFO - logger - log_event - Выполнен запрос к БД: {'type': 'userById', 'id': 1}
2025-04-14 13:48:35 - INFO - logger - log_event - Запрос: {'type': 'userById', 'id': 1}
2025-04-14 13:48:35 - INFO - logger - log_event - Запрашиваем информацию о пользователе с ID: 2 для этапа тестирование
2025-04-14 13:48:35 - INFO - logger - log_event - Создан поток DatabaseWorker с запросом: {'type': 'userById', 'id': 2}
2025-04-14 13:48:35 - INFO - logger - log_event - Запрос: {'type': 'userById', 'id': 2}
2025-04-14 13:48:36 - INFO - logger - log_event - Ответ: {'status': 'ok', 'data': {'id': 1, 'name': 'Диван', 'surname': 'Замолдинов', 'profession': 'Лежатель'}}
2025-04-14 13:48:36 - INFO - logger - log_event - Выполнен запрос к БД: {'type': 'userById', 'id': 1}
2025-04-14 13:48:36 - INFO - logger - log_event - Ответ: {'status': 'ok', 'data': {'id': 2, 'name': 'Иван', 'surname': 'Иванов', 'profession': 'Инженер'}}
2025-04-14 13:48:36 - INFO - logger - log_event - Выполнен запрос к БД: {'type': 'userById', 'id': 2}
2025-04-14 13:48:36 - INFO - logger - log_event - Запрос: {'type': 'userById', 'id': 2}
2025-04-14 13:48:36 - INFO - logger - log_event - Запрашиваем информацию о пользователе с ID: 3 для этапа упаковка
2025-04-14 13:48:36 - INFO - logger - log_event - Создан поток DatabaseWorker с запросом: {'type': 'userById', 'id': 3}
2025-04-14 13:48:36 - INFO - logger - log_event - Запрос: {'type': 'userById', 'id': 3}
2025-04-14 13:48:36 - INFO - logger - log_event - Ответ: {'status': 'ok', 'data': {'id': 2, 'name': 'Иван', 'surname': 'Иванов', 'profession': 'Инженер'}}
2025-04-14 13:48:36 - INFO - logger - log_event - Выполнен запрос к БД: {'type': 'userById', 'id': 2}
2025-04-14 13:48:36 - INFO - logger - log_event - Ответ: {'status': 'ok', 'data': {'id': 3, 'name': 'Алексей', 'surname': 'Петров', 'profession': 'Программист'}}
2025-04-14 13:48:36 - INFO - logger - log_event - Выполнен запрос к БД: {'type': 'userById', 'id': 3}
2025-04-14 13:48:36 - INFO - logger - log_event - Запрос: {'type': 'userById', 'id': 3}
2025-04-14 13:48:36 - INFO - logger - log_event - Завершено заполнение данных в диалоге
2025-04-14 13:48:36 - INFO - logger - log_event - Обработка результата для этапа mark, запрошенный ID: 1, результат: {'data': {'id': 1, 'name': 'Диван', 'profession': 'Лежатель', 'surname': 'Замолдинов'}, 'status': 'ok'}
2025-04-14 13:48:36 - INFO - logger - log_event - Метка пользователя обновлена для этапа mark: Замолдинов Диван, ID: 1
2025-04-14 13:48:36 - INFO - logger - log_event - Обработка результата для этапа сборка, запрошенный ID: 1, результат: {'data': {'id': 1, 'name': 'Диван', 'profession': 'Лежатель', 'surname': 'Замолдинов'}, 'status': 'ok'}
2025-04-14 13:48:36 - INFO - logger - log_event - Метка пользователя обновлена для этапа сборка: Замолдинов Диван, ID: 1
2025-04-14 13:48:36 - INFO - logger - log_event - Обработка результата для этапа тестирование, запрошенный ID: 2, результат: {'data': {'id': 2, 'name': 'Иван', 'profession': 'Инженер', 'surname': 'Иванов'}, 'status': 'ok'}
2025-04-14 13:48:36 - INFO - logger - log_event - Метка пользователя обновлена для этапа тестирование: Иванов Иван, ID: 2
2025-04-14 13:48:36 - INFO - logger - log_event - Ответ: {'status': 'ok', 'data': {'id': 3, 'name': 'Алексей', 'surname': 'Петров', 'profession': 'Программист'}}
2025-04-14 13:48:36 - INFO - logger - log_event - Выполнен запрос к БД: {'type': 'userById', 'id': 3}
2025-04-14 13:48:36 - INFO - logger - log_event - Обработка результата для этапа упаковка, запрошенный ID: 3, результат: {'data': {'id': 3, 'name': 'Алексей', 'profession': 'Программист', 'surname': 'Петров'}, 'status': 'ok'}
2025-04-14 13:48:36 - INFO - logger - log_event - Метка пользователя обновлена для этапа упаковка: Петров Алексей, ID: 3
2025-04-14 13:49:53 - INFO - logger - log_event - Закрытие приложения button.py
2025-04-14 13:49:53 - INFO - logger - log_event - Завершаем сессию пользователя: Диван Замолдинов
2025-04-14 13:49:53 - INFO - logger - log_event - Запрос: {'type': 'endSession', 'name': 'Диван', 'surname': 'Замолдинов', 'id': 1}
2025-04-14 13:49:53 - INFO - logger - log_event - Ответ: {'status': 'ok'}
2025-04-14 13:49:53 - INFO - logger - log_event - Сессия успешно завершена: Диван Замолдинов
2025-04-14 13:49:54 - INFO - logger - log_application_exit - Приложение завершено
