2025-04-01 14:54:39 - INFO - logger - <module> - Приложение запущено
2025-04-01 14:54:39 - INFO - logger - <module> - Добавляем логирование в остальные файлы проекта...
2025-04-01 14:54:39 - INFO - logger - <module> - Логирование в database.py: все запросы к серверу регистрируются.
2025-04-01 14:54:39 - INFO - logger - <module> - Логирование в COM.py: события работы с COM-портами фиксируются.
2025-04-01 14:54:39 - INFO - logger - <module> - Логирование в detail_work.py: операции с деталями регистрируются.
2025-04-01 14:54:39 - INFO - logger - <module> - Логирование в Error.py и ErrorTest.py: ошибки записываются.
2025-04-01 14:54:39 - INFO - logger - <module> - Логирование в этапах Mark.py, Packing.py, Test.py, Work.py.
2025-04-01 14:54:45 - ERROR - logger - log_error - Ошибка: Ошибка при подключении к серверу: timed out
Traceback (most recent call last):
  File "c:\Users\Gilaz\RFID-marks\RFID-marks\GUI\database.py", line 18, in test_connection
    client_socket.connect((serverip, port))
    ~~~~~~~~~~~~~~~~~~~~~^^^^^^^^^^^^^^^^^^
TimeoutError: timed out
2025-04-01 14:54:45 - ERROR - logger - log_error - Ошибка: Ошибка соединения с сервером
NoneType: None
2025-04-01 14:54:46 - INFO - logger - log_event - Пользователь выбрал продолжить без соединения
2025-04-01 14:54:46 - INFO - logger - log_event - Главное окно приложения создано
2025-04-01 14:54:46 - ERROR - logger - log_error - Ошибка: Не найден подходящий COM-порт
NoneType: None
2025-04-01 14:54:46 - ERROR - logger - log_error - Ошибка: SerialManager не передан! COM-порт не будет работать.
NoneType: None
2025-04-01 14:54:46 - INFO - logger - log_event - Создан интерфейс админ-панели
2025-04-01 14:54:47 - INFO - logger - log_event - Enter to mark
2025-04-01 14:54:47 - INFO - logger - log_event - Enter to Test
2025-04-01 14:54:47 - INFO - logger - log_event - Enter to Packing
2025-04-01 14:54:47 - INFO - logger - log_event - Enter to Login page AA
2025-04-01 14:54:47 - INFO - logger - log_event - Enter to assembly
2025-04-01 14:54:47 - INFO - logger - log_event - Enter to mark
2025-04-01 14:54:47 - INFO - logger - log_event - Enter to Test
2025-04-01 14:54:47 - INFO - logger - log_event - Enter to Packing
2025-04-01 14:54:47 - INFO - logger - log_event - Enter to Login page AA
2025-04-01 14:54:47 - INFO - logger - log_event - Enter to assembly
2025-04-01 14:54:47 - INFO - logger - log_event - Enter to mark
2025-04-01 14:54:47 - INFO - logger - log_event - Enter to Test
2025-04-01 14:54:47 - INFO - logger - log_event - Enter to Packing
2025-04-01 14:54:47 - INFO - logger - log_event - Enter to Login page AA
2025-04-01 14:54:47 - INFO - logger - log_event - Enter to assembly
2025-04-01 14:54:47 - INFO - logger - log_event - Enter to mark
2025-04-01 14:54:47 - INFO - logger - log_event - Enter to Test
2025-04-01 14:54:47 - INFO - logger - log_event - Enter to Packing
2025-04-01 14:54:47 - INFO - logger - log_event - Enter to Login page AA
2025-04-01 14:54:47 - INFO - logger - log_event - Enter to assembly
2025-04-01 14:54:47 - INFO - logger - log_event - Enter to mark
2025-04-01 14:54:47 - INFO - logger - log_event - Enter to Test
2025-04-01 14:54:47 - INFO - logger - log_event - Enter to Packing
2025-04-01 14:54:47 - INFO - logger - log_event - Enter to Login page AA
2025-04-01 14:54:47 - INFO - logger - log_event - Enter to assembly
2025-04-01 14:54:48 - INFO - logger - log_event - Попытка аутентификации пользователя с UID: 
2025-04-01 14:54:48 - INFO - logger - log_event - Запрос: {'type': 'user', 'uid': ''}
2025-04-01 14:54:48 - INFO - logger - log_event - Ответ сервера: {'status': 'ok', 'surname': 'Степанов', 'name': 'Сергей'}
2025-04-01 14:54:48 - INFO - logger - log_event - Данные пользователя в корне ответа: {'status': 'ok', 'surname': 'Степанов', 'name': 'Сергей'}
2025-04-01 14:54:49 - INFO - logger - log_event - Устанавливаем переменную config.user: Степанов Сергей
2025-04-01 14:54:49 - INFO - logger - log_event - Устанавливаем переменную config.Name: Степанов Сергей
2025-04-01 14:54:49 - INFO - logger - log_event - Установлено значение config.Name: Степанов Сергей
2025-04-01 14:54:49 - INFO - logger - log_event - Успешная аутентификация пользователя: Степанов Сергей
2025-04-01 14:55:18 - INFO - logger - log_event - Закрытие приложения button.py
2025-04-01 14:55:18 - INFO - logger - log_application_exit - Приложение завершено
