2025-04-13 12:48:02 - INFO - logger - <module> - Приложение запущено
2025-04-13 12:48:02 - INFO - logger - <module> - Добавляем логирование в остальные файлы проекта...
2025-04-13 12:48:02 - INFO - logger - <module> - Логирование в database.py: все запросы к серверу регистрируются.
2025-04-13 12:48:02 - INFO - logger - <module> - Логирование в COM.py: события работы с COM-портами фиксируются.
2025-04-13 12:48:02 - INFO - logger - <module> - Логирование в detail_work.py: операции с деталями регистрируются.
2025-04-13 12:48:02 - INFO - logger - <module> - Логирование в Error.py и ErrorTest.py: ошибки записываются.
2025-04-13 12:48:02 - INFO - logger - <module> - Логирование в этапах Mark.py, Packing.py, Test.py, Work.py.
2025-04-13 12:48:05 - INFO - logger - log_event - Сервер доступен
2025-04-13 12:48:05 - INFO - logger - log_event - Сервер доступен
2025-04-13 12:48:05 - INFO - logger - log_event - Главное окно приложения создано
2025-04-13 12:48:05 - ERROR - logger - log_error - Ошибка: Не найден подходящий COM-порт
NoneType: None
2025-04-13 12:48:05 - ERROR - logger - log_error - Ошибка: SerialManager не передан! COM-порт не будет работать.
NoneType: None
2025-04-13 12:48:05 - INFO - logger - log_event - Создан интерфейс админ-панели
2025-04-13 12:48:05 - INFO - logger - log_event - Enter to mark
2025-04-13 12:48:05 - INFO - logger - log_event - Enter to Test
2025-04-13 12:48:05 - INFO - logger - log_event - Enter to Packing
2025-04-13 12:48:05 - INFO - logger - log_event - Enter to Login page AA
2025-04-13 12:48:05 - INFO - logger - log_event - Enter to assembly
2025-04-13 12:48:05 - INFO - logger - log_event - Enter to mark
2025-04-13 12:48:05 - INFO - logger - log_event - Enter to Test
2025-04-13 12:48:05 - INFO - logger - log_event - Enter to Packing
2025-04-13 12:48:05 - INFO - logger - log_event - Enter to Login page AA
2025-04-13 12:48:05 - INFO - logger - log_event - Enter to assembly
2025-04-13 12:48:05 - INFO - logger - log_event - Enter to mark
2025-04-13 12:48:05 - INFO - logger - log_event - Enter to Test
2025-04-13 12:48:05 - INFO - logger - log_event - Enter to Packing
2025-04-13 12:48:05 - INFO - logger - log_event - Enter to Login page AA
2025-04-13 12:48:05 - INFO - logger - log_event - Enter to assembly
2025-04-13 12:48:05 - INFO - logger - log_event - Enter to mark
2025-04-13 12:48:05 - INFO - logger - log_event - Enter to Test
2025-04-13 12:48:05 - INFO - logger - log_event - Enter to Packing
2025-04-13 12:48:05 - INFO - logger - log_event - Enter to Login page AA
2025-04-13 12:48:05 - INFO - logger - log_event - Enter to assembly
2025-04-13 12:48:05 - INFO - logger - log_event - Enter to mark
2025-04-13 12:48:05 - INFO - logger - log_event - Enter to Test
2025-04-13 12:48:05 - INFO - logger - log_event - Enter to Packing
2025-04-13 12:48:05 - INFO - logger - log_event - Enter to Login page AA
2025-04-13 12:48:05 - INFO - logger - log_event - Enter to assembly
2025-04-13 12:48:06 - INFO - logger - log_event - Попытка аутентификации пользователя с UID: 636611317
2025-04-13 12:48:06 - INFO - logger - log_event - Запрос: {'type': 'user', 'uid': '636611317'}
2025-04-13 12:48:07 - INFO - logger - log_event - Ответ: {'status': 'error', 'message': "Missing key in JSON: 'id'"}
2025-04-13 12:48:07 - INFO - logger - log_event - Ответ сервера: {'status': 'error', 'message': "Missing key in JSON: 'id'"}
2025-04-13 12:48:13 - INFO - logger - log_event - Закрытие приложения button.py
2025-04-13 12:48:13 - INFO - logger - log_application_exit - Приложение завершено
